[2021-08-04 14:33:08,231] {taskinstance.py:896} INFO - Dependencies all met for <TaskInstance: my_dag.training_model_B 2021-08-04T14:09:34.460692+00:00 [queued]>
[2021-08-04 14:33:08,388] {taskinstance.py:896} INFO - Dependencies all met for <TaskInstance: my_dag.training_model_B 2021-08-04T14:09:34.460692+00:00 [queued]>
[2021-08-04 14:33:08,389] {taskinstance.py:1087} INFO - 
--------------------------------------------------------------------------------
[2021-08-04 14:33:08,390] {taskinstance.py:1088} INFO - Starting attempt 1 of 1
[2021-08-04 14:33:08,390] {taskinstance.py:1089} INFO - 
--------------------------------------------------------------------------------
[2021-08-04 14:33:08,518] {taskinstance.py:1107} INFO - Executing <Task(PythonOperator): training_model_B> on 2021-08-04T14:09:34.460692+00:00
[2021-08-04 14:33:08,540] {standard_task_runner.py:52} INFO - Started process 128 to run task
[2021-08-04 14:33:08,590] {standard_task_runner.py:76} INFO - Running: ['***', 'tasks', 'run', 'my_dag', 'training_model_B', '2021-08-04T14:09:34.460692+00:00', '--job-id', '2627', '--pool', 'default_pool', '--raw', '--subdir', 'DAGS_FOLDER/my_dag.py', '--cfg-path', '/tmp/tmpidw1e5_q', '--error-file', '/tmp/tmpqgvuentr']
[2021-08-04 14:33:08,591] {standard_task_runner.py:77} INFO - Job 2627: Subtask training_model_B
[2021-08-04 14:33:09,017] {logging_mixin.py:104} INFO - Running <TaskInstance: my_dag.training_model_B 2021-08-04T14:09:34.460692+00:00 [running]> on host 04479ea62028
[2021-08-04 14:33:09,403] {taskinstance.py:1302} INFO - Exporting the following env vars:
AIRFLOW_CTX_DAG_OWNER=***
AIRFLOW_CTX_DAG_ID=my_dag
AIRFLOW_CTX_TASK_ID=training_model_B
AIRFLOW_CTX_EXECUTION_DATE=2021-08-04T14:09:34.460692+00:00
AIRFLOW_CTX_DAG_RUN_ID=scheduled__2021-08-04T14:09:34.460692+00:00
[2021-08-04 14:33:09,404] {python.py:151} INFO - Done. Returned value was: 10
[2021-08-04 14:33:09,577] {taskinstance.py:1211} INFO - Marking task as SUCCESS. dag_id=my_dag, task_id=training_model_B, execution_date=20210804T140934, start_date=20210804T143308, end_date=20210804T143309
[2021-08-04 14:33:09,965] {taskinstance.py:1265} INFO - 0 downstream tasks scheduled from follow-on schedule check
[2021-08-04 14:33:10,026] {local_task_job.py:149} INFO - Task exited with return code 0
