[2021-08-04 12:49:32,776] {taskinstance.py:896} INFO - Dependencies all met for <TaskInstance: my_dag.training_model_A 2021-08-04T12:48:31.461355+00:00 [queued]>
[2021-08-04 12:49:32,800] {taskinstance.py:896} INFO - Dependencies all met for <TaskInstance: my_dag.training_model_A 2021-08-04T12:48:31.461355+00:00 [queued]>
[2021-08-04 12:49:32,800] {taskinstance.py:1087} INFO - 
--------------------------------------------------------------------------------
[2021-08-04 12:49:32,800] {taskinstance.py:1088} INFO - Starting attempt 1 of 1
[2021-08-04 12:49:32,800] {taskinstance.py:1089} INFO - 
--------------------------------------------------------------------------------
[2021-08-04 12:49:32,813] {taskinstance.py:1107} INFO - Executing <Task(PythonOperator): training_model_A> on 2021-08-04T12:48:31.461355+00:00
[2021-08-04 12:49:32,818] {standard_task_runner.py:52} INFO - Started process 3738 to run task
[2021-08-04 12:49:32,823] {standard_task_runner.py:76} INFO - Running: ['***', 'tasks', 'run', 'my_dag', 'training_model_A', '2021-08-04T12:48:31.461355+00:00', '--job-id', '72', '--pool', 'default_pool', '--raw', '--subdir', 'DAGS_FOLDER/my_dag.py', '--cfg-path', '/tmp/tmpccc3h69r', '--error-file', '/tmp/tmp6j1f1d7k']
[2021-08-04 12:49:32,823] {standard_task_runner.py:77} INFO - Job 72: Subtask training_model_A
[2021-08-04 12:49:32,878] {logging_mixin.py:104} INFO - Running <TaskInstance: my_dag.training_model_A 2021-08-04T12:48:31.461355+00:00 [running]> on host 04479ea62028
[2021-08-04 12:49:32,936] {taskinstance.py:1302} INFO - Exporting the following env vars:
AIRFLOW_CTX_DAG_OWNER=***
AIRFLOW_CTX_DAG_ID=my_dag
AIRFLOW_CTX_TASK_ID=training_model_A
AIRFLOW_CTX_EXECUTION_DATE=2021-08-04T12:48:31.461355+00:00
AIRFLOW_CTX_DAG_RUN_ID=scheduled__2021-08-04T12:48:31.461355+00:00
[2021-08-04 12:49:32,937] {python.py:151} INFO - Done. Returned value was: 3
[2021-08-04 12:49:32,966] {taskinstance.py:1211} INFO - Marking task as SUCCESS. dag_id=my_dag, task_id=training_model_A, execution_date=20210804T124831, start_date=20210804T124932, end_date=20210804T124932
[2021-08-04 12:49:33,004] {taskinstance.py:1265} INFO - 0 downstream tasks scheduled from follow-on schedule check
[2021-08-04 12:49:33,037] {local_task_job.py:149} INFO - Task exited with return code 0
