[2021-08-04 14:49:28,853] {taskinstance.py:896} INFO - Dependencies all met for <TaskInstance: my_dag.training_model_B 2021-08-04T14:49:17.958228+00:00 [queued]>
[2021-08-04 14:49:28,868] {taskinstance.py:896} INFO - Dependencies all met for <TaskInstance: my_dag.training_model_B 2021-08-04T14:49:17.958228+00:00 [queued]>
[2021-08-04 14:49:28,869] {taskinstance.py:1087} INFO - 
--------------------------------------------------------------------------------
[2021-08-04 14:49:28,869] {taskinstance.py:1088} INFO - Starting attempt 1 of 1
[2021-08-04 14:49:28,869] {taskinstance.py:1089} INFO - 
--------------------------------------------------------------------------------
[2021-08-04 14:49:28,887] {taskinstance.py:1107} INFO - Executing <Task(PythonOperator): training_model_B> on 2021-08-04T14:49:17.958228+00:00
[2021-08-04 14:49:28,892] {standard_task_runner.py:52} INFO - Started process 2554 to run task
[2021-08-04 14:49:28,897] {standard_task_runner.py:76} INFO - Running: ['***', 'tasks', 'run', 'my_dag', 'training_model_B', '2021-08-04T14:49:17.958228+00:00', '--job-id', '3133', '--pool', 'default_pool', '--raw', '--subdir', 'DAGS_FOLDER/my_dag.py', '--cfg-path', '/tmp/tmpze7d7ffs', '--error-file', '/tmp/tmp20t88i49']
[2021-08-04 14:49:28,898] {standard_task_runner.py:77} INFO - Job 3133: Subtask training_model_B
[2021-08-04 14:49:28,949] {logging_mixin.py:104} INFO - Running <TaskInstance: my_dag.training_model_B 2021-08-04T14:49:17.958228+00:00 [running]> on host 04479ea62028
[2021-08-04 14:49:29,011] {taskinstance.py:1302} INFO - Exporting the following env vars:
AIRFLOW_CTX_DAG_OWNER=***
AIRFLOW_CTX_DAG_ID=my_dag
AIRFLOW_CTX_TASK_ID=training_model_B
AIRFLOW_CTX_EXECUTION_DATE=2021-08-04T14:49:17.958228+00:00
AIRFLOW_CTX_DAG_RUN_ID=scheduled__2021-08-04T14:49:17.958228+00:00
[2021-08-04 14:49:29,011] {python.py:151} INFO - Done. Returned value was: 7
[2021-08-04 14:49:29,043] {taskinstance.py:1211} INFO - Marking task as SUCCESS. dag_id=my_dag, task_id=training_model_B, execution_date=20210804T144917, start_date=20210804T144928, end_date=20210804T144929
[2021-08-04 14:49:29,085] {taskinstance.py:1265} INFO - 0 downstream tasks scheduled from follow-on schedule check
[2021-08-04 14:49:29,112] {local_task_job.py:149} INFO - Task exited with return code 0
