[2021-08-04 14:35:47,812] {taskinstance.py:896} INFO - Dependencies all met for <TaskInstance: my_dag.training_model_B 2021-08-04T14:35:37.052207+00:00 [queued]>
[2021-08-04 14:35:47,828] {taskinstance.py:896} INFO - Dependencies all met for <TaskInstance: my_dag.training_model_B 2021-08-04T14:35:37.052207+00:00 [queued]>
[2021-08-04 14:35:47,828] {taskinstance.py:1087} INFO - 
--------------------------------------------------------------------------------
[2021-08-04 14:35:47,829] {taskinstance.py:1088} INFO - Starting attempt 1 of 1
[2021-08-04 14:35:47,829] {taskinstance.py:1089} INFO - 
--------------------------------------------------------------------------------
[2021-08-04 14:35:47,847] {taskinstance.py:1107} INFO - Executing <Task(PythonOperator): training_model_B> on 2021-08-04T14:35:37.052207+00:00
[2021-08-04 14:35:47,853] {standard_task_runner.py:52} INFO - Started process 547 to run task
[2021-08-04 14:35:47,858] {standard_task_runner.py:76} INFO - Running: ['***', 'tasks', 'run', 'my_dag', 'training_model_B', '2021-08-04T14:35:37.052207+00:00', '--job-id', '2725', '--pool', 'default_pool', '--raw', '--subdir', 'DAGS_FOLDER/my_dag.py', '--cfg-path', '/tmp/tmpsyo7qln5', '--error-file', '/tmp/tmpem79bh0t']
[2021-08-04 14:35:47,859] {standard_task_runner.py:77} INFO - Job 2725: Subtask training_model_B
[2021-08-04 14:35:47,905] {logging_mixin.py:104} INFO - Running <TaskInstance: my_dag.training_model_B 2021-08-04T14:35:37.052207+00:00 [running]> on host 04479ea62028
[2021-08-04 14:35:47,965] {taskinstance.py:1302} INFO - Exporting the following env vars:
AIRFLOW_CTX_DAG_OWNER=***
AIRFLOW_CTX_DAG_ID=my_dag
AIRFLOW_CTX_TASK_ID=training_model_B
AIRFLOW_CTX_EXECUTION_DATE=2021-08-04T14:35:37.052207+00:00
AIRFLOW_CTX_DAG_RUN_ID=scheduled__2021-08-04T14:35:37.052207+00:00
[2021-08-04 14:35:47,966] {python.py:151} INFO - Done. Returned value was: 9
[2021-08-04 14:35:47,995] {taskinstance.py:1211} INFO - Marking task as SUCCESS. dag_id=my_dag, task_id=training_model_B, execution_date=20210804T143537, start_date=20210804T143547, end_date=20210804T143547
[2021-08-04 14:35:48,034] {taskinstance.py:1265} INFO - 0 downstream tasks scheduled from follow-on schedule check
[2021-08-04 14:35:48,072] {local_task_job.py:149} INFO - Task exited with return code 0
