[2021-08-04 13:24:44,388] {taskinstance.py:896} INFO - Dependencies all met for <TaskInstance: my_dag.training_model_A 2021-08-04T13:24:39.229333+00:00 [queued]>
[2021-08-04 13:24:44,538] {taskinstance.py:896} INFO - Dependencies all met for <TaskInstance: my_dag.training_model_A 2021-08-04T13:24:39.229333+00:00 [queued]>
[2021-08-04 13:24:44,539] {taskinstance.py:1087} INFO - 
--------------------------------------------------------------------------------
[2021-08-04 13:24:44,539] {taskinstance.py:1088} INFO - Starting attempt 1 of 1
[2021-08-04 13:24:44,539] {taskinstance.py:1089} INFO - 
--------------------------------------------------------------------------------
[2021-08-04 13:24:44,581] {taskinstance.py:1107} INFO - Executing <Task(PythonOperator): training_model_A> on 2021-08-04T13:24:39.229333+00:00
[2021-08-04 13:24:44,631] {standard_task_runner.py:52} INFO - Started process 7385 to run task
[2021-08-04 13:24:44,655] {standard_task_runner.py:76} INFO - Running: ['***', 'tasks', 'run', 'my_dag', 'training_model_A', '2021-08-04T13:24:39.229333+00:00', '--job-id', '415', '--pool', 'default_pool', '--raw', '--subdir', 'DAGS_FOLDER/my_dag.py', '--cfg-path', '/tmp/tmp0mc9oi13', '--error-file', '/tmp/tmpmi0ml41z']
[2021-08-04 13:24:44,656] {standard_task_runner.py:77} INFO - Job 415: Subtask training_model_A
[2021-08-04 13:24:44,949] {logging_mixin.py:104} INFO - Running <TaskInstance: my_dag.training_model_A 2021-08-04T13:24:39.229333+00:00 [running]> on host 04479ea62028
[2021-08-04 13:24:45,368] {taskinstance.py:1302} INFO - Exporting the following env vars:
AIRFLOW_CTX_DAG_OWNER=***
AIRFLOW_CTX_DAG_ID=my_dag
AIRFLOW_CTX_TASK_ID=training_model_A
AIRFLOW_CTX_EXECUTION_DATE=2021-08-04T13:24:39.229333+00:00
AIRFLOW_CTX_DAG_RUN_ID=scheduled__2021-08-04T13:24:39.229333+00:00
[2021-08-04 13:24:45,369] {python.py:151} INFO - Done. Returned value was: 6
[2021-08-04 13:24:45,621] {taskinstance.py:1211} INFO - Marking task as SUCCESS. dag_id=my_dag, task_id=training_model_A, execution_date=20210804T132439, start_date=20210804T132444, end_date=20210804T132445
[2021-08-04 13:24:45,923] {taskinstance.py:1265} INFO - 0 downstream tasks scheduled from follow-on schedule check
[2021-08-04 13:24:46,002] {local_task_job.py:149} INFO - Task exited with return code 0
