[2021-08-04 12:37:41,255] {taskinstance.py:896} INFO - Dependencies all met for <TaskInstance: my_dag.training_model_B 2021-08-04T12:37:40.349644+00:00 [queued]>
[2021-08-04 12:37:41,285] {taskinstance.py:896} INFO - Dependencies all met for <TaskInstance: my_dag.training_model_B 2021-08-04T12:37:40.349644+00:00 [queued]>
[2021-08-04 12:37:41,285] {taskinstance.py:1087} INFO - 
--------------------------------------------------------------------------------
[2021-08-04 12:37:41,285] {taskinstance.py:1088} INFO - Starting attempt 1 of 1
[2021-08-04 12:37:41,286] {taskinstance.py:1089} INFO - 
--------------------------------------------------------------------------------
[2021-08-04 12:37:41,311] {taskinstance.py:1107} INFO - Executing <Task(PythonOperator): training_model_B> on 2021-08-04T12:37:40.349644+00:00
[2021-08-04 12:37:41,319] {standard_task_runner.py:52} INFO - Started process 2654 to run task
[2021-08-04 12:37:41,326] {standard_task_runner.py:76} INFO - Running: ['***', 'tasks', 'run', 'my_dag', 'training_model_B', '2021-08-04T12:37:40.349644+00:00', '--job-id', '29', '--pool', 'default_pool', '--raw', '--subdir', 'DAGS_FOLDER/my_dag.py', '--cfg-path', '/tmp/tmp2saxjeps', '--error-file', '/tmp/tmpd9dsy4fy']
[2021-08-04 12:37:41,327] {standard_task_runner.py:77} INFO - Job 29: Subtask training_model_B
[2021-08-04 12:37:41,449] {logging_mixin.py:104} INFO - Running <TaskInstance: my_dag.training_model_B 2021-08-04T12:37:40.349644+00:00 [running]> on host 04479ea62028
[2021-08-04 12:37:41,628] {taskinstance.py:1302} INFO - Exporting the following env vars:
AIRFLOW_CTX_DAG_OWNER=***
AIRFLOW_CTX_DAG_ID=my_dag
AIRFLOW_CTX_TASK_ID=training_model_B
AIRFLOW_CTX_EXECUTION_DATE=2021-08-04T12:37:40.349644+00:00
AIRFLOW_CTX_DAG_RUN_ID=manual__2021-08-04T12:37:40.349644+00:00
[2021-08-04 12:37:41,629] {python.py:151} INFO - Done. Returned value was: 8
[2021-08-04 12:37:41,725] {taskinstance.py:1211} INFO - Marking task as SUCCESS. dag_id=my_dag, task_id=training_model_B, execution_date=20210804T123740, start_date=20210804T123741, end_date=20210804T123741
[2021-08-04 12:37:41,781] {taskinstance.py:1265} INFO - 1 downstream tasks scheduled from follow-on schedule check
[2021-08-04 12:37:41,793] {local_task_job.py:149} INFO - Task exited with return code 0
