[2021-08-04 12:51:33,283] {taskinstance.py:896} INFO - Dependencies all met for <TaskInstance: my_dag.choosing_best_model 2021-08-04T12:50:31.461355+00:00 [queued]>
[2021-08-04 12:51:33,300] {taskinstance.py:896} INFO - Dependencies all met for <TaskInstance: my_dag.choosing_best_model 2021-08-04T12:50:31.461355+00:00 [queued]>
[2021-08-04 12:51:33,300] {taskinstance.py:1087} INFO - 
--------------------------------------------------------------------------------
[2021-08-04 12:51:33,300] {taskinstance.py:1088} INFO - Starting attempt 1 of 1
[2021-08-04 12:51:33,300] {taskinstance.py:1089} INFO - 
--------------------------------------------------------------------------------
[2021-08-04 12:51:33,309] {taskinstance.py:1107} INFO - Executing <Task(BranchPythonOperator): choosing_best_model> on 2021-08-04T12:50:31.461355+00:00
[2021-08-04 12:51:33,316] {standard_task_runner.py:76} INFO - Running: ['***', 'tasks', 'run', 'my_dag', 'choosing_best_model', '2021-08-04T12:50:31.461355+00:00', '--job-id', '85', '--pool', 'default_pool', '--raw', '--subdir', 'DAGS_FOLDER/my_dag.py', '--cfg-path', '/tmp/tmp9lbybbt_', '--error-file', '/tmp/tmp9wcem9yb']
[2021-08-04 12:51:33,317] {standard_task_runner.py:77} INFO - Job 85: Subtask choosing_best_model
[2021-08-04 12:51:33,313] {standard_task_runner.py:52} INFO - Started process 3917 to run task
[2021-08-04 12:51:33,356] {logging_mixin.py:104} INFO - Running <TaskInstance: my_dag.choosing_best_model 2021-08-04T12:50:31.461355+00:00 [running]> on host 04479ea62028
[2021-08-04 12:51:33,400] {taskinstance.py:1302} INFO - Exporting the following env vars:
AIRFLOW_CTX_DAG_OWNER=***
AIRFLOW_CTX_DAG_ID=my_dag
AIRFLOW_CTX_TASK_ID=choosing_best_model
AIRFLOW_CTX_EXECUTION_DATE=2021-08-04T12:50:31.461355+00:00
AIRFLOW_CTX_DAG_RUN_ID=scheduled__2021-08-04T12:50:31.461355+00:00
[2021-08-04 12:51:33,408] {python.py:151} INFO - Done. Returned value was: inaccurate
[2021-08-04 12:51:33,408] {skipmixin.py:124} INFO - Following branch inaccurate
[2021-08-04 12:51:33,415] {skipmixin.py:155} INFO - Skipping tasks ['accurate']
[2021-08-04 12:51:33,454] {taskinstance.py:1211} INFO - Marking task as SUCCESS. dag_id=my_dag, task_id=choosing_best_model, execution_date=20210804T125031, start_date=20210804T125133, end_date=20210804T125133
[2021-08-04 12:51:33,493] {taskinstance.py:1265} INFO - 1 downstream tasks scheduled from follow-on schedule check
[2021-08-04 12:51:33,531] {local_task_job.py:149} INFO - Task exited with return code 0
