[2021-08-04 13:28:14,367] {taskinstance.py:896} INFO - Dependencies all met for <TaskInstance: my_dag.training_model_A 2021-08-04T13:28:09.275789+00:00 [queued]>
[2021-08-04 13:28:14,466] {taskinstance.py:896} INFO - Dependencies all met for <TaskInstance: my_dag.training_model_A 2021-08-04T13:28:09.275789+00:00 [queued]>
[2021-08-04 13:28:14,466] {taskinstance.py:1087} INFO - 
--------------------------------------------------------------------------------
[2021-08-04 13:28:14,467] {taskinstance.py:1088} INFO - Starting attempt 1 of 1
[2021-08-04 13:28:14,467] {taskinstance.py:1089} INFO - 
--------------------------------------------------------------------------------
[2021-08-04 13:28:14,513] {taskinstance.py:1107} INFO - Executing <Task(PythonOperator): training_model_A> on 2021-08-04T13:28:09.275789+00:00
[2021-08-04 13:28:14,548] {standard_task_runner.py:76} INFO - Running: ['***', 'tasks', 'run', 'my_dag', 'training_model_A', '2021-08-04T13:28:09.275789+00:00', '--job-id', '1194', '--pool', 'default_pool', '--raw', '--subdir', 'DAGS_FOLDER/my_dag.py', '--cfg-path', '/tmp/tmprrqb8ip0', '--error-file', '/tmp/tmp2yj975b6']
[2021-08-04 13:28:14,549] {standard_task_runner.py:77} INFO - Job 1194: Subtask training_model_A
[2021-08-04 13:28:14,525] {standard_task_runner.py:52} INFO - Started process 9285 to run task
[2021-08-04 13:28:14,821] {logging_mixin.py:104} INFO - Running <TaskInstance: my_dag.training_model_A 2021-08-04T13:28:09.275789+00:00 [running]> on host 04479ea62028
[2021-08-04 13:28:15,136] {taskinstance.py:1302} INFO - Exporting the following env vars:
AIRFLOW_CTX_DAG_OWNER=***
AIRFLOW_CTX_DAG_ID=my_dag
AIRFLOW_CTX_TASK_ID=training_model_A
AIRFLOW_CTX_EXECUTION_DATE=2021-08-04T13:28:09.275789+00:00
AIRFLOW_CTX_DAG_RUN_ID=scheduled__2021-08-04T13:28:09.275789+00:00
[2021-08-04 13:28:15,138] {python.py:151} INFO - Done. Returned value was: 10
[2021-08-04 13:28:15,330] {taskinstance.py:1211} INFO - Marking task as SUCCESS. dag_id=my_dag, task_id=training_model_A, execution_date=20210804T132809, start_date=20210804T132814, end_date=20210804T132815
[2021-08-04 13:28:15,703] {taskinstance.py:1265} INFO - 1 downstream tasks scheduled from follow-on schedule check
[2021-08-04 13:28:15,726] {local_task_job.py:149} INFO - Task exited with return code 0
