[2021-08-04 13:05:33,548] {taskinstance.py:896} INFO - Dependencies all met for <TaskInstance: my_dag.choosing_best_model 2021-08-04T13:04:31.657682+00:00 [queued]>
[2021-08-04 13:05:33,563] {taskinstance.py:896} INFO - Dependencies all met for <TaskInstance: my_dag.choosing_best_model 2021-08-04T13:04:31.657682+00:00 [queued]>
[2021-08-04 13:05:33,563] {taskinstance.py:1087} INFO - 
--------------------------------------------------------------------------------
[2021-08-04 13:05:33,564] {taskinstance.py:1088} INFO - Starting attempt 1 of 1
[2021-08-04 13:05:33,564] {taskinstance.py:1089} INFO - 
--------------------------------------------------------------------------------
[2021-08-04 13:05:33,573] {taskinstance.py:1107} INFO - Executing <Task(BranchPythonOperator): choosing_best_model> on 2021-08-04T13:04:31.657682+00:00
[2021-08-04 13:05:33,578] {standard_task_runner.py:52} INFO - Started process 5232 to run task
[2021-08-04 13:05:33,581] {standard_task_runner.py:76} INFO - Running: ['***', 'tasks', 'run', 'my_dag', 'choosing_best_model', '2021-08-04T13:04:31.657682+00:00', '--job-id', '155', '--pool', 'default_pool', '--raw', '--subdir', 'DAGS_FOLDER/my_dag.py', '--cfg-path', '/tmp/tmpctkvdkh5', '--error-file', '/tmp/tmph_a0ozd2']
[2021-08-04 13:05:33,582] {standard_task_runner.py:77} INFO - Job 155: Subtask choosing_best_model
[2021-08-04 13:05:33,623] {logging_mixin.py:104} INFO - Running <TaskInstance: my_dag.choosing_best_model 2021-08-04T13:04:31.657682+00:00 [running]> on host 04479ea62028
[2021-08-04 13:05:33,664] {taskinstance.py:1302} INFO - Exporting the following env vars:
AIRFLOW_CTX_DAG_OWNER=***
AIRFLOW_CTX_DAG_ID=my_dag
AIRFLOW_CTX_TASK_ID=choosing_best_model
AIRFLOW_CTX_EXECUTION_DATE=2021-08-04T13:04:31.657682+00:00
AIRFLOW_CTX_DAG_RUN_ID=scheduled__2021-08-04T13:04:31.657682+00:00
[2021-08-04 13:05:33,671] {python.py:151} INFO - Done. Returned value was: inaccurate
[2021-08-04 13:05:33,672] {skipmixin.py:124} INFO - Following branch inaccurate
[2021-08-04 13:05:33,678] {skipmixin.py:155} INFO - Skipping tasks ['accurate']
[2021-08-04 13:05:33,717] {taskinstance.py:1211} INFO - Marking task as SUCCESS. dag_id=my_dag, task_id=choosing_best_model, execution_date=20210804T130431, start_date=20210804T130533, end_date=20210804T130533
[2021-08-04 13:05:33,745] {taskinstance.py:1265} INFO - 1 downstream tasks scheduled from follow-on schedule check
[2021-08-04 13:05:33,755] {local_task_job.py:149} INFO - Task exited with return code 0
