[2021-08-04 14:01:25,027] {taskinstance.py:896} INFO - Dependencies all met for <TaskInstance: my_dag.training_model_A 2021-08-04T14:01:14.460692+00:00 [queued]>
[2021-08-04 14:01:25,050] {taskinstance.py:896} INFO - Dependencies all met for <TaskInstance: my_dag.training_model_A 2021-08-04T14:01:14.460692+00:00 [queued]>
[2021-08-04 14:01:25,050] {taskinstance.py:1087} INFO - 
--------------------------------------------------------------------------------
[2021-08-04 14:01:25,050] {taskinstance.py:1088} INFO - Starting attempt 1 of 1
[2021-08-04 14:01:25,050] {taskinstance.py:1089} INFO - 
--------------------------------------------------------------------------------
[2021-08-04 14:01:25,063] {taskinstance.py:1107} INFO - Executing <Task(PythonOperator): training_model_A> on 2021-08-04T14:01:14.460692+00:00
[2021-08-04 14:01:25,068] {standard_task_runner.py:52} INFO - Started process 1665 to run task
[2021-08-04 14:01:25,073] {standard_task_runner.py:76} INFO - Running: ['***', 'tasks', 'run', 'my_dag', 'training_model_A', '2021-08-04T14:01:14.460692+00:00', '--job-id', '2405', '--pool', 'default_pool', '--raw', '--subdir', 'DAGS_FOLDER/my_dag.py', '--cfg-path', '/tmp/tmp2r6egz0y', '--error-file', '/tmp/tmpon1eitsp']
[2021-08-04 14:01:25,073] {standard_task_runner.py:77} INFO - Job 2405: Subtask training_model_A
[2021-08-04 14:01:25,120] {logging_mixin.py:104} INFO - Running <TaskInstance: my_dag.training_model_A 2021-08-04T14:01:14.460692+00:00 [running]> on host 04479ea62028
[2021-08-04 14:01:25,178] {taskinstance.py:1302} INFO - Exporting the following env vars:
AIRFLOW_CTX_DAG_OWNER=***
AIRFLOW_CTX_DAG_ID=my_dag
AIRFLOW_CTX_TASK_ID=training_model_A
AIRFLOW_CTX_EXECUTION_DATE=2021-08-04T14:01:14.460692+00:00
AIRFLOW_CTX_DAG_RUN_ID=scheduled__2021-08-04T14:01:14.460692+00:00
[2021-08-04 14:01:25,179] {python.py:151} INFO - Done. Returned value was: 1
[2021-08-04 14:01:25,209] {taskinstance.py:1211} INFO - Marking task as SUCCESS. dag_id=my_dag, task_id=training_model_A, execution_date=20210804T140114, start_date=20210804T140125, end_date=20210804T140125
[2021-08-04 14:01:25,250] {taskinstance.py:1265} INFO - 1 downstream tasks scheduled from follow-on schedule check
[2021-08-04 14:01:25,287] {local_task_job.py:149} INFO - Task exited with return code 0
