[2021-08-04 14:49:40,150] {taskinstance.py:896} INFO - Dependencies all met for <TaskInstance: my_dag.choose_best_model 2021-08-04T14:49:27.958228+00:00 [queued]>
[2021-08-04 14:49:40,163] {taskinstance.py:896} INFO - Dependencies all met for <TaskInstance: my_dag.choose_best_model 2021-08-04T14:49:27.958228+00:00 [queued]>
[2021-08-04 14:49:40,163] {taskinstance.py:1087} INFO - 
--------------------------------------------------------------------------------
[2021-08-04 14:49:40,164] {taskinstance.py:1088} INFO - Starting attempt 1 of 1
[2021-08-04 14:49:40,164] {taskinstance.py:1089} INFO - 
--------------------------------------------------------------------------------
[2021-08-04 14:49:40,182] {taskinstance.py:1107} INFO - Executing <Task(BranchPythonOperator): choose_best_model> on 2021-08-04T14:49:27.958228+00:00
[2021-08-04 14:49:40,188] {standard_task_runner.py:52} INFO - Started process 2586 to run task
[2021-08-04 14:49:40,194] {standard_task_runner.py:76} INFO - Running: ['***', 'tasks', 'run', 'my_dag', 'choose_best_model', '2021-08-04T14:49:27.958228+00:00', '--job-id', '3141', '--pool', 'default_pool', '--raw', '--subdir', 'DAGS_FOLDER/my_dag.py', '--cfg-path', '/tmp/tmpytylqjg0', '--error-file', '/tmp/tmpna8cozao']
[2021-08-04 14:49:40,195] {standard_task_runner.py:77} INFO - Job 3141: Subtask choose_best_model
[2021-08-04 14:49:40,254] {logging_mixin.py:104} INFO - Running <TaskInstance: my_dag.choose_best_model 2021-08-04T14:49:27.958228+00:00 [running]> on host 04479ea62028
[2021-08-04 14:49:40,320] {taskinstance.py:1302} INFO - Exporting the following env vars:
AIRFLOW_CTX_DAG_OWNER=***
AIRFLOW_CTX_DAG_ID=my_dag
AIRFLOW_CTX_TASK_ID=choose_best_model
AIRFLOW_CTX_EXECUTION_DATE=2021-08-04T14:49:27.958228+00:00
AIRFLOW_CTX_DAG_RUN_ID=scheduled__2021-08-04T14:49:27.958228+00:00
[2021-08-04 14:49:40,331] {python.py:151} INFO - Done. Returned value was: inaccurate
[2021-08-04 14:49:40,332] {skipmixin.py:124} INFO - Following branch inaccurate
[2021-08-04 14:49:40,341] {skipmixin.py:155} INFO - Skipping tasks ['accurate', 'value_5']
[2021-08-04 14:49:40,393] {taskinstance.py:1211} INFO - Marking task as SUCCESS. dag_id=my_dag, task_id=choose_best_model, execution_date=20210804T144927, start_date=20210804T144940, end_date=20210804T144940
[2021-08-04 14:49:40,444] {taskinstance.py:1265} INFO - 1 downstream tasks scheduled from follow-on schedule check
[2021-08-04 14:49:40,489] {local_task_job.py:149} INFO - Task exited with return code 0
