[2021-08-04 14:39:40,085] {taskinstance.py:896} INFO - Dependencies all met for <TaskInstance: my_dag.value_5 2021-08-04T14:39:27.634907+00:00 [queued]>
[2021-08-04 14:39:40,102] {taskinstance.py:896} INFO - Dependencies all met for <TaskInstance: my_dag.value_5 2021-08-04T14:39:27.634907+00:00 [queued]>
[2021-08-04 14:39:40,102] {taskinstance.py:1087} INFO - 
--------------------------------------------------------------------------------
[2021-08-04 14:39:40,102] {taskinstance.py:1088} INFO - Starting attempt 1 of 1
[2021-08-04 14:39:40,102] {taskinstance.py:1089} INFO - 
--------------------------------------------------------------------------------
[2021-08-04 14:39:40,121] {taskinstance.py:1107} INFO - Executing <Task(BashOperator): value_5> on 2021-08-04T14:39:27.634907+00:00
[2021-08-04 14:39:40,131] {standard_task_runner.py:76} INFO - Running: ['***', 'tasks', 'run', 'my_dag', 'value_5', '2021-08-04T14:39:27.634907+00:00', '--job-id', '2842', '--pool', 'default_pool', '--raw', '--subdir', 'DAGS_FOLDER/my_dag.py', '--cfg-path', '/tmp/tmpv0tau1mq', '--error-file', '/tmp/tmp9fj7xj20']
[2021-08-04 14:39:40,127] {standard_task_runner.py:52} INFO - Started process 1112 to run task
[2021-08-04 14:39:40,132] {standard_task_runner.py:77} INFO - Job 2842: Subtask value_5
[2021-08-04 14:39:40,180] {logging_mixin.py:104} INFO - Running <TaskInstance: my_dag.value_5 2021-08-04T14:39:27.634907+00:00 [running]> on host 04479ea62028
[2021-08-04 14:39:40,231] {taskinstance.py:1302} INFO - Exporting the following env vars:
AIRFLOW_CTX_DAG_OWNER=***
AIRFLOW_CTX_DAG_ID=my_dag
AIRFLOW_CTX_TASK_ID=value_5
AIRFLOW_CTX_EXECUTION_DATE=2021-08-04T14:39:27.634907+00:00
AIRFLOW_CTX_DAG_RUN_ID=scheduled__2021-08-04T14:39:27.634907+00:00
[2021-08-04 14:39:40,232] {subprocess.py:52} INFO - Tmp dir root location: 
 /tmp
[2021-08-04 14:39:40,233] {subprocess.py:63} INFO - Running command: ['bash', '-c', "echo 'value_5'"]
[2021-08-04 14:39:40,241] {subprocess.py:74} INFO - Output:
[2021-08-04 14:39:40,242] {subprocess.py:78} INFO - value_5
[2021-08-04 14:39:40,243] {subprocess.py:82} INFO - Command exited with return code 0
[2021-08-04 14:39:40,273] {taskinstance.py:1211} INFO - Marking task as SUCCESS. dag_id=my_dag, task_id=value_5, execution_date=20210804T143927, start_date=20210804T143940, end_date=20210804T143940
[2021-08-04 14:39:40,297] {taskinstance.py:1265} INFO - 0 downstream tasks scheduled from follow-on schedule check
[2021-08-04 14:39:40,305] {local_task_job.py:149} INFO - Task exited with return code 0
