[2021-08-04 14:40:20,962] {taskinstance.py:896} INFO - Dependencies all met for <TaskInstance: my_dag.value_5 2021-08-04T14:40:07.634907+00:00 [queued]>
[2021-08-04 14:40:20,987] {taskinstance.py:896} INFO - Dependencies all met for <TaskInstance: my_dag.value_5 2021-08-04T14:40:07.634907+00:00 [queued]>
[2021-08-04 14:40:20,987] {taskinstance.py:1087} INFO - 
--------------------------------------------------------------------------------
[2021-08-04 14:40:20,987] {taskinstance.py:1088} INFO - Starting attempt 1 of 1
[2021-08-04 14:40:20,988] {taskinstance.py:1089} INFO - 
--------------------------------------------------------------------------------
[2021-08-04 14:40:21,009] {taskinstance.py:1107} INFO - Executing <Task(BashOperator): value_5> on 2021-08-04T14:40:07.634907+00:00
[2021-08-04 14:40:21,017] {standard_task_runner.py:52} INFO - Started process 1209 to run task
[2021-08-04 14:40:21,022] {standard_task_runner.py:76} INFO - Running: ['***', 'tasks', 'run', 'my_dag', 'value_5', '2021-08-04T14:40:07.634907+00:00', '--job-id', '2862', '--pool', 'default_pool', '--raw', '--subdir', 'DAGS_FOLDER/my_dag.py', '--cfg-path', '/tmp/tmpk1s_hexs', '--error-file', '/tmp/tmpfrf5yidn']
[2021-08-04 14:40:21,022] {standard_task_runner.py:77} INFO - Job 2862: Subtask value_5
[2021-08-04 14:40:21,072] {logging_mixin.py:104} INFO - Running <TaskInstance: my_dag.value_5 2021-08-04T14:40:07.634907+00:00 [running]> on host 04479ea62028
[2021-08-04 14:40:21,133] {taskinstance.py:1302} INFO - Exporting the following env vars:
AIRFLOW_CTX_DAG_OWNER=***
AIRFLOW_CTX_DAG_ID=my_dag
AIRFLOW_CTX_TASK_ID=value_5
AIRFLOW_CTX_EXECUTION_DATE=2021-08-04T14:40:07.634907+00:00
AIRFLOW_CTX_DAG_RUN_ID=scheduled__2021-08-04T14:40:07.634907+00:00
[2021-08-04 14:40:21,134] {subprocess.py:52} INFO - Tmp dir root location: 
 /tmp
[2021-08-04 14:40:21,134] {subprocess.py:63} INFO - Running command: ['bash', '-c', "echo 'value_5'"]
[2021-08-04 14:40:21,146] {subprocess.py:74} INFO - Output:
[2021-08-04 14:40:21,148] {subprocess.py:78} INFO - value_5
[2021-08-04 14:40:21,148] {subprocess.py:82} INFO - Command exited with return code 0
[2021-08-04 14:40:21,181] {taskinstance.py:1211} INFO - Marking task as SUCCESS. dag_id=my_dag, task_id=value_5, execution_date=20210804T144007, start_date=20210804T144020, end_date=20210804T144021
[2021-08-04 14:40:21,207] {taskinstance.py:1265} INFO - 0 downstream tasks scheduled from follow-on schedule check
[2021-08-04 14:40:21,237] {local_task_job.py:149} INFO - Task exited with return code 0
