[2021-08-04 13:28:52,629] {taskinstance.py:896} INFO - Dependencies all met for <TaskInstance: my_dag.training_model_C 2021-08-04T13:28:47.457153+00:00 [queued]>
[2021-08-04 13:28:52,771] {taskinstance.py:896} INFO - Dependencies all met for <TaskInstance: my_dag.training_model_C 2021-08-04T13:28:47.457153+00:00 [queued]>
[2021-08-04 13:28:52,771] {taskinstance.py:1087} INFO - 
--------------------------------------------------------------------------------
[2021-08-04 13:28:52,772] {taskinstance.py:1088} INFO - Starting attempt 1 of 1
[2021-08-04 13:28:52,773] {taskinstance.py:1089} INFO - 
--------------------------------------------------------------------------------
[2021-08-04 13:28:52,816] {taskinstance.py:1107} INFO - Executing <Task(PythonOperator): training_model_C> on 2021-08-04T13:28:47.457153+00:00
[2021-08-04 13:28:52,825] {standard_task_runner.py:52} INFO - Started process 9630 to run task
[2021-08-04 13:28:52,849] {standard_task_runner.py:76} INFO - Running: ['***', 'tasks', 'run', 'my_dag', 'training_model_C', '2021-08-04T13:28:47.457153+00:00', '--job-id', '1333', '--pool', 'default_pool', '--raw', '--subdir', 'DAGS_FOLDER/my_dag.py', '--cfg-path', '/tmp/tmpivt3h17f', '--error-file', '/tmp/tmpfi6cs1pf']
[2021-08-04 13:28:52,850] {standard_task_runner.py:77} INFO - Job 1333: Subtask training_model_C
[2021-08-04 13:28:53,061] {logging_mixin.py:104} INFO - Running <TaskInstance: my_dag.training_model_C 2021-08-04T13:28:47.457153+00:00 [running]> on host 04479ea62028
[2021-08-04 13:28:53,397] {taskinstance.py:1302} INFO - Exporting the following env vars:
AIRFLOW_CTX_DAG_OWNER=***
AIRFLOW_CTX_DAG_ID=my_dag
AIRFLOW_CTX_TASK_ID=training_model_C
AIRFLOW_CTX_EXECUTION_DATE=2021-08-04T13:28:47.457153+00:00
AIRFLOW_CTX_DAG_RUN_ID=scheduled__2021-08-04T13:28:47.457153+00:00
[2021-08-04 13:28:53,401] {python.py:151} INFO - Done. Returned value was: 3
[2021-08-04 13:28:53,674] {taskinstance.py:1211} INFO - Marking task as SUCCESS. dag_id=my_dag, task_id=training_model_C, execution_date=20210804T132847, start_date=20210804T132852, end_date=20210804T132853
[2021-08-04 13:28:53,858] {taskinstance.py:1265} INFO - 0 downstream tasks scheduled from follow-on schedule check
[2021-08-04 13:28:53,887] {local_task_job.py:149} INFO - Task exited with return code 0
