[2021-08-04 13:26:51,721] {taskinstance.py:896} INFO - Dependencies all met for <TaskInstance: my_dag.training_model_A 2021-08-04T13:26:47.584447+00:00 [queued]>
[2021-08-04 13:26:51,839] {taskinstance.py:896} INFO - Dependencies all met for <TaskInstance: my_dag.training_model_A 2021-08-04T13:26:47.584447+00:00 [queued]>
[2021-08-04 13:26:51,839] {taskinstance.py:1087} INFO - 
--------------------------------------------------------------------------------
[2021-08-04 13:26:51,839] {taskinstance.py:1088} INFO - Starting attempt 1 of 1
[2021-08-04 13:26:51,839] {taskinstance.py:1089} INFO - 
--------------------------------------------------------------------------------
[2021-08-04 13:26:51,897] {taskinstance.py:1107} INFO - Executing <Task(PythonOperator): training_model_A> on 2021-08-04T13:26:47.584447+00:00
[2021-08-04 13:26:51,919] {standard_task_runner.py:52} INFO - Started process 8557 to run task
[2021-08-04 13:26:51,939] {standard_task_runner.py:76} INFO - Running: ['***', 'tasks', 'run', 'my_dag', 'training_model_A', '2021-08-04T13:26:47.584447+00:00', '--job-id', '894', '--pool', 'default_pool', '--raw', '--subdir', 'DAGS_FOLDER/my_dag.py', '--cfg-path', '/tmp/tmpa6i5t8b4', '--error-file', '/tmp/tmp_2krh0lv']
[2021-08-04 13:26:51,939] {standard_task_runner.py:77} INFO - Job 894: Subtask training_model_A
[2021-08-04 13:26:52,112] {logging_mixin.py:104} INFO - Running <TaskInstance: my_dag.training_model_A 2021-08-04T13:26:47.584447+00:00 [running]> on host 04479ea62028
[2021-08-04 13:26:52,330] {taskinstance.py:1302} INFO - Exporting the following env vars:
AIRFLOW_CTX_DAG_OWNER=***
AIRFLOW_CTX_DAG_ID=my_dag
AIRFLOW_CTX_TASK_ID=training_model_A
AIRFLOW_CTX_EXECUTION_DATE=2021-08-04T13:26:47.584447+00:00
AIRFLOW_CTX_DAG_RUN_ID=scheduled__2021-08-04T13:26:47.584447+00:00
[2021-08-04 13:26:52,334] {python.py:151} INFO - Done. Returned value was: 3
[2021-08-04 13:26:52,502] {taskinstance.py:1211} INFO - Marking task as SUCCESS. dag_id=my_dag, task_id=training_model_A, execution_date=20210804T132647, start_date=20210804T132651, end_date=20210804T132652
[2021-08-04 13:26:52,755] {taskinstance.py:1265} INFO - 0 downstream tasks scheduled from follow-on schedule check
[2021-08-04 13:26:52,776] {local_task_job.py:149} INFO - Task exited with return code 0
