[2021-08-04 13:28:33,685] {taskinstance.py:896} INFO - Dependencies all met for <TaskInstance: my_dag.training_model_C 2021-08-04T13:28:28.453723+00:00 [queued]>
[2021-08-04 13:28:33,859] {taskinstance.py:896} INFO - Dependencies all met for <TaskInstance: my_dag.training_model_C 2021-08-04T13:28:28.453723+00:00 [queued]>
[2021-08-04 13:28:33,860] {taskinstance.py:1087} INFO - 
--------------------------------------------------------------------------------
[2021-08-04 13:28:33,860] {taskinstance.py:1088} INFO - Starting attempt 1 of 1
[2021-08-04 13:28:33,860] {taskinstance.py:1089} INFO - 
--------------------------------------------------------------------------------
[2021-08-04 13:28:33,918] {taskinstance.py:1107} INFO - Executing <Task(PythonOperator): training_model_C> on 2021-08-04T13:28:28.453723+00:00
[2021-08-04 13:28:33,927] {standard_task_runner.py:52} INFO - Started process 9461 to run task
[2021-08-04 13:28:33,944] {standard_task_runner.py:76} INFO - Running: ['***', 'tasks', 'run', 'my_dag', 'training_model_C', '2021-08-04T13:28:28.453723+00:00', '--job-id', '1266', '--pool', 'default_pool', '--raw', '--subdir', 'DAGS_FOLDER/my_dag.py', '--cfg-path', '/tmp/tmp6xixctp2', '--error-file', '/tmp/tmpit4adzbz']
[2021-08-04 13:28:33,945] {standard_task_runner.py:77} INFO - Job 1266: Subtask training_model_C
[2021-08-04 13:28:34,132] {logging_mixin.py:104} INFO - Running <TaskInstance: my_dag.training_model_C 2021-08-04T13:28:28.453723+00:00 [running]> on host 04479ea62028
[2021-08-04 13:28:34,540] {taskinstance.py:1302} INFO - Exporting the following env vars:
AIRFLOW_CTX_DAG_OWNER=***
AIRFLOW_CTX_DAG_ID=my_dag
AIRFLOW_CTX_TASK_ID=training_model_C
AIRFLOW_CTX_EXECUTION_DATE=2021-08-04T13:28:28.453723+00:00
AIRFLOW_CTX_DAG_RUN_ID=scheduled__2021-08-04T13:28:28.453723+00:00
[2021-08-04 13:28:34,541] {python.py:151} INFO - Done. Returned value was: 6
[2021-08-04 13:28:34,851] {taskinstance.py:1211} INFO - Marking task as SUCCESS. dag_id=my_dag, task_id=training_model_C, execution_date=20210804T132828, start_date=20210804T132833, end_date=20210804T132834
[2021-08-04 13:28:35,025] {taskinstance.py:1265} INFO - 1 downstream tasks scheduled from follow-on schedule check
[2021-08-04 13:28:35,044] {local_task_job.py:149} INFO - Task exited with return code 0
