[2021-08-04 13:29:36,944] {taskinstance.py:896} INFO - Dependencies all met for <TaskInstance: my_dag.choose_best_model 2021-08-04T13:29:29.398736+00:00 [queued]>
[2021-08-04 13:29:37,052] {taskinstance.py:896} INFO - Dependencies all met for <TaskInstance: my_dag.choose_best_model 2021-08-04T13:29:29.398736+00:00 [queued]>
[2021-08-04 13:29:37,052] {taskinstance.py:1087} INFO - 
--------------------------------------------------------------------------------
[2021-08-04 13:29:37,052] {taskinstance.py:1088} INFO - Starting attempt 1 of 1
[2021-08-04 13:29:37,052] {taskinstance.py:1089} INFO - 
--------------------------------------------------------------------------------
[2021-08-04 13:29:37,118] {taskinstance.py:1107} INFO - Executing <Task(BranchPythonOperator): choose_best_model> on 2021-08-04T13:29:29.398736+00:00
[2021-08-04 13:29:37,153] {standard_task_runner.py:76} INFO - Running: ['***', 'tasks', 'run', 'my_dag', 'choose_best_model', '2021-08-04T13:29:29.398736+00:00', '--job-id', '1507', '--pool', 'default_pool', '--raw', '--subdir', 'DAGS_FOLDER/my_dag.py', '--cfg-path', '/tmp/tmps_jnmg0d', '--error-file', '/tmp/tmpc7hy1ns6']
[2021-08-04 13:29:37,154] {standard_task_runner.py:77} INFO - Job 1507: Subtask choose_best_model
[2021-08-04 13:29:37,127] {standard_task_runner.py:52} INFO - Started process 10043 to run task
[2021-08-04 13:29:37,521] {logging_mixin.py:104} INFO - Running <TaskInstance: my_dag.choose_best_model 2021-08-04T13:29:29.398736+00:00 [running]> on host 04479ea62028
[2021-08-04 13:29:37,789] {taskinstance.py:1302} INFO - Exporting the following env vars:
AIRFLOW_CTX_DAG_OWNER=***
AIRFLOW_CTX_DAG_ID=my_dag
AIRFLOW_CTX_TASK_ID=choose_best_model
AIRFLOW_CTX_EXECUTION_DATE=2021-08-04T13:29:29.398736+00:00
AIRFLOW_CTX_DAG_RUN_ID=scheduled__2021-08-04T13:29:29.398736+00:00
[2021-08-04 13:29:37,828] {python.py:151} INFO - Done. Returned value was: accurate
[2021-08-04 13:29:37,828] {skipmixin.py:124} INFO - Following branch accurate
[2021-08-04 13:29:37,854] {skipmixin.py:155} INFO - Skipping tasks ['inaccurate']
[2021-08-04 13:29:38,137] {taskinstance.py:1211} INFO - Marking task as SUCCESS. dag_id=my_dag, task_id=choose_best_model, execution_date=20210804T132929, start_date=20210804T132936, end_date=20210804T132938
[2021-08-04 13:29:38,709] {taskinstance.py:1265} INFO - 0 downstream tasks scheduled from follow-on schedule check
[2021-08-04 13:29:38,838] {local_task_job.py:149} INFO - Task exited with return code 0
