[2021-08-04 13:30:24,389] {taskinstance.py:896} INFO - Dependencies all met for <TaskInstance: my_dag.choose_best_model 2021-08-04T13:30:14.624295+00:00 [queued]>
[2021-08-04 13:30:24,507] {taskinstance.py:896} INFO - Dependencies all met for <TaskInstance: my_dag.choose_best_model 2021-08-04T13:30:14.624295+00:00 [queued]>
[2021-08-04 13:30:24,507] {taskinstance.py:1087} INFO - 
--------------------------------------------------------------------------------
[2021-08-04 13:30:24,507] {taskinstance.py:1088} INFO - Starting attempt 1 of 1
[2021-08-04 13:30:24,507] {taskinstance.py:1089} INFO - 
--------------------------------------------------------------------------------
[2021-08-04 13:30:24,538] {taskinstance.py:1107} INFO - Executing <Task(BranchPythonOperator): choose_best_model> on 2021-08-04T13:30:14.624295+00:00
[2021-08-04 13:30:24,554] {standard_task_runner.py:52} INFO - Started process 10481 to run task
[2021-08-04 13:30:24,574] {standard_task_runner.py:76} INFO - Running: ['***', 'tasks', 'run', 'my_dag', 'choose_best_model', '2021-08-04T13:30:14.624295+00:00', '--job-id', '1685', '--pool', 'default_pool', '--raw', '--subdir', 'DAGS_FOLDER/my_dag.py', '--cfg-path', '/tmp/tmpdzcyxk62', '--error-file', '/tmp/tmpctx6n7xf']
[2021-08-04 13:30:24,575] {standard_task_runner.py:77} INFO - Job 1685: Subtask choose_best_model
[2021-08-04 13:30:24,796] {logging_mixin.py:104} INFO - Running <TaskInstance: my_dag.choose_best_model 2021-08-04T13:30:14.624295+00:00 [running]> on host 04479ea62028
[2021-08-04 13:30:25,108] {taskinstance.py:1302} INFO - Exporting the following env vars:
AIRFLOW_CTX_DAG_OWNER=***
AIRFLOW_CTX_DAG_ID=my_dag
AIRFLOW_CTX_TASK_ID=choose_best_model
AIRFLOW_CTX_EXECUTION_DATE=2021-08-04T13:30:14.624295+00:00
AIRFLOW_CTX_DAG_RUN_ID=scheduled__2021-08-04T13:30:14.624295+00:00
[2021-08-04 13:30:25,137] {python.py:151} INFO - Done. Returned value was: inaccurate
[2021-08-04 13:30:25,138] {skipmixin.py:124} INFO - Following branch inaccurate
[2021-08-04 13:30:25,166] {skipmixin.py:155} INFO - Skipping tasks ['accurate']
[2021-08-04 13:30:25,338] {taskinstance.py:1211} INFO - Marking task as SUCCESS. dag_id=my_dag, task_id=choose_best_model, execution_date=20210804T133014, start_date=20210804T133024, end_date=20210804T133025
[2021-08-04 13:30:25,445] {taskinstance.py:1265} INFO - 1 downstream tasks scheduled from follow-on schedule check
[2021-08-04 13:30:25,506] {local_task_job.py:149} INFO - Task exited with return code 0
