[2021-08-04 14:02:45,105] {taskinstance.py:896} INFO - Dependencies all met for <TaskInstance: my_dag.training_model_A 2021-08-04T14:02:34.460692+00:00 [queued]>
[2021-08-04 14:02:45,131] {taskinstance.py:896} INFO - Dependencies all met for <TaskInstance: my_dag.training_model_A 2021-08-04T14:02:34.460692+00:00 [queued]>
[2021-08-04 14:02:45,131] {taskinstance.py:1087} INFO - 
--------------------------------------------------------------------------------
[2021-08-04 14:02:45,131] {taskinstance.py:1088} INFO - Starting attempt 1 of 1
[2021-08-04 14:02:45,132] {taskinstance.py:1089} INFO - 
--------------------------------------------------------------------------------
[2021-08-04 14:02:45,148] {taskinstance.py:1107} INFO - Executing <Task(PythonOperator): training_model_A> on 2021-08-04T14:02:34.460692+00:00
[2021-08-04 14:02:45,153] {standard_task_runner.py:52} INFO - Started process 1860 to run task
[2021-08-04 14:02:45,159] {standard_task_runner.py:76} INFO - Running: ['***', 'tasks', 'run', 'my_dag', 'training_model_A', '2021-08-04T14:02:34.460692+00:00', '--job-id', '2445', '--pool', 'default_pool', '--raw', '--subdir', 'DAGS_FOLDER/my_dag.py', '--cfg-path', '/tmp/tmpu5fi3zi5', '--error-file', '/tmp/tmp5x1ffk_h']
[2021-08-04 14:02:45,160] {standard_task_runner.py:77} INFO - Job 2445: Subtask training_model_A
[2021-08-04 14:02:45,212] {logging_mixin.py:104} INFO - Running <TaskInstance: my_dag.training_model_A 2021-08-04T14:02:34.460692+00:00 [running]> on host 04479ea62028
[2021-08-04 14:02:45,313] {taskinstance.py:1302} INFO - Exporting the following env vars:
AIRFLOW_CTX_DAG_OWNER=***
AIRFLOW_CTX_DAG_ID=my_dag
AIRFLOW_CTX_TASK_ID=training_model_A
AIRFLOW_CTX_EXECUTION_DATE=2021-08-04T14:02:34.460692+00:00
AIRFLOW_CTX_DAG_RUN_ID=scheduled__2021-08-04T14:02:34.460692+00:00
[2021-08-04 14:02:45,314] {python.py:151} INFO - Done. Returned value was: 1
[2021-08-04 14:02:45,389] {taskinstance.py:1211} INFO - Marking task as SUCCESS. dag_id=my_dag, task_id=training_model_A, execution_date=20210804T140234, start_date=20210804T140245, end_date=20210804T140245
[2021-08-04 14:02:45,476] {taskinstance.py:1265} INFO - 1 downstream tasks scheduled from follow-on schedule check
[2021-08-04 14:02:45,506] {local_task_job.py:149} INFO - Task exited with return code 0
