[2021-08-04 14:01:55,444] {taskinstance.py:896} INFO - Dependencies all met for <TaskInstance: my_dag.training_model_B 2021-08-04T14:01:44.460692+00:00 [queued]>
[2021-08-04 14:01:55,476] {taskinstance.py:896} INFO - Dependencies all met for <TaskInstance: my_dag.training_model_B 2021-08-04T14:01:44.460692+00:00 [queued]>
[2021-08-04 14:01:55,477] {taskinstance.py:1087} INFO - 
--------------------------------------------------------------------------------
[2021-08-04 14:01:55,477] {taskinstance.py:1088} INFO - Starting attempt 1 of 1
[2021-08-04 14:01:55,477] {taskinstance.py:1089} INFO - 
--------------------------------------------------------------------------------
[2021-08-04 14:01:55,489] {taskinstance.py:1107} INFO - Executing <Task(PythonOperator): training_model_B> on 2021-08-04T14:01:44.460692+00:00
[2021-08-04 14:01:55,494] {standard_task_runner.py:52} INFO - Started process 1736 to run task
[2021-08-04 14:01:55,499] {standard_task_runner.py:76} INFO - Running: ['***', 'tasks', 'run', 'my_dag', 'training_model_B', '2021-08-04T14:01:44.460692+00:00', '--job-id', '2420', '--pool', 'default_pool', '--raw', '--subdir', 'DAGS_FOLDER/my_dag.py', '--cfg-path', '/tmp/tmpcm1phugt', '--error-file', '/tmp/tmp7o7dr_6f']
[2021-08-04 14:01:55,500] {standard_task_runner.py:77} INFO - Job 2420: Subtask training_model_B
[2021-08-04 14:01:55,554] {logging_mixin.py:104} INFO - Running <TaskInstance: my_dag.training_model_B 2021-08-04T14:01:44.460692+00:00 [running]> on host 04479ea62028
[2021-08-04 14:01:55,628] {taskinstance.py:1302} INFO - Exporting the following env vars:
AIRFLOW_CTX_DAG_OWNER=***
AIRFLOW_CTX_DAG_ID=my_dag
AIRFLOW_CTX_TASK_ID=training_model_B
AIRFLOW_CTX_EXECUTION_DATE=2021-08-04T14:01:44.460692+00:00
AIRFLOW_CTX_DAG_RUN_ID=scheduled__2021-08-04T14:01:44.460692+00:00
[2021-08-04 14:01:55,629] {python.py:151} INFO - Done. Returned value was: 1
[2021-08-04 14:01:55,669] {taskinstance.py:1211} INFO - Marking task as SUCCESS. dag_id=my_dag, task_id=training_model_B, execution_date=20210804T140144, start_date=20210804T140155, end_date=20210804T140155
[2021-08-04 14:01:55,712] {taskinstance.py:1265} INFO - 0 downstream tasks scheduled from follow-on schedule check
[2021-08-04 14:01:55,754] {local_task_job.py:149} INFO - Task exited with return code 0
