[2021-08-04 13:27:16,267] {taskinstance.py:896} INFO - Dependencies all met for <TaskInstance: my_dag.training_model_A 2021-08-04T13:27:11.352825+00:00 [queued]>
[2021-08-04 13:27:16,340] {taskinstance.py:896} INFO - Dependencies all met for <TaskInstance: my_dag.training_model_A 2021-08-04T13:27:11.352825+00:00 [queued]>
[2021-08-04 13:27:16,341] {taskinstance.py:1087} INFO - 
--------------------------------------------------------------------------------
[2021-08-04 13:27:16,341] {taskinstance.py:1088} INFO - Starting attempt 1 of 1
[2021-08-04 13:27:16,341] {taskinstance.py:1089} INFO - 
--------------------------------------------------------------------------------
[2021-08-04 13:27:16,364] {taskinstance.py:1107} INFO - Executing <Task(PythonOperator): training_model_A> on 2021-08-04T13:27:11.352825+00:00
[2021-08-04 13:27:16,429] {standard_task_runner.py:52} INFO - Started process 8771 to run task
[2021-08-04 13:27:16,501] {standard_task_runner.py:76} INFO - Running: ['***', 'tasks', 'run', 'my_dag', 'training_model_A', '2021-08-04T13:27:11.352825+00:00', '--job-id', '985', '--pool', 'default_pool', '--raw', '--subdir', 'DAGS_FOLDER/my_dag.py', '--cfg-path', '/tmp/tmpa3_au6mk', '--error-file', '/tmp/tmp81gh7p2j']
[2021-08-04 13:27:16,502] {standard_task_runner.py:77} INFO - Job 985: Subtask training_model_A
[2021-08-04 13:27:17,109] {logging_mixin.py:104} INFO - Running <TaskInstance: my_dag.training_model_A 2021-08-04T13:27:11.352825+00:00 [running]> on host 04479ea62028
[2021-08-04 13:27:17,554] {taskinstance.py:1302} INFO - Exporting the following env vars:
AIRFLOW_CTX_DAG_OWNER=***
AIRFLOW_CTX_DAG_ID=my_dag
AIRFLOW_CTX_TASK_ID=training_model_A
AIRFLOW_CTX_EXECUTION_DATE=2021-08-04T13:27:11.352825+00:00
AIRFLOW_CTX_DAG_RUN_ID=scheduled__2021-08-04T13:27:11.352825+00:00
[2021-08-04 13:27:17,558] {python.py:151} INFO - Done. Returned value was: 1
[2021-08-04 13:27:17,772] {taskinstance.py:1211} INFO - Marking task as SUCCESS. dag_id=my_dag, task_id=training_model_A, execution_date=20210804T132711, start_date=20210804T132716, end_date=20210804T132717
[2021-08-04 13:27:18,029] {taskinstance.py:1265} INFO - 0 downstream tasks scheduled from follow-on schedule check
[2021-08-04 13:27:18,095] {local_task_job.py:149} INFO - Task exited with return code 0
