[2021-08-04 12:55:33,643] {taskinstance.py:896} INFO - Dependencies all met for <TaskInstance: my_dag.choosing_best_model 2021-08-04T12:54:31.657682+00:00 [queued]>
[2021-08-04 12:55:33,664] {taskinstance.py:896} INFO - Dependencies all met for <TaskInstance: my_dag.choosing_best_model 2021-08-04T12:54:31.657682+00:00 [queued]>
[2021-08-04 12:55:33,664] {taskinstance.py:1087} INFO - 
--------------------------------------------------------------------------------
[2021-08-04 12:55:33,664] {taskinstance.py:1088} INFO - Starting attempt 1 of 1
[2021-08-04 12:55:33,664] {taskinstance.py:1089} INFO - 
--------------------------------------------------------------------------------
[2021-08-04 12:55:33,672] {taskinstance.py:1107} INFO - Executing <Task(BranchPythonOperator): choosing_best_model> on 2021-08-04T12:54:31.657682+00:00
[2021-08-04 12:55:33,676] {standard_task_runner.py:52} INFO - Started process 4299 to run task
[2021-08-04 12:55:33,680] {standard_task_runner.py:76} INFO - Running: ['***', 'tasks', 'run', 'my_dag', 'choosing_best_model', '2021-08-04T12:54:31.657682+00:00', '--job-id', '105', '--pool', 'default_pool', '--raw', '--subdir', 'DAGS_FOLDER/my_dag.py', '--cfg-path', '/tmp/tmp9q1df19v', '--error-file', '/tmp/tmpk3vcwvq5']
[2021-08-04 12:55:33,681] {standard_task_runner.py:77} INFO - Job 105: Subtask choosing_best_model
[2021-08-04 12:55:33,719] {logging_mixin.py:104} INFO - Running <TaskInstance: my_dag.choosing_best_model 2021-08-04T12:54:31.657682+00:00 [running]> on host 04479ea62028
[2021-08-04 12:55:33,771] {taskinstance.py:1302} INFO - Exporting the following env vars:
AIRFLOW_CTX_DAG_OWNER=***
AIRFLOW_CTX_DAG_ID=my_dag
AIRFLOW_CTX_TASK_ID=choosing_best_model
AIRFLOW_CTX_EXECUTION_DATE=2021-08-04T12:54:31.657682+00:00
AIRFLOW_CTX_DAG_RUN_ID=scheduled__2021-08-04T12:54:31.657682+00:00
[2021-08-04 12:55:33,783] {python.py:151} INFO - Done. Returned value was: inaccurate
[2021-08-04 12:55:33,783] {skipmixin.py:124} INFO - Following branch inaccurate
[2021-08-04 12:55:33,792] {skipmixin.py:155} INFO - Skipping tasks ['accurate']
[2021-08-04 12:55:33,840] {taskinstance.py:1211} INFO - Marking task as SUCCESS. dag_id=my_dag, task_id=choosing_best_model, execution_date=20210804T125431, start_date=20210804T125533, end_date=20210804T125533
[2021-08-04 12:55:33,878] {taskinstance.py:1265} INFO - 1 downstream tasks scheduled from follow-on schedule check
[2021-08-04 12:55:33,894] {local_task_job.py:149} INFO - Task exited with return code 0
