[2021-08-04 13:27:45,934] {taskinstance.py:896} INFO - Dependencies all met for <TaskInstance: my_dag.training_model_A 2021-08-04T13:27:41.575511+00:00 [queued]>
[2021-08-04 13:27:46,014] {taskinstance.py:896} INFO - Dependencies all met for <TaskInstance: my_dag.training_model_A 2021-08-04T13:27:41.575511+00:00 [queued]>
[2021-08-04 13:27:46,014] {taskinstance.py:1087} INFO - 
--------------------------------------------------------------------------------
[2021-08-04 13:27:46,014] {taskinstance.py:1088} INFO - Starting attempt 1 of 1
[2021-08-04 13:27:46,014] {taskinstance.py:1089} INFO - 
--------------------------------------------------------------------------------
[2021-08-04 13:27:46,067] {taskinstance.py:1107} INFO - Executing <Task(PythonOperator): training_model_A> on 2021-08-04T13:27:41.575511+00:00
[2021-08-04 13:27:46,084] {standard_task_runner.py:52} INFO - Started process 9033 to run task
[2021-08-04 13:27:46,098] {standard_task_runner.py:76} INFO - Running: ['***', 'tasks', 'run', 'my_dag', 'training_model_A', '2021-08-04T13:27:41.575511+00:00', '--job-id', '1093', '--pool', 'default_pool', '--raw', '--subdir', 'DAGS_FOLDER/my_dag.py', '--cfg-path', '/tmp/tmp_3g63ky1', '--error-file', '/tmp/tmph_51beun']
[2021-08-04 13:27:46,099] {standard_task_runner.py:77} INFO - Job 1093: Subtask training_model_A
[2021-08-04 13:27:46,328] {logging_mixin.py:104} INFO - Running <TaskInstance: my_dag.training_model_A 2021-08-04T13:27:41.575511+00:00 [running]> on host 04479ea62028
[2021-08-04 13:27:46,746] {taskinstance.py:1302} INFO - Exporting the following env vars:
AIRFLOW_CTX_DAG_OWNER=***
AIRFLOW_CTX_DAG_ID=my_dag
AIRFLOW_CTX_TASK_ID=training_model_A
AIRFLOW_CTX_EXECUTION_DATE=2021-08-04T13:27:41.575511+00:00
AIRFLOW_CTX_DAG_RUN_ID=scheduled__2021-08-04T13:27:41.575511+00:00
[2021-08-04 13:27:46,747] {python.py:151} INFO - Done. Returned value was: 7
[2021-08-04 13:27:47,127] {taskinstance.py:1211} INFO - Marking task as SUCCESS. dag_id=my_dag, task_id=training_model_A, execution_date=20210804T132741, start_date=20210804T132745, end_date=20210804T132747
[2021-08-04 13:27:47,579] {taskinstance.py:1265} INFO - 0 downstream tasks scheduled from follow-on schedule check
[2021-08-04 13:27:47,630] {local_task_job.py:149} INFO - Task exited with return code 0
