[2021-08-04 13:30:39,282] {taskinstance.py:896} INFO - Dependencies all met for <TaskInstance: my_dag.training_model_C 2021-08-04T13:30:34.818890+00:00 [queued]>
[2021-08-04 13:30:39,430] {taskinstance.py:896} INFO - Dependencies all met for <TaskInstance: my_dag.training_model_C 2021-08-04T13:30:34.818890+00:00 [queued]>
[2021-08-04 13:30:39,431] {taskinstance.py:1087} INFO - 
--------------------------------------------------------------------------------
[2021-08-04 13:30:39,432] {taskinstance.py:1088} INFO - Starting attempt 1 of 1
[2021-08-04 13:30:39,432] {taskinstance.py:1089} INFO - 
--------------------------------------------------------------------------------
[2021-08-04 13:30:39,563] {taskinstance.py:1107} INFO - Executing <Task(PythonOperator): training_model_C> on 2021-08-04T13:30:34.818890+00:00
[2021-08-04 13:30:39,620] {standard_task_runner.py:76} INFO - Running: ['***', 'tasks', 'run', 'my_dag', 'training_model_C', '2021-08-04T13:30:34.818890+00:00', '--job-id', '1742', '--pool', 'default_pool', '--raw', '--subdir', 'DAGS_FOLDER/my_dag.py', '--cfg-path', '/tmp/tmpzs06nwvc', '--error-file', '/tmp/tmpsh9j8ag9']
[2021-08-04 13:30:39,621] {standard_task_runner.py:77} INFO - Job 1742: Subtask training_model_C
[2021-08-04 13:30:39,602] {standard_task_runner.py:52} INFO - Started process 10620 to run task
[2021-08-04 13:30:39,841] {logging_mixin.py:104} INFO - Running <TaskInstance: my_dag.training_model_C 2021-08-04T13:30:34.818890+00:00 [running]> on host 04479ea62028
[2021-08-04 13:30:40,171] {taskinstance.py:1302} INFO - Exporting the following env vars:
AIRFLOW_CTX_DAG_OWNER=***
AIRFLOW_CTX_DAG_ID=my_dag
AIRFLOW_CTX_TASK_ID=training_model_C
AIRFLOW_CTX_EXECUTION_DATE=2021-08-04T13:30:34.818890+00:00
AIRFLOW_CTX_DAG_RUN_ID=scheduled__2021-08-04T13:30:34.818890+00:00
[2021-08-04 13:30:40,172] {python.py:151} INFO - Done. Returned value was: 7
[2021-08-04 13:30:40,402] {taskinstance.py:1211} INFO - Marking task as SUCCESS. dag_id=my_dag, task_id=training_model_C, execution_date=20210804T133034, start_date=20210804T133039, end_date=20210804T133040
[2021-08-04 13:30:40,616] {taskinstance.py:1265} INFO - 0 downstream tasks scheduled from follow-on schedule check
[2021-08-04 13:30:40,637] {local_task_job.py:149} INFO - Task exited with return code 0
