[2021-08-04 14:52:30,381] {taskinstance.py:896} INFO - Dependencies all met for <TaskInstance: my_dag.choose_best_model 2021-08-04T14:52:18.139141+00:00 [queued]>
[2021-08-04 14:52:30,392] {taskinstance.py:896} INFO - Dependencies all met for <TaskInstance: my_dag.choose_best_model 2021-08-04T14:52:18.139141+00:00 [queued]>
[2021-08-04 14:52:30,392] {taskinstance.py:1087} INFO - 
--------------------------------------------------------------------------------
[2021-08-04 14:52:30,392] {taskinstance.py:1088} INFO - Starting attempt 1 of 1
[2021-08-04 14:52:30,393] {taskinstance.py:1089} INFO - 
--------------------------------------------------------------------------------
[2021-08-04 14:52:30,406] {taskinstance.py:1107} INFO - Executing <Task(BranchPythonOperator): choose_best_model> on 2021-08-04T14:52:18.139141+00:00
[2021-08-04 14:52:30,409] {standard_task_runner.py:52} INFO - Started process 2997 to run task
[2021-08-04 14:52:30,412] {standard_task_runner.py:76} INFO - Running: ['***', 'tasks', 'run', 'my_dag', 'choose_best_model', '2021-08-04T14:52:18.139141+00:00', '--job-id', '3226', '--pool', 'default_pool', '--raw', '--subdir', 'DAGS_FOLDER/my_dag.py', '--cfg-path', '/tmp/tmphpf6u6r_', '--error-file', '/tmp/tmpbx5q7r48']
[2021-08-04 14:52:30,413] {standard_task_runner.py:77} INFO - Job 3226: Subtask choose_best_model
[2021-08-04 14:52:30,448] {logging_mixin.py:104} INFO - Running <TaskInstance: my_dag.choose_best_model 2021-08-04T14:52:18.139141+00:00 [running]> on host 04479ea62028
[2021-08-04 14:52:30,533] {taskinstance.py:1302} INFO - Exporting the following env vars:
AIRFLOW_CTX_DAG_OWNER=***
AIRFLOW_CTX_DAG_ID=my_dag
AIRFLOW_CTX_TASK_ID=choose_best_model
AIRFLOW_CTX_EXECUTION_DATE=2021-08-04T14:52:18.139141+00:00
AIRFLOW_CTX_DAG_RUN_ID=scheduled__2021-08-04T14:52:18.139141+00:00
[2021-08-04 14:52:30,573] {python.py:151} INFO - Done. Returned value was: inaccurate
[2021-08-04 14:52:30,573] {skipmixin.py:124} INFO - Following branch inaccurate
[2021-08-04 14:52:30,582] {skipmixin.py:155} INFO - Skipping tasks ['accurate', 'value_5']
[2021-08-04 14:52:30,647] {taskinstance.py:1211} INFO - Marking task as SUCCESS. dag_id=my_dag, task_id=choose_best_model, execution_date=20210804T145218, start_date=20210804T145230, end_date=20210804T145230
[2021-08-04 14:52:30,705] {taskinstance.py:1265} INFO - 1 downstream tasks scheduled from follow-on schedule check
[2021-08-04 14:52:30,751] {local_task_job.py:149} INFO - Task exited with return code 0
