[2021-08-04 13:37:38,532] {taskinstance.py:896} INFO - Dependencies all met for <TaskInstance: my_dag.choose_best_model 2021-08-04T13:37:26.408765+00:00 [queued]>
[2021-08-04 13:37:38,554] {taskinstance.py:896} INFO - Dependencies all met for <TaskInstance: my_dag.choose_best_model 2021-08-04T13:37:26.408765+00:00 [queued]>
[2021-08-04 13:37:38,554] {taskinstance.py:1087} INFO - 
--------------------------------------------------------------------------------
[2021-08-04 13:37:38,554] {taskinstance.py:1088} INFO - Starting attempt 1 of 1
[2021-08-04 13:37:38,555] {taskinstance.py:1089} INFO - 
--------------------------------------------------------------------------------
[2021-08-04 13:37:38,569] {taskinstance.py:1107} INFO - Executing <Task(BranchPythonOperator): choose_best_model> on 2021-08-04T13:37:26.408765+00:00
[2021-08-04 13:37:38,573] {standard_task_runner.py:52} INFO - Started process 11741 to run task
[2021-08-04 13:37:38,576] {standard_task_runner.py:76} INFO - Running: ['***', 'tasks', 'run', 'my_dag', 'choose_best_model', '2021-08-04T13:37:26.408765+00:00', '--job-id', '2000', '--pool', 'default_pool', '--raw', '--subdir', 'DAGS_FOLDER/my_dag.py', '--cfg-path', '/tmp/tmpzxkw_7ca', '--error-file', '/tmp/tmpba7yq5hz']
[2021-08-04 13:37:38,577] {standard_task_runner.py:77} INFO - Job 2000: Subtask choose_best_model
[2021-08-04 13:37:38,616] {logging_mixin.py:104} INFO - Running <TaskInstance: my_dag.choose_best_model 2021-08-04T13:37:26.408765+00:00 [running]> on host 04479ea62028
[2021-08-04 13:37:38,672] {taskinstance.py:1302} INFO - Exporting the following env vars:
AIRFLOW_CTX_DAG_OWNER=***
AIRFLOW_CTX_DAG_ID=my_dag
AIRFLOW_CTX_TASK_ID=choose_best_model
AIRFLOW_CTX_EXECUTION_DATE=2021-08-04T13:37:26.408765+00:00
AIRFLOW_CTX_DAG_RUN_ID=scheduled__2021-08-04T13:37:26.408765+00:00
[2021-08-04 13:37:38,681] {python.py:151} INFO - Done. Returned value was: accurate
[2021-08-04 13:37:38,682] {skipmixin.py:124} INFO - Following branch accurate
[2021-08-04 13:37:38,689] {skipmixin.py:155} INFO - Skipping tasks ['inaccurate']
[2021-08-04 13:37:38,743] {taskinstance.py:1211} INFO - Marking task as SUCCESS. dag_id=my_dag, task_id=choose_best_model, execution_date=20210804T133726, start_date=20210804T133738, end_date=20210804T133738
[2021-08-04 13:37:38,779] {taskinstance.py:1265} INFO - 1 downstream tasks scheduled from follow-on schedule check
[2021-08-04 13:37:38,791] {local_task_job.py:149} INFO - Task exited with return code 0
