[2021-08-04 14:02:55,016] {taskinstance.py:896} INFO - Dependencies all met for <TaskInstance: my_dag.training_model_A 2021-08-04T14:02:44.460692+00:00 [queued]>
[2021-08-04 14:02:55,037] {taskinstance.py:896} INFO - Dependencies all met for <TaskInstance: my_dag.training_model_A 2021-08-04T14:02:44.460692+00:00 [queued]>
[2021-08-04 14:02:55,038] {taskinstance.py:1087} INFO - 
--------------------------------------------------------------------------------
[2021-08-04 14:02:55,038] {taskinstance.py:1088} INFO - Starting attempt 1 of 1
[2021-08-04 14:02:55,038] {taskinstance.py:1089} INFO - 
--------------------------------------------------------------------------------
[2021-08-04 14:02:55,057] {taskinstance.py:1107} INFO - Executing <Task(PythonOperator): training_model_A> on 2021-08-04T14:02:44.460692+00:00
[2021-08-04 14:02:55,062] {standard_task_runner.py:52} INFO - Started process 1887 to run task
[2021-08-04 14:02:55,074] {standard_task_runner.py:76} INFO - Running: ['***', 'tasks', 'run', 'my_dag', 'training_model_A', '2021-08-04T14:02:44.460692+00:00', '--job-id', '2449', '--pool', 'default_pool', '--raw', '--subdir', 'DAGS_FOLDER/my_dag.py', '--cfg-path', '/tmp/tmp1llitq2y', '--error-file', '/tmp/tmpx5mpl1l9']
[2021-08-04 14:02:55,075] {standard_task_runner.py:77} INFO - Job 2449: Subtask training_model_A
[2021-08-04 14:02:55,124] {logging_mixin.py:104} INFO - Running <TaskInstance: my_dag.training_model_A 2021-08-04T14:02:44.460692+00:00 [running]> on host 04479ea62028
[2021-08-04 14:02:55,179] {taskinstance.py:1302} INFO - Exporting the following env vars:
AIRFLOW_CTX_DAG_OWNER=***
AIRFLOW_CTX_DAG_ID=my_dag
AIRFLOW_CTX_TASK_ID=training_model_A
AIRFLOW_CTX_EXECUTION_DATE=2021-08-04T14:02:44.460692+00:00
AIRFLOW_CTX_DAG_RUN_ID=scheduled__2021-08-04T14:02:44.460692+00:00
[2021-08-04 14:02:55,180] {python.py:151} INFO - Done. Returned value was: 1
[2021-08-04 14:02:55,208] {taskinstance.py:1211} INFO - Marking task as SUCCESS. dag_id=my_dag, task_id=training_model_A, execution_date=20210804T140244, start_date=20210804T140255, end_date=20210804T140255
[2021-08-04 14:02:55,241] {taskinstance.py:1265} INFO - 1 downstream tasks scheduled from follow-on schedule check
[2021-08-04 14:02:55,284] {local_task_job.py:149} INFO - Task exited with return code 0
