[2021-08-04 14:07:26,977] {taskinstance.py:896} INFO - Dependencies all met for <TaskInstance: my_dag.choose_best_model 2021-08-04T14:07:14.460692+00:00 [queued]>
[2021-08-04 14:07:27,000] {taskinstance.py:896} INFO - Dependencies all met for <TaskInstance: my_dag.choose_best_model 2021-08-04T14:07:14.460692+00:00 [queued]>
[2021-08-04 14:07:27,000] {taskinstance.py:1087} INFO - 
--------------------------------------------------------------------------------
[2021-08-04 14:07:27,000] {taskinstance.py:1088} INFO - Starting attempt 1 of 1
[2021-08-04 14:07:27,000] {taskinstance.py:1089} INFO - 
--------------------------------------------------------------------------------
[2021-08-04 14:07:27,011] {taskinstance.py:1107} INFO - Executing <Task(BranchPythonOperator): choose_best_model> on 2021-08-04T14:07:14.460692+00:00
[2021-08-04 14:07:27,016] {standard_task_runner.py:52} INFO - Started process 2553 to run task
[2021-08-04 14:07:27,021] {standard_task_runner.py:76} INFO - Running: ['***', 'tasks', 'run', 'my_dag', 'choose_best_model', '2021-08-04T14:07:14.460692+00:00', '--job-id', '2587', '--pool', 'default_pool', '--raw', '--subdir', 'DAGS_FOLDER/my_dag.py', '--cfg-path', '/tmp/tmp4brbksim', '--error-file', '/tmp/tmp9sa1s7u7']
[2021-08-04 14:07:27,021] {standard_task_runner.py:77} INFO - Job 2587: Subtask choose_best_model
[2021-08-04 14:07:27,060] {logging_mixin.py:104} INFO - Running <TaskInstance: my_dag.choose_best_model 2021-08-04T14:07:14.460692+00:00 [running]> on host 04479ea62028
[2021-08-04 14:07:27,111] {taskinstance.py:1302} INFO - Exporting the following env vars:
AIRFLOW_CTX_DAG_OWNER=***
AIRFLOW_CTX_DAG_ID=my_dag
AIRFLOW_CTX_TASK_ID=choose_best_model
AIRFLOW_CTX_EXECUTION_DATE=2021-08-04T14:07:14.460692+00:00
AIRFLOW_CTX_DAG_RUN_ID=scheduled__2021-08-04T14:07:14.460692+00:00
[2021-08-04 14:07:27,120] {python.py:151} INFO - Done. Returned value was: inaccurate
[2021-08-04 14:07:27,120] {skipmixin.py:124} INFO - Following branch inaccurate
[2021-08-04 14:07:27,127] {skipmixin.py:155} INFO - Skipping tasks ['accurate']
[2021-08-04 14:07:27,175] {taskinstance.py:1211} INFO - Marking task as SUCCESS. dag_id=my_dag, task_id=choose_best_model, execution_date=20210804T140714, start_date=20210804T140726, end_date=20210804T140727
[2021-08-04 14:07:27,207] {taskinstance.py:1265} INFO - 1 downstream tasks scheduled from follow-on schedule check
[2021-08-04 14:07:27,234] {local_task_job.py:149} INFO - Task exited with return code 0
