[2021-08-04 13:54:08,088] {taskinstance.py:896} INFO - Dependencies all met for <TaskInstance: my_dag.inaccurate 2021-08-04T13:53:54.067338+00:00 [queued]>
[2021-08-04 13:54:08,105] {taskinstance.py:896} INFO - Dependencies all met for <TaskInstance: my_dag.inaccurate 2021-08-04T13:53:54.067338+00:00 [queued]>
[2021-08-04 13:54:08,105] {taskinstance.py:1087} INFO - 
--------------------------------------------------------------------------------
[2021-08-04 13:54:08,105] {taskinstance.py:1088} INFO - Starting attempt 1 of 1
[2021-08-04 13:54:08,105] {taskinstance.py:1089} INFO - 
--------------------------------------------------------------------------------
[2021-08-04 13:54:08,112] {taskinstance.py:1107} INFO - Executing <Task(BashOperator): inaccurate> on 2021-08-04T13:53:54.067338+00:00
[2021-08-04 13:54:08,116] {standard_task_runner.py:52} INFO - Started process 593 to run task
[2021-08-04 13:54:08,119] {standard_task_runner.py:76} INFO - Running: ['***', 'tasks', 'run', 'my_dag', 'inaccurate', '2021-08-04T13:53:54.067338+00:00', '--job-id', '2188', '--pool', 'default_pool', '--raw', '--subdir', 'DAGS_FOLDER/my_dag.py', '--cfg-path', '/tmp/tmp8wd4z7ei', '--error-file', '/tmp/tmp9ko14hpn']
[2021-08-04 13:54:08,119] {standard_task_runner.py:77} INFO - Job 2188: Subtask inaccurate
[2021-08-04 13:54:08,154] {logging_mixin.py:104} INFO - Running <TaskInstance: my_dag.inaccurate 2021-08-04T13:53:54.067338+00:00 [running]> on host 04479ea62028
[2021-08-04 13:54:08,202] {taskinstance.py:1302} INFO - Exporting the following env vars:
AIRFLOW_CTX_DAG_OWNER=***
AIRFLOW_CTX_DAG_ID=my_dag
AIRFLOW_CTX_TASK_ID=inaccurate
AIRFLOW_CTX_EXECUTION_DATE=2021-08-04T13:53:54.067338+00:00
AIRFLOW_CTX_DAG_RUN_ID=scheduled__2021-08-04T13:53:54.067338+00:00
[2021-08-04 13:54:08,203] {subprocess.py:52} INFO - Tmp dir root location: 
 /tmp
[2021-08-04 13:54:08,204] {subprocess.py:63} INFO - Running command: ['bash', '-c', "echo 'inaccurate'"]
[2021-08-04 13:54:08,211] {subprocess.py:74} INFO - Output:
[2021-08-04 13:54:08,212] {subprocess.py:78} INFO - inaccurate
[2021-08-04 13:54:08,212] {subprocess.py:82} INFO - Command exited with return code 0
[2021-08-04 13:54:08,237] {taskinstance.py:1211} INFO - Marking task as SUCCESS. dag_id=my_dag, task_id=inaccurate, execution_date=20210804T135354, start_date=20210804T135408, end_date=20210804T135408
[2021-08-04 13:54:08,262] {taskinstance.py:1265} INFO - 0 downstream tasks scheduled from follow-on schedule check
[2021-08-04 13:54:08,293] {local_task_job.py:149} INFO - Task exited with return code 0
