[2021-08-04 13:26:13,736] {taskinstance.py:896} INFO - Dependencies all met for <TaskInstance: my_dag.choose_best_model 2021-08-04T13:26:03.402910+00:00 [queued]>
[2021-08-04 13:26:13,842] {taskinstance.py:896} INFO - Dependencies all met for <TaskInstance: my_dag.choose_best_model 2021-08-04T13:26:03.402910+00:00 [queued]>
[2021-08-04 13:26:13,842] {taskinstance.py:1087} INFO - 
--------------------------------------------------------------------------------
[2021-08-04 13:26:13,842] {taskinstance.py:1088} INFO - Starting attempt 1 of 1
[2021-08-04 13:26:13,842] {taskinstance.py:1089} INFO - 
--------------------------------------------------------------------------------
[2021-08-04 13:26:13,889] {taskinstance.py:1107} INFO - Executing <Task(BranchPythonOperator): choose_best_model> on 2021-08-04T13:26:03.402910+00:00
[2021-08-04 13:26:13,901] {standard_task_runner.py:52} INFO - Started process 8205 to run task
[2021-08-04 13:26:13,928] {standard_task_runner.py:76} INFO - Running: ['***', 'tasks', 'run', 'my_dag', 'choose_best_model', '2021-08-04T13:26:03.402910+00:00', '--job-id', '751', '--pool', 'default_pool', '--raw', '--subdir', 'DAGS_FOLDER/my_dag.py', '--cfg-path', '/tmp/tmpq0y0c591', '--error-file', '/tmp/tmptqlyn_jj']
[2021-08-04 13:26:13,929] {standard_task_runner.py:77} INFO - Job 751: Subtask choose_best_model
[2021-08-04 13:26:14,156] {logging_mixin.py:104} INFO - Running <TaskInstance: my_dag.choose_best_model 2021-08-04T13:26:03.402910+00:00 [running]> on host 04479ea62028
[2021-08-04 13:26:14,437] {taskinstance.py:1302} INFO - Exporting the following env vars:
AIRFLOW_CTX_DAG_OWNER=***
AIRFLOW_CTX_DAG_ID=my_dag
AIRFLOW_CTX_TASK_ID=choose_best_model
AIRFLOW_CTX_EXECUTION_DATE=2021-08-04T13:26:03.402910+00:00
AIRFLOW_CTX_DAG_RUN_ID=scheduled__2021-08-04T13:26:03.402910+00:00
[2021-08-04 13:26:14,459] {python.py:151} INFO - Done. Returned value was: inaccurate
[2021-08-04 13:26:14,460] {skipmixin.py:124} INFO - Following branch inaccurate
[2021-08-04 13:26:14,514] {skipmixin.py:155} INFO - Skipping tasks ['accurate']
[2021-08-04 13:26:14,871] {taskinstance.py:1211} INFO - Marking task as SUCCESS. dag_id=my_dag, task_id=choose_best_model, execution_date=20210804T132603, start_date=20210804T132613, end_date=20210804T132614
[2021-08-04 13:26:15,002] {taskinstance.py:1265} INFO - 1 downstream tasks scheduled from follow-on schedule check
[2021-08-04 13:26:15,054] {local_task_job.py:149} INFO - Task exited with return code 0
