[2021-08-04 13:27:43,116] {taskinstance.py:896} INFO - Dependencies all met for <TaskInstance: my_dag.accurate 2021-08-04T13:27:29.236253+00:00 [queued]>
[2021-08-04 13:27:43,314] {taskinstance.py:896} INFO - Dependencies all met for <TaskInstance: my_dag.accurate 2021-08-04T13:27:29.236253+00:00 [queued]>
[2021-08-04 13:27:43,315] {taskinstance.py:1087} INFO - 
--------------------------------------------------------------------------------
[2021-08-04 13:27:43,315] {taskinstance.py:1088} INFO - Starting attempt 1 of 1
[2021-08-04 13:27:43,315] {taskinstance.py:1089} INFO - 
--------------------------------------------------------------------------------
[2021-08-04 13:27:43,399] {taskinstance.py:1107} INFO - Executing <Task(BashOperator): accurate> on 2021-08-04T13:27:29.236253+00:00
[2021-08-04 13:27:43,465] {standard_task_runner.py:76} INFO - Running: ['***', 'tasks', 'run', 'my_dag', 'accurate', '2021-08-04T13:27:29.236253+00:00', '--job-id', '1084', '--pool', 'default_pool', '--raw', '--subdir', 'DAGS_FOLDER/my_dag.py', '--cfg-path', '/tmp/tmpeg7owymj', '--error-file', '/tmp/tmp5p6vwepn']
[2021-08-04 13:27:43,512] {standard_task_runner.py:77} INFO - Job 1084: Subtask accurate
[2021-08-04 13:27:43,427] {standard_task_runner.py:52} INFO - Started process 9017 to run task
[2021-08-04 13:27:43,872] {logging_mixin.py:104} INFO - Running <TaskInstance: my_dag.accurate 2021-08-04T13:27:29.236253+00:00 [running]> on host 04479ea62028
[2021-08-04 13:27:44,329] {taskinstance.py:1302} INFO - Exporting the following env vars:
AIRFLOW_CTX_DAG_OWNER=***
AIRFLOW_CTX_DAG_ID=my_dag
AIRFLOW_CTX_TASK_ID=accurate
AIRFLOW_CTX_EXECUTION_DATE=2021-08-04T13:27:29.236253+00:00
AIRFLOW_CTX_DAG_RUN_ID=scheduled__2021-08-04T13:27:29.236253+00:00
[2021-08-04 13:27:44,331] {subprocess.py:52} INFO - Tmp dir root location: 
 /tmp
[2021-08-04 13:27:44,331] {subprocess.py:63} INFO - Running command: ['bash', '-c', "echo 'accurate'"]
[2021-08-04 13:27:44,387] {subprocess.py:74} INFO - Output:
[2021-08-04 13:27:44,388] {subprocess.py:78} INFO - accurate
[2021-08-04 13:27:44,389] {subprocess.py:82} INFO - Command exited with return code 0
[2021-08-04 13:27:44,642] {taskinstance.py:1211} INFO - Marking task as SUCCESS. dag_id=my_dag, task_id=accurate, execution_date=20210804T132729, start_date=20210804T132743, end_date=20210804T132744
[2021-08-04 13:27:44,892] {taskinstance.py:1265} INFO - 0 downstream tasks scheduled from follow-on schedule check
[2021-08-04 13:27:44,934] {local_task_job.py:149} INFO - Task exited with return code 0
