[2021-08-04 13:29:27,362] {taskinstance.py:896} INFO - Dependencies all met for <TaskInstance: my_dag.training_model_B 2021-08-04T13:29:23.410856+00:00 [queued]>
[2021-08-04 13:29:27,458] {taskinstance.py:896} INFO - Dependencies all met for <TaskInstance: my_dag.training_model_B 2021-08-04T13:29:23.410856+00:00 [queued]>
[2021-08-04 13:29:27,458] {taskinstance.py:1087} INFO - 
--------------------------------------------------------------------------------
[2021-08-04 13:29:27,458] {taskinstance.py:1088} INFO - Starting attempt 1 of 1
[2021-08-04 13:29:27,458] {taskinstance.py:1089} INFO - 
--------------------------------------------------------------------------------
[2021-08-04 13:29:27,476] {taskinstance.py:1107} INFO - Executing <Task(PythonOperator): training_model_B> on 2021-08-04T13:29:23.410856+00:00
[2021-08-04 13:29:27,485] {standard_task_runner.py:52} INFO - Started process 9953 to run task
[2021-08-04 13:29:27,547] {standard_task_runner.py:76} INFO - Running: ['***', 'tasks', 'run', 'my_dag', 'training_model_B', '2021-08-04T13:29:23.410856+00:00', '--job-id', '1470', '--pool', 'default_pool', '--raw', '--subdir', 'DAGS_FOLDER/my_dag.py', '--cfg-path', '/tmp/tmphydks0_s', '--error-file', '/tmp/tmpnsnpksrx']
[2021-08-04 13:29:27,548] {standard_task_runner.py:77} INFO - Job 1470: Subtask training_model_B
[2021-08-04 13:29:27,745] {logging_mixin.py:104} INFO - Running <TaskInstance: my_dag.training_model_B 2021-08-04T13:29:23.410856+00:00 [running]> on host 04479ea62028
[2021-08-04 13:29:27,937] {taskinstance.py:1302} INFO - Exporting the following env vars:
AIRFLOW_CTX_DAG_OWNER=***
AIRFLOW_CTX_DAG_ID=my_dag
AIRFLOW_CTX_TASK_ID=training_model_B
AIRFLOW_CTX_EXECUTION_DATE=2021-08-04T13:29:23.410856+00:00
AIRFLOW_CTX_DAG_RUN_ID=scheduled__2021-08-04T13:29:23.410856+00:00
[2021-08-04 13:29:27,938] {python.py:151} INFO - Done. Returned value was: 8
[2021-08-04 13:29:28,101] {taskinstance.py:1211} INFO - Marking task as SUCCESS. dag_id=my_dag, task_id=training_model_B, execution_date=20210804T132923, start_date=20210804T132927, end_date=20210804T132928
[2021-08-04 13:29:28,278] {taskinstance.py:1265} INFO - 0 downstream tasks scheduled from follow-on schedule check
[2021-08-04 13:29:28,307] {local_task_job.py:149} INFO - Task exited with return code 0
