[2021-08-04 13:26:22,095] {taskinstance.py:896} INFO - Dependencies all met for <TaskInstance: my_dag.training_model_A 2021-08-04T13:26:16.946723+00:00 [queued]>
[2021-08-04 13:26:22,169] {taskinstance.py:896} INFO - Dependencies all met for <TaskInstance: my_dag.training_model_A 2021-08-04T13:26:16.946723+00:00 [queued]>
[2021-08-04 13:26:22,169] {taskinstance.py:1087} INFO - 
--------------------------------------------------------------------------------
[2021-08-04 13:26:22,169] {taskinstance.py:1088} INFO - Starting attempt 1 of 1
[2021-08-04 13:26:22,170] {taskinstance.py:1089} INFO - 
--------------------------------------------------------------------------------
[2021-08-04 13:26:22,206] {taskinstance.py:1107} INFO - Executing <Task(PythonOperator): training_model_A> on 2021-08-04T13:26:16.946723+00:00
[2021-08-04 13:26:22,258] {standard_task_runner.py:52} INFO - Started process 8279 to run task
[2021-08-04 13:26:22,304] {standard_task_runner.py:76} INFO - Running: ['***', 'tasks', 'run', 'my_dag', 'training_model_A', '2021-08-04T13:26:16.946723+00:00', '--job-id', '782', '--pool', 'default_pool', '--raw', '--subdir', 'DAGS_FOLDER/my_dag.py', '--cfg-path', '/tmp/tmpshd8moic', '--error-file', '/tmp/tmpr0x6o7p_']
[2021-08-04 13:26:22,305] {standard_task_runner.py:77} INFO - Job 782: Subtask training_model_A
[2021-08-04 13:26:22,533] {logging_mixin.py:104} INFO - Running <TaskInstance: my_dag.training_model_A 2021-08-04T13:26:16.946723+00:00 [running]> on host 04479ea62028
[2021-08-04 13:26:22,786] {taskinstance.py:1302} INFO - Exporting the following env vars:
AIRFLOW_CTX_DAG_OWNER=***
AIRFLOW_CTX_DAG_ID=my_dag
AIRFLOW_CTX_TASK_ID=training_model_A
AIRFLOW_CTX_EXECUTION_DATE=2021-08-04T13:26:16.946723+00:00
AIRFLOW_CTX_DAG_RUN_ID=scheduled__2021-08-04T13:26:16.946723+00:00
[2021-08-04 13:26:22,787] {python.py:151} INFO - Done. Returned value was: 4
[2021-08-04 13:26:22,949] {taskinstance.py:1211} INFO - Marking task as SUCCESS. dag_id=my_dag, task_id=training_model_A, execution_date=20210804T132616, start_date=20210804T132622, end_date=20210804T132622
[2021-08-04 13:26:23,075] {taskinstance.py:1265} INFO - 0 downstream tasks scheduled from follow-on schedule check
[2021-08-04 13:26:23,104] {local_task_job.py:149} INFO - Task exited with return code 0
