[2021-08-04 13:29:59,012] {taskinstance.py:896} INFO - Dependencies all met for <TaskInstance: my_dag.training_model_B 2021-08-04T13:29:54.391662+00:00 [queued]>
[2021-08-04 13:29:59,095] {taskinstance.py:896} INFO - Dependencies all met for <TaskInstance: my_dag.training_model_B 2021-08-04T13:29:54.391662+00:00 [queued]>
[2021-08-04 13:29:59,095] {taskinstance.py:1087} INFO - 
--------------------------------------------------------------------------------
[2021-08-04 13:29:59,095] {taskinstance.py:1088} INFO - Starting attempt 1 of 1
[2021-08-04 13:29:59,096] {taskinstance.py:1089} INFO - 
--------------------------------------------------------------------------------
[2021-08-04 13:29:59,123] {taskinstance.py:1107} INFO - Executing <Task(PythonOperator): training_model_B> on 2021-08-04T13:29:54.391662+00:00
[2021-08-04 13:29:59,137] {standard_task_runner.py:52} INFO - Started process 10249 to run task
[2021-08-04 13:29:59,183] {standard_task_runner.py:76} INFO - Running: ['***', 'tasks', 'run', 'my_dag', 'training_model_B', '2021-08-04T13:29:54.391662+00:00', '--job-id', '1590', '--pool', 'default_pool', '--raw', '--subdir', 'DAGS_FOLDER/my_dag.py', '--cfg-path', '/tmp/tmprt0pp7g3', '--error-file', '/tmp/tmp8v9_3d7p']
[2021-08-04 13:29:59,184] {standard_task_runner.py:77} INFO - Job 1590: Subtask training_model_B
[2021-08-04 13:29:59,516] {logging_mixin.py:104} INFO - Running <TaskInstance: my_dag.training_model_B 2021-08-04T13:29:54.391662+00:00 [running]> on host 04479ea62028
[2021-08-04 13:29:59,878] {taskinstance.py:1302} INFO - Exporting the following env vars:
AIRFLOW_CTX_DAG_OWNER=***
AIRFLOW_CTX_DAG_ID=my_dag
AIRFLOW_CTX_TASK_ID=training_model_B
AIRFLOW_CTX_EXECUTION_DATE=2021-08-04T13:29:54.391662+00:00
AIRFLOW_CTX_DAG_RUN_ID=scheduled__2021-08-04T13:29:54.391662+00:00
[2021-08-04 13:29:59,879] {python.py:151} INFO - Done. Returned value was: 6
[2021-08-04 13:29:59,994] {taskinstance.py:1211} INFO - Marking task as SUCCESS. dag_id=my_dag, task_id=training_model_B, execution_date=20210804T132954, start_date=20210804T132959, end_date=20210804T132959
[2021-08-04 13:30:00,109] {taskinstance.py:1265} INFO - 0 downstream tasks scheduled from follow-on schedule check
[2021-08-04 13:30:00,153] {local_task_job.py:149} INFO - Task exited with return code 0
