[2021-08-04 14:33:47,756] {taskinstance.py:896} INFO - Dependencies all met for <TaskInstance: my_dag.training_model_A 2021-08-04T14:33:36.840865+00:00 [queued]>
[2021-08-04 14:33:47,770] {taskinstance.py:896} INFO - Dependencies all met for <TaskInstance: my_dag.training_model_A 2021-08-04T14:33:36.840865+00:00 [queued]>
[2021-08-04 14:33:47,770] {taskinstance.py:1087} INFO - 
--------------------------------------------------------------------------------
[2021-08-04 14:33:47,771] {taskinstance.py:1088} INFO - Starting attempt 1 of 1
[2021-08-04 14:33:47,771] {taskinstance.py:1089} INFO - 
--------------------------------------------------------------------------------
[2021-08-04 14:33:47,790] {taskinstance.py:1107} INFO - Executing <Task(PythonOperator): training_model_A> on 2021-08-04T14:33:36.840865+00:00
[2021-08-04 14:33:47,795] {standard_task_runner.py:52} INFO - Started process 252 to run task
[2021-08-04 14:33:47,800] {standard_task_runner.py:76} INFO - Running: ['***', 'tasks', 'run', 'my_dag', 'training_model_A', '2021-08-04T14:33:36.840865+00:00', '--job-id', '2665', '--pool', 'default_pool', '--raw', '--subdir', 'DAGS_FOLDER/my_dag.py', '--cfg-path', '/tmp/tmpblkqy9yz', '--error-file', '/tmp/tmpd7kle15h']
[2021-08-04 14:33:47,801] {standard_task_runner.py:77} INFO - Job 2665: Subtask training_model_A
[2021-08-04 14:33:47,850] {logging_mixin.py:104} INFO - Running <TaskInstance: my_dag.training_model_A 2021-08-04T14:33:36.840865+00:00 [running]> on host 04479ea62028
[2021-08-04 14:33:47,926] {taskinstance.py:1302} INFO - Exporting the following env vars:
AIRFLOW_CTX_DAG_OWNER=***
AIRFLOW_CTX_DAG_ID=my_dag
AIRFLOW_CTX_TASK_ID=training_model_A
AIRFLOW_CTX_EXECUTION_DATE=2021-08-04T14:33:36.840865+00:00
AIRFLOW_CTX_DAG_RUN_ID=scheduled__2021-08-04T14:33:36.840865+00:00
[2021-08-04 14:33:47,927] {python.py:151} INFO - Done. Returned value was: 7
[2021-08-04 14:33:47,976] {taskinstance.py:1211} INFO - Marking task as SUCCESS. dag_id=my_dag, task_id=training_model_A, execution_date=20210804T143336, start_date=20210804T143347, end_date=20210804T143347
[2021-08-04 14:33:48,031] {taskinstance.py:1265} INFO - 0 downstream tasks scheduled from follow-on schedule check
[2021-08-04 14:33:48,058] {local_task_job.py:149} INFO - Task exited with return code 0
