[2021-08-04 13:30:16,168] {taskinstance.py:896} INFO - Dependencies all met for <TaskInstance: my_dag.training_model_A 2021-08-04T13:30:12.352931+00:00 [queued]>
[2021-08-04 13:30:16,263] {taskinstance.py:896} INFO - Dependencies all met for <TaskInstance: my_dag.training_model_A 2021-08-04T13:30:12.352931+00:00 [queued]>
[2021-08-04 13:30:16,263] {taskinstance.py:1087} INFO - 
--------------------------------------------------------------------------------
[2021-08-04 13:30:16,263] {taskinstance.py:1088} INFO - Starting attempt 1 of 1
[2021-08-04 13:30:16,264] {taskinstance.py:1089} INFO - 
--------------------------------------------------------------------------------
[2021-08-04 13:30:16,345] {taskinstance.py:1107} INFO - Executing <Task(PythonOperator): training_model_A> on 2021-08-04T13:30:12.352931+00:00
[2021-08-04 13:30:16,385] {standard_task_runner.py:76} INFO - Running: ['***', 'tasks', 'run', 'my_dag', 'training_model_A', '2021-08-04T13:30:12.352931+00:00', '--job-id', '1658', '--pool', 'default_pool', '--raw', '--subdir', 'DAGS_FOLDER/my_dag.py', '--cfg-path', '/tmp/tmpw1t2htvl', '--error-file', '/tmp/tmpledzye17']
[2021-08-04 13:30:16,386] {standard_task_runner.py:77} INFO - Job 1658: Subtask training_model_A
[2021-08-04 13:30:16,381] {standard_task_runner.py:52} INFO - Started process 10414 to run task
[2021-08-04 13:30:16,593] {logging_mixin.py:104} INFO - Running <TaskInstance: my_dag.training_model_A 2021-08-04T13:30:12.352931+00:00 [running]> on host 04479ea62028
[2021-08-04 13:30:17,004] {taskinstance.py:1302} INFO - Exporting the following env vars:
AIRFLOW_CTX_DAG_OWNER=***
AIRFLOW_CTX_DAG_ID=my_dag
AIRFLOW_CTX_TASK_ID=training_model_A
AIRFLOW_CTX_EXECUTION_DATE=2021-08-04T13:30:12.352931+00:00
AIRFLOW_CTX_DAG_RUN_ID=scheduled__2021-08-04T13:30:12.352931+00:00
[2021-08-04 13:30:17,005] {python.py:151} INFO - Done. Returned value was: 10
[2021-08-04 13:30:17,258] {taskinstance.py:1211} INFO - Marking task as SUCCESS. dag_id=my_dag, task_id=training_model_A, execution_date=20210804T133012, start_date=20210804T133016, end_date=20210804T133017
[2021-08-04 13:30:17,413] {taskinstance.py:1265} INFO - 0 downstream tasks scheduled from follow-on schedule check
[2021-08-04 13:30:17,458] {local_task_job.py:149} INFO - Task exited with return code 0
