[2021-08-04 13:30:44,338] {taskinstance.py:896} INFO - Dependencies all met for <TaskInstance: my_dag.training_model_C 2021-08-04T13:30:38.891502+00:00 [queued]>
[2021-08-04 13:30:44,485] {taskinstance.py:896} INFO - Dependencies all met for <TaskInstance: my_dag.training_model_C 2021-08-04T13:30:38.891502+00:00 [queued]>
[2021-08-04 13:30:44,485] {taskinstance.py:1087} INFO - 
--------------------------------------------------------------------------------
[2021-08-04 13:30:44,486] {taskinstance.py:1088} INFO - Starting attempt 1 of 1
[2021-08-04 13:30:44,486] {taskinstance.py:1089} INFO - 
--------------------------------------------------------------------------------
[2021-08-04 13:30:44,614] {taskinstance.py:1107} INFO - Executing <Task(PythonOperator): training_model_C> on 2021-08-04T13:30:38.891502+00:00
[2021-08-04 13:30:44,649] {standard_task_runner.py:76} INFO - Running: ['***', 'tasks', 'run', 'my_dag', 'training_model_C', '2021-08-04T13:30:38.891502+00:00', '--job-id', '1761', '--pool', 'default_pool', '--raw', '--subdir', 'DAGS_FOLDER/my_dag.py', '--cfg-path', '/tmp/tmpoqc9k45v', '--error-file', '/tmp/tmpe0ayszlj']
[2021-08-04 13:30:44,653] {standard_task_runner.py:77} INFO - Job 1761: Subtask training_model_C
[2021-08-04 13:30:44,627] {standard_task_runner.py:52} INFO - Started process 10667 to run task
[2021-08-04 13:30:44,993] {logging_mixin.py:104} INFO - Running <TaskInstance: my_dag.training_model_C 2021-08-04T13:30:38.891502+00:00 [running]> on host 04479ea62028
[2021-08-04 13:30:45,302] {taskinstance.py:1302} INFO - Exporting the following env vars:
AIRFLOW_CTX_DAG_OWNER=***
AIRFLOW_CTX_DAG_ID=my_dag
AIRFLOW_CTX_TASK_ID=training_model_C
AIRFLOW_CTX_EXECUTION_DATE=2021-08-04T13:30:38.891502+00:00
AIRFLOW_CTX_DAG_RUN_ID=scheduled__2021-08-04T13:30:38.891502+00:00
[2021-08-04 13:30:45,303] {python.py:151} INFO - Done. Returned value was: 7
[2021-08-04 13:30:45,535] {taskinstance.py:1211} INFO - Marking task as SUCCESS. dag_id=my_dag, task_id=training_model_C, execution_date=20210804T133038, start_date=20210804T133044, end_date=20210804T133045
[2021-08-04 13:30:45,696] {taskinstance.py:1265} INFO - 0 downstream tasks scheduled from follow-on schedule check
[2021-08-04 13:30:45,708] {local_task_job.py:149} INFO - Task exited with return code 0
