[2021-08-04 13:25:55,148] {taskinstance.py:896} INFO - Dependencies all met for <TaskInstance: my_dag.training_model_C 2021-08-04T13:25:50.600392+00:00 [queued]>
[2021-08-04 13:25:55,262] {taskinstance.py:896} INFO - Dependencies all met for <TaskInstance: my_dag.training_model_C 2021-08-04T13:25:50.600392+00:00 [queued]>
[2021-08-04 13:25:55,263] {taskinstance.py:1087} INFO - 
--------------------------------------------------------------------------------
[2021-08-04 13:25:55,263] {taskinstance.py:1088} INFO - Starting attempt 1 of 1
[2021-08-04 13:25:55,263] {taskinstance.py:1089} INFO - 
--------------------------------------------------------------------------------
[2021-08-04 13:25:55,293] {taskinstance.py:1107} INFO - Executing <Task(PythonOperator): training_model_C> on 2021-08-04T13:25:50.600392+00:00
[2021-08-04 13:25:55,299] {standard_task_runner.py:52} INFO - Started process 8033 to run task
[2021-08-04 13:25:55,314] {standard_task_runner.py:76} INFO - Running: ['***', 'tasks', 'run', 'my_dag', 'training_model_C', '2021-08-04T13:25:50.600392+00:00', '--job-id', '681', '--pool', 'default_pool', '--raw', '--subdir', 'DAGS_FOLDER/my_dag.py', '--cfg-path', '/tmp/tmp4s364fep', '--error-file', '/tmp/tmpovzv7qpl']
[2021-08-04 13:25:55,315] {standard_task_runner.py:77} INFO - Job 681: Subtask training_model_C
[2021-08-04 13:25:55,569] {logging_mixin.py:104} INFO - Running <TaskInstance: my_dag.training_model_C 2021-08-04T13:25:50.600392+00:00 [running]> on host 04479ea62028
[2021-08-04 13:25:55,868] {taskinstance.py:1302} INFO - Exporting the following env vars:
AIRFLOW_CTX_DAG_OWNER=***
AIRFLOW_CTX_DAG_ID=my_dag
AIRFLOW_CTX_TASK_ID=training_model_C
AIRFLOW_CTX_EXECUTION_DATE=2021-08-04T13:25:50.600392+00:00
AIRFLOW_CTX_DAG_RUN_ID=scheduled__2021-08-04T13:25:50.600392+00:00
[2021-08-04 13:25:55,869] {python.py:151} INFO - Done. Returned value was: 10
[2021-08-04 13:25:56,078] {taskinstance.py:1211} INFO - Marking task as SUCCESS. dag_id=my_dag, task_id=training_model_C, execution_date=20210804T132550, start_date=20210804T132555, end_date=20210804T132556
[2021-08-04 13:25:56,472] {taskinstance.py:1265} INFO - 0 downstream tasks scheduled from follow-on schedule check
[2021-08-04 13:25:56,532] {local_task_job.py:149} INFO - Task exited with return code 0
