[2021-08-04 14:51:59,569] {taskinstance.py:896} INFO - Dependencies all met for <TaskInstance: my_dag.training_model_B 2021-08-04T14:51:48.139141+00:00 [queued]>
[2021-08-04 14:51:59,585] {taskinstance.py:896} INFO - Dependencies all met for <TaskInstance: my_dag.training_model_B 2021-08-04T14:51:48.139141+00:00 [queued]>
[2021-08-04 14:51:59,586] {taskinstance.py:1087} INFO - 
--------------------------------------------------------------------------------
[2021-08-04 14:51:59,586] {taskinstance.py:1088} INFO - Starting attempt 1 of 1
[2021-08-04 14:51:59,586] {taskinstance.py:1089} INFO - 
--------------------------------------------------------------------------------
[2021-08-04 14:51:59,607] {taskinstance.py:1107} INFO - Executing <Task(PythonOperator): training_model_B> on 2021-08-04T14:51:48.139141+00:00
[2021-08-04 14:51:59,613] {standard_task_runner.py:52} INFO - Started process 2925 to run task
[2021-08-04 14:51:59,618] {standard_task_runner.py:76} INFO - Running: ['***', 'tasks', 'run', 'my_dag', 'training_model_B', '2021-08-04T14:51:48.139141+00:00', '--job-id', '3208', '--pool', 'default_pool', '--raw', '--subdir', 'DAGS_FOLDER/my_dag.py', '--cfg-path', '/tmp/tmp_v0mliyl', '--error-file', '/tmp/tmpk2v3cild']
[2021-08-04 14:51:59,619] {standard_task_runner.py:77} INFO - Job 3208: Subtask training_model_B
[2021-08-04 14:51:59,685] {logging_mixin.py:104} INFO - Running <TaskInstance: my_dag.training_model_B 2021-08-04T14:51:48.139141+00:00 [running]> on host 04479ea62028
[2021-08-04 14:51:59,767] {taskinstance.py:1302} INFO - Exporting the following env vars:
AIRFLOW_CTX_DAG_OWNER=***
AIRFLOW_CTX_DAG_ID=my_dag
AIRFLOW_CTX_TASK_ID=training_model_B
AIRFLOW_CTX_EXECUTION_DATE=2021-08-04T14:51:48.139141+00:00
AIRFLOW_CTX_DAG_RUN_ID=scheduled__2021-08-04T14:51:48.139141+00:00
[2021-08-04 14:51:59,768] {python.py:151} INFO - Done. Returned value was: 9
[2021-08-04 14:51:59,803] {taskinstance.py:1211} INFO - Marking task as SUCCESS. dag_id=my_dag, task_id=training_model_B, execution_date=20210804T145148, start_date=20210804T145159, end_date=20210804T145159
[2021-08-04 14:51:59,841] {taskinstance.py:1265} INFO - 0 downstream tasks scheduled from follow-on schedule check
[2021-08-04 14:51:59,875] {local_task_job.py:149} INFO - Task exited with return code 0
