[2021-08-04 13:53:14,707] {taskinstance.py:896} INFO - Dependencies all met for <TaskInstance: my_dag.training_model_A 2021-08-04T13:53:04.067338+00:00 [queued]>
[2021-08-04 13:53:14,731] {taskinstance.py:896} INFO - Dependencies all met for <TaskInstance: my_dag.training_model_A 2021-08-04T13:53:04.067338+00:00 [queued]>
[2021-08-04 13:53:14,731] {taskinstance.py:1087} INFO - 
--------------------------------------------------------------------------------
[2021-08-04 13:53:14,731] {taskinstance.py:1088} INFO - Starting attempt 1 of 1
[2021-08-04 13:53:14,731] {taskinstance.py:1089} INFO - 
--------------------------------------------------------------------------------
[2021-08-04 13:53:14,749] {taskinstance.py:1107} INFO - Executing <Task(PythonOperator): training_model_A> on 2021-08-04T13:53:04.067338+00:00
[2021-08-04 13:53:14,754] {standard_task_runner.py:52} INFO - Started process 455 to run task
[2021-08-04 13:53:14,760] {standard_task_runner.py:76} INFO - Running: ['***', 'tasks', 'run', 'my_dag', 'training_model_A', '2021-08-04T13:53:04.067338+00:00', '--job-id', '2158', '--pool', 'default_pool', '--raw', '--subdir', 'DAGS_FOLDER/my_dag.py', '--cfg-path', '/tmp/tmpzjxf9obi', '--error-file', '/tmp/tmp_upsygi8']
[2021-08-04 13:53:14,760] {standard_task_runner.py:77} INFO - Job 2158: Subtask training_model_A
[2021-08-04 13:53:14,816] {logging_mixin.py:104} INFO - Running <TaskInstance: my_dag.training_model_A 2021-08-04T13:53:04.067338+00:00 [running]> on host 04479ea62028
[2021-08-04 13:53:14,883] {taskinstance.py:1302} INFO - Exporting the following env vars:
AIRFLOW_CTX_DAG_OWNER=***
AIRFLOW_CTX_DAG_ID=my_dag
AIRFLOW_CTX_TASK_ID=training_model_A
AIRFLOW_CTX_EXECUTION_DATE=2021-08-04T13:53:04.067338+00:00
AIRFLOW_CTX_DAG_RUN_ID=scheduled__2021-08-04T13:53:04.067338+00:00
[2021-08-04 13:53:14,884] {python.py:151} INFO - Done. Returned value was: 5
[2021-08-04 13:53:14,916] {taskinstance.py:1211} INFO - Marking task as SUCCESS. dag_id=my_dag, task_id=training_model_A, execution_date=20210804T135304, start_date=20210804T135314, end_date=20210804T135314
[2021-08-04 13:53:14,976] {taskinstance.py:1265} INFO - 0 downstream tasks scheduled from follow-on schedule check
[2021-08-04 13:53:15,017] {local_task_job.py:149} INFO - Task exited with return code 0
