[2021-08-04 14:06:56,610] {taskinstance.py:896} INFO - Dependencies all met for <TaskInstance: my_dag.choose_best_model 2021-08-04T14:06:44.460692+00:00 [queued]>
[2021-08-04 14:06:56,628] {taskinstance.py:896} INFO - Dependencies all met for <TaskInstance: my_dag.choose_best_model 2021-08-04T14:06:44.460692+00:00 [queued]>
[2021-08-04 14:06:56,628] {taskinstance.py:1087} INFO - 
--------------------------------------------------------------------------------
[2021-08-04 14:06:56,628] {taskinstance.py:1088} INFO - Starting attempt 1 of 1
[2021-08-04 14:06:56,628] {taskinstance.py:1089} INFO - 
--------------------------------------------------------------------------------
[2021-08-04 14:06:56,637] {taskinstance.py:1107} INFO - Executing <Task(BranchPythonOperator): choose_best_model> on 2021-08-04T14:06:44.460692+00:00
[2021-08-04 14:06:56,644] {standard_task_runner.py:76} INFO - Running: ['***', 'tasks', 'run', 'my_dag', 'choose_best_model', '2021-08-04T14:06:44.460692+00:00', '--job-id', '2572', '--pool', 'default_pool', '--raw', '--subdir', 'DAGS_FOLDER/my_dag.py', '--cfg-path', '/tmp/tmpu9zklwqk', '--error-file', '/tmp/tmpmduq1vdc']
[2021-08-04 14:06:56,645] {standard_task_runner.py:77} INFO - Job 2572: Subtask choose_best_model
[2021-08-04 14:06:56,641] {standard_task_runner.py:52} INFO - Started process 2482 to run task
[2021-08-04 14:06:56,679] {logging_mixin.py:104} INFO - Running <TaskInstance: my_dag.choose_best_model 2021-08-04T14:06:44.460692+00:00 [running]> on host 04479ea62028
[2021-08-04 14:06:56,726] {taskinstance.py:1302} INFO - Exporting the following env vars:
AIRFLOW_CTX_DAG_OWNER=***
AIRFLOW_CTX_DAG_ID=my_dag
AIRFLOW_CTX_TASK_ID=choose_best_model
AIRFLOW_CTX_EXECUTION_DATE=2021-08-04T14:06:44.460692+00:00
AIRFLOW_CTX_DAG_RUN_ID=scheduled__2021-08-04T14:06:44.460692+00:00
[2021-08-04 14:06:56,735] {python.py:151} INFO - Done. Returned value was: inaccurate
[2021-08-04 14:06:56,736] {skipmixin.py:124} INFO - Following branch inaccurate
[2021-08-04 14:06:56,743] {skipmixin.py:155} INFO - Skipping tasks ['accurate']
[2021-08-04 14:06:56,785] {taskinstance.py:1211} INFO - Marking task as SUCCESS. dag_id=my_dag, task_id=choose_best_model, execution_date=20210804T140644, start_date=20210804T140656, end_date=20210804T140656
[2021-08-04 14:06:56,884] {taskinstance.py:1265} INFO - 1 downstream tasks scheduled from follow-on schedule check
[2021-08-04 14:06:56,938] {local_task_job.py:149} INFO - Task exited with return code 0
