[2021-08-04 14:53:41,337] {taskinstance.py:896} INFO - Dependencies all met for <TaskInstance: my_dag.inaccurate 2021-08-04T14:53:28.139141+00:00 [queued]>
[2021-08-04 14:53:41,351] {taskinstance.py:896} INFO - Dependencies all met for <TaskInstance: my_dag.inaccurate 2021-08-04T14:53:28.139141+00:00 [queued]>
[2021-08-04 14:53:41,352] {taskinstance.py:1087} INFO - 
--------------------------------------------------------------------------------
[2021-08-04 14:53:41,352] {taskinstance.py:1088} INFO - Starting attempt 1 of 1
[2021-08-04 14:53:41,352] {taskinstance.py:1089} INFO - 
--------------------------------------------------------------------------------
[2021-08-04 14:53:41,365] {taskinstance.py:1107} INFO - Executing <Task(BashOperator): inaccurate> on 2021-08-04T14:53:28.139141+00:00
[2021-08-04 14:53:41,373] {standard_task_runner.py:76} INFO - Running: ['***', 'tasks', 'run', 'my_dag', 'inaccurate', '2021-08-04T14:53:28.139141+00:00', '--job-id', '3262', '--pool', 'default_pool', '--raw', '--subdir', 'DAGS_FOLDER/my_dag.py', '--cfg-path', '/tmp/tmpvax3g8w1', '--error-file', '/tmp/tmprietgow6']
[2021-08-04 14:53:41,373] {standard_task_runner.py:77} INFO - Job 3262: Subtask inaccurate
[2021-08-04 14:53:41,370] {standard_task_runner.py:52} INFO - Started process 3181 to run task
[2021-08-04 14:53:41,414] {logging_mixin.py:104} INFO - Running <TaskInstance: my_dag.inaccurate 2021-08-04T14:53:28.139141+00:00 [running]> on host 04479ea62028
[2021-08-04 14:53:41,462] {taskinstance.py:1302} INFO - Exporting the following env vars:
AIRFLOW_CTX_DAG_OWNER=***
AIRFLOW_CTX_DAG_ID=my_dag
AIRFLOW_CTX_TASK_ID=inaccurate
AIRFLOW_CTX_EXECUTION_DATE=2021-08-04T14:53:28.139141+00:00
AIRFLOW_CTX_DAG_RUN_ID=scheduled__2021-08-04T14:53:28.139141+00:00
[2021-08-04 14:53:41,463] {subprocess.py:52} INFO - Tmp dir root location: 
 /tmp
[2021-08-04 14:53:41,464] {subprocess.py:63} INFO - Running command: ['bash', '-c', "echo 'inaccurate'"]
[2021-08-04 14:53:41,472] {subprocess.py:74} INFO - Output:
[2021-08-04 14:53:41,473] {subprocess.py:78} INFO - inaccurate
[2021-08-04 14:53:41,473] {subprocess.py:82} INFO - Command exited with return code 0
[2021-08-04 14:53:41,504] {taskinstance.py:1211} INFO - Marking task as SUCCESS. dag_id=my_dag, task_id=inaccurate, execution_date=20210804T145328, start_date=20210804T145341, end_date=20210804T145341
[2021-08-04 14:53:41,535] {taskinstance.py:1265} INFO - 0 downstream tasks scheduled from follow-on schedule check
[2021-08-04 14:53:41,547] {local_task_job.py:149} INFO - Task exited with return code 0
