[2021-08-04 14:49:28,867] {taskinstance.py:896} INFO - Dependencies all met for <TaskInstance: my_dag.training_model_A 2021-08-04T14:49:17.958228+00:00 [queued]>
[2021-08-04 14:49:28,882] {taskinstance.py:896} INFO - Dependencies all met for <TaskInstance: my_dag.training_model_A 2021-08-04T14:49:17.958228+00:00 [queued]>
[2021-08-04 14:49:28,882] {taskinstance.py:1087} INFO - 
--------------------------------------------------------------------------------
[2021-08-04 14:49:28,882] {taskinstance.py:1088} INFO - Starting attempt 1 of 1
[2021-08-04 14:49:28,882] {taskinstance.py:1089} INFO - 
--------------------------------------------------------------------------------
[2021-08-04 14:49:28,899] {taskinstance.py:1107} INFO - Executing <Task(PythonOperator): training_model_A> on 2021-08-04T14:49:17.958228+00:00
[2021-08-04 14:49:28,905] {standard_task_runner.py:52} INFO - Started process 2556 to run task
[2021-08-04 14:49:28,910] {standard_task_runner.py:76} INFO - Running: ['***', 'tasks', 'run', 'my_dag', 'training_model_A', '2021-08-04T14:49:17.958228+00:00', '--job-id', '3135', '--pool', 'default_pool', '--raw', '--subdir', 'DAGS_FOLDER/my_dag.py', '--cfg-path', '/tmp/tmpm779lj2_', '--error-file', '/tmp/tmpwxbzje17']
[2021-08-04 14:49:28,910] {standard_task_runner.py:77} INFO - Job 3135: Subtask training_model_A
[2021-08-04 14:49:28,962] {logging_mixin.py:104} INFO - Running <TaskInstance: my_dag.training_model_A 2021-08-04T14:49:17.958228+00:00 [running]> on host 04479ea62028
[2021-08-04 14:49:29,019] {taskinstance.py:1302} INFO - Exporting the following env vars:
AIRFLOW_CTX_DAG_OWNER=***
AIRFLOW_CTX_DAG_ID=my_dag
AIRFLOW_CTX_TASK_ID=training_model_A
AIRFLOW_CTX_EXECUTION_DATE=2021-08-04T14:49:17.958228+00:00
AIRFLOW_CTX_DAG_RUN_ID=scheduled__2021-08-04T14:49:17.958228+00:00
[2021-08-04 14:49:29,020] {python.py:151} INFO - Done. Returned value was: 5
[2021-08-04 14:49:29,048] {taskinstance.py:1211} INFO - Marking task as SUCCESS. dag_id=my_dag, task_id=training_model_A, execution_date=20210804T144917, start_date=20210804T144928, end_date=20210804T144929
[2021-08-04 14:49:29,093] {taskinstance.py:1265} INFO - 0 downstream tasks scheduled from follow-on schedule check
[2021-08-04 14:49:29,125] {local_task_job.py:149} INFO - Task exited with return code 0
