[2021-08-04 14:06:05,876] {taskinstance.py:896} INFO - Dependencies all met for <TaskInstance: my_dag.training_model_C 2021-08-04T14:05:54.460692+00:00 [queued]>
[2021-08-04 14:06:05,900] {taskinstance.py:896} INFO - Dependencies all met for <TaskInstance: my_dag.training_model_C 2021-08-04T14:05:54.460692+00:00 [queued]>
[2021-08-04 14:06:05,901] {taskinstance.py:1087} INFO - 
--------------------------------------------------------------------------------
[2021-08-04 14:06:05,901] {taskinstance.py:1088} INFO - Starting attempt 1 of 1
[2021-08-04 14:06:05,901] {taskinstance.py:1089} INFO - 
--------------------------------------------------------------------------------
[2021-08-04 14:06:05,914] {taskinstance.py:1107} INFO - Executing <Task(PythonOperator): training_model_C> on 2021-08-04T14:05:54.460692+00:00
[2021-08-04 14:06:05,923] {standard_task_runner.py:76} INFO - Running: ['***', 'tasks', 'run', 'my_dag', 'training_model_C', '2021-08-04T14:05:54.460692+00:00', '--job-id', '2545', '--pool', 'default_pool', '--raw', '--subdir', 'DAGS_FOLDER/my_dag.py', '--cfg-path', '/tmp/tmpk7o1l450', '--error-file', '/tmp/tmp2e2uja4t']
[2021-08-04 14:06:05,919] {standard_task_runner.py:52} INFO - Started process 2355 to run task
[2021-08-04 14:06:05,924] {standard_task_runner.py:77} INFO - Job 2545: Subtask training_model_C
[2021-08-04 14:06:05,973] {logging_mixin.py:104} INFO - Running <TaskInstance: my_dag.training_model_C 2021-08-04T14:05:54.460692+00:00 [running]> on host 04479ea62028
[2021-08-04 14:06:06,036] {taskinstance.py:1302} INFO - Exporting the following env vars:
AIRFLOW_CTX_DAG_OWNER=***
AIRFLOW_CTX_DAG_ID=my_dag
AIRFLOW_CTX_TASK_ID=training_model_C
AIRFLOW_CTX_EXECUTION_DATE=2021-08-04T14:05:54.460692+00:00
AIRFLOW_CTX_DAG_RUN_ID=scheduled__2021-08-04T14:05:54.460692+00:00
[2021-08-04 14:06:06,037] {python.py:151} INFO - Done. Returned value was: 1
[2021-08-04 14:06:06,068] {taskinstance.py:1211} INFO - Marking task as SUCCESS. dag_id=my_dag, task_id=training_model_C, execution_date=20210804T140554, start_date=20210804T140605, end_date=20210804T140606
[2021-08-04 14:06:06,101] {taskinstance.py:1265} INFO - 0 downstream tasks scheduled from follow-on schedule check
[2021-08-04 14:06:06,138] {local_task_job.py:149} INFO - Task exited with return code 0
