[2021-08-04 13:26:20,694] {taskinstance.py:896} INFO - Dependencies all met for <TaskInstance: my_dag.inaccurate 2021-08-04T13:26:07.019495+00:00 [queued]>
[2021-08-04 13:26:20,765] {taskinstance.py:896} INFO - Dependencies all met for <TaskInstance: my_dag.inaccurate 2021-08-04T13:26:07.019495+00:00 [queued]>
[2021-08-04 13:26:20,767] {taskinstance.py:1087} INFO - 
--------------------------------------------------------------------------------
[2021-08-04 13:26:20,768] {taskinstance.py:1088} INFO - Starting attempt 1 of 1
[2021-08-04 13:26:20,768] {taskinstance.py:1089} INFO - 
--------------------------------------------------------------------------------
[2021-08-04 13:26:20,819] {taskinstance.py:1107} INFO - Executing <Task(BashOperator): inaccurate> on 2021-08-04T13:26:07.019495+00:00
[2021-08-04 13:26:20,824] {standard_task_runner.py:52} INFO - Started process 8260 to run task
[2021-08-04 13:26:20,845] {standard_task_runner.py:76} INFO - Running: ['***', 'tasks', 'run', 'my_dag', 'inaccurate', '2021-08-04T13:26:07.019495+00:00', '--job-id', '776', '--pool', 'default_pool', '--raw', '--subdir', 'DAGS_FOLDER/my_dag.py', '--cfg-path', '/tmp/tmp5a3bo4fn', '--error-file', '/tmp/tmpdi_dp9k2']
[2021-08-04 13:26:20,852] {standard_task_runner.py:77} INFO - Job 776: Subtask inaccurate
[2021-08-04 13:26:21,085] {logging_mixin.py:104} INFO - Running <TaskInstance: my_dag.inaccurate 2021-08-04T13:26:07.019495+00:00 [running]> on host 04479ea62028
[2021-08-04 13:26:21,474] {taskinstance.py:1302} INFO - Exporting the following env vars:
AIRFLOW_CTX_DAG_OWNER=***
AIRFLOW_CTX_DAG_ID=my_dag
AIRFLOW_CTX_TASK_ID=inaccurate
AIRFLOW_CTX_EXECUTION_DATE=2021-08-04T13:26:07.019495+00:00
AIRFLOW_CTX_DAG_RUN_ID=scheduled__2021-08-04T13:26:07.019495+00:00
[2021-08-04 13:26:21,476] {subprocess.py:52} INFO - Tmp dir root location: 
 /tmp
[2021-08-04 13:26:21,482] {subprocess.py:63} INFO - Running command: ['bash', '-c', "echo 'inaccurate'"]
[2021-08-04 13:26:21,537] {subprocess.py:74} INFO - Output:
[2021-08-04 13:26:21,543] {subprocess.py:78} INFO - inaccurate
[2021-08-04 13:26:21,544] {subprocess.py:82} INFO - Command exited with return code 0
[2021-08-04 13:26:21,671] {taskinstance.py:1211} INFO - Marking task as SUCCESS. dag_id=my_dag, task_id=inaccurate, execution_date=20210804T132607, start_date=20210804T132620, end_date=20210804T132621
[2021-08-04 13:26:21,785] {taskinstance.py:1265} INFO - 0 downstream tasks scheduled from follow-on schedule check
[2021-08-04 13:26:21,836] {local_task_job.py:149} INFO - Task exited with return code 0
