[2021-08-04 14:33:07,358] {taskinstance.py:896} INFO - Dependencies all met for <TaskInstance: my_dag.training_model_B 2021-08-04T14:09:44.460692+00:00 [queued]>
[2021-08-04 14:33:07,462] {taskinstance.py:896} INFO - Dependencies all met for <TaskInstance: my_dag.training_model_B 2021-08-04T14:09:44.460692+00:00 [queued]>
[2021-08-04 14:33:07,462] {taskinstance.py:1087} INFO - 
--------------------------------------------------------------------------------
[2021-08-04 14:33:07,462] {taskinstance.py:1088} INFO - Starting attempt 1 of 1
[2021-08-04 14:33:07,462] {taskinstance.py:1089} INFO - 
--------------------------------------------------------------------------------
[2021-08-04 14:33:07,667] {taskinstance.py:1107} INFO - Executing <Task(PythonOperator): training_model_B> on 2021-08-04T14:09:44.460692+00:00
[2021-08-04 14:33:07,696] {standard_task_runner.py:52} INFO - Started process 115 to run task
[2021-08-04 14:33:07,934] {standard_task_runner.py:76} INFO - Running: ['***', 'tasks', 'run', 'my_dag', 'training_model_B', '2021-08-04T14:09:44.460692+00:00', '--job-id', '2624', '--pool', 'default_pool', '--raw', '--subdir', 'DAGS_FOLDER/my_dag.py', '--cfg-path', '/tmp/tmpda_3eoqd', '--error-file', '/tmp/tmpgr8w_zbp']
[2021-08-04 14:33:07,936] {standard_task_runner.py:77} INFO - Job 2624: Subtask training_model_B
[2021-08-04 14:33:08,337] {logging_mixin.py:104} INFO - Running <TaskInstance: my_dag.training_model_B 2021-08-04T14:09:44.460692+00:00 [running]> on host 04479ea62028
[2021-08-04 14:33:08,814] {taskinstance.py:1302} INFO - Exporting the following env vars:
AIRFLOW_CTX_DAG_OWNER=***
AIRFLOW_CTX_DAG_ID=my_dag
AIRFLOW_CTX_TASK_ID=training_model_B
AIRFLOW_CTX_EXECUTION_DATE=2021-08-04T14:09:44.460692+00:00
AIRFLOW_CTX_DAG_RUN_ID=scheduled__2021-08-04T14:09:44.460692+00:00
[2021-08-04 14:33:08,843] {python.py:151} INFO - Done. Returned value was: 1
[2021-08-04 14:33:09,273] {taskinstance.py:1211} INFO - Marking task as SUCCESS. dag_id=my_dag, task_id=training_model_B, execution_date=20210804T140944, start_date=20210804T143307, end_date=20210804T143309
[2021-08-04 14:33:09,482] {taskinstance.py:1265} INFO - 1 downstream tasks scheduled from follow-on schedule check
[2021-08-04 14:33:09,528] {local_task_job.py:149} INFO - Task exited with return code 0
