[2021-08-04 13:53:35,151] {taskinstance.py:896} INFO - Dependencies all met for <TaskInstance: my_dag.training_model_C 2021-08-04T13:53:24.067338+00:00 [queued]>
[2021-08-04 13:53:35,177] {taskinstance.py:896} INFO - Dependencies all met for <TaskInstance: my_dag.training_model_C 2021-08-04T13:53:24.067338+00:00 [queued]>
[2021-08-04 13:53:35,177] {taskinstance.py:1087} INFO - 
--------------------------------------------------------------------------------
[2021-08-04 13:53:35,177] {taskinstance.py:1088} INFO - Starting attempt 1 of 1
[2021-08-04 13:53:35,177] {taskinstance.py:1089} INFO - 
--------------------------------------------------------------------------------
[2021-08-04 13:53:35,189] {taskinstance.py:1107} INFO - Executing <Task(PythonOperator): training_model_C> on 2021-08-04T13:53:24.067338+00:00
[2021-08-04 13:53:35,197] {standard_task_runner.py:76} INFO - Running: ['***', 'tasks', 'run', 'my_dag', 'training_model_C', '2021-08-04T13:53:24.067338+00:00', '--job-id', '2170', '--pool', 'default_pool', '--raw', '--subdir', 'DAGS_FOLDER/my_dag.py', '--cfg-path', '/tmp/tmpm1gorhw1', '--error-file', '/tmp/tmp10y8cyp_']
[2021-08-04 13:53:35,193] {standard_task_runner.py:52} INFO - Started process 503 to run task
[2021-08-04 13:53:35,198] {standard_task_runner.py:77} INFO - Job 2170: Subtask training_model_C
[2021-08-04 13:53:35,246] {logging_mixin.py:104} INFO - Running <TaskInstance: my_dag.training_model_C 2021-08-04T13:53:24.067338+00:00 [running]> on host 04479ea62028
[2021-08-04 13:53:35,299] {taskinstance.py:1302} INFO - Exporting the following env vars:
AIRFLOW_CTX_DAG_OWNER=***
AIRFLOW_CTX_DAG_ID=my_dag
AIRFLOW_CTX_TASK_ID=training_model_C
AIRFLOW_CTX_EXECUTION_DATE=2021-08-04T13:53:24.067338+00:00
AIRFLOW_CTX_DAG_RUN_ID=scheduled__2021-08-04T13:53:24.067338+00:00
[2021-08-04 13:53:35,300] {python.py:151} INFO - Done. Returned value was: 1
[2021-08-04 13:53:35,328] {taskinstance.py:1211} INFO - Marking task as SUCCESS. dag_id=my_dag, task_id=training_model_C, execution_date=20210804T135324, start_date=20210804T135335, end_date=20210804T135335
[2021-08-04 13:53:35,363] {taskinstance.py:1265} INFO - 0 downstream tasks scheduled from follow-on schedule check
[2021-08-04 13:53:35,371] {local_task_job.py:149} INFO - Task exited with return code 0
