[2021-08-04 13:25:16,298] {taskinstance.py:896} INFO - Dependencies all met for <TaskInstance: my_dag.choose_best_model 2021-08-04T13:25:05.732967+00:00 [queued]>
[2021-08-04 13:25:16,392] {taskinstance.py:896} INFO - Dependencies all met for <TaskInstance: my_dag.choose_best_model 2021-08-04T13:25:05.732967+00:00 [queued]>
[2021-08-04 13:25:16,402] {taskinstance.py:1087} INFO - 
--------------------------------------------------------------------------------
[2021-08-04 13:25:16,402] {taskinstance.py:1088} INFO - Starting attempt 1 of 1
[2021-08-04 13:25:16,402] {taskinstance.py:1089} INFO - 
--------------------------------------------------------------------------------
[2021-08-04 13:25:16,462] {taskinstance.py:1107} INFO - Executing <Task(BranchPythonOperator): choose_best_model> on 2021-08-04T13:25:05.732967+00:00
[2021-08-04 13:25:16,468] {standard_task_runner.py:52} INFO - Started process 7669 to run task
[2021-08-04 13:25:16,507] {standard_task_runner.py:76} INFO - Running: ['***', 'tasks', 'run', 'my_dag', 'choose_best_model', '2021-08-04T13:25:05.732967+00:00', '--job-id', '528', '--pool', 'default_pool', '--raw', '--subdir', 'DAGS_FOLDER/my_dag.py', '--cfg-path', '/tmp/tmpq4w6hamk', '--error-file', '/tmp/tmp5mhl__qc']
[2021-08-04 13:25:16,508] {standard_task_runner.py:77} INFO - Job 528: Subtask choose_best_model
[2021-08-04 13:25:16,835] {logging_mixin.py:104} INFO - Running <TaskInstance: my_dag.choose_best_model 2021-08-04T13:25:05.732967+00:00 [running]> on host 04479ea62028
[2021-08-04 13:25:17,272] {taskinstance.py:1302} INFO - Exporting the following env vars:
AIRFLOW_CTX_DAG_OWNER=***
AIRFLOW_CTX_DAG_ID=my_dag
AIRFLOW_CTX_TASK_ID=choose_best_model
AIRFLOW_CTX_EXECUTION_DATE=2021-08-04T13:25:05.732967+00:00
AIRFLOW_CTX_DAG_RUN_ID=scheduled__2021-08-04T13:25:05.732967+00:00
[2021-08-04 13:25:17,315] {python.py:151} INFO - Done. Returned value was: accurate
[2021-08-04 13:25:17,315] {skipmixin.py:124} INFO - Following branch accurate
[2021-08-04 13:25:17,364] {skipmixin.py:155} INFO - Skipping tasks ['inaccurate']
[2021-08-04 13:25:17,683] {taskinstance.py:1211} INFO - Marking task as SUCCESS. dag_id=my_dag, task_id=choose_best_model, execution_date=20210804T132505, start_date=20210804T132516, end_date=20210804T132517
[2021-08-04 13:25:17,858] {taskinstance.py:1265} INFO - 1 downstream tasks scheduled from follow-on schedule check
[2021-08-04 13:25:17,896] {local_task_job.py:149} INFO - Task exited with return code 0
