[2021-08-04 13:30:48,869] {taskinstance.py:896} INFO - Dependencies all met for <TaskInstance: my_dag.training_model_C 2021-08-04T13:30:43.845536+00:00 [queued]>
[2021-08-04 13:30:48,947] {taskinstance.py:896} INFO - Dependencies all met for <TaskInstance: my_dag.training_model_C 2021-08-04T13:30:43.845536+00:00 [queued]>
[2021-08-04 13:30:48,948] {taskinstance.py:1087} INFO - 
--------------------------------------------------------------------------------
[2021-08-04 13:30:48,948] {taskinstance.py:1088} INFO - Starting attempt 1 of 1
[2021-08-04 13:30:48,948] {taskinstance.py:1089} INFO - 
--------------------------------------------------------------------------------
[2021-08-04 13:30:49,052] {taskinstance.py:1107} INFO - Executing <Task(PythonOperator): training_model_C> on 2021-08-04T13:30:43.845536+00:00
[2021-08-04 13:30:49,090] {standard_task_runner.py:76} INFO - Running: ['***', 'tasks', 'run', 'my_dag', 'training_model_C', '2021-08-04T13:30:43.845536+00:00', '--job-id', '1779', '--pool', 'default_pool', '--raw', '--subdir', 'DAGS_FOLDER/my_dag.py', '--cfg-path', '/tmp/tmpnmuo2uwe', '--error-file', '/tmp/tmpj0g7i9xk']
[2021-08-04 13:30:49,091] {standard_task_runner.py:77} INFO - Job 1779: Subtask training_model_C
[2021-08-04 13:30:49,064] {standard_task_runner.py:52} INFO - Started process 10716 to run task
[2021-08-04 13:30:49,501] {logging_mixin.py:104} INFO - Running <TaskInstance: my_dag.training_model_C 2021-08-04T13:30:43.845536+00:00 [running]> on host 04479ea62028
[2021-08-04 13:30:50,016] {taskinstance.py:1302} INFO - Exporting the following env vars:
AIRFLOW_CTX_DAG_OWNER=***
AIRFLOW_CTX_DAG_ID=my_dag
AIRFLOW_CTX_TASK_ID=training_model_C
AIRFLOW_CTX_EXECUTION_DATE=2021-08-04T13:30:43.845536+00:00
AIRFLOW_CTX_DAG_RUN_ID=scheduled__2021-08-04T13:30:43.845536+00:00
[2021-08-04 13:30:50,017] {python.py:151} INFO - Done. Returned value was: 6
[2021-08-04 13:30:50,337] {taskinstance.py:1211} INFO - Marking task as SUCCESS. dag_id=my_dag, task_id=training_model_C, execution_date=20210804T133043, start_date=20210804T133048, end_date=20210804T133050
[2021-08-04 13:30:50,625] {taskinstance.py:1265} INFO - 1 downstream tasks scheduled from follow-on schedule check
[2021-08-04 13:30:50,654] {local_task_job.py:149} INFO - Task exited with return code 0
