[2021-08-04 13:13:32,701] {taskinstance.py:896} INFO - Dependencies all met for <TaskInstance: my_dag.training_model_A 2021-08-04T13:12:31.657682+00:00 [queued]>
[2021-08-04 13:13:32,720] {taskinstance.py:896} INFO - Dependencies all met for <TaskInstance: my_dag.training_model_A 2021-08-04T13:12:31.657682+00:00 [queued]>
[2021-08-04 13:13:32,721] {taskinstance.py:1087} INFO - 
--------------------------------------------------------------------------------
[2021-08-04 13:13:32,721] {taskinstance.py:1088} INFO - Starting attempt 1 of 1
[2021-08-04 13:13:32,721] {taskinstance.py:1089} INFO - 
--------------------------------------------------------------------------------
[2021-08-04 13:13:32,730] {taskinstance.py:1107} INFO - Executing <Task(PythonOperator): training_model_A> on 2021-08-04T13:12:31.657682+00:00
[2021-08-04 13:13:32,734] {standard_task_runner.py:52} INFO - Started process 5992 to run task
[2021-08-04 13:13:32,739] {standard_task_runner.py:76} INFO - Running: ['***', 'tasks', 'run', 'my_dag', 'training_model_A', '2021-08-04T13:12:31.657682+00:00', '--job-id', '193', '--pool', 'default_pool', '--raw', '--subdir', 'DAGS_FOLDER/my_dag.py', '--cfg-path', '/tmp/tmph9ew9m63', '--error-file', '/tmp/tmpf91pd3d7']
[2021-08-04 13:13:32,739] {standard_task_runner.py:77} INFO - Job 193: Subtask training_model_A
[2021-08-04 13:13:32,781] {logging_mixin.py:104} INFO - Running <TaskInstance: my_dag.training_model_A 2021-08-04T13:12:31.657682+00:00 [running]> on host 04479ea62028
[2021-08-04 13:13:32,837] {taskinstance.py:1302} INFO - Exporting the following env vars:
AIRFLOW_CTX_DAG_OWNER=***
AIRFLOW_CTX_DAG_ID=my_dag
AIRFLOW_CTX_TASK_ID=training_model_A
AIRFLOW_CTX_EXECUTION_DATE=2021-08-04T13:12:31.657682+00:00
AIRFLOW_CTX_DAG_RUN_ID=scheduled__2021-08-04T13:12:31.657682+00:00
[2021-08-04 13:13:32,838] {python.py:151} INFO - Done. Returned value was: 3
[2021-08-04 13:13:32,866] {taskinstance.py:1211} INFO - Marking task as SUCCESS. dag_id=my_dag, task_id=training_model_A, execution_date=20210804T131231, start_date=20210804T131332, end_date=20210804T131332
[2021-08-04 13:13:32,897] {taskinstance.py:1265} INFO - 1 downstream tasks scheduled from follow-on schedule check
[2021-08-04 13:13:32,912] {local_task_job.py:149} INFO - Task exited with return code 0
