[2021-08-04 13:25:39,729] {taskinstance.py:896} INFO - Dependencies all met for <TaskInstance: my_dag.choose_best_model 2021-08-04T13:25:30.966716+00:00 [queued]>
[2021-08-04 13:25:39,825] {taskinstance.py:896} INFO - Dependencies all met for <TaskInstance: my_dag.choose_best_model 2021-08-04T13:25:30.966716+00:00 [queued]>
[2021-08-04 13:25:39,826] {taskinstance.py:1087} INFO - 
--------------------------------------------------------------------------------
[2021-08-04 13:25:39,826] {taskinstance.py:1088} INFO - Starting attempt 1 of 1
[2021-08-04 13:25:39,835] {taskinstance.py:1089} INFO - 
--------------------------------------------------------------------------------
[2021-08-04 13:25:39,883] {taskinstance.py:1107} INFO - Executing <Task(BranchPythonOperator): choose_best_model> on 2021-08-04T13:25:30.966716+00:00
[2021-08-04 13:25:39,892] {standard_task_runner.py:52} INFO - Started process 7887 to run task
[2021-08-04 13:25:39,936] {standard_task_runner.py:76} INFO - Running: ['***', 'tasks', 'run', 'my_dag', 'choose_best_model', '2021-08-04T13:25:30.966716+00:00', '--job-id', '624', '--pool', 'default_pool', '--raw', '--subdir', 'DAGS_FOLDER/my_dag.py', '--cfg-path', '/tmp/tmpafmqy2uo', '--error-file', '/tmp/tmpoduo7gwf']
[2021-08-04 13:25:39,936] {standard_task_runner.py:77} INFO - Job 624: Subtask choose_best_model
[2021-08-04 13:25:40,262] {logging_mixin.py:104} INFO - Running <TaskInstance: my_dag.choose_best_model 2021-08-04T13:25:30.966716+00:00 [running]> on host 04479ea62028
[2021-08-04 13:25:40,599] {taskinstance.py:1302} INFO - Exporting the following env vars:
AIRFLOW_CTX_DAG_OWNER=***
AIRFLOW_CTX_DAG_ID=my_dag
AIRFLOW_CTX_TASK_ID=choose_best_model
AIRFLOW_CTX_EXECUTION_DATE=2021-08-04T13:25:30.966716+00:00
AIRFLOW_CTX_DAG_RUN_ID=scheduled__2021-08-04T13:25:30.966716+00:00
[2021-08-04 13:25:40,656] {python.py:151} INFO - Done. Returned value was: accurate
[2021-08-04 13:25:40,656] {skipmixin.py:124} INFO - Following branch accurate
[2021-08-04 13:25:40,708] {skipmixin.py:155} INFO - Skipping tasks ['inaccurate']
[2021-08-04 13:25:40,964] {taskinstance.py:1211} INFO - Marking task as SUCCESS. dag_id=my_dag, task_id=choose_best_model, execution_date=20210804T132530, start_date=20210804T132539, end_date=20210804T132540
[2021-08-04 13:25:41,201] {taskinstance.py:1265} INFO - 1 downstream tasks scheduled from follow-on schedule check
[2021-08-04 13:25:41,330] {local_task_job.py:149} INFO - Task exited with return code 0
