[2021-08-04 13:26:42,059] {taskinstance.py:896} INFO - Dependencies all met for <TaskInstance: my_dag.inaccurate 2021-08-04T13:26:29.699988+00:00 [queued]>
[2021-08-04 13:26:42,289] {taskinstance.py:896} INFO - Dependencies all met for <TaskInstance: my_dag.inaccurate 2021-08-04T13:26:29.699988+00:00 [queued]>
[2021-08-04 13:26:42,289] {taskinstance.py:1087} INFO - 
--------------------------------------------------------------------------------
[2021-08-04 13:26:42,289] {taskinstance.py:1088} INFO - Starting attempt 1 of 1
[2021-08-04 13:26:42,290] {taskinstance.py:1089} INFO - 
--------------------------------------------------------------------------------
[2021-08-04 13:26:42,349] {taskinstance.py:1107} INFO - Executing <Task(BashOperator): inaccurate> on 2021-08-04T13:26:29.699988+00:00
[2021-08-04 13:26:42,357] {standard_task_runner.py:52} INFO - Started process 8469 to run task
[2021-08-04 13:26:42,420] {standard_task_runner.py:76} INFO - Running: ['***', 'tasks', 'run', 'my_dag', 'inaccurate', '2021-08-04T13:26:29.699988+00:00', '--job-id', '860', '--pool', 'default_pool', '--raw', '--subdir', 'DAGS_FOLDER/my_dag.py', '--cfg-path', '/tmp/tmpbwc85jft', '--error-file', '/tmp/tmps3vz0i_z']
[2021-08-04 13:26:42,421] {standard_task_runner.py:77} INFO - Job 860: Subtask inaccurate
[2021-08-04 13:26:42,651] {logging_mixin.py:104} INFO - Running <TaskInstance: my_dag.inaccurate 2021-08-04T13:26:29.699988+00:00 [running]> on host 04479ea62028
[2021-08-04 13:26:42,945] {taskinstance.py:1302} INFO - Exporting the following env vars:
AIRFLOW_CTX_DAG_OWNER=***
AIRFLOW_CTX_DAG_ID=my_dag
AIRFLOW_CTX_TASK_ID=inaccurate
AIRFLOW_CTX_EXECUTION_DATE=2021-08-04T13:26:29.699988+00:00
AIRFLOW_CTX_DAG_RUN_ID=scheduled__2021-08-04T13:26:29.699988+00:00
[2021-08-04 13:26:42,946] {subprocess.py:52} INFO - Tmp dir root location: 
 /tmp
[2021-08-04 13:26:42,947] {subprocess.py:63} INFO - Running command: ['bash', '-c', "echo 'inaccurate'"]
[2021-08-04 13:26:42,998] {subprocess.py:74} INFO - Output:
[2021-08-04 13:26:43,001] {subprocess.py:78} INFO - inaccurate
[2021-08-04 13:26:43,005] {subprocess.py:82} INFO - Command exited with return code 0
[2021-08-04 13:26:43,114] {taskinstance.py:1211} INFO - Marking task as SUCCESS. dag_id=my_dag, task_id=inaccurate, execution_date=20210804T132629, start_date=20210804T132642, end_date=20210804T132643
[2021-08-04 13:26:43,254] {taskinstance.py:1265} INFO - 0 downstream tasks scheduled from follow-on schedule check
[2021-08-04 13:26:43,311] {local_task_job.py:149} INFO - Task exited with return code 0
