[2021-08-04 13:27:13,619] {taskinstance.py:896} INFO - Dependencies all met for <TaskInstance: my_dag.choose_best_model 2021-08-04T13:27:04.728728+00:00 [queued]>
[2021-08-04 13:27:13,705] {taskinstance.py:896} INFO - Dependencies all met for <TaskInstance: my_dag.choose_best_model 2021-08-04T13:27:04.728728+00:00 [queued]>
[2021-08-04 13:27:13,705] {taskinstance.py:1087} INFO - 
--------------------------------------------------------------------------------
[2021-08-04 13:27:13,706] {taskinstance.py:1088} INFO - Starting attempt 1 of 1
[2021-08-04 13:27:13,706] {taskinstance.py:1089} INFO - 
--------------------------------------------------------------------------------
[2021-08-04 13:27:13,753] {taskinstance.py:1107} INFO - Executing <Task(BranchPythonOperator): choose_best_model> on 2021-08-04T13:27:04.728728+00:00
[2021-08-04 13:27:13,777] {standard_task_runner.py:52} INFO - Started process 8751 to run task
[2021-08-04 13:27:13,796] {standard_task_runner.py:76} INFO - Running: ['***', 'tasks', 'run', 'my_dag', 'choose_best_model', '2021-08-04T13:27:04.728728+00:00', '--job-id', '975', '--pool', 'default_pool', '--raw', '--subdir', 'DAGS_FOLDER/my_dag.py', '--cfg-path', '/tmp/tmp9b11ffqi', '--error-file', '/tmp/tmpah29s_pu']
[2021-08-04 13:27:13,797] {standard_task_runner.py:77} INFO - Job 975: Subtask choose_best_model
[2021-08-04 13:27:13,978] {logging_mixin.py:104} INFO - Running <TaskInstance: my_dag.choose_best_model 2021-08-04T13:27:04.728728+00:00 [running]> on host 04479ea62028
[2021-08-04 13:27:14,346] {taskinstance.py:1302} INFO - Exporting the following env vars:
AIRFLOW_CTX_DAG_OWNER=***
AIRFLOW_CTX_DAG_ID=my_dag
AIRFLOW_CTX_TASK_ID=choose_best_model
AIRFLOW_CTX_EXECUTION_DATE=2021-08-04T13:27:04.728728+00:00
AIRFLOW_CTX_DAG_RUN_ID=scheduled__2021-08-04T13:27:04.728728+00:00
[2021-08-04 13:27:14,379] {python.py:151} INFO - Done. Returned value was: accurate
[2021-08-04 13:27:14,379] {skipmixin.py:124} INFO - Following branch accurate
[2021-08-04 13:27:14,440] {skipmixin.py:155} INFO - Skipping tasks ['inaccurate']
[2021-08-04 13:27:14,774] {taskinstance.py:1211} INFO - Marking task as SUCCESS. dag_id=my_dag, task_id=choose_best_model, execution_date=20210804T132704, start_date=20210804T132713, end_date=20210804T132714
[2021-08-04 13:27:14,918] {taskinstance.py:1265} INFO - 1 downstream tasks scheduled from follow-on schedule check
[2021-08-04 13:27:14,999] {local_task_job.py:149} INFO - Task exited with return code 0
