[2021-08-04 14:52:00,293] {taskinstance.py:896} INFO - Dependencies all met for <TaskInstance: my_dag.choose_best_model 2021-08-04T14:51:48.139141+00:00 [queued]>
[2021-08-04 14:52:00,302] {taskinstance.py:896} INFO - Dependencies all met for <TaskInstance: my_dag.choose_best_model 2021-08-04T14:51:48.139141+00:00 [queued]>
[2021-08-04 14:52:00,302] {taskinstance.py:1087} INFO - 
--------------------------------------------------------------------------------
[2021-08-04 14:52:00,303] {taskinstance.py:1088} INFO - Starting attempt 1 of 1
[2021-08-04 14:52:00,303] {taskinstance.py:1089} INFO - 
--------------------------------------------------------------------------------
[2021-08-04 14:52:00,314] {taskinstance.py:1107} INFO - Executing <Task(BranchPythonOperator): choose_best_model> on 2021-08-04T14:51:48.139141+00:00
[2021-08-04 14:52:00,318] {standard_task_runner.py:52} INFO - Started process 2929 to run task
[2021-08-04 14:52:00,321] {standard_task_runner.py:76} INFO - Running: ['***', 'tasks', 'run', 'my_dag', 'choose_best_model', '2021-08-04T14:51:48.139141+00:00', '--job-id', '3211', '--pool', 'default_pool', '--raw', '--subdir', 'DAGS_FOLDER/my_dag.py', '--cfg-path', '/tmp/tmpzcn6a5et', '--error-file', '/tmp/tmp37oitku3']
[2021-08-04 14:52:00,321] {standard_task_runner.py:77} INFO - Job 3211: Subtask choose_best_model
[2021-08-04 14:52:00,357] {logging_mixin.py:104} INFO - Running <TaskInstance: my_dag.choose_best_model 2021-08-04T14:51:48.139141+00:00 [running]> on host 04479ea62028
[2021-08-04 14:52:00,438] {taskinstance.py:1302} INFO - Exporting the following env vars:
AIRFLOW_CTX_DAG_OWNER=***
AIRFLOW_CTX_DAG_ID=my_dag
AIRFLOW_CTX_TASK_ID=choose_best_model
AIRFLOW_CTX_EXECUTION_DATE=2021-08-04T14:51:48.139141+00:00
AIRFLOW_CTX_DAG_RUN_ID=scheduled__2021-08-04T14:51:48.139141+00:00
[2021-08-04 14:52:00,447] {python.py:151} INFO - Done. Returned value was: inaccurate
[2021-08-04 14:52:00,448] {skipmixin.py:124} INFO - Following branch inaccurate
[2021-08-04 14:52:00,454] {skipmixin.py:155} INFO - Skipping tasks ['accurate', 'value_5']
[2021-08-04 14:52:00,494] {taskinstance.py:1211} INFO - Marking task as SUCCESS. dag_id=my_dag, task_id=choose_best_model, execution_date=20210804T145148, start_date=20210804T145200, end_date=20210804T145200
[2021-08-04 14:52:00,521] {taskinstance.py:1265} INFO - 1 downstream tasks scheduled from follow-on schedule check
[2021-08-04 14:52:00,534] {local_task_job.py:149} INFO - Task exited with return code 0
