[2021-08-04 13:25:01,949] {taskinstance.py:896} INFO - Dependencies all met for <TaskInstance: my_dag.accurate 2021-08-04T13:24:48.932071+00:00 [queued]>
[2021-08-04 13:25:02,026] {taskinstance.py:896} INFO - Dependencies all met for <TaskInstance: my_dag.accurate 2021-08-04T13:24:48.932071+00:00 [queued]>
[2021-08-04 13:25:02,026] {taskinstance.py:1087} INFO - 
--------------------------------------------------------------------------------
[2021-08-04 13:25:02,027] {taskinstance.py:1088} INFO - Starting attempt 1 of 1
[2021-08-04 13:25:02,027] {taskinstance.py:1089} INFO - 
--------------------------------------------------------------------------------
[2021-08-04 13:25:02,093] {taskinstance.py:1107} INFO - Executing <Task(BashOperator): accurate> on 2021-08-04T13:24:48.932071+00:00
[2021-08-04 13:25:02,129] {standard_task_runner.py:76} INFO - Running: ['***', 'tasks', 'run', 'my_dag', 'accurate', '2021-08-04T13:24:48.932071+00:00', '--job-id', '479', '--pool', 'default_pool', '--raw', '--subdir', 'DAGS_FOLDER/my_dag.py', '--cfg-path', '/tmp/tmpvrr74s5d', '--error-file', '/tmp/tmpu7p_ewcm']
[2021-08-04 13:25:02,130] {standard_task_runner.py:77} INFO - Job 479: Subtask accurate
[2021-08-04 13:25:02,109] {standard_task_runner.py:52} INFO - Started process 7546 to run task
[2021-08-04 13:25:02,457] {logging_mixin.py:104} INFO - Running <TaskInstance: my_dag.accurate 2021-08-04T13:24:48.932071+00:00 [running]> on host 04479ea62028
[2021-08-04 13:25:02,731] {taskinstance.py:1302} INFO - Exporting the following env vars:
AIRFLOW_CTX_DAG_OWNER=***
AIRFLOW_CTX_DAG_ID=my_dag
AIRFLOW_CTX_TASK_ID=accurate
AIRFLOW_CTX_EXECUTION_DATE=2021-08-04T13:24:48.932071+00:00
AIRFLOW_CTX_DAG_RUN_ID=scheduled__2021-08-04T13:24:48.932071+00:00
[2021-08-04 13:25:02,736] {subprocess.py:52} INFO - Tmp dir root location: 
 /tmp
[2021-08-04 13:25:02,737] {subprocess.py:63} INFO - Running command: ['bash', '-c', "echo 'accurate'"]
[2021-08-04 13:25:02,803] {subprocess.py:74} INFO - Output:
[2021-08-04 13:25:02,804] {subprocess.py:78} INFO - accurate
[2021-08-04 13:25:02,804] {subprocess.py:82} INFO - Command exited with return code 0
[2021-08-04 13:25:02,893] {taskinstance.py:1211} INFO - Marking task as SUCCESS. dag_id=my_dag, task_id=accurate, execution_date=20210804T132448, start_date=20210804T132501, end_date=20210804T132502
[2021-08-04 13:25:02,975] {taskinstance.py:1265} INFO - 0 downstream tasks scheduled from follow-on schedule check
[2021-08-04 13:25:03,025] {local_task_job.py:149} INFO - Task exited with return code 0
