[2021-08-04 13:14:32,686] {taskinstance.py:896} INFO - Dependencies all met for <TaskInstance: my_dag.training_model_B 2021-08-04T13:13:31.657682+00:00 [queued]>
[2021-08-04 13:14:32,706] {taskinstance.py:896} INFO - Dependencies all met for <TaskInstance: my_dag.training_model_B 2021-08-04T13:13:31.657682+00:00 [queued]>
[2021-08-04 13:14:32,706] {taskinstance.py:1087} INFO - 
--------------------------------------------------------------------------------
[2021-08-04 13:14:32,706] {taskinstance.py:1088} INFO - Starting attempt 1 of 1
[2021-08-04 13:14:32,706] {taskinstance.py:1089} INFO - 
--------------------------------------------------------------------------------
[2021-08-04 13:14:32,718] {taskinstance.py:1107} INFO - Executing <Task(PythonOperator): training_model_B> on 2021-08-04T13:13:31.657682+00:00
[2021-08-04 13:14:32,723] {standard_task_runner.py:52} INFO - Started process 6089 to run task
[2021-08-04 13:14:32,727] {standard_task_runner.py:76} INFO - Running: ['***', 'tasks', 'run', 'my_dag', 'training_model_B', '2021-08-04T13:13:31.657682+00:00', '--job-id', '198', '--pool', 'default_pool', '--raw', '--subdir', 'DAGS_FOLDER/my_dag.py', '--cfg-path', '/tmp/tmpa6j0_o2e', '--error-file', '/tmp/tmp24i03ab3']
[2021-08-04 13:14:32,728] {standard_task_runner.py:77} INFO - Job 198: Subtask training_model_B
[2021-08-04 13:14:32,773] {logging_mixin.py:104} INFO - Running <TaskInstance: my_dag.training_model_B 2021-08-04T13:13:31.657682+00:00 [running]> on host 04479ea62028
[2021-08-04 13:14:32,834] {taskinstance.py:1302} INFO - Exporting the following env vars:
AIRFLOW_CTX_DAG_OWNER=***
AIRFLOW_CTX_DAG_ID=my_dag
AIRFLOW_CTX_TASK_ID=training_model_B
AIRFLOW_CTX_EXECUTION_DATE=2021-08-04T13:13:31.657682+00:00
AIRFLOW_CTX_DAG_RUN_ID=scheduled__2021-08-04T13:13:31.657682+00:00
[2021-08-04 13:14:32,835] {python.py:151} INFO - Done. Returned value was: 6
[2021-08-04 13:14:32,862] {taskinstance.py:1211} INFO - Marking task as SUCCESS. dag_id=my_dag, task_id=training_model_B, execution_date=20210804T131331, start_date=20210804T131432, end_date=20210804T131432
[2021-08-04 13:14:32,899] {taskinstance.py:1265} INFO - 0 downstream tasks scheduled from follow-on schedule check
[2021-08-04 13:14:32,942] {local_task_job.py:149} INFO - Task exited with return code 0
