[2021-08-04 13:51:02,731] {taskinstance.py:896} INFO - Dependencies all met for <TaskInstance: my_dag.training_model_C 2021-08-04T13:41:36.430986+00:00 [queued]>
[2021-08-04 13:51:02,870] {taskinstance.py:896} INFO - Dependencies all met for <TaskInstance: my_dag.training_model_C 2021-08-04T13:41:36.430986+00:00 [queued]>
[2021-08-04 13:51:02,870] {taskinstance.py:1087} INFO - 
--------------------------------------------------------------------------------
[2021-08-04 13:51:02,870] {taskinstance.py:1088} INFO - Starting attempt 1 of 1
[2021-08-04 13:51:02,870] {taskinstance.py:1089} INFO - 
--------------------------------------------------------------------------------
[2021-08-04 13:51:02,944] {taskinstance.py:1107} INFO - Executing <Task(PythonOperator): training_model_C> on 2021-08-04T13:41:36.430986+00:00
[2021-08-04 13:51:02,977] {standard_task_runner.py:52} INFO - Started process 111 to run task
[2021-08-04 13:51:03,077] {standard_task_runner.py:76} INFO - Running: ['***', 'tasks', 'run', 'my_dag', 'training_model_C', '2021-08-04T13:41:36.430986+00:00', '--job-id', '2075', '--pool', 'default_pool', '--raw', '--subdir', 'DAGS_FOLDER/my_dag.py', '--cfg-path', '/tmp/tmp3w5f81dh', '--error-file', '/tmp/tmp_9kil2_s']
[2021-08-04 13:51:03,080] {standard_task_runner.py:77} INFO - Job 2075: Subtask training_model_C
[2021-08-04 13:51:03,308] {logging_mixin.py:104} INFO - Running <TaskInstance: my_dag.training_model_C 2021-08-04T13:41:36.430986+00:00 [running]> on host 04479ea62028
[2021-08-04 13:51:03,523] {taskinstance.py:1302} INFO - Exporting the following env vars:
AIRFLOW_CTX_DAG_OWNER=***
AIRFLOW_CTX_DAG_ID=my_dag
AIRFLOW_CTX_TASK_ID=training_model_C
AIRFLOW_CTX_EXECUTION_DATE=2021-08-04T13:41:36.430986+00:00
AIRFLOW_CTX_DAG_RUN_ID=scheduled__2021-08-04T13:41:36.430986+00:00
[2021-08-04 13:51:03,524] {python.py:151} INFO - Done. Returned value was: 10
[2021-08-04 13:51:03,664] {taskinstance.py:1211} INFO - Marking task as SUCCESS. dag_id=my_dag, task_id=training_model_C, execution_date=20210804T134136, start_date=20210804T135102, end_date=20210804T135103
[2021-08-04 13:51:03,893] {taskinstance.py:1265} INFO - 0 downstream tasks scheduled from follow-on schedule check
[2021-08-04 13:51:03,922] {local_task_job.py:149} INFO - Task exited with return code 0
