[2021-08-04 13:24:01,305] {taskinstance.py:896} INFO - Dependencies all met for <TaskInstance: my_dag.training_model_A 2021-08-04T13:23:58.709543+00:00 [queued]>
[2021-08-04 13:24:01,338] {taskinstance.py:896} INFO - Dependencies all met for <TaskInstance: my_dag.training_model_A 2021-08-04T13:23:58.709543+00:00 [queued]>
[2021-08-04 13:24:01,339] {taskinstance.py:1087} INFO - 
--------------------------------------------------------------------------------
[2021-08-04 13:24:01,339] {taskinstance.py:1088} INFO - Starting attempt 1 of 1
[2021-08-04 13:24:01,339] {taskinstance.py:1089} INFO - 
--------------------------------------------------------------------------------
[2021-08-04 13:24:01,358] {taskinstance.py:1107} INFO - Executing <Task(PythonOperator): training_model_A> on 2021-08-04T13:23:58.709543+00:00
[2021-08-04 13:24:01,364] {standard_task_runner.py:52} INFO - Started process 6984 to run task
[2021-08-04 13:24:01,369] {standard_task_runner.py:76} INFO - Running: ['***', 'tasks', 'run', 'my_dag', 'training_model_A', '2021-08-04T13:23:58.709543+00:00', '--job-id', '248', '--pool', 'default_pool', '--raw', '--subdir', 'DAGS_FOLDER/my_dag.py', '--cfg-path', '/tmp/tmpa4qaug9f', '--error-file', '/tmp/tmpebhqaxsl']
[2021-08-04 13:24:01,370] {standard_task_runner.py:77} INFO - Job 248: Subtask training_model_A
[2021-08-04 13:24:01,467] {logging_mixin.py:104} INFO - Running <TaskInstance: my_dag.training_model_A 2021-08-04T13:23:58.709543+00:00 [running]> on host 04479ea62028
[2021-08-04 13:24:01,609] {taskinstance.py:1302} INFO - Exporting the following env vars:
AIRFLOW_CTX_DAG_OWNER=***
AIRFLOW_CTX_DAG_ID=my_dag
AIRFLOW_CTX_TASK_ID=training_model_A
AIRFLOW_CTX_EXECUTION_DATE=2021-08-04T13:23:58.709543+00:00
AIRFLOW_CTX_DAG_RUN_ID=scheduled__2021-08-04T13:23:58.709543+00:00
[2021-08-04 13:24:01,609] {python.py:151} INFO - Done. Returned value was: 6
[2021-08-04 13:24:01,655] {taskinstance.py:1211} INFO - Marking task as SUCCESS. dag_id=my_dag, task_id=training_model_A, execution_date=20210804T132358, start_date=20210804T132401, end_date=20210804T132401
[2021-08-04 13:24:01,726] {taskinstance.py:1265} INFO - 1 downstream tasks scheduled from follow-on schedule check
[2021-08-04 13:24:01,753] {local_task_job.py:149} INFO - Task exited with return code 0
