[2021-08-04 14:54:31,435] {taskinstance.py:896} INFO - Dependencies all met for <TaskInstance: my_dag.inaccurate 2021-08-04T14:54:18.139141+00:00 [queued]>
[2021-08-04 14:54:31,447] {taskinstance.py:896} INFO - Dependencies all met for <TaskInstance: my_dag.inaccurate 2021-08-04T14:54:18.139141+00:00 [queued]>
[2021-08-04 14:54:31,447] {taskinstance.py:1087} INFO - 
--------------------------------------------------------------------------------
[2021-08-04 14:54:31,447] {taskinstance.py:1088} INFO - Starting attempt 1 of 1
[2021-08-04 14:54:31,447] {taskinstance.py:1089} INFO - 
--------------------------------------------------------------------------------
[2021-08-04 14:54:31,465] {taskinstance.py:1107} INFO - Executing <Task(BashOperator): inaccurate> on 2021-08-04T14:54:18.139141+00:00
[2021-08-04 14:54:31,469] {standard_task_runner.py:52} INFO - Started process 3306 to run task
[2021-08-04 14:54:31,473] {standard_task_runner.py:76} INFO - Running: ['***', 'tasks', 'run', 'my_dag', 'inaccurate', '2021-08-04T14:54:18.139141+00:00', '--job-id', '3287', '--pool', 'default_pool', '--raw', '--subdir', 'DAGS_FOLDER/my_dag.py', '--cfg-path', '/tmp/tmpa2ilrh0n', '--error-file', '/tmp/tmpf5u6ycpe']
[2021-08-04 14:54:31,474] {standard_task_runner.py:77} INFO - Job 3287: Subtask inaccurate
[2021-08-04 14:54:31,518] {logging_mixin.py:104} INFO - Running <TaskInstance: my_dag.inaccurate 2021-08-04T14:54:18.139141+00:00 [running]> on host 04479ea62028
[2021-08-04 14:54:31,566] {taskinstance.py:1302} INFO - Exporting the following env vars:
AIRFLOW_CTX_DAG_OWNER=***
AIRFLOW_CTX_DAG_ID=my_dag
AIRFLOW_CTX_TASK_ID=inaccurate
AIRFLOW_CTX_EXECUTION_DATE=2021-08-04T14:54:18.139141+00:00
AIRFLOW_CTX_DAG_RUN_ID=scheduled__2021-08-04T14:54:18.139141+00:00
[2021-08-04 14:54:31,567] {subprocess.py:52} INFO - Tmp dir root location: 
 /tmp
[2021-08-04 14:54:31,567] {subprocess.py:63} INFO - Running command: ['bash', '-c', "echo 'inaccurate'"]
[2021-08-04 14:54:31,577] {subprocess.py:74} INFO - Output:
[2021-08-04 14:54:31,578] {subprocess.py:78} INFO - inaccurate
[2021-08-04 14:54:31,579] {subprocess.py:82} INFO - Command exited with return code 0
[2021-08-04 14:54:31,605] {taskinstance.py:1211} INFO - Marking task as SUCCESS. dag_id=my_dag, task_id=inaccurate, execution_date=20210804T145418, start_date=20210804T145431, end_date=20210804T145431
[2021-08-04 14:54:31,631] {taskinstance.py:1265} INFO - 0 downstream tasks scheduled from follow-on schedule check
[2021-08-04 14:54:31,651] {local_task_job.py:149} INFO - Task exited with return code 0
