[2021-08-04 13:30:19,195] {taskinstance.py:896} INFO - Dependencies all met for <TaskInstance: my_dag.training_model_A 2021-08-04T13:30:14.624295+00:00 [queued]>
[2021-08-04 13:30:19,372] {taskinstance.py:896} INFO - Dependencies all met for <TaskInstance: my_dag.training_model_A 2021-08-04T13:30:14.624295+00:00 [queued]>
[2021-08-04 13:30:19,373] {taskinstance.py:1087} INFO - 
--------------------------------------------------------------------------------
[2021-08-04 13:30:19,373] {taskinstance.py:1088} INFO - Starting attempt 1 of 1
[2021-08-04 13:30:19,373] {taskinstance.py:1089} INFO - 
--------------------------------------------------------------------------------
[2021-08-04 13:30:19,453] {taskinstance.py:1107} INFO - Executing <Task(PythonOperator): training_model_A> on 2021-08-04T13:30:14.624295+00:00
[2021-08-04 13:30:19,472] {standard_task_runner.py:52} INFO - Started process 10443 to run task
[2021-08-04 13:30:19,592] {standard_task_runner.py:76} INFO - Running: ['***', 'tasks', 'run', 'my_dag', 'training_model_A', '2021-08-04T13:30:14.624295+00:00', '--job-id', '1668', '--pool', 'default_pool', '--raw', '--subdir', 'DAGS_FOLDER/my_dag.py', '--cfg-path', '/tmp/tmpa3rub6g0', '--error-file', '/tmp/tmp6ejhu1nz']
[2021-08-04 13:30:19,593] {standard_task_runner.py:77} INFO - Job 1668: Subtask training_model_A
[2021-08-04 13:30:19,849] {logging_mixin.py:104} INFO - Running <TaskInstance: my_dag.training_model_A 2021-08-04T13:30:14.624295+00:00 [running]> on host 04479ea62028
[2021-08-04 13:30:20,174] {taskinstance.py:1302} INFO - Exporting the following env vars:
AIRFLOW_CTX_DAG_OWNER=***
AIRFLOW_CTX_DAG_ID=my_dag
AIRFLOW_CTX_TASK_ID=training_model_A
AIRFLOW_CTX_EXECUTION_DATE=2021-08-04T13:30:14.624295+00:00
AIRFLOW_CTX_DAG_RUN_ID=scheduled__2021-08-04T13:30:14.624295+00:00
[2021-08-04 13:30:20,175] {python.py:151} INFO - Done. Returned value was: 6
[2021-08-04 13:30:20,366] {taskinstance.py:1211} INFO - Marking task as SUCCESS. dag_id=my_dag, task_id=training_model_A, execution_date=20210804T133014, start_date=20210804T133019, end_date=20210804T133020
[2021-08-04 13:30:20,978] {taskinstance.py:1265} INFO - 0 downstream tasks scheduled from follow-on schedule check
[2021-08-04 13:30:21,011] {local_task_job.py:149} INFO - Task exited with return code 0
