[2021-08-04 12:57:34,108] {taskinstance.py:896} INFO - Dependencies all met for <TaskInstance: my_dag.choosing_best_model 2021-08-04T12:56:31.657682+00:00 [queued]>
[2021-08-04 12:57:34,126] {taskinstance.py:896} INFO - Dependencies all met for <TaskInstance: my_dag.choosing_best_model 2021-08-04T12:56:31.657682+00:00 [queued]>
[2021-08-04 12:57:34,126] {taskinstance.py:1087} INFO - 
--------------------------------------------------------------------------------
[2021-08-04 12:57:34,126] {taskinstance.py:1088} INFO - Starting attempt 1 of 1
[2021-08-04 12:57:34,126] {taskinstance.py:1089} INFO - 
--------------------------------------------------------------------------------
[2021-08-04 12:57:34,136] {taskinstance.py:1107} INFO - Executing <Task(BranchPythonOperator): choosing_best_model> on 2021-08-04T12:56:31.657682+00:00
[2021-08-04 12:57:34,140] {standard_task_runner.py:52} INFO - Started process 4484 to run task
[2021-08-04 12:57:34,144] {standard_task_runner.py:76} INFO - Running: ['***', 'tasks', 'run', 'my_dag', 'choosing_best_model', '2021-08-04T12:56:31.657682+00:00', '--job-id', '115', '--pool', 'default_pool', '--raw', '--subdir', 'DAGS_FOLDER/my_dag.py', '--cfg-path', '/tmp/tmpmifnxzh_', '--error-file', '/tmp/tmp99qg7hmp']
[2021-08-04 12:57:34,145] {standard_task_runner.py:77} INFO - Job 115: Subtask choosing_best_model
[2021-08-04 12:57:34,183] {logging_mixin.py:104} INFO - Running <TaskInstance: my_dag.choosing_best_model 2021-08-04T12:56:31.657682+00:00 [running]> on host 04479ea62028
[2021-08-04 12:57:34,244] {taskinstance.py:1302} INFO - Exporting the following env vars:
AIRFLOW_CTX_DAG_OWNER=***
AIRFLOW_CTX_DAG_ID=my_dag
AIRFLOW_CTX_TASK_ID=choosing_best_model
AIRFLOW_CTX_EXECUTION_DATE=2021-08-04T12:56:31.657682+00:00
AIRFLOW_CTX_DAG_RUN_ID=scheduled__2021-08-04T12:56:31.657682+00:00
[2021-08-04 12:57:34,259] {python.py:151} INFO - Done. Returned value was: inaccurate
[2021-08-04 12:57:34,259] {skipmixin.py:124} INFO - Following branch inaccurate
[2021-08-04 12:57:34,284] {skipmixin.py:155} INFO - Skipping tasks ['accurate']
[2021-08-04 12:57:34,331] {taskinstance.py:1211} INFO - Marking task as SUCCESS. dag_id=my_dag, task_id=choosing_best_model, execution_date=20210804T125631, start_date=20210804T125734, end_date=20210804T125734
[2021-08-04 12:57:34,367] {taskinstance.py:1265} INFO - 1 downstream tasks scheduled from follow-on schedule check
[2021-08-04 12:57:34,397] {local_task_job.py:149} INFO - Task exited with return code 0
