[2021-08-04 13:27:11,767] {taskinstance.py:896} INFO - Dependencies all met for <TaskInstance: my_dag.training_model_C 2021-08-04T13:27:07.313555+00:00 [queued]>
[2021-08-04 13:27:11,911] {taskinstance.py:896} INFO - Dependencies all met for <TaskInstance: my_dag.training_model_C 2021-08-04T13:27:07.313555+00:00 [queued]>
[2021-08-04 13:27:11,912] {taskinstance.py:1087} INFO - 
--------------------------------------------------------------------------------
[2021-08-04 13:27:11,912] {taskinstance.py:1088} INFO - Starting attempt 1 of 1
[2021-08-04 13:27:11,912] {taskinstance.py:1089} INFO - 
--------------------------------------------------------------------------------
[2021-08-04 13:27:11,982] {taskinstance.py:1107} INFO - Executing <Task(PythonOperator): training_model_C> on 2021-08-04T13:27:07.313555+00:00
[2021-08-04 13:27:12,025] {standard_task_runner.py:52} INFO - Started process 8739 to run task
[2021-08-04 13:27:12,053] {standard_task_runner.py:76} INFO - Running: ['***', 'tasks', 'run', 'my_dag', 'training_model_C', '2021-08-04T13:27:07.313555+00:00', '--job-id', '968', '--pool', 'default_pool', '--raw', '--subdir', 'DAGS_FOLDER/my_dag.py', '--cfg-path', '/tmp/tmp2385xmga', '--error-file', '/tmp/tmpx50lq42v']
[2021-08-04 13:27:12,079] {standard_task_runner.py:77} INFO - Job 968: Subtask training_model_C
[2021-08-04 13:27:12,330] {logging_mixin.py:104} INFO - Running <TaskInstance: my_dag.training_model_C 2021-08-04T13:27:07.313555+00:00 [running]> on host 04479ea62028
[2021-08-04 13:27:12,572] {taskinstance.py:1302} INFO - Exporting the following env vars:
AIRFLOW_CTX_DAG_OWNER=***
AIRFLOW_CTX_DAG_ID=my_dag
AIRFLOW_CTX_TASK_ID=training_model_C
AIRFLOW_CTX_EXECUTION_DATE=2021-08-04T13:27:07.313555+00:00
AIRFLOW_CTX_DAG_RUN_ID=scheduled__2021-08-04T13:27:07.313555+00:00
[2021-08-04 13:27:12,573] {python.py:151} INFO - Done. Returned value was: 6
[2021-08-04 13:27:12,729] {taskinstance.py:1211} INFO - Marking task as SUCCESS. dag_id=my_dag, task_id=training_model_C, execution_date=20210804T132707, start_date=20210804T132711, end_date=20210804T132712
[2021-08-04 13:27:12,837] {taskinstance.py:1265} INFO - 0 downstream tasks scheduled from follow-on schedule check
[2021-08-04 13:27:12,898] {local_task_job.py:149} INFO - Task exited with return code 0
