[2021-08-04 13:26:40,624] {taskinstance.py:896} INFO - Dependencies all met for <TaskInstance: my_dag.training_model_A 2021-08-04T13:26:36.345616+00:00 [queued]>
[2021-08-04 13:26:40,732] {taskinstance.py:896} INFO - Dependencies all met for <TaskInstance: my_dag.training_model_A 2021-08-04T13:26:36.345616+00:00 [queued]>
[2021-08-04 13:26:40,733] {taskinstance.py:1087} INFO - 
--------------------------------------------------------------------------------
[2021-08-04 13:26:40,733] {taskinstance.py:1088} INFO - Starting attempt 1 of 1
[2021-08-04 13:26:40,733] {taskinstance.py:1089} INFO - 
--------------------------------------------------------------------------------
[2021-08-04 13:26:40,856] {taskinstance.py:1107} INFO - Executing <Task(PythonOperator): training_model_A> on 2021-08-04T13:26:36.345616+00:00
[2021-08-04 13:26:40,910] {standard_task_runner.py:76} INFO - Running: ['***', 'tasks', 'run', 'my_dag', 'training_model_A', '2021-08-04T13:26:36.345616+00:00', '--job-id', '854', '--pool', 'default_pool', '--raw', '--subdir', 'DAGS_FOLDER/my_dag.py', '--cfg-path', '/tmp/tmpu4j6u7d7', '--error-file', '/tmp/tmpj40lw8d6']
[2021-08-04 13:26:40,911] {standard_task_runner.py:77} INFO - Job 854: Subtask training_model_A
[2021-08-04 13:26:40,932] {standard_task_runner.py:52} INFO - Started process 8458 to run task
[2021-08-04 13:26:41,097] {logging_mixin.py:104} INFO - Running <TaskInstance: my_dag.training_model_A 2021-08-04T13:26:36.345616+00:00 [running]> on host 04479ea62028
[2021-08-04 13:26:41,454] {taskinstance.py:1302} INFO - Exporting the following env vars:
AIRFLOW_CTX_DAG_OWNER=***
AIRFLOW_CTX_DAG_ID=my_dag
AIRFLOW_CTX_TASK_ID=training_model_A
AIRFLOW_CTX_EXECUTION_DATE=2021-08-04T13:26:36.345616+00:00
AIRFLOW_CTX_DAG_RUN_ID=scheduled__2021-08-04T13:26:36.345616+00:00
[2021-08-04 13:26:41,455] {python.py:151} INFO - Done. Returned value was: 9
[2021-08-04 13:26:41,695] {taskinstance.py:1211} INFO - Marking task as SUCCESS. dag_id=my_dag, task_id=training_model_A, execution_date=20210804T132636, start_date=20210804T132640, end_date=20210804T132641
[2021-08-04 13:26:42,002] {taskinstance.py:1265} INFO - 0 downstream tasks scheduled from follow-on schedule check
[2021-08-04 13:26:42,119] {local_task_job.py:149} INFO - Task exited with return code 0
