[2021-08-04 14:35:58,025] {taskinstance.py:896} INFO - Dependencies all met for <TaskInstance: my_dag.training_model_B 2021-08-04T14:35:47.052207+00:00 [queued]>
[2021-08-04 14:35:58,036] {taskinstance.py:896} INFO - Dependencies all met for <TaskInstance: my_dag.training_model_B 2021-08-04T14:35:47.052207+00:00 [queued]>
[2021-08-04 14:35:58,036] {taskinstance.py:1087} INFO - 
--------------------------------------------------------------------------------
[2021-08-04 14:35:58,036] {taskinstance.py:1088} INFO - Starting attempt 1 of 1
[2021-08-04 14:35:58,037] {taskinstance.py:1089} INFO - 
--------------------------------------------------------------------------------
[2021-08-04 14:35:58,053] {taskinstance.py:1107} INFO - Executing <Task(PythonOperator): training_model_B> on 2021-08-04T14:35:47.052207+00:00
[2021-08-04 14:35:58,058] {standard_task_runner.py:52} INFO - Started process 573 to run task
[2021-08-04 14:35:58,062] {standard_task_runner.py:76} INFO - Running: ['***', 'tasks', 'run', 'my_dag', 'training_model_B', '2021-08-04T14:35:47.052207+00:00', '--job-id', '2728', '--pool', 'default_pool', '--raw', '--subdir', 'DAGS_FOLDER/my_dag.py', '--cfg-path', '/tmp/tmpz3_glqaf', '--error-file', '/tmp/tmphqbc8rvi']
[2021-08-04 14:35:58,063] {standard_task_runner.py:77} INFO - Job 2728: Subtask training_model_B
[2021-08-04 14:35:58,117] {logging_mixin.py:104} INFO - Running <TaskInstance: my_dag.training_model_B 2021-08-04T14:35:47.052207+00:00 [running]> on host 04479ea62028
[2021-08-04 14:35:58,171] {taskinstance.py:1302} INFO - Exporting the following env vars:
AIRFLOW_CTX_DAG_OWNER=***
AIRFLOW_CTX_DAG_ID=my_dag
AIRFLOW_CTX_TASK_ID=training_model_B
AIRFLOW_CTX_EXECUTION_DATE=2021-08-04T14:35:47.052207+00:00
AIRFLOW_CTX_DAG_RUN_ID=scheduled__2021-08-04T14:35:47.052207+00:00
[2021-08-04 14:35:58,172] {python.py:151} INFO - Done. Returned value was: 7
[2021-08-04 14:35:58,199] {taskinstance.py:1211} INFO - Marking task as SUCCESS. dag_id=my_dag, task_id=training_model_B, execution_date=20210804T143547, start_date=20210804T143558, end_date=20210804T143558
[2021-08-04 14:35:58,237] {taskinstance.py:1265} INFO - 0 downstream tasks scheduled from follow-on schedule check
[2021-08-04 14:35:58,276] {local_task_job.py:149} INFO - Task exited with return code 0
