[2021-08-04 13:07:35,334] {taskinstance.py:896} INFO - Dependencies all met for <TaskInstance: my_dag.inaccurate 2021-08-04T13:06:31.657682+00:00 [queued]>
[2021-08-04 13:07:35,352] {taskinstance.py:896} INFO - Dependencies all met for <TaskInstance: my_dag.inaccurate 2021-08-04T13:06:31.657682+00:00 [queued]>
[2021-08-04 13:07:35,353] {taskinstance.py:1087} INFO - 
--------------------------------------------------------------------------------
[2021-08-04 13:07:35,353] {taskinstance.py:1088} INFO - Starting attempt 1 of 1
[2021-08-04 13:07:35,353] {taskinstance.py:1089} INFO - 
--------------------------------------------------------------------------------
[2021-08-04 13:07:35,361] {taskinstance.py:1107} INFO - Executing <Task(BashOperator): inaccurate> on 2021-08-04T13:06:31.657682+00:00
[2021-08-04 13:07:35,365] {standard_task_runner.py:52} INFO - Started process 5428 to run task
[2021-08-04 13:07:35,369] {standard_task_runner.py:76} INFO - Running: ['***', 'tasks', 'run', 'my_dag', 'inaccurate', '2021-08-04T13:06:31.657682+00:00', '--job-id', '166', '--pool', 'default_pool', '--raw', '--subdir', 'DAGS_FOLDER/my_dag.py', '--cfg-path', '/tmp/tmpa_hz0lno', '--error-file', '/tmp/tmp522q338r']
[2021-08-04 13:07:35,370] {standard_task_runner.py:77} INFO - Job 166: Subtask inaccurate
[2021-08-04 13:07:35,409] {logging_mixin.py:104} INFO - Running <TaskInstance: my_dag.inaccurate 2021-08-04T13:06:31.657682+00:00 [running]> on host 04479ea62028
[2021-08-04 13:07:35,457] {taskinstance.py:1302} INFO - Exporting the following env vars:
AIRFLOW_CTX_DAG_OWNER=***
AIRFLOW_CTX_DAG_ID=my_dag
AIRFLOW_CTX_TASK_ID=inaccurate
AIRFLOW_CTX_EXECUTION_DATE=2021-08-04T13:06:31.657682+00:00
AIRFLOW_CTX_DAG_RUN_ID=scheduled__2021-08-04T13:06:31.657682+00:00
[2021-08-04 13:07:35,458] {subprocess.py:52} INFO - Tmp dir root location: 
 /tmp
[2021-08-04 13:07:35,459] {subprocess.py:63} INFO - Running command: ['bash', '-c', " echo 'inaccurate'"]
[2021-08-04 13:07:35,466] {subprocess.py:74} INFO - Output:
[2021-08-04 13:07:35,467] {subprocess.py:78} INFO - inaccurate
[2021-08-04 13:07:35,468] {subprocess.py:82} INFO - Command exited with return code 0
[2021-08-04 13:07:35,495] {taskinstance.py:1211} INFO - Marking task as SUCCESS. dag_id=my_dag, task_id=inaccurate, execution_date=20210804T130631, start_date=20210804T130735, end_date=20210804T130735
[2021-08-04 13:07:35,519] {taskinstance.py:1265} INFO - 0 downstream tasks scheduled from follow-on schedule check
[2021-08-04 13:07:35,543] {local_task_job.py:149} INFO - Task exited with return code 0
