[2021-08-04 12:00:46,213] {taskinstance.py:896} INFO - Dependencies all met for <TaskInstance: my_dag.choose_best_model 2021-08-03T00:00:00+00:00 [queued]>
[2021-08-04 12:00:46,231] {taskinstance.py:896} INFO - Dependencies all met for <TaskInstance: my_dag.choose_best_model 2021-08-03T00:00:00+00:00 [queued]>
[2021-08-04 12:00:46,232] {taskinstance.py:1087} INFO - 
--------------------------------------------------------------------------------
[2021-08-04 12:00:46,232] {taskinstance.py:1088} INFO - Starting attempt 1 of 1
[2021-08-04 12:00:46,232] {taskinstance.py:1089} INFO - 
--------------------------------------------------------------------------------
[2021-08-04 12:00:46,252] {taskinstance.py:1107} INFO - Executing <Task(BranchPythonOperator): choose_best_model> on 2021-08-03T00:00:00+00:00
[2021-08-04 12:00:46,256] {standard_task_runner.py:52} INFO - Started process 1987 to run task
[2021-08-04 12:00:46,262] {standard_task_runner.py:76} INFO - Running: ['***', 'tasks', 'run', 'my_dag', 'choose_best_model', '2021-08-03T00:00:00+00:00', '--job-id', '5', '--pool', 'default_pool', '--raw', '--subdir', 'DAGS_FOLDER/my_dag.py', '--cfg-path', '/tmp/tmpppr7xzb7', '--error-file', '/tmp/tmpoteei5kc']
[2021-08-04 12:00:46,263] {standard_task_runner.py:77} INFO - Job 5: Subtask choose_best_model
[2021-08-04 12:00:46,318] {logging_mixin.py:104} INFO - Running <TaskInstance: my_dag.choose_best_model 2021-08-03T00:00:00+00:00 [running]> on host 04479ea62028
[2021-08-04 12:00:46,385] {taskinstance.py:1302} INFO - Exporting the following env vars:
AIRFLOW_CTX_DAG_OWNER=***
AIRFLOW_CTX_DAG_ID=my_dag
AIRFLOW_CTX_TASK_ID=choose_best_model
AIRFLOW_CTX_EXECUTION_DATE=2021-08-03T00:00:00+00:00
AIRFLOW_CTX_DAG_RUN_ID=scheduled__2021-08-03T00:00:00+00:00
[2021-08-04 12:00:46,388] {taskinstance.py:1501} ERROR - Task failed with exception
Traceback (most recent call last):
  File "/home/airflow/.local/lib/python3.6/site-packages/airflow/models/taskinstance.py", line 1157, in _run_raw_task
    self._prepare_and_execute_task_with_callbacks(context, task)
  File "/home/airflow/.local/lib/python3.6/site-packages/airflow/models/taskinstance.py", line 1331, in _prepare_and_execute_task_with_callbacks
    result = self._execute_task(context, task_copy)
  File "/home/airflow/.local/lib/python3.6/site-packages/airflow/models/taskinstance.py", line 1361, in _execute_task
    result = task_copy.execute(context=context)
  File "/home/airflow/.local/lib/python3.6/site-packages/airflow/operators/python.py", line 179, in execute
    branch = super().execute(context)
  File "/home/airflow/.local/lib/python3.6/site-packages/airflow/operators/python.py", line 150, in execute
    return_value = self.execute_callable()
  File "/home/airflow/.local/lib/python3.6/site-packages/airflow/operators/python.py", line 161, in execute_callable
    return self.python_callable(*self.op_args, **self.op_kwargs)
  File "/opt/airflow/dags/my_dag.py", line 11, in _choose_best_model
    "training_model_C"
  File "/home/airflow/.local/lib/python3.6/site-packages/airflow/utils/session.py", line 70, in wrapper
    return func(*args, session=session, **kwargs)
TypeError: xcom_pull() got an unexpected keyword argument 'task_id'
[2021-08-04 12:00:46,393] {taskinstance.py:1551} INFO - Marking task as FAILED. dag_id=my_dag, task_id=choose_best_model, execution_date=20210803T000000, start_date=20210804T120046, end_date=20210804T120046
[2021-08-04 12:00:46,436] {local_task_job.py:149} INFO - Task exited with return code 1
