[2021-08-04 13:01:32,300] {taskinstance.py:896} INFO - Dependencies all met for <TaskInstance: my_dag.training_model_B 2021-08-04T13:00:31.657682+00:00 [queued]>
[2021-08-04 13:01:32,324] {taskinstance.py:896} INFO - Dependencies all met for <TaskInstance: my_dag.training_model_B 2021-08-04T13:00:31.657682+00:00 [queued]>
[2021-08-04 13:01:32,324] {taskinstance.py:1087} INFO - 
--------------------------------------------------------------------------------
[2021-08-04 13:01:32,324] {taskinstance.py:1088} INFO - Starting attempt 1 of 1
[2021-08-04 13:01:32,324] {taskinstance.py:1089} INFO - 
--------------------------------------------------------------------------------
[2021-08-04 13:01:32,335] {taskinstance.py:1107} INFO - Executing <Task(PythonOperator): training_model_B> on 2021-08-04T13:00:31.657682+00:00
[2021-08-04 13:01:32,339] {standard_task_runner.py:52} INFO - Started process 4853 to run task
[2021-08-04 13:01:32,344] {standard_task_runner.py:76} INFO - Running: ['***', 'tasks', 'run', 'my_dag', 'training_model_B', '2021-08-04T13:00:31.657682+00:00', '--job-id', '134', '--pool', 'default_pool', '--raw', '--subdir', 'DAGS_FOLDER/my_dag.py', '--cfg-path', '/tmp/tmpimdlpy1l', '--error-file', '/tmp/tmpb4b3344z']
[2021-08-04 13:01:32,344] {standard_task_runner.py:77} INFO - Job 134: Subtask training_model_B
[2021-08-04 13:01:32,396] {logging_mixin.py:104} INFO - Running <TaskInstance: my_dag.training_model_B 2021-08-04T13:00:31.657682+00:00 [running]> on host 04479ea62028
[2021-08-04 13:01:32,461] {taskinstance.py:1302} INFO - Exporting the following env vars:
AIRFLOW_CTX_DAG_OWNER=***
AIRFLOW_CTX_DAG_ID=my_dag
AIRFLOW_CTX_TASK_ID=training_model_B
AIRFLOW_CTX_EXECUTION_DATE=2021-08-04T13:00:31.657682+00:00
AIRFLOW_CTX_DAG_RUN_ID=scheduled__2021-08-04T13:00:31.657682+00:00
[2021-08-04 13:01:32,462] {python.py:151} INFO - Done. Returned value was: 6
[2021-08-04 13:01:32,494] {taskinstance.py:1211} INFO - Marking task as SUCCESS. dag_id=my_dag, task_id=training_model_B, execution_date=20210804T130031, start_date=20210804T130132, end_date=20210804T130132
[2021-08-04 13:01:32,525] {taskinstance.py:1265} INFO - 1 downstream tasks scheduled from follow-on schedule check
[2021-08-04 13:01:32,558] {local_task_job.py:149} INFO - Task exited with return code 0
