[2021-08-04 13:29:30,156] {taskinstance.py:896} INFO - Dependencies all met for <TaskInstance: my_dag.training_model_B 2021-08-04T13:29:25.898621+00:00 [queued]>
[2021-08-04 13:29:30,284] {taskinstance.py:896} INFO - Dependencies all met for <TaskInstance: my_dag.training_model_B 2021-08-04T13:29:25.898621+00:00 [queued]>
[2021-08-04 13:29:30,285] {taskinstance.py:1087} INFO - 
--------------------------------------------------------------------------------
[2021-08-04 13:29:30,286] {taskinstance.py:1088} INFO - Starting attempt 1 of 1
[2021-08-04 13:29:30,286] {taskinstance.py:1089} INFO - 
--------------------------------------------------------------------------------
[2021-08-04 13:29:30,354] {taskinstance.py:1107} INFO - Executing <Task(PythonOperator): training_model_B> on 2021-08-04T13:29:25.898621+00:00
[2021-08-04 13:29:30,366] {standard_task_runner.py:52} INFO - Started process 9986 to run task
[2021-08-04 13:29:30,383] {standard_task_runner.py:76} INFO - Running: ['***', 'tasks', 'run', 'my_dag', 'training_model_B', '2021-08-04T13:29:25.898621+00:00', '--job-id', '1481', '--pool', 'default_pool', '--raw', '--subdir', 'DAGS_FOLDER/my_dag.py', '--cfg-path', '/tmp/tmp72z_dcoj', '--error-file', '/tmp/tmp1o40lm6l']
[2021-08-04 13:29:30,383] {standard_task_runner.py:77} INFO - Job 1481: Subtask training_model_B
[2021-08-04 13:29:30,565] {logging_mixin.py:104} INFO - Running <TaskInstance: my_dag.training_model_B 2021-08-04T13:29:25.898621+00:00 [running]> on host 04479ea62028
[2021-08-04 13:29:30,778] {taskinstance.py:1302} INFO - Exporting the following env vars:
AIRFLOW_CTX_DAG_OWNER=***
AIRFLOW_CTX_DAG_ID=my_dag
AIRFLOW_CTX_TASK_ID=training_model_B
AIRFLOW_CTX_EXECUTION_DATE=2021-08-04T13:29:25.898621+00:00
AIRFLOW_CTX_DAG_RUN_ID=scheduled__2021-08-04T13:29:25.898621+00:00
[2021-08-04 13:29:30,779] {python.py:151} INFO - Done. Returned value was: 4
[2021-08-04 13:29:30,902] {taskinstance.py:1211} INFO - Marking task as SUCCESS. dag_id=my_dag, task_id=training_model_B, execution_date=20210804T132925, start_date=20210804T132930, end_date=20210804T132930
[2021-08-04 13:29:31,117] {taskinstance.py:1265} INFO - 0 downstream tasks scheduled from follow-on schedule check
[2021-08-04 13:29:31,154] {local_task_job.py:149} INFO - Task exited with return code 0
