[2021-08-04 14:06:05,885] {taskinstance.py:896} INFO - Dependencies all met for <TaskInstance: my_dag.training_model_A 2021-08-04T14:05:54.460692+00:00 [queued]>
[2021-08-04 14:06:05,910] {taskinstance.py:896} INFO - Dependencies all met for <TaskInstance: my_dag.training_model_A 2021-08-04T14:05:54.460692+00:00 [queued]>
[2021-08-04 14:06:05,910] {taskinstance.py:1087} INFO - 
--------------------------------------------------------------------------------
[2021-08-04 14:06:05,910] {taskinstance.py:1088} INFO - Starting attempt 1 of 1
[2021-08-04 14:06:05,910] {taskinstance.py:1089} INFO - 
--------------------------------------------------------------------------------
[2021-08-04 14:06:05,922] {taskinstance.py:1107} INFO - Executing <Task(PythonOperator): training_model_A> on 2021-08-04T14:05:54.460692+00:00
[2021-08-04 14:06:05,927] {standard_task_runner.py:52} INFO - Started process 2356 to run task
[2021-08-04 14:06:05,933] {standard_task_runner.py:76} INFO - Running: ['***', 'tasks', 'run', 'my_dag', 'training_model_A', '2021-08-04T14:05:54.460692+00:00', '--job-id', '2546', '--pool', 'default_pool', '--raw', '--subdir', 'DAGS_FOLDER/my_dag.py', '--cfg-path', '/tmp/tmpwmv7ae0r', '--error-file', '/tmp/tmp0recl00p']
[2021-08-04 14:06:05,933] {standard_task_runner.py:77} INFO - Job 2546: Subtask training_model_A
[2021-08-04 14:06:05,982] {logging_mixin.py:104} INFO - Running <TaskInstance: my_dag.training_model_A 2021-08-04T14:05:54.460692+00:00 [running]> on host 04479ea62028
[2021-08-04 14:06:06,038] {taskinstance.py:1302} INFO - Exporting the following env vars:
AIRFLOW_CTX_DAG_OWNER=***
AIRFLOW_CTX_DAG_ID=my_dag
AIRFLOW_CTX_TASK_ID=training_model_A
AIRFLOW_CTX_EXECUTION_DATE=2021-08-04T14:05:54.460692+00:00
AIRFLOW_CTX_DAG_RUN_ID=scheduled__2021-08-04T14:05:54.460692+00:00
[2021-08-04 14:06:06,038] {python.py:151} INFO - Done. Returned value was: 5
[2021-08-04 14:06:06,067] {taskinstance.py:1211} INFO - Marking task as SUCCESS. dag_id=my_dag, task_id=training_model_A, execution_date=20210804T140554, start_date=20210804T140605, end_date=20210804T140606
[2021-08-04 14:06:06,109] {taskinstance.py:1265} INFO - 0 downstream tasks scheduled from follow-on schedule check
[2021-08-04 14:06:06,147] {local_task_job.py:149} INFO - Task exited with return code 0
