[2021-08-04 13:28:54,326] {taskinstance.py:896} INFO - Dependencies all met for <TaskInstance: my_dag.training_model_C 2021-08-04T13:28:49.022874+00:00 [queued]>
[2021-08-04 13:28:54,450] {taskinstance.py:896} INFO - Dependencies all met for <TaskInstance: my_dag.training_model_C 2021-08-04T13:28:49.022874+00:00 [queued]>
[2021-08-04 13:28:54,450] {taskinstance.py:1087} INFO - 
--------------------------------------------------------------------------------
[2021-08-04 13:28:54,450] {taskinstance.py:1088} INFO - Starting attempt 1 of 1
[2021-08-04 13:28:54,450] {taskinstance.py:1089} INFO - 
--------------------------------------------------------------------------------
[2021-08-04 13:28:54,473] {taskinstance.py:1107} INFO - Executing <Task(PythonOperator): training_model_C> on 2021-08-04T13:28:49.022874+00:00
[2021-08-04 13:28:54,496] {standard_task_runner.py:76} INFO - Running: ['***', 'tasks', 'run', 'my_dag', 'training_model_C', '2021-08-04T13:28:49.022874+00:00', '--job-id', '1340', '--pool', 'default_pool', '--raw', '--subdir', 'DAGS_FOLDER/my_dag.py', '--cfg-path', '/tmp/tmp8pfgrerk', '--error-file', '/tmp/tmpgbmichwd']
[2021-08-04 13:28:54,497] {standard_task_runner.py:77} INFO - Job 1340: Subtask training_model_C
[2021-08-04 13:28:54,482] {standard_task_runner.py:52} INFO - Started process 9642 to run task
[2021-08-04 13:28:54,696] {logging_mixin.py:104} INFO - Running <TaskInstance: my_dag.training_model_C 2021-08-04T13:28:49.022874+00:00 [running]> on host 04479ea62028
[2021-08-04 13:28:54,998] {taskinstance.py:1302} INFO - Exporting the following env vars:
AIRFLOW_CTX_DAG_OWNER=***
AIRFLOW_CTX_DAG_ID=my_dag
AIRFLOW_CTX_TASK_ID=training_model_C
AIRFLOW_CTX_EXECUTION_DATE=2021-08-04T13:28:49.022874+00:00
AIRFLOW_CTX_DAG_RUN_ID=scheduled__2021-08-04T13:28:49.022874+00:00
[2021-08-04 13:28:54,999] {python.py:151} INFO - Done. Returned value was: 1
[2021-08-04 13:28:55,171] {taskinstance.py:1211} INFO - Marking task as SUCCESS. dag_id=my_dag, task_id=training_model_C, execution_date=20210804T132849, start_date=20210804T132854, end_date=20210804T132855
[2021-08-04 13:28:55,306] {taskinstance.py:1265} INFO - 0 downstream tasks scheduled from follow-on schedule check
[2021-08-04 13:28:55,354] {local_task_job.py:149} INFO - Task exited with return code 0
