[2021-08-04 14:47:51,248] {taskinstance.py:896} INFO - Dependencies all met for <TaskInstance: my_dag.inaccurate 2021-08-04T14:47:37.958228+00:00 [queued]>
[2021-08-04 14:47:51,264] {taskinstance.py:896} INFO - Dependencies all met for <TaskInstance: my_dag.inaccurate 2021-08-04T14:47:37.958228+00:00 [queued]>
[2021-08-04 14:47:51,264] {taskinstance.py:1087} INFO - 
--------------------------------------------------------------------------------
[2021-08-04 14:47:51,265] {taskinstance.py:1088} INFO - Starting attempt 1 of 1
[2021-08-04 14:47:51,265] {taskinstance.py:1089} INFO - 
--------------------------------------------------------------------------------
[2021-08-04 14:47:51,281] {taskinstance.py:1107} INFO - Executing <Task(BashOperator): inaccurate> on 2021-08-04T14:47:37.958228+00:00
[2021-08-04 14:47:51,286] {standard_task_runner.py:52} INFO - Started process 2324 to run task
[2021-08-04 14:47:51,290] {standard_task_runner.py:76} INFO - Running: ['***', 'tasks', 'run', 'my_dag', 'inaccurate', '2021-08-04T14:47:37.958228+00:00', '--job-id', '3087', '--pool', 'default_pool', '--raw', '--subdir', 'DAGS_FOLDER/my_dag.py', '--cfg-path', '/tmp/tmpwx7kk82d', '--error-file', '/tmp/tmpiqqhxqje']
[2021-08-04 14:47:51,290] {standard_task_runner.py:77} INFO - Job 3087: Subtask inaccurate
[2021-08-04 14:47:51,333] {logging_mixin.py:104} INFO - Running <TaskInstance: my_dag.inaccurate 2021-08-04T14:47:37.958228+00:00 [running]> on host 04479ea62028
[2021-08-04 14:47:51,385] {taskinstance.py:1302} INFO - Exporting the following env vars:
AIRFLOW_CTX_DAG_OWNER=***
AIRFLOW_CTX_DAG_ID=my_dag
AIRFLOW_CTX_TASK_ID=inaccurate
AIRFLOW_CTX_EXECUTION_DATE=2021-08-04T14:47:37.958228+00:00
AIRFLOW_CTX_DAG_RUN_ID=scheduled__2021-08-04T14:47:37.958228+00:00
[2021-08-04 14:47:51,386] {subprocess.py:52} INFO - Tmp dir root location: 
 /tmp
[2021-08-04 14:47:51,386] {subprocess.py:63} INFO - Running command: ['bash', '-c', "echo 'inaccurate'"]
[2021-08-04 14:47:51,397] {subprocess.py:74} INFO - Output:
[2021-08-04 14:47:51,398] {subprocess.py:78} INFO - inaccurate
[2021-08-04 14:47:51,398] {subprocess.py:82} INFO - Command exited with return code 0
[2021-08-04 14:47:51,430] {taskinstance.py:1211} INFO - Marking task as SUCCESS. dag_id=my_dag, task_id=inaccurate, execution_date=20210804T144737, start_date=20210804T144751, end_date=20210804T144751
[2021-08-04 14:47:51,456] {taskinstance.py:1265} INFO - 0 downstream tasks scheduled from follow-on schedule check
[2021-08-04 14:47:51,463] {local_task_job.py:149} INFO - Task exited with return code 0
