[2021-08-04 14:33:10,177] {taskinstance.py:896} INFO - Dependencies all met for <TaskInstance: my_dag.choose_best_model 2021-08-04T14:08:54.460692+00:00 [queued]>
[2021-08-04 14:33:10,313] {taskinstance.py:896} INFO - Dependencies all met for <TaskInstance: my_dag.choose_best_model 2021-08-04T14:08:54.460692+00:00 [queued]>
[2021-08-04 14:33:10,313] {taskinstance.py:1087} INFO - 
--------------------------------------------------------------------------------
[2021-08-04 14:33:10,313] {taskinstance.py:1088} INFO - Starting attempt 1 of 1
[2021-08-04 14:33:10,313] {taskinstance.py:1089} INFO - 
--------------------------------------------------------------------------------
[2021-08-04 14:33:10,378] {taskinstance.py:1107} INFO - Executing <Task(BranchPythonOperator): choose_best_model> on 2021-08-04T14:08:54.460692+00:00
[2021-08-04 14:33:10,393] {standard_task_runner.py:76} INFO - Running: ['***', 'tasks', 'run', 'my_dag', 'choose_best_model', '2021-08-04T14:08:54.460692+00:00', '--job-id', '2632', '--pool', 'default_pool', '--raw', '--subdir', 'DAGS_FOLDER/my_dag.py', '--cfg-path', '/tmp/tmpfa61wryw', '--error-file', '/tmp/tmplfuk117a']
[2021-08-04 14:33:10,396] {standard_task_runner.py:77} INFO - Job 2632: Subtask choose_best_model
[2021-08-04 14:33:10,389] {standard_task_runner.py:52} INFO - Started process 138 to run task
[2021-08-04 14:33:10,729] {logging_mixin.py:104} INFO - Running <TaskInstance: my_dag.choose_best_model 2021-08-04T14:08:54.460692+00:00 [running]> on host 04479ea62028
[2021-08-04 14:33:11,214] {taskinstance.py:1302} INFO - Exporting the following env vars:
AIRFLOW_CTX_DAG_OWNER=***
AIRFLOW_CTX_DAG_ID=my_dag
AIRFLOW_CTX_TASK_ID=choose_best_model
AIRFLOW_CTX_EXECUTION_DATE=2021-08-04T14:08:54.460692+00:00
AIRFLOW_CTX_DAG_RUN_ID=scheduled__2021-08-04T14:08:54.460692+00:00
[2021-08-04 14:33:11,281] {python.py:151} INFO - Done. Returned value was: accurate
[2021-08-04 14:33:11,282] {skipmixin.py:124} INFO - Following branch accurate
[2021-08-04 14:33:11,388] {skipmixin.py:155} INFO - Skipping tasks ['inaccurate', 'value_5']
[2021-08-04 14:33:11,731] {taskinstance.py:1211} INFO - Marking task as SUCCESS. dag_id=my_dag, task_id=choose_best_model, execution_date=20210804T140854, start_date=20210804T143310, end_date=20210804T143311
[2021-08-04 14:33:12,034] {taskinstance.py:1265} INFO - 0 downstream tasks scheduled from follow-on schedule check
[2021-08-04 14:33:12,078] {local_task_job.py:149} INFO - Task exited with return code 0
