[2021-08-04 12:23:31,359] {taskinstance.py:896} INFO - Dependencies all met for <TaskInstance: my_dag.training_model_A 2021-08-04T12:23:30.179599+00:00 [queued]>
[2021-08-04 12:23:31,376] {taskinstance.py:896} INFO - Dependencies all met for <TaskInstance: my_dag.training_model_A 2021-08-04T12:23:30.179599+00:00 [queued]>
[2021-08-04 12:23:31,376] {taskinstance.py:1087} INFO - 
--------------------------------------------------------------------------------
[2021-08-04 12:23:31,376] {taskinstance.py:1088} INFO - Starting attempt 1 of 1
[2021-08-04 12:23:31,376] {taskinstance.py:1089} INFO - 
--------------------------------------------------------------------------------
[2021-08-04 12:23:31,386] {taskinstance.py:1107} INFO - Executing <Task(PythonOperator): training_model_A> on 2021-08-04T12:23:30.179599+00:00
[2021-08-04 12:23:31,390] {standard_task_runner.py:52} INFO - Started process 1442 to run task
[2021-08-04 12:23:31,395] {standard_task_runner.py:76} INFO - Running: ['***', 'tasks', 'run', 'my_dag', 'training_model_A', '2021-08-04T12:23:30.179599+00:00', '--job-id', '8', '--pool', 'default_pool', '--raw', '--subdir', 'DAGS_FOLDER/my_dag.py', '--cfg-path', '/tmp/tmpymaxsqu3', '--error-file', '/tmp/tmpttvpfrys']
[2021-08-04 12:23:31,396] {standard_task_runner.py:77} INFO - Job 8: Subtask training_model_A
[2021-08-04 12:23:31,437] {logging_mixin.py:104} INFO - Running <TaskInstance: my_dag.training_model_A 2021-08-04T12:23:30.179599+00:00 [running]> on host 04479ea62028
[2021-08-04 12:23:31,494] {taskinstance.py:1302} INFO - Exporting the following env vars:
AIRFLOW_CTX_DAG_OWNER=***
AIRFLOW_CTX_DAG_ID=my_dag
AIRFLOW_CTX_TASK_ID=training_model_A
AIRFLOW_CTX_EXECUTION_DATE=2021-08-04T12:23:30.179599+00:00
AIRFLOW_CTX_DAG_RUN_ID=manual__2021-08-04T12:23:30.179599+00:00
[2021-08-04 12:23:31,495] {python.py:151} INFO - Done. Returned value was: 8
[2021-08-04 12:23:31,525] {taskinstance.py:1211} INFO - Marking task as SUCCESS. dag_id=my_dag, task_id=training_model_A, execution_date=20210804T122330, start_date=20210804T122331, end_date=20210804T122331
[2021-08-04 12:23:31,570] {taskinstance.py:1265} INFO - 1 downstream tasks scheduled from follow-on schedule check
[2021-08-04 12:23:31,609] {local_task_job.py:149} INFO - Task exited with return code 0
