[2021-08-04 13:29:23,706] {taskinstance.py:896} INFO - Dependencies all met for <TaskInstance: my_dag.accurate 2021-08-04T13:29:10.373407+00:00 [queued]>
[2021-08-04 13:29:23,812] {taskinstance.py:896} INFO - Dependencies all met for <TaskInstance: my_dag.accurate 2021-08-04T13:29:10.373407+00:00 [queued]>
[2021-08-04 13:29:23,812] {taskinstance.py:1087} INFO - 
--------------------------------------------------------------------------------
[2021-08-04 13:29:23,812] {taskinstance.py:1088} INFO - Starting attempt 1 of 1
[2021-08-04 13:29:23,812] {taskinstance.py:1089} INFO - 
--------------------------------------------------------------------------------
[2021-08-04 13:29:23,829] {taskinstance.py:1107} INFO - Executing <Task(BashOperator): accurate> on 2021-08-04T13:29:10.373407+00:00
[2021-08-04 13:29:23,837] {standard_task_runner.py:52} INFO - Started process 9921 to run task
[2021-08-04 13:29:23,848] {standard_task_runner.py:76} INFO - Running: ['***', 'tasks', 'run', 'my_dag', 'accurate', '2021-08-04T13:29:10.373407+00:00', '--job-id', '1456', '--pool', 'default_pool', '--raw', '--subdir', 'DAGS_FOLDER/my_dag.py', '--cfg-path', '/tmp/tmpgqd200n1', '--error-file', '/tmp/tmpp8on1r1k']
[2021-08-04 13:29:23,850] {standard_task_runner.py:77} INFO - Job 1456: Subtask accurate
[2021-08-04 13:29:23,924] {logging_mixin.py:104} INFO - Running <TaskInstance: my_dag.accurate 2021-08-04T13:29:10.373407+00:00 [running]> on host 04479ea62028
[2021-08-04 13:29:24,283] {taskinstance.py:1302} INFO - Exporting the following env vars:
AIRFLOW_CTX_DAG_OWNER=***
AIRFLOW_CTX_DAG_ID=my_dag
AIRFLOW_CTX_TASK_ID=accurate
AIRFLOW_CTX_EXECUTION_DATE=2021-08-04T13:29:10.373407+00:00
AIRFLOW_CTX_DAG_RUN_ID=scheduled__2021-08-04T13:29:10.373407+00:00
[2021-08-04 13:29:24,284] {subprocess.py:52} INFO - Tmp dir root location: 
 /tmp
[2021-08-04 13:29:24,285] {subprocess.py:63} INFO - Running command: ['bash', '-c', "echo 'accurate'"]
[2021-08-04 13:29:24,331] {subprocess.py:74} INFO - Output:
[2021-08-04 13:29:24,334] {subprocess.py:78} INFO - accurate
[2021-08-04 13:29:24,335] {subprocess.py:82} INFO - Command exited with return code 0
[2021-08-04 13:29:24,514] {taskinstance.py:1211} INFO - Marking task as SUCCESS. dag_id=my_dag, task_id=accurate, execution_date=20210804T132910, start_date=20210804T132923, end_date=20210804T132924
[2021-08-04 13:29:24,678] {taskinstance.py:1265} INFO - 0 downstream tasks scheduled from follow-on schedule check
[2021-08-04 13:29:24,750] {local_task_job.py:149} INFO - Task exited with return code 0
