[2021-08-04 14:36:38,554] {taskinstance.py:896} INFO - Dependencies all met for <TaskInstance: my_dag.training_model_B 2021-08-04T14:36:27.052207+00:00 [queued]>
[2021-08-04 14:36:38,566] {taskinstance.py:896} INFO - Dependencies all met for <TaskInstance: my_dag.training_model_B 2021-08-04T14:36:27.052207+00:00 [queued]>
[2021-08-04 14:36:38,567] {taskinstance.py:1087} INFO - 
--------------------------------------------------------------------------------
[2021-08-04 14:36:38,567] {taskinstance.py:1088} INFO - Starting attempt 1 of 1
[2021-08-04 14:36:38,567] {taskinstance.py:1089} INFO - 
--------------------------------------------------------------------------------
[2021-08-04 14:36:38,583] {taskinstance.py:1107} INFO - Executing <Task(PythonOperator): training_model_B> on 2021-08-04T14:36:27.052207+00:00
[2021-08-04 14:36:38,588] {standard_task_runner.py:52} INFO - Started process 670 to run task
[2021-08-04 14:36:38,592] {standard_task_runner.py:76} INFO - Running: ['***', 'tasks', 'run', 'my_dag', 'training_model_B', '2021-08-04T14:36:27.052207+00:00', '--job-id', '2750', '--pool', 'default_pool', '--raw', '--subdir', 'DAGS_FOLDER/my_dag.py', '--cfg-path', '/tmp/tmprthgr95e', '--error-file', '/tmp/tmpj8_nkb6g']
[2021-08-04 14:36:38,592] {standard_task_runner.py:77} INFO - Job 2750: Subtask training_model_B
[2021-08-04 14:36:38,637] {logging_mixin.py:104} INFO - Running <TaskInstance: my_dag.training_model_B 2021-08-04T14:36:27.052207+00:00 [running]> on host 04479ea62028
[2021-08-04 14:36:38,732] {taskinstance.py:1302} INFO - Exporting the following env vars:
AIRFLOW_CTX_DAG_OWNER=***
AIRFLOW_CTX_DAG_ID=my_dag
AIRFLOW_CTX_TASK_ID=training_model_B
AIRFLOW_CTX_EXECUTION_DATE=2021-08-04T14:36:27.052207+00:00
AIRFLOW_CTX_DAG_RUN_ID=scheduled__2021-08-04T14:36:27.052207+00:00
[2021-08-04 14:36:38,733] {python.py:151} INFO - Done. Returned value was: 9
[2021-08-04 14:36:38,760] {taskinstance.py:1211} INFO - Marking task as SUCCESS. dag_id=my_dag, task_id=training_model_B, execution_date=20210804T143627, start_date=20210804T143638, end_date=20210804T143638
[2021-08-04 14:36:38,793] {taskinstance.py:1265} INFO - 1 downstream tasks scheduled from follow-on schedule check
[2021-08-04 14:36:38,806] {local_task_job.py:149} INFO - Task exited with return code 0
