[2021-08-04 13:24:46,970] {taskinstance.py:896} INFO - Dependencies all met for <TaskInstance: my_dag.training_model_A 2021-08-04T13:24:42.409445+00:00 [queued]>
[2021-08-04 13:24:47,093] {taskinstance.py:896} INFO - Dependencies all met for <TaskInstance: my_dag.training_model_A 2021-08-04T13:24:42.409445+00:00 [queued]>
[2021-08-04 13:24:47,094] {taskinstance.py:1087} INFO - 
--------------------------------------------------------------------------------
[2021-08-04 13:24:47,094] {taskinstance.py:1088} INFO - Starting attempt 1 of 1
[2021-08-04 13:24:47,094] {taskinstance.py:1089} INFO - 
--------------------------------------------------------------------------------
[2021-08-04 13:24:47,112] {taskinstance.py:1107} INFO - Executing <Task(PythonOperator): training_model_A> on 2021-08-04T13:24:42.409445+00:00
[2021-08-04 13:24:47,121] {standard_task_runner.py:52} INFO - Started process 7407 to run task
[2021-08-04 13:24:47,137] {standard_task_runner.py:76} INFO - Running: ['***', 'tasks', 'run', 'my_dag', 'training_model_A', '2021-08-04T13:24:42.409445+00:00', '--job-id', '425', '--pool', 'default_pool', '--raw', '--subdir', 'DAGS_FOLDER/my_dag.py', '--cfg-path', '/tmp/tmp1lv4o4v1', '--error-file', '/tmp/tmpb1o2tkfz']
[2021-08-04 13:24:47,180] {standard_task_runner.py:77} INFO - Job 425: Subtask training_model_A
[2021-08-04 13:24:47,384] {logging_mixin.py:104} INFO - Running <TaskInstance: my_dag.training_model_A 2021-08-04T13:24:42.409445+00:00 [running]> on host 04479ea62028
[2021-08-04 13:24:47,701] {taskinstance.py:1302} INFO - Exporting the following env vars:
AIRFLOW_CTX_DAG_OWNER=***
AIRFLOW_CTX_DAG_ID=my_dag
AIRFLOW_CTX_TASK_ID=training_model_A
AIRFLOW_CTX_EXECUTION_DATE=2021-08-04T13:24:42.409445+00:00
AIRFLOW_CTX_DAG_RUN_ID=scheduled__2021-08-04T13:24:42.409445+00:00
[2021-08-04 13:24:47,702] {python.py:151} INFO - Done. Returned value was: 10
[2021-08-04 13:24:47,870] {taskinstance.py:1211} INFO - Marking task as SUCCESS. dag_id=my_dag, task_id=training_model_A, execution_date=20210804T132442, start_date=20210804T132446, end_date=20210804T132447
[2021-08-04 13:24:48,040] {taskinstance.py:1265} INFO - 1 downstream tasks scheduled from follow-on schedule check
[2021-08-04 13:24:48,073] {local_task_job.py:149} INFO - Task exited with return code 0
