[2021-08-04 12:47:32,368] {taskinstance.py:896} INFO - Dependencies all met for <TaskInstance: my_dag.training_model_C 2021-08-04T12:46:31.461355+00:00 [queued]>
[2021-08-04 12:47:32,389] {taskinstance.py:896} INFO - Dependencies all met for <TaskInstance: my_dag.training_model_C 2021-08-04T12:46:31.461355+00:00 [queued]>
[2021-08-04 12:47:32,389] {taskinstance.py:1087} INFO - 
--------------------------------------------------------------------------------
[2021-08-04 12:47:32,390] {taskinstance.py:1088} INFO - Starting attempt 1 of 1
[2021-08-04 12:47:32,390] {taskinstance.py:1089} INFO - 
--------------------------------------------------------------------------------
[2021-08-04 12:47:32,403] {taskinstance.py:1107} INFO - Executing <Task(PythonOperator): training_model_C> on 2021-08-04T12:46:31.461355+00:00
[2021-08-04 12:47:32,412] {standard_task_runner.py:76} INFO - Running: ['***', 'tasks', 'run', 'my_dag', 'training_model_C', '2021-08-04T12:46:31.461355+00:00', '--job-id', '62', '--pool', 'default_pool', '--raw', '--subdir', 'DAGS_FOLDER/my_dag.py', '--cfg-path', '/tmp/tmp8hd2up5e', '--error-file', '/tmp/tmpfn9rl8pm']
[2021-08-04 12:47:32,408] {standard_task_runner.py:52} INFO - Started process 3543 to run task
[2021-08-04 12:47:32,413] {standard_task_runner.py:77} INFO - Job 62: Subtask training_model_C
[2021-08-04 12:47:32,464] {logging_mixin.py:104} INFO - Running <TaskInstance: my_dag.training_model_C 2021-08-04T12:46:31.461355+00:00 [running]> on host 04479ea62028
[2021-08-04 12:47:32,523] {taskinstance.py:1302} INFO - Exporting the following env vars:
AIRFLOW_CTX_DAG_OWNER=***
AIRFLOW_CTX_DAG_ID=my_dag
AIRFLOW_CTX_TASK_ID=training_model_C
AIRFLOW_CTX_EXECUTION_DATE=2021-08-04T12:46:31.461355+00:00
AIRFLOW_CTX_DAG_RUN_ID=scheduled__2021-08-04T12:46:31.461355+00:00
[2021-08-04 12:47:32,523] {python.py:151} INFO - Done. Returned value was: 8
[2021-08-04 12:47:32,550] {taskinstance.py:1211} INFO - Marking task as SUCCESS. dag_id=my_dag, task_id=training_model_C, execution_date=20210804T124631, start_date=20210804T124732, end_date=20210804T124732
[2021-08-04 12:47:32,596] {taskinstance.py:1265} INFO - 0 downstream tasks scheduled from follow-on schedule check
[2021-08-04 12:47:32,626] {local_task_job.py:149} INFO - Task exited with return code 0
