[2021-08-04 13:27:04,599] {taskinstance.py:896} INFO - Dependencies all met for <TaskInstance: my_dag.training_model_C 2021-08-04T13:26:59.427840+00:00 [queued]>
[2021-08-04 13:27:04,751] {taskinstance.py:896} INFO - Dependencies all met for <TaskInstance: my_dag.training_model_C 2021-08-04T13:26:59.427840+00:00 [queued]>
[2021-08-04 13:27:04,751] {taskinstance.py:1087} INFO - 
--------------------------------------------------------------------------------
[2021-08-04 13:27:04,751] {taskinstance.py:1088} INFO - Starting attempt 1 of 1
[2021-08-04 13:27:04,751] {taskinstance.py:1089} INFO - 
--------------------------------------------------------------------------------
[2021-08-04 13:27:04,853] {taskinstance.py:1107} INFO - Executing <Task(PythonOperator): training_model_C> on 2021-08-04T13:26:59.427840+00:00
[2021-08-04 13:27:04,931] {standard_task_runner.py:52} INFO - Started process 8670 to run task
[2021-08-04 13:27:05,044] {standard_task_runner.py:76} INFO - Running: ['***', 'tasks', 'run', 'my_dag', 'training_model_C', '2021-08-04T13:26:59.427840+00:00', '--job-id', '941', '--pool', 'default_pool', '--raw', '--subdir', 'DAGS_FOLDER/my_dag.py', '--cfg-path', '/tmp/tmp1zm_wlai', '--error-file', '/tmp/tmplry54r6_']
[2021-08-04 13:27:05,045] {standard_task_runner.py:77} INFO - Job 941: Subtask training_model_C
[2021-08-04 13:27:05,474] {logging_mixin.py:104} INFO - Running <TaskInstance: my_dag.training_model_C 2021-08-04T13:26:59.427840+00:00 [running]> on host 04479ea62028
[2021-08-04 13:27:05,910] {taskinstance.py:1302} INFO - Exporting the following env vars:
AIRFLOW_CTX_DAG_OWNER=***
AIRFLOW_CTX_DAG_ID=my_dag
AIRFLOW_CTX_TASK_ID=training_model_C
AIRFLOW_CTX_EXECUTION_DATE=2021-08-04T13:26:59.427840+00:00
AIRFLOW_CTX_DAG_RUN_ID=scheduled__2021-08-04T13:26:59.427840+00:00
[2021-08-04 13:27:05,911] {python.py:151} INFO - Done. Returned value was: 7
[2021-08-04 13:27:06,070] {taskinstance.py:1211} INFO - Marking task as SUCCESS. dag_id=my_dag, task_id=training_model_C, execution_date=20210804T132659, start_date=20210804T132704, end_date=20210804T132706
[2021-08-04 13:27:06,200] {taskinstance.py:1265} INFO - 0 downstream tasks scheduled from follow-on schedule check
[2021-08-04 13:27:06,245] {local_task_job.py:149} INFO - Task exited with return code 0
