[2021-08-04 14:04:16,805] {taskinstance.py:896} INFO - Dependencies all met for <TaskInstance: my_dag.choose_best_model 2021-08-04T14:04:04.460692+00:00 [queued]>
[2021-08-04 14:04:16,823] {taskinstance.py:896} INFO - Dependencies all met for <TaskInstance: my_dag.choose_best_model 2021-08-04T14:04:04.460692+00:00 [queued]>
[2021-08-04 14:04:16,824] {taskinstance.py:1087} INFO - 
--------------------------------------------------------------------------------
[2021-08-04 14:04:16,824] {taskinstance.py:1088} INFO - Starting attempt 1 of 1
[2021-08-04 14:04:16,824] {taskinstance.py:1089} INFO - 
--------------------------------------------------------------------------------
[2021-08-04 14:04:16,834] {taskinstance.py:1107} INFO - Executing <Task(BranchPythonOperator): choose_best_model> on 2021-08-04T14:04:04.460692+00:00
[2021-08-04 14:04:16,842] {standard_task_runner.py:76} INFO - Running: ['***', 'tasks', 'run', 'my_dag', 'choose_best_model', '2021-08-04T14:04:04.460692+00:00', '--job-id', '2492', '--pool', 'default_pool', '--raw', '--subdir', 'DAGS_FOLDER/my_dag.py', '--cfg-path', '/tmp/tmpaqn3q_ev', '--error-file', '/tmp/tmpfze20x8g']
[2021-08-04 14:04:16,842] {standard_task_runner.py:77} INFO - Job 2492: Subtask choose_best_model
[2021-08-04 14:04:16,838] {standard_task_runner.py:52} INFO - Started process 2082 to run task
[2021-08-04 14:04:16,880] {logging_mixin.py:104} INFO - Running <TaskInstance: my_dag.choose_best_model 2021-08-04T14:04:04.460692+00:00 [running]> on host 04479ea62028
[2021-08-04 14:04:16,932] {taskinstance.py:1302} INFO - Exporting the following env vars:
AIRFLOW_CTX_DAG_OWNER=***
AIRFLOW_CTX_DAG_ID=my_dag
AIRFLOW_CTX_TASK_ID=choose_best_model
AIRFLOW_CTX_EXECUTION_DATE=2021-08-04T14:04:04.460692+00:00
AIRFLOW_CTX_DAG_RUN_ID=scheduled__2021-08-04T14:04:04.460692+00:00
[2021-08-04 14:04:16,942] {python.py:151} INFO - Done. Returned value was: inaccurate
[2021-08-04 14:04:16,942] {skipmixin.py:124} INFO - Following branch inaccurate
[2021-08-04 14:04:16,949] {skipmixin.py:155} INFO - Skipping tasks ['accurate']
[2021-08-04 14:04:16,992] {taskinstance.py:1211} INFO - Marking task as SUCCESS. dag_id=my_dag, task_id=choose_best_model, execution_date=20210804T140404, start_date=20210804T140416, end_date=20210804T140416
[2021-08-04 14:04:17,021] {taskinstance.py:1265} INFO - 1 downstream tasks scheduled from follow-on schedule check
[2021-08-04 14:04:17,056] {local_task_job.py:149} INFO - Task exited with return code 0
