[2021-08-04 14:54:09,473] {taskinstance.py:896} INFO - Dependencies all met for <TaskInstance: my_dag.training_model_B 2021-08-04T14:53:58.139141+00:00 [queued]>
[2021-08-04 14:54:09,489] {taskinstance.py:896} INFO - Dependencies all met for <TaskInstance: my_dag.training_model_B 2021-08-04T14:53:58.139141+00:00 [queued]>
[2021-08-04 14:54:09,489] {taskinstance.py:1087} INFO - 
--------------------------------------------------------------------------------
[2021-08-04 14:54:09,489] {taskinstance.py:1088} INFO - Starting attempt 1 of 1
[2021-08-04 14:54:09,493] {taskinstance.py:1089} INFO - 
--------------------------------------------------------------------------------
[2021-08-04 14:54:09,568] {taskinstance.py:1107} INFO - Executing <Task(PythonOperator): training_model_B> on 2021-08-04T14:53:58.139141+00:00
[2021-08-04 14:54:09,572] {standard_task_runner.py:52} INFO - Started process 3245 to run task
[2021-08-04 14:54:09,576] {standard_task_runner.py:76} INFO - Running: ['***', 'tasks', 'run', 'my_dag', 'training_model_B', '2021-08-04T14:53:58.139141+00:00', '--job-id', '3275', '--pool', 'default_pool', '--raw', '--subdir', 'DAGS_FOLDER/my_dag.py', '--cfg-path', '/tmp/tmpjz38_0as', '--error-file', '/tmp/tmp_5g2gb21']
[2021-08-04 14:54:09,577] {standard_task_runner.py:77} INFO - Job 3275: Subtask training_model_B
[2021-08-04 14:54:09,634] {logging_mixin.py:104} INFO - Running <TaskInstance: my_dag.training_model_B 2021-08-04T14:53:58.139141+00:00 [running]> on host 04479ea62028
[2021-08-04 14:54:09,705] {taskinstance.py:1302} INFO - Exporting the following env vars:
AIRFLOW_CTX_DAG_OWNER=***
AIRFLOW_CTX_DAG_ID=my_dag
AIRFLOW_CTX_TASK_ID=training_model_B
AIRFLOW_CTX_EXECUTION_DATE=2021-08-04T14:53:58.139141+00:00
AIRFLOW_CTX_DAG_RUN_ID=scheduled__2021-08-04T14:53:58.139141+00:00
[2021-08-04 14:54:09,706] {python.py:151} INFO - Done. Returned value was: 7
[2021-08-04 14:54:09,750] {taskinstance.py:1211} INFO - Marking task as SUCCESS. dag_id=my_dag, task_id=training_model_B, execution_date=20210804T145358, start_date=20210804T145409, end_date=20210804T145409
[2021-08-04 14:54:09,844] {taskinstance.py:1265} INFO - 1 downstream tasks scheduled from follow-on schedule check
[2021-08-04 14:54:09,878] {local_task_job.py:149} INFO - Task exited with return code 0
