[2021-08-04 12:44:13,779] {taskinstance.py:896} INFO - Dependencies all met for <TaskInstance: my_dag.inaccurate 2021-08-04T12:39:09.326880+00:00 [queued]>
[2021-08-04 12:44:13,801] {taskinstance.py:896} INFO - Dependencies all met for <TaskInstance: my_dag.inaccurate 2021-08-04T12:39:09.326880+00:00 [queued]>
[2021-08-04 12:44:13,802] {taskinstance.py:1087} INFO - 
--------------------------------------------------------------------------------
[2021-08-04 12:44:13,802] {taskinstance.py:1088} INFO - Starting attempt 1 of 1
[2021-08-04 12:44:13,802] {taskinstance.py:1089} INFO - 
--------------------------------------------------------------------------------
[2021-08-04 12:44:13,815] {taskinstance.py:1107} INFO - Executing <Task(BashOperator): inaccurate> on 2021-08-04T12:39:09.326880+00:00
[2021-08-04 12:44:13,826] {standard_task_runner.py:76} INFO - Running: ['***', 'tasks', 'run', 'my_dag', 'inaccurate', '2021-08-04T12:39:09.326880+00:00', '--job-id', '46', '--pool', 'default_pool', '--raw', '--subdir', 'DAGS_FOLDER/my_dag.py', '--cfg-path', '/tmp/tmp8ssj3qb6', '--error-file', '/tmp/tmpjri8z_xn']
[2021-08-04 12:44:13,820] {standard_task_runner.py:52} INFO - Started process 3227 to run task
[2021-08-04 12:44:13,827] {standard_task_runner.py:77} INFO - Job 46: Subtask inaccurate
[2021-08-04 12:44:13,910] {logging_mixin.py:104} INFO - Running <TaskInstance: my_dag.inaccurate 2021-08-04T12:39:09.326880+00:00 [running]> on host 04479ea62028
[2021-08-04 12:44:13,976] {taskinstance.py:1302} INFO - Exporting the following env vars:
AIRFLOW_CTX_DAG_OWNER=***
AIRFLOW_CTX_DAG_ID=my_dag
AIRFLOW_CTX_TASK_ID=inaccurate
AIRFLOW_CTX_EXECUTION_DATE=2021-08-04T12:39:09.326880+00:00
AIRFLOW_CTX_DAG_RUN_ID=scheduled__2021-08-04T12:39:09.326880+00:00
[2021-08-04 12:44:13,978] {subprocess.py:52} INFO - Tmp dir root location: 
 /tmp
[2021-08-04 12:44:13,979] {subprocess.py:63} INFO - Running command: ['bash', '-c', " echo 'inaccurate'"]
[2021-08-04 12:44:13,988] {subprocess.py:74} INFO - Output:
[2021-08-04 12:44:13,991] {subprocess.py:78} INFO - inaccurate
[2021-08-04 12:44:13,991] {subprocess.py:82} INFO - Command exited with return code 0
[2021-08-04 12:44:14,026] {taskinstance.py:1211} INFO - Marking task as SUCCESS. dag_id=my_dag, task_id=inaccurate, execution_date=20210804T123909, start_date=20210804T124413, end_date=20210804T124414
[2021-08-04 12:44:14,056] {taskinstance.py:1265} INFO - 0 downstream tasks scheduled from follow-on schedule check
[2021-08-04 12:44:14,099] {local_task_job.py:149} INFO - Task exited with return code 0
