[2021-08-04 13:51:09,354] {taskinstance.py:896} INFO - Dependencies all met for <TaskInstance: my_dag.choose_best_model 2021-08-04T13:41:46.815174+00:00 [queued]>
[2021-08-04 13:51:09,609] {taskinstance.py:896} INFO - Dependencies all met for <TaskInstance: my_dag.choose_best_model 2021-08-04T13:41:46.815174+00:00 [queued]>
[2021-08-04 13:51:09,609] {taskinstance.py:1087} INFO - 
--------------------------------------------------------------------------------
[2021-08-04 13:51:09,610] {taskinstance.py:1088} INFO - Starting attempt 1 of 1
[2021-08-04 13:51:09,610] {taskinstance.py:1089} INFO - 
--------------------------------------------------------------------------------
[2021-08-04 13:51:09,669] {taskinstance.py:1107} INFO - Executing <Task(BranchPythonOperator): choose_best_model> on 2021-08-04T13:41:46.815174+00:00
[2021-08-04 13:51:09,706] {standard_task_runner.py:76} INFO - Running: ['***', 'tasks', 'run', 'my_dag', 'choose_best_model', '2021-08-04T13:41:46.815174+00:00', '--job-id', '2097', '--pool', 'default_pool', '--raw', '--subdir', 'DAGS_FOLDER/my_dag.py', '--cfg-path', '/tmp/tmpn11721a4', '--error-file', '/tmp/tmpuupk73vx']
[2021-08-04 13:51:09,707] {standard_task_runner.py:77} INFO - Job 2097: Subtask choose_best_model
[2021-08-04 13:51:09,692] {standard_task_runner.py:52} INFO - Started process 143 to run task
[2021-08-04 13:51:10,245] {logging_mixin.py:104} INFO - Running <TaskInstance: my_dag.choose_best_model 2021-08-04T13:41:46.815174+00:00 [running]> on host 04479ea62028
[2021-08-04 13:51:10,761] {taskinstance.py:1302} INFO - Exporting the following env vars:
AIRFLOW_CTX_DAG_OWNER=***
AIRFLOW_CTX_DAG_ID=my_dag
AIRFLOW_CTX_TASK_ID=choose_best_model
AIRFLOW_CTX_EXECUTION_DATE=2021-08-04T13:41:46.815174+00:00
AIRFLOW_CTX_DAG_RUN_ID=scheduled__2021-08-04T13:41:46.815174+00:00
[2021-08-04 13:51:10,831] {python.py:151} INFO - Done. Returned value was: accurate
[2021-08-04 13:51:10,832] {skipmixin.py:124} INFO - Following branch accurate
[2021-08-04 13:51:10,858] {skipmixin.py:155} INFO - Skipping tasks ['inaccurate']
[2021-08-04 13:51:11,185] {taskinstance.py:1211} INFO - Marking task as SUCCESS. dag_id=my_dag, task_id=choose_best_model, execution_date=20210804T134146, start_date=20210804T135109, end_date=20210804T135111
[2021-08-04 13:51:11,398] {taskinstance.py:1265} INFO - 1 downstream tasks scheduled from follow-on schedule check
[2021-08-04 13:51:11,462] {local_task_job.py:149} INFO - Task exited with return code 0
