[2021-08-04 14:41:20,189] {taskinstance.py:896} INFO - Dependencies all met for <TaskInstance: my_dag.choose_best_model 2021-08-04T14:41:07.634907+00:00 [queued]>
[2021-08-04 14:41:20,203] {taskinstance.py:896} INFO - Dependencies all met for <TaskInstance: my_dag.choose_best_model 2021-08-04T14:41:07.634907+00:00 [queued]>
[2021-08-04 14:41:20,203] {taskinstance.py:1087} INFO - 
--------------------------------------------------------------------------------
[2021-08-04 14:41:20,203] {taskinstance.py:1088} INFO - Starting attempt 1 of 1
[2021-08-04 14:41:20,203] {taskinstance.py:1089} INFO - 
--------------------------------------------------------------------------------
[2021-08-04 14:41:20,217] {taskinstance.py:1107} INFO - Executing <Task(BranchPythonOperator): choose_best_model> on 2021-08-04T14:41:07.634907+00:00
[2021-08-04 14:41:20,226] {standard_task_runner.py:76} INFO - Running: ['***', 'tasks', 'run', 'my_dag', 'choose_best_model', '2021-08-04T14:41:07.634907+00:00', '--job-id', '2891', '--pool', 'default_pool', '--raw', '--subdir', 'DAGS_FOLDER/my_dag.py', '--cfg-path', '/tmp/tmpqzb5uqiu', '--error-file', '/tmp/tmp5iavbeq_']
[2021-08-04 14:41:20,222] {standard_task_runner.py:52} INFO - Started process 1358 to run task
[2021-08-04 14:41:20,227] {standard_task_runner.py:77} INFO - Job 2891: Subtask choose_best_model
[2021-08-04 14:41:20,275] {logging_mixin.py:104} INFO - Running <TaskInstance: my_dag.choose_best_model 2021-08-04T14:41:07.634907+00:00 [running]> on host 04479ea62028
[2021-08-04 14:41:20,324] {taskinstance.py:1302} INFO - Exporting the following env vars:
AIRFLOW_CTX_DAG_OWNER=***
AIRFLOW_CTX_DAG_ID=my_dag
AIRFLOW_CTX_TASK_ID=choose_best_model
AIRFLOW_CTX_EXECUTION_DATE=2021-08-04T14:41:07.634907+00:00
AIRFLOW_CTX_DAG_RUN_ID=scheduled__2021-08-04T14:41:07.634907+00:00
[2021-08-04 14:41:20,332] {python.py:151} INFO - Done. Returned value was: inaccurate
[2021-08-04 14:41:20,332] {skipmixin.py:124} INFO - Following branch inaccurate
[2021-08-04 14:41:20,339] {skipmixin.py:155} INFO - Skipping tasks ['accurate', 'value_5']
[2021-08-04 14:41:20,382] {taskinstance.py:1211} INFO - Marking task as SUCCESS. dag_id=my_dag, task_id=choose_best_model, execution_date=20210804T144107, start_date=20210804T144120, end_date=20210804T144120
[2021-08-04 14:41:20,424] {taskinstance.py:1265} INFO - 1 downstream tasks scheduled from follow-on schedule check
[2021-08-04 14:41:20,441] {local_task_job.py:149} INFO - Task exited with return code 0
