[2021-08-04 13:28:13,298] {taskinstance.py:896} INFO - Dependencies all met for <TaskInstance: my_dag.choose_best_model 2021-08-04T13:28:04.907952+00:00 [queued]>
[2021-08-04 13:28:13,607] {taskinstance.py:896} INFO - Dependencies all met for <TaskInstance: my_dag.choose_best_model 2021-08-04T13:28:04.907952+00:00 [queued]>
[2021-08-04 13:28:13,608] {taskinstance.py:1087} INFO - 
--------------------------------------------------------------------------------
[2021-08-04 13:28:13,608] {taskinstance.py:1088} INFO - Starting attempt 1 of 1
[2021-08-04 13:28:13,608] {taskinstance.py:1089} INFO - 
--------------------------------------------------------------------------------
[2021-08-04 13:28:13,740] {taskinstance.py:1107} INFO - Executing <Task(BranchPythonOperator): choose_best_model> on 2021-08-04T13:28:04.907952+00:00
[2021-08-04 13:28:13,750] {standard_task_runner.py:52} INFO - Started process 9282 to run task
[2021-08-04 13:28:13,796] {standard_task_runner.py:76} INFO - Running: ['***', 'tasks', 'run', 'my_dag', 'choose_best_model', '2021-08-04T13:28:04.907952+00:00', '--job-id', '1191', '--pool', 'default_pool', '--raw', '--subdir', 'DAGS_FOLDER/my_dag.py', '--cfg-path', '/tmp/tmp9xdk00u7', '--error-file', '/tmp/tmp9xyppc0c']
[2021-08-04 13:28:13,797] {standard_task_runner.py:77} INFO - Job 1191: Subtask choose_best_model
[2021-08-04 13:28:14,191] {logging_mixin.py:104} INFO - Running <TaskInstance: my_dag.choose_best_model 2021-08-04T13:28:04.907952+00:00 [running]> on host 04479ea62028
[2021-08-04 13:28:14,518] {taskinstance.py:1302} INFO - Exporting the following env vars:
AIRFLOW_CTX_DAG_OWNER=***
AIRFLOW_CTX_DAG_ID=my_dag
AIRFLOW_CTX_TASK_ID=choose_best_model
AIRFLOW_CTX_EXECUTION_DATE=2021-08-04T13:28:04.907952+00:00
AIRFLOW_CTX_DAG_RUN_ID=scheduled__2021-08-04T13:28:04.907952+00:00
[2021-08-04 13:28:14,553] {python.py:151} INFO - Done. Returned value was: inaccurate
[2021-08-04 13:28:14,553] {skipmixin.py:124} INFO - Following branch inaccurate
[2021-08-04 13:28:14,574] {skipmixin.py:155} INFO - Skipping tasks ['accurate']
[2021-08-04 13:28:14,834] {taskinstance.py:1211} INFO - Marking task as SUCCESS. dag_id=my_dag, task_id=choose_best_model, execution_date=20210804T132804, start_date=20210804T132813, end_date=20210804T132814
[2021-08-04 13:28:14,986] {taskinstance.py:1265} INFO - 1 downstream tasks scheduled from follow-on schedule check
[2021-08-04 13:28:15,126] {local_task_job.py:149} INFO - Task exited with return code 0
