[2021-08-04 14:06:26,316] {taskinstance.py:896} INFO - Dependencies all met for <TaskInstance: my_dag.choose_best_model 2021-08-04T14:06:14.460692+00:00 [queued]>
[2021-08-04 14:06:26,369] {taskinstance.py:896} INFO - Dependencies all met for <TaskInstance: my_dag.choose_best_model 2021-08-04T14:06:14.460692+00:00 [queued]>
[2021-08-04 14:06:26,369] {taskinstance.py:1087} INFO - 
--------------------------------------------------------------------------------
[2021-08-04 14:06:26,369] {taskinstance.py:1088} INFO - Starting attempt 1 of 1
[2021-08-04 14:06:26,369] {taskinstance.py:1089} INFO - 
--------------------------------------------------------------------------------
[2021-08-04 14:06:26,389] {taskinstance.py:1107} INFO - Executing <Task(BranchPythonOperator): choose_best_model> on 2021-08-04T14:06:14.460692+00:00
[2021-08-04 14:06:26,396] {standard_task_runner.py:52} INFO - Started process 2407 to run task
[2021-08-04 14:06:26,405] {standard_task_runner.py:76} INFO - Running: ['***', 'tasks', 'run', 'my_dag', 'choose_best_model', '2021-08-04T14:06:14.460692+00:00', '--job-id', '2557', '--pool', 'default_pool', '--raw', '--subdir', 'DAGS_FOLDER/my_dag.py', '--cfg-path', '/tmp/tmpdfx0cm0_', '--error-file', '/tmp/tmp1mhgny86']
[2021-08-04 14:06:26,406] {standard_task_runner.py:77} INFO - Job 2557: Subtask choose_best_model
[2021-08-04 14:06:26,473] {logging_mixin.py:104} INFO - Running <TaskInstance: my_dag.choose_best_model 2021-08-04T14:06:14.460692+00:00 [running]> on host 04479ea62028
[2021-08-04 14:06:26,540] {taskinstance.py:1302} INFO - Exporting the following env vars:
AIRFLOW_CTX_DAG_OWNER=***
AIRFLOW_CTX_DAG_ID=my_dag
AIRFLOW_CTX_TASK_ID=choose_best_model
AIRFLOW_CTX_EXECUTION_DATE=2021-08-04T14:06:14.460692+00:00
AIRFLOW_CTX_DAG_RUN_ID=scheduled__2021-08-04T14:06:14.460692+00:00
[2021-08-04 14:06:26,553] {python.py:151} INFO - Done. Returned value was: inaccurate
[2021-08-04 14:06:26,554] {skipmixin.py:124} INFO - Following branch inaccurate
[2021-08-04 14:06:26,562] {skipmixin.py:155} INFO - Skipping tasks ['accurate']
[2021-08-04 14:06:26,610] {taskinstance.py:1211} INFO - Marking task as SUCCESS. dag_id=my_dag, task_id=choose_best_model, execution_date=20210804T140614, start_date=20210804T140626, end_date=20210804T140626
[2021-08-04 14:06:26,651] {taskinstance.py:1265} INFO - 1 downstream tasks scheduled from follow-on schedule check
[2021-08-04 14:06:26,697] {local_task_job.py:149} INFO - Task exited with return code 0
