[2021-08-04 14:02:15,976] {taskinstance.py:896} INFO - Dependencies all met for <TaskInstance: my_dag.training_model_B 2021-08-04T14:02:04.460692+00:00 [queued]>
[2021-08-04 14:02:16,003] {taskinstance.py:896} INFO - Dependencies all met for <TaskInstance: my_dag.training_model_B 2021-08-04T14:02:04.460692+00:00 [queued]>
[2021-08-04 14:02:16,003] {taskinstance.py:1087} INFO - 
--------------------------------------------------------------------------------
[2021-08-04 14:02:16,003] {taskinstance.py:1088} INFO - Starting attempt 1 of 1
[2021-08-04 14:02:16,003] {taskinstance.py:1089} INFO - 
--------------------------------------------------------------------------------
[2021-08-04 14:02:16,016] {taskinstance.py:1107} INFO - Executing <Task(PythonOperator): training_model_B> on 2021-08-04T14:02:04.460692+00:00
[2021-08-04 14:02:16,021] {standard_task_runner.py:52} INFO - Started process 1792 to run task
[2021-08-04 14:02:16,026] {standard_task_runner.py:76} INFO - Running: ['***', 'tasks', 'run', 'my_dag', 'training_model_B', '2021-08-04T14:02:04.460692+00:00', '--job-id', '2430', '--pool', 'default_pool', '--raw', '--subdir', 'DAGS_FOLDER/my_dag.py', '--cfg-path', '/tmp/tmphnmff_4k', '--error-file', '/tmp/tmppwk02iiq']
[2021-08-04 14:02:16,027] {standard_task_runner.py:77} INFO - Job 2430: Subtask training_model_B
[2021-08-04 14:02:16,079] {logging_mixin.py:104} INFO - Running <TaskInstance: my_dag.training_model_B 2021-08-04T14:02:04.460692+00:00 [running]> on host 04479ea62028
[2021-08-04 14:02:16,140] {taskinstance.py:1302} INFO - Exporting the following env vars:
AIRFLOW_CTX_DAG_OWNER=***
AIRFLOW_CTX_DAG_ID=my_dag
AIRFLOW_CTX_TASK_ID=training_model_B
AIRFLOW_CTX_EXECUTION_DATE=2021-08-04T14:02:04.460692+00:00
AIRFLOW_CTX_DAG_RUN_ID=scheduled__2021-08-04T14:02:04.460692+00:00
[2021-08-04 14:02:16,141] {python.py:151} INFO - Done. Returned value was: 5
[2021-08-04 14:02:16,173] {taskinstance.py:1211} INFO - Marking task as SUCCESS. dag_id=my_dag, task_id=training_model_B, execution_date=20210804T140204, start_date=20210804T140215, end_date=20210804T140216
[2021-08-04 14:02:16,208] {taskinstance.py:1265} INFO - 0 downstream tasks scheduled from follow-on schedule check
[2021-08-04 14:02:16,240] {local_task_job.py:149} INFO - Task exited with return code 0
