[2021-08-04 14:47:30,858] {taskinstance.py:896} INFO - Dependencies all met for <TaskInstance: my_dag.inaccurate 2021-08-04T14:47:17.958228+00:00 [queued]>
[2021-08-04 14:47:30,870] {taskinstance.py:896} INFO - Dependencies all met for <TaskInstance: my_dag.inaccurate 2021-08-04T14:47:17.958228+00:00 [queued]>
[2021-08-04 14:47:30,870] {taskinstance.py:1087} INFO - 
--------------------------------------------------------------------------------
[2021-08-04 14:47:30,871] {taskinstance.py:1088} INFO - Starting attempt 1 of 1
[2021-08-04 14:47:30,871] {taskinstance.py:1089} INFO - 
--------------------------------------------------------------------------------
[2021-08-04 14:47:30,883] {taskinstance.py:1107} INFO - Executing <Task(BashOperator): inaccurate> on 2021-08-04T14:47:17.958228+00:00
[2021-08-04 14:47:30,891] {standard_task_runner.py:76} INFO - Running: ['***', 'tasks', 'run', 'my_dag', 'inaccurate', '2021-08-04T14:47:17.958228+00:00', '--job-id', '3077', '--pool', 'default_pool', '--raw', '--subdir', 'DAGS_FOLDER/my_dag.py', '--cfg-path', '/tmp/tmpk1eik0m4', '--error-file', '/tmp/tmpp03w06up']
[2021-08-04 14:47:30,891] {standard_task_runner.py:77} INFO - Job 3077: Subtask inaccurate
[2021-08-04 14:47:30,888] {standard_task_runner.py:52} INFO - Started process 2274 to run task
[2021-08-04 14:47:30,925] {logging_mixin.py:104} INFO - Running <TaskInstance: my_dag.inaccurate 2021-08-04T14:47:17.958228+00:00 [running]> on host 04479ea62028
[2021-08-04 14:47:30,973] {taskinstance.py:1302} INFO - Exporting the following env vars:
AIRFLOW_CTX_DAG_OWNER=***
AIRFLOW_CTX_DAG_ID=my_dag
AIRFLOW_CTX_TASK_ID=inaccurate
AIRFLOW_CTX_EXECUTION_DATE=2021-08-04T14:47:17.958228+00:00
AIRFLOW_CTX_DAG_RUN_ID=scheduled__2021-08-04T14:47:17.958228+00:00
[2021-08-04 14:47:30,974] {subprocess.py:52} INFO - Tmp dir root location: 
 /tmp
[2021-08-04 14:47:30,975] {subprocess.py:63} INFO - Running command: ['bash', '-c', "echo 'inaccurate'"]
[2021-08-04 14:47:30,982] {subprocess.py:74} INFO - Output:
[2021-08-04 14:47:30,983] {subprocess.py:78} INFO - inaccurate
[2021-08-04 14:47:30,983] {subprocess.py:82} INFO - Command exited with return code 0
[2021-08-04 14:47:31,008] {taskinstance.py:1211} INFO - Marking task as SUCCESS. dag_id=my_dag, task_id=inaccurate, execution_date=20210804T144717, start_date=20210804T144730, end_date=20210804T144731
[2021-08-04 14:47:31,032] {taskinstance.py:1265} INFO - 0 downstream tasks scheduled from follow-on schedule check
[2021-08-04 14:47:31,064] {local_task_job.py:149} INFO - Task exited with return code 0
