[2021-08-04 13:36:57,753] {taskinstance.py:896} INFO - Dependencies all met for <TaskInstance: my_dag.training_model_A 2021-08-04T13:36:46.408765+00:00 [queued]>
[2021-08-04 13:36:57,786] {taskinstance.py:896} INFO - Dependencies all met for <TaskInstance: my_dag.training_model_A 2021-08-04T13:36:46.408765+00:00 [queued]>
[2021-08-04 13:36:57,786] {taskinstance.py:1087} INFO - 
--------------------------------------------------------------------------------
[2021-08-04 13:36:57,786] {taskinstance.py:1088} INFO - Starting attempt 1 of 1
[2021-08-04 13:36:57,786] {taskinstance.py:1089} INFO - 
--------------------------------------------------------------------------------
[2021-08-04 13:36:57,803] {taskinstance.py:1107} INFO - Executing <Task(PythonOperator): training_model_A> on 2021-08-04T13:36:46.408765+00:00
[2021-08-04 13:36:57,814] {standard_task_runner.py:76} INFO - Running: ['***', 'tasks', 'run', 'my_dag', 'training_model_A', '2021-08-04T13:36:46.408765+00:00', '--job-id', '1977', '--pool', 'default_pool', '--raw', '--subdir', 'DAGS_FOLDER/my_dag.py', '--cfg-path', '/tmp/tmpr8q5sx2p', '--error-file', '/tmp/tmpvy76qqnt']
[2021-08-04 13:36:57,808] {standard_task_runner.py:52} INFO - Started process 11642 to run task
[2021-08-04 13:36:57,815] {standard_task_runner.py:77} INFO - Job 1977: Subtask training_model_A
[2021-08-04 13:36:57,874] {logging_mixin.py:104} INFO - Running <TaskInstance: my_dag.training_model_A 2021-08-04T13:36:46.408765+00:00 [running]> on host 04479ea62028
[2021-08-04 13:36:57,942] {taskinstance.py:1302} INFO - Exporting the following env vars:
AIRFLOW_CTX_DAG_OWNER=***
AIRFLOW_CTX_DAG_ID=my_dag
AIRFLOW_CTX_TASK_ID=training_model_A
AIRFLOW_CTX_EXECUTION_DATE=2021-08-04T13:36:46.408765+00:00
AIRFLOW_CTX_DAG_RUN_ID=scheduled__2021-08-04T13:36:46.408765+00:00
[2021-08-04 13:36:57,942] {python.py:151} INFO - Done. Returned value was: 8
[2021-08-04 13:36:57,976] {taskinstance.py:1211} INFO - Marking task as SUCCESS. dag_id=my_dag, task_id=training_model_A, execution_date=20210804T133646, start_date=20210804T133657, end_date=20210804T133657
[2021-08-04 13:36:58,024] {taskinstance.py:1265} INFO - 1 downstream tasks scheduled from follow-on schedule check
[2021-08-04 13:36:58,069] {local_task_job.py:149} INFO - Task exited with return code 0
