[2021-08-04 12:36:46,915] {taskinstance.py:896} INFO - Dependencies all met for <TaskInstance: my_dag.training_model_C 2021-08-04T11:00:00+00:00 [queued]>
[2021-08-04 12:36:46,941] {taskinstance.py:896} INFO - Dependencies all met for <TaskInstance: my_dag.training_model_C 2021-08-04T11:00:00+00:00 [queued]>
[2021-08-04 12:36:46,942] {taskinstance.py:1087} INFO - 
--------------------------------------------------------------------------------
[2021-08-04 12:36:46,942] {taskinstance.py:1088} INFO - Starting attempt 1 of 1
[2021-08-04 12:36:46,942] {taskinstance.py:1089} INFO - 
--------------------------------------------------------------------------------
[2021-08-04 12:36:46,957] {taskinstance.py:1107} INFO - Executing <Task(PythonOperator): training_model_C> on 2021-08-04T11:00:00+00:00
[2021-08-04 12:36:46,967] {standard_task_runner.py:76} INFO - Running: ['***', 'tasks', 'run', 'my_dag', 'training_model_C', '2021-08-04T11:00:00+00:00', '--job-id', '17', '--pool', 'default_pool', '--raw', '--subdir', 'DAGS_FOLDER/my_dag.py', '--cfg-path', '/tmp/tmptep4_ueb', '--error-file', '/tmp/tmpz0o035u9']
[2021-08-04 12:36:46,962] {standard_task_runner.py:52} INFO - Started process 2564 to run task
[2021-08-04 12:36:46,968] {standard_task_runner.py:77} INFO - Job 17: Subtask training_model_C
[2021-08-04 12:36:47,035] {logging_mixin.py:104} INFO - Running <TaskInstance: my_dag.training_model_C 2021-08-04T11:00:00+00:00 [running]> on host 04479ea62028
[2021-08-04 12:36:47,106] {taskinstance.py:1302} INFO - Exporting the following env vars:
AIRFLOW_CTX_DAG_OWNER=***
AIRFLOW_CTX_DAG_ID=my_dag
AIRFLOW_CTX_TASK_ID=training_model_C
AIRFLOW_CTX_EXECUTION_DATE=2021-08-04T11:00:00+00:00
AIRFLOW_CTX_DAG_RUN_ID=scheduled__2021-08-04T11:00:00+00:00
[2021-08-04 12:36:47,107] {python.py:151} INFO - Done. Returned value was: 8
[2021-08-04 12:36:47,140] {taskinstance.py:1211} INFO - Marking task as SUCCESS. dag_id=my_dag, task_id=training_model_C, execution_date=20210804T110000, start_date=20210804T123646, end_date=20210804T123647
[2021-08-04 12:36:47,176] {taskinstance.py:1265} INFO - 1 downstream tasks scheduled from follow-on schedule check
[2021-08-04 12:36:47,183] {local_task_job.py:149} INFO - Task exited with return code 0
