[2021-08-04 13:24:47,238] {taskinstance.py:896} INFO - Dependencies all met for <TaskInstance: my_dag.choose_best_model 2021-08-04T13:24:37.634443+00:00 [queued]>
[2021-08-04 13:24:47,300] {taskinstance.py:896} INFO - Dependencies all met for <TaskInstance: my_dag.choose_best_model 2021-08-04T13:24:37.634443+00:00 [queued]>
[2021-08-04 13:24:47,300] {taskinstance.py:1087} INFO - 
--------------------------------------------------------------------------------
[2021-08-04 13:24:47,300] {taskinstance.py:1088} INFO - Starting attempt 1 of 1
[2021-08-04 13:24:47,300] {taskinstance.py:1089} INFO - 
--------------------------------------------------------------------------------
[2021-08-04 13:24:47,326] {taskinstance.py:1107} INFO - Executing <Task(BranchPythonOperator): choose_best_model> on 2021-08-04T13:24:37.634443+00:00
[2021-08-04 13:24:47,334] {standard_task_runner.py:52} INFO - Started process 7409 to run task
[2021-08-04 13:24:47,354] {standard_task_runner.py:76} INFO - Running: ['***', 'tasks', 'run', 'my_dag', 'choose_best_model', '2021-08-04T13:24:37.634443+00:00', '--job-id', '427', '--pool', 'default_pool', '--raw', '--subdir', 'DAGS_FOLDER/my_dag.py', '--cfg-path', '/tmp/tmpsq8cqh_x', '--error-file', '/tmp/tmprw62px9a']
[2021-08-04 13:24:47,355] {standard_task_runner.py:77} INFO - Job 427: Subtask choose_best_model
[2021-08-04 13:24:47,566] {logging_mixin.py:104} INFO - Running <TaskInstance: my_dag.choose_best_model 2021-08-04T13:24:37.634443+00:00 [running]> on host 04479ea62028
[2021-08-04 13:24:47,910] {taskinstance.py:1302} INFO - Exporting the following env vars:
AIRFLOW_CTX_DAG_OWNER=***
AIRFLOW_CTX_DAG_ID=my_dag
AIRFLOW_CTX_TASK_ID=choose_best_model
AIRFLOW_CTX_EXECUTION_DATE=2021-08-04T13:24:37.634443+00:00
AIRFLOW_CTX_DAG_RUN_ID=scheduled__2021-08-04T13:24:37.634443+00:00
[2021-08-04 13:24:47,934] {python.py:151} INFO - Done. Returned value was: accurate
[2021-08-04 13:24:47,934] {skipmixin.py:124} INFO - Following branch accurate
[2021-08-04 13:24:47,968] {skipmixin.py:155} INFO - Skipping tasks ['inaccurate']
[2021-08-04 13:24:48,211] {taskinstance.py:1211} INFO - Marking task as SUCCESS. dag_id=my_dag, task_id=choose_best_model, execution_date=20210804T132437, start_date=20210804T132447, end_date=20210804T132448
[2021-08-04 13:24:48,426] {taskinstance.py:1265} INFO - 1 downstream tasks scheduled from follow-on schedule check
[2021-08-04 13:24:48,487] {local_task_job.py:149} INFO - Task exited with return code 0
