[2021-08-04 13:17:36,315] {taskinstance.py:896} INFO - Dependencies all met for <TaskInstance: my_dag.inaccurate 2021-08-04T13:16:31.751328+00:00 [queued]>
[2021-08-04 13:17:36,342] {taskinstance.py:896} INFO - Dependencies all met for <TaskInstance: my_dag.inaccurate 2021-08-04T13:16:31.751328+00:00 [queued]>
[2021-08-04 13:17:36,342] {taskinstance.py:1087} INFO - 
--------------------------------------------------------------------------------
[2021-08-04 13:17:36,342] {taskinstance.py:1088} INFO - Starting attempt 1 of 1
[2021-08-04 13:17:36,342] {taskinstance.py:1089} INFO - 
--------------------------------------------------------------------------------
[2021-08-04 13:17:36,353] {taskinstance.py:1107} INFO - Executing <Task(BashOperator): inaccurate> on 2021-08-04T13:16:31.751328+00:00
[2021-08-04 13:17:36,357] {standard_task_runner.py:52} INFO - Started process 6371 to run task
[2021-08-04 13:17:36,362] {standard_task_runner.py:76} INFO - Running: ['***', 'tasks', 'run', 'my_dag', 'inaccurate', '2021-08-04T13:16:31.751328+00:00', '--job-id', '216', '--pool', 'default_pool', '--raw', '--subdir', 'DAGS_FOLDER/my_dag.py', '--cfg-path', '/tmp/tmppgfsc4ch', '--error-file', '/tmp/tmpyyb5jxhf']
[2021-08-04 13:17:36,362] {standard_task_runner.py:77} INFO - Job 216: Subtask inaccurate
[2021-08-04 13:17:36,410] {logging_mixin.py:104} INFO - Running <TaskInstance: my_dag.inaccurate 2021-08-04T13:16:31.751328+00:00 [running]> on host 04479ea62028
[2021-08-04 13:17:36,475] {taskinstance.py:1302} INFO - Exporting the following env vars:
AIRFLOW_CTX_DAG_OWNER=***
AIRFLOW_CTX_DAG_ID=my_dag
AIRFLOW_CTX_TASK_ID=inaccurate
AIRFLOW_CTX_EXECUTION_DATE=2021-08-04T13:16:31.751328+00:00
AIRFLOW_CTX_DAG_RUN_ID=scheduled__2021-08-04T13:16:31.751328+00:00
[2021-08-04 13:17:36,476] {subprocess.py:52} INFO - Tmp dir root location: 
 /tmp
[2021-08-04 13:17:36,477] {subprocess.py:63} INFO - Running command: ['bash', '-c', " echo 'inaccurate'"]
[2021-08-04 13:17:36,488] {subprocess.py:74} INFO - Output:
[2021-08-04 13:17:36,489] {subprocess.py:78} INFO - inaccurate
[2021-08-04 13:17:36,490] {subprocess.py:82} INFO - Command exited with return code 0
[2021-08-04 13:17:36,520] {taskinstance.py:1211} INFO - Marking task as SUCCESS. dag_id=my_dag, task_id=inaccurate, execution_date=20210804T131631, start_date=20210804T131736, end_date=20210804T131736
[2021-08-04 13:17:36,549] {taskinstance.py:1265} INFO - 0 downstream tasks scheduled from follow-on schedule check
[2021-08-04 13:17:36,576] {local_task_job.py:149} INFO - Task exited with return code 0
