[2021-08-04 13:50:57,706] {taskinstance.py:896} INFO - Dependencies all met for <TaskInstance: my_dag.training_model_B 2021-08-04T13:40:36.408765+00:00 [queued]>
[2021-08-04 13:50:57,853] {taskinstance.py:896} INFO - Dependencies all met for <TaskInstance: my_dag.training_model_B 2021-08-04T13:40:36.408765+00:00 [queued]>
[2021-08-04 13:50:57,853] {taskinstance.py:1087} INFO - 
--------------------------------------------------------------------------------
[2021-08-04 13:50:57,854] {taskinstance.py:1088} INFO - Starting attempt 1 of 1
[2021-08-04 13:50:57,856] {taskinstance.py:1089} INFO - 
--------------------------------------------------------------------------------
[2021-08-04 13:50:57,918] {taskinstance.py:1107} INFO - Executing <Task(PythonOperator): training_model_B> on 2021-08-04T13:40:36.408765+00:00
[2021-08-04 13:50:57,975] {standard_task_runner.py:52} INFO - Started process 75 to run task
[2021-08-04 13:50:58,055] {standard_task_runner.py:76} INFO - Running: ['***', 'tasks', 'run', 'my_dag', 'training_model_B', '2021-08-04T13:40:36.408765+00:00', '--job-id', '2060', '--pool', 'default_pool', '--raw', '--subdir', 'DAGS_FOLDER/my_dag.py', '--cfg-path', '/tmp/tmpl90w0cw4', '--error-file', '/tmp/tmpf5r2h69c']
[2021-08-04 13:50:58,055] {standard_task_runner.py:77} INFO - Job 2060: Subtask training_model_B
[2021-08-04 13:50:58,413] {logging_mixin.py:104} INFO - Running <TaskInstance: my_dag.training_model_B 2021-08-04T13:40:36.408765+00:00 [running]> on host 04479ea62028
[2021-08-04 13:50:58,746] {taskinstance.py:1302} INFO - Exporting the following env vars:
AIRFLOW_CTX_DAG_OWNER=***
AIRFLOW_CTX_DAG_ID=my_dag
AIRFLOW_CTX_TASK_ID=training_model_B
AIRFLOW_CTX_EXECUTION_DATE=2021-08-04T13:40:36.408765+00:00
AIRFLOW_CTX_DAG_RUN_ID=scheduled__2021-08-04T13:40:36.408765+00:00
[2021-08-04 13:50:58,747] {python.py:151} INFO - Done. Returned value was: 2
[2021-08-04 13:50:58,936] {taskinstance.py:1211} INFO - Marking task as SUCCESS. dag_id=my_dag, task_id=training_model_B, execution_date=20210804T134036, start_date=20210804T135057, end_date=20210804T135058
[2021-08-04 13:50:59,306] {taskinstance.py:1265} INFO - 0 downstream tasks scheduled from follow-on schedule check
[2021-08-04 13:50:59,352] {local_task_job.py:149} INFO - Task exited with return code 0
