[2021-08-04 13:26:43,707] {taskinstance.py:896} INFO - Dependencies all met for <TaskInstance: my_dag.training_model_C 2021-08-04T13:26:38.688679+00:00 [queued]>
[2021-08-04 13:26:43,794] {taskinstance.py:896} INFO - Dependencies all met for <TaskInstance: my_dag.training_model_C 2021-08-04T13:26:38.688679+00:00 [queued]>
[2021-08-04 13:26:43,794] {taskinstance.py:1087} INFO - 
--------------------------------------------------------------------------------
[2021-08-04 13:26:43,794] {taskinstance.py:1088} INFO - Starting attempt 1 of 1
[2021-08-04 13:26:43,794] {taskinstance.py:1089} INFO - 
--------------------------------------------------------------------------------
[2021-08-04 13:26:43,826] {taskinstance.py:1107} INFO - Executing <Task(PythonOperator): training_model_C> on 2021-08-04T13:26:38.688679+00:00
[2021-08-04 13:26:43,834] {standard_task_runner.py:52} INFO - Started process 8481 to run task
[2021-08-04 13:26:43,859] {standard_task_runner.py:76} INFO - Running: ['***', 'tasks', 'run', 'my_dag', 'training_model_C', '2021-08-04T13:26:38.688679+00:00', '--job-id', '866', '--pool', 'default_pool', '--raw', '--subdir', 'DAGS_FOLDER/my_dag.py', '--cfg-path', '/tmp/tmpr2uacrlz', '--error-file', '/tmp/tmpf21xq7vg']
[2021-08-04 13:26:43,860] {standard_task_runner.py:77} INFO - Job 866: Subtask training_model_C
[2021-08-04 13:26:44,058] {logging_mixin.py:104} INFO - Running <TaskInstance: my_dag.training_model_C 2021-08-04T13:26:38.688679+00:00 [running]> on host 04479ea62028
[2021-08-04 13:26:44,526] {taskinstance.py:1302} INFO - Exporting the following env vars:
AIRFLOW_CTX_DAG_OWNER=***
AIRFLOW_CTX_DAG_ID=my_dag
AIRFLOW_CTX_TASK_ID=training_model_C
AIRFLOW_CTX_EXECUTION_DATE=2021-08-04T13:26:38.688679+00:00
AIRFLOW_CTX_DAG_RUN_ID=scheduled__2021-08-04T13:26:38.688679+00:00
[2021-08-04 13:26:44,527] {python.py:151} INFO - Done. Returned value was: 8
[2021-08-04 13:26:44,837] {taskinstance.py:1211} INFO - Marking task as SUCCESS. dag_id=my_dag, task_id=training_model_C, execution_date=20210804T132638, start_date=20210804T132643, end_date=20210804T132644
[2021-08-04 13:26:44,975] {taskinstance.py:1265} INFO - 0 downstream tasks scheduled from follow-on schedule check
[2021-08-04 13:26:45,014] {local_task_job.py:149} INFO - Task exited with return code 0
