[2021-08-04 14:37:20,395] {taskinstance.py:896} INFO - Dependencies all met for <TaskInstance: my_dag.accurate 2021-08-04T14:37:07.176938+00:00 [queued]>
[2021-08-04 14:37:20,415] {taskinstance.py:896} INFO - Dependencies all met for <TaskInstance: my_dag.accurate 2021-08-04T14:37:07.176938+00:00 [queued]>
[2021-08-04 14:37:20,415] {taskinstance.py:1087} INFO - 
--------------------------------------------------------------------------------
[2021-08-04 14:37:20,415] {taskinstance.py:1088} INFO - Starting attempt 1 of 1
[2021-08-04 14:37:20,415] {taskinstance.py:1089} INFO - 
--------------------------------------------------------------------------------
[2021-08-04 14:37:20,438] {taskinstance.py:1107} INFO - Executing <Task(BashOperator): accurate> on 2021-08-04T14:37:07.176938+00:00
[2021-08-04 14:37:20,443] {standard_task_runner.py:52} INFO - Started process 769 to run task
[2021-08-04 14:37:20,448] {standard_task_runner.py:76} INFO - Running: ['***', 'tasks', 'run', 'my_dag', 'accurate', '2021-08-04T14:37:07.176938+00:00', '--job-id', '2772', '--pool', 'default_pool', '--raw', '--subdir', 'DAGS_FOLDER/my_dag.py', '--cfg-path', '/tmp/tmps_qvy3dy', '--error-file', '/tmp/tmpncd01dqj']
[2021-08-04 14:37:20,448] {standard_task_runner.py:77} INFO - Job 2772: Subtask accurate
[2021-08-04 14:37:20,494] {logging_mixin.py:104} INFO - Running <TaskInstance: my_dag.accurate 2021-08-04T14:37:07.176938+00:00 [running]> on host 04479ea62028
[2021-08-04 14:37:20,563] {taskinstance.py:1302} INFO - Exporting the following env vars:
AIRFLOW_CTX_DAG_OWNER=***
AIRFLOW_CTX_DAG_ID=my_dag
AIRFLOW_CTX_TASK_ID=accurate
AIRFLOW_CTX_EXECUTION_DATE=2021-08-04T14:37:07.176938+00:00
AIRFLOW_CTX_DAG_RUN_ID=scheduled__2021-08-04T14:37:07.176938+00:00
[2021-08-04 14:37:20,565] {subprocess.py:52} INFO - Tmp dir root location: 
 /tmp
[2021-08-04 14:37:20,566] {subprocess.py:63} INFO - Running command: ['bash', '-c', "echo 'accurate'"]
[2021-08-04 14:37:20,579] {subprocess.py:74} INFO - Output:
[2021-08-04 14:37:20,580] {subprocess.py:78} INFO - accurate
[2021-08-04 14:37:20,581] {subprocess.py:82} INFO - Command exited with return code 0
[2021-08-04 14:37:20,616] {taskinstance.py:1211} INFO - Marking task as SUCCESS. dag_id=my_dag, task_id=accurate, execution_date=20210804T143707, start_date=20210804T143720, end_date=20210804T143720
[2021-08-04 14:37:20,658] {taskinstance.py:1265} INFO - 0 downstream tasks scheduled from follow-on schedule check
[2021-08-04 14:37:20,702] {local_task_job.py:149} INFO - Task exited with return code 0
