[2021-08-04 12:45:31,954] {taskinstance.py:896} INFO - Dependencies all met for <TaskInstance: my_dag.training_model_C 2021-08-04T12:44:31.461355+00:00 [queued]>
[2021-08-04 12:45:31,981] {taskinstance.py:896} INFO - Dependencies all met for <TaskInstance: my_dag.training_model_C 2021-08-04T12:44:31.461355+00:00 [queued]>
[2021-08-04 12:45:31,982] {taskinstance.py:1087} INFO - 
--------------------------------------------------------------------------------
[2021-08-04 12:45:31,982] {taskinstance.py:1088} INFO - Starting attempt 1 of 1
[2021-08-04 12:45:31,982] {taskinstance.py:1089} INFO - 
--------------------------------------------------------------------------------
[2021-08-04 12:45:31,996] {taskinstance.py:1107} INFO - Executing <Task(PythonOperator): training_model_C> on 2021-08-04T12:44:31.461355+00:00
[2021-08-04 12:45:32,000] {standard_task_runner.py:52} INFO - Started process 3357 to run task
[2021-08-04 12:45:32,005] {standard_task_runner.py:76} INFO - Running: ['***', 'tasks', 'run', 'my_dag', 'training_model_C', '2021-08-04T12:44:31.461355+00:00', '--job-id', '52', '--pool', 'default_pool', '--raw', '--subdir', 'DAGS_FOLDER/my_dag.py', '--cfg-path', '/tmp/tmpsolofzo5', '--error-file', '/tmp/tmpvrt298k1']
[2021-08-04 12:45:32,006] {standard_task_runner.py:77} INFO - Job 52: Subtask training_model_C
[2021-08-04 12:45:32,053] {logging_mixin.py:104} INFO - Running <TaskInstance: my_dag.training_model_C 2021-08-04T12:44:31.461355+00:00 [running]> on host 04479ea62028
[2021-08-04 12:45:32,109] {taskinstance.py:1302} INFO - Exporting the following env vars:
AIRFLOW_CTX_DAG_OWNER=***
AIRFLOW_CTX_DAG_ID=my_dag
AIRFLOW_CTX_TASK_ID=training_model_C
AIRFLOW_CTX_EXECUTION_DATE=2021-08-04T12:44:31.461355+00:00
AIRFLOW_CTX_DAG_RUN_ID=scheduled__2021-08-04T12:44:31.461355+00:00
[2021-08-04 12:45:32,110] {python.py:151} INFO - Done. Returned value was: 6
[2021-08-04 12:45:32,140] {taskinstance.py:1211} INFO - Marking task as SUCCESS. dag_id=my_dag, task_id=training_model_C, execution_date=20210804T124431, start_date=20210804T124531, end_date=20210804T124532
[2021-08-04 12:45:32,194] {taskinstance.py:1265} INFO - 0 downstream tasks scheduled from follow-on schedule check
[2021-08-04 12:45:32,219] {local_task_job.py:149} INFO - Task exited with return code 0
