[2021-08-04 13:24:37,882] {taskinstance.py:896} INFO - Dependencies all met for <TaskInstance: my_dag.accurate 2021-08-04T13:24:26.899329+00:00 [queued]>
[2021-08-04 13:24:38,007] {taskinstance.py:896} INFO - Dependencies all met for <TaskInstance: my_dag.accurate 2021-08-04T13:24:26.899329+00:00 [queued]>
[2021-08-04 13:24:38,008] {taskinstance.py:1087} INFO - 
--------------------------------------------------------------------------------
[2021-08-04 13:24:38,008] {taskinstance.py:1088} INFO - Starting attempt 1 of 1
[2021-08-04 13:24:38,008] {taskinstance.py:1089} INFO - 
--------------------------------------------------------------------------------
[2021-08-04 13:24:38,081] {taskinstance.py:1107} INFO - Executing <Task(BashOperator): accurate> on 2021-08-04T13:24:26.899329+00:00
[2021-08-04 13:24:38,107] {standard_task_runner.py:52} INFO - Started process 7333 to run task
[2021-08-04 13:24:38,115] {standard_task_runner.py:76} INFO - Running: ['***', 'tasks', 'run', 'my_dag', 'accurate', '2021-08-04T13:24:26.899329+00:00', '--job-id', '393', '--pool', 'default_pool', '--raw', '--subdir', 'DAGS_FOLDER/my_dag.py', '--cfg-path', '/tmp/tmpwc425tyq', '--error-file', '/tmp/tmp4bt5v1d6']
[2021-08-04 13:24:38,115] {standard_task_runner.py:77} INFO - Job 393: Subtask accurate
[2021-08-04 13:24:38,384] {logging_mixin.py:104} INFO - Running <TaskInstance: my_dag.accurate 2021-08-04T13:24:26.899329+00:00 [running]> on host 04479ea62028
[2021-08-04 13:24:38,604] {taskinstance.py:1302} INFO - Exporting the following env vars:
AIRFLOW_CTX_DAG_OWNER=***
AIRFLOW_CTX_DAG_ID=my_dag
AIRFLOW_CTX_TASK_ID=accurate
AIRFLOW_CTX_EXECUTION_DATE=2021-08-04T13:24:26.899329+00:00
AIRFLOW_CTX_DAG_RUN_ID=scheduled__2021-08-04T13:24:26.899329+00:00
[2021-08-04 13:24:38,605] {subprocess.py:52} INFO - Tmp dir root location: 
 /tmp
[2021-08-04 13:24:38,606] {subprocess.py:63} INFO - Running command: ['bash', '-c', "echo 'accurate'"]
[2021-08-04 13:24:38,651] {subprocess.py:74} INFO - Output:
[2021-08-04 13:24:38,654] {subprocess.py:78} INFO - accurate
[2021-08-04 13:24:38,658] {subprocess.py:82} INFO - Command exited with return code 0
[2021-08-04 13:24:38,782] {taskinstance.py:1211} INFO - Marking task as SUCCESS. dag_id=my_dag, task_id=accurate, execution_date=20210804T132426, start_date=20210804T132437, end_date=20210804T132438
[2021-08-04 13:24:38,952] {taskinstance.py:1265} INFO - 0 downstream tasks scheduled from follow-on schedule check
[2021-08-04 13:24:38,980] {local_task_job.py:149} INFO - Task exited with return code 0
