[2021-08-04 13:25:44,104] {taskinstance.py:896} INFO - Dependencies all met for <TaskInstance: my_dag.training_model_C 2021-08-04T13:25:38.842336+00:00 [queued]>
[2021-08-04 13:25:44,217] {taskinstance.py:896} INFO - Dependencies all met for <TaskInstance: my_dag.training_model_C 2021-08-04T13:25:38.842336+00:00 [queued]>
[2021-08-04 13:25:44,217] {taskinstance.py:1087} INFO - 
--------------------------------------------------------------------------------
[2021-08-04 13:25:44,218] {taskinstance.py:1088} INFO - Starting attempt 1 of 1
[2021-08-04 13:25:44,218] {taskinstance.py:1089} INFO - 
--------------------------------------------------------------------------------
[2021-08-04 13:25:44,257] {taskinstance.py:1107} INFO - Executing <Task(PythonOperator): training_model_C> on 2021-08-04T13:25:38.842336+00:00
[2021-08-04 13:25:44,268] {standard_task_runner.py:52} INFO - Started process 7925 to run task
[2021-08-04 13:25:44,301] {standard_task_runner.py:76} INFO - Running: ['***', 'tasks', 'run', 'my_dag', 'training_model_C', '2021-08-04T13:25:38.842336+00:00', '--job-id', '636', '--pool', 'default_pool', '--raw', '--subdir', 'DAGS_FOLDER/my_dag.py', '--cfg-path', '/tmp/tmp_vzai2zz', '--error-file', '/tmp/tmpsjbmtvnv']
[2021-08-04 13:25:44,329] {standard_task_runner.py:77} INFO - Job 636: Subtask training_model_C
[2021-08-04 13:25:44,571] {logging_mixin.py:104} INFO - Running <TaskInstance: my_dag.training_model_C 2021-08-04T13:25:38.842336+00:00 [running]> on host 04479ea62028
[2021-08-04 13:25:44,846] {taskinstance.py:1302} INFO - Exporting the following env vars:
AIRFLOW_CTX_DAG_OWNER=***
AIRFLOW_CTX_DAG_ID=my_dag
AIRFLOW_CTX_TASK_ID=training_model_C
AIRFLOW_CTX_EXECUTION_DATE=2021-08-04T13:25:38.842336+00:00
AIRFLOW_CTX_DAG_RUN_ID=scheduled__2021-08-04T13:25:38.842336+00:00
[2021-08-04 13:25:44,851] {python.py:151} INFO - Done. Returned value was: 3
[2021-08-04 13:25:45,060] {taskinstance.py:1211} INFO - Marking task as SUCCESS. dag_id=my_dag, task_id=training_model_C, execution_date=20210804T132538, start_date=20210804T132544, end_date=20210804T132545
[2021-08-04 13:25:45,288] {taskinstance.py:1265} INFO - 0 downstream tasks scheduled from follow-on schedule check
[2021-08-04 13:25:45,323] {local_task_job.py:149} INFO - Task exited with return code 0
