[2021-08-04 13:27:59,409] {taskinstance.py:896} INFO - Dependencies all met for <TaskInstance: my_dag.training_model_C 2021-08-04T13:27:54.887944+00:00 [queued]>
[2021-08-04 13:27:59,498] {taskinstance.py:896} INFO - Dependencies all met for <TaskInstance: my_dag.training_model_C 2021-08-04T13:27:54.887944+00:00 [queued]>
[2021-08-04 13:27:59,498] {taskinstance.py:1087} INFO - 
--------------------------------------------------------------------------------
[2021-08-04 13:27:59,499] {taskinstance.py:1088} INFO - Starting attempt 1 of 1
[2021-08-04 13:27:59,499] {taskinstance.py:1089} INFO - 
--------------------------------------------------------------------------------
[2021-08-04 13:27:59,549] {taskinstance.py:1107} INFO - Executing <Task(PythonOperator): training_model_C> on 2021-08-04T13:27:54.887944+00:00
[2021-08-04 13:27:59,570] {standard_task_runner.py:76} INFO - Running: ['***', 'tasks', 'run', 'my_dag', 'training_model_C', '2021-08-04T13:27:54.887944+00:00', '--job-id', '1139', '--pool', 'default_pool', '--raw', '--subdir', 'DAGS_FOLDER/my_dag.py', '--cfg-path', '/tmp/tmpzzx8em4a', '--error-file', '/tmp/tmpk0ng175m']
[2021-08-04 13:27:59,571] {standard_task_runner.py:77} INFO - Job 1139: Subtask training_model_C
[2021-08-04 13:27:59,557] {standard_task_runner.py:52} INFO - Started process 9149 to run task
[2021-08-04 13:27:59,850] {logging_mixin.py:104} INFO - Running <TaskInstance: my_dag.training_model_C 2021-08-04T13:27:54.887944+00:00 [running]> on host 04479ea62028
[2021-08-04 13:28:00,147] {taskinstance.py:1302} INFO - Exporting the following env vars:
AIRFLOW_CTX_DAG_OWNER=***
AIRFLOW_CTX_DAG_ID=my_dag
AIRFLOW_CTX_TASK_ID=training_model_C
AIRFLOW_CTX_EXECUTION_DATE=2021-08-04T13:27:54.887944+00:00
AIRFLOW_CTX_DAG_RUN_ID=scheduled__2021-08-04T13:27:54.887944+00:00
[2021-08-04 13:28:00,148] {python.py:151} INFO - Done. Returned value was: 4
[2021-08-04 13:28:00,454] {taskinstance.py:1211} INFO - Marking task as SUCCESS. dag_id=my_dag, task_id=training_model_C, execution_date=20210804T132754, start_date=20210804T132759, end_date=20210804T132800
[2021-08-04 13:28:00,686] {taskinstance.py:1265} INFO - 0 downstream tasks scheduled from follow-on schedule check
[2021-08-04 13:28:00,738] {local_task_job.py:149} INFO - Task exited with return code 0
