[2021-08-04 13:51:05,229] {taskinstance.py:896} INFO - Dependencies all met for <TaskInstance: my_dag.training_model_A 2021-08-04T13:41:46.815174+00:00 [queued]>
[2021-08-04 13:51:05,457] {taskinstance.py:896} INFO - Dependencies all met for <TaskInstance: my_dag.training_model_A 2021-08-04T13:41:46.815174+00:00 [queued]>
[2021-08-04 13:51:05,458] {taskinstance.py:1087} INFO - 
--------------------------------------------------------------------------------
[2021-08-04 13:51:05,458] {taskinstance.py:1088} INFO - Starting attempt 1 of 1
[2021-08-04 13:51:05,458] {taskinstance.py:1089} INFO - 
--------------------------------------------------------------------------------
[2021-08-04 13:51:05,589] {taskinstance.py:1107} INFO - Executing <Task(PythonOperator): training_model_A> on 2021-08-04T13:41:46.815174+00:00
[2021-08-04 13:51:05,637] {standard_task_runner.py:52} INFO - Started process 126 to run task
[2021-08-04 13:51:05,715] {standard_task_runner.py:76} INFO - Running: ['***', 'tasks', 'run', 'my_dag', 'training_model_A', '2021-08-04T13:41:46.815174+00:00', '--job-id', '2086', '--pool', 'default_pool', '--raw', '--subdir', 'DAGS_FOLDER/my_dag.py', '--cfg-path', '/tmp/tmptkxshqhf', '--error-file', '/tmp/tmpbjla9g7a']
[2021-08-04 13:51:05,716] {standard_task_runner.py:77} INFO - Job 2086: Subtask training_model_A
[2021-08-04 13:51:06,173] {logging_mixin.py:104} INFO - Running <TaskInstance: my_dag.training_model_A 2021-08-04T13:41:46.815174+00:00 [running]> on host 04479ea62028
[2021-08-04 13:51:06,480] {taskinstance.py:1302} INFO - Exporting the following env vars:
AIRFLOW_CTX_DAG_OWNER=***
AIRFLOW_CTX_DAG_ID=my_dag
AIRFLOW_CTX_TASK_ID=training_model_A
AIRFLOW_CTX_EXECUTION_DATE=2021-08-04T13:41:46.815174+00:00
AIRFLOW_CTX_DAG_RUN_ID=scheduled__2021-08-04T13:41:46.815174+00:00
[2021-08-04 13:51:06,481] {python.py:151} INFO - Done. Returned value was: 2
[2021-08-04 13:51:06,901] {taskinstance.py:1211} INFO - Marking task as SUCCESS. dag_id=my_dag, task_id=training_model_A, execution_date=20210804T134146, start_date=20210804T135105, end_date=20210804T135106
[2021-08-04 13:51:07,211] {taskinstance.py:1265} INFO - 1 downstream tasks scheduled from follow-on schedule check
[2021-08-04 13:51:07,295] {local_task_job.py:149} INFO - Task exited with return code 0
