[2021-08-04 13:59:45,214] {taskinstance.py:896} INFO - Dependencies all met for <TaskInstance: my_dag.training_model_B 2021-08-04T13:59:34.460692+00:00 [queued]>
[2021-08-04 13:59:45,235] {taskinstance.py:896} INFO - Dependencies all met for <TaskInstance: my_dag.training_model_B 2021-08-04T13:59:34.460692+00:00 [queued]>
[2021-08-04 13:59:45,236] {taskinstance.py:1087} INFO - 
--------------------------------------------------------------------------------
[2021-08-04 13:59:45,236] {taskinstance.py:1088} INFO - Starting attempt 1 of 1
[2021-08-04 13:59:45,236] {taskinstance.py:1089} INFO - 
--------------------------------------------------------------------------------
[2021-08-04 13:59:45,249] {taskinstance.py:1107} INFO - Executing <Task(PythonOperator): training_model_B> on 2021-08-04T13:59:34.460692+00:00
[2021-08-04 13:59:45,254] {standard_task_runner.py:52} INFO - Started process 1416 to run task
[2021-08-04 13:59:45,262] {standard_task_runner.py:76} INFO - Running: ['***', 'tasks', 'run', 'my_dag', 'training_model_B', '2021-08-04T13:59:34.460692+00:00', '--job-id', '2355', '--pool', 'default_pool', '--raw', '--subdir', 'DAGS_FOLDER/my_dag.py', '--cfg-path', '/tmp/tmpkbyv_1b2', '--error-file', '/tmp/tmp9k_w_ocj']
[2021-08-04 13:59:45,263] {standard_task_runner.py:77} INFO - Job 2355: Subtask training_model_B
[2021-08-04 13:59:45,309] {logging_mixin.py:104} INFO - Running <TaskInstance: my_dag.training_model_B 2021-08-04T13:59:34.460692+00:00 [running]> on host 04479ea62028
[2021-08-04 13:59:45,363] {taskinstance.py:1302} INFO - Exporting the following env vars:
AIRFLOW_CTX_DAG_OWNER=***
AIRFLOW_CTX_DAG_ID=my_dag
AIRFLOW_CTX_TASK_ID=training_model_B
AIRFLOW_CTX_EXECUTION_DATE=2021-08-04T13:59:34.460692+00:00
AIRFLOW_CTX_DAG_RUN_ID=scheduled__2021-08-04T13:59:34.460692+00:00
[2021-08-04 13:59:45,364] {python.py:151} INFO - Done. Returned value was: 1
[2021-08-04 13:59:45,397] {taskinstance.py:1211} INFO - Marking task as SUCCESS. dag_id=my_dag, task_id=training_model_B, execution_date=20210804T135934, start_date=20210804T135945, end_date=20210804T135945
[2021-08-04 13:59:45,443] {taskinstance.py:1265} INFO - 0 downstream tasks scheduled from follow-on schedule check
[2021-08-04 13:59:45,474] {local_task_job.py:149} INFO - Task exited with return code 0
