[2021-08-04 14:50:20,659] {taskinstance.py:896} INFO - Dependencies all met for <TaskInstance: my_dag.choose_best_model 2021-08-04T14:50:07.958228+00:00 [queued]>
[2021-08-04 14:50:20,672] {taskinstance.py:896} INFO - Dependencies all met for <TaskInstance: my_dag.choose_best_model 2021-08-04T14:50:07.958228+00:00 [queued]>
[2021-08-04 14:50:20,672] {taskinstance.py:1087} INFO - 
--------------------------------------------------------------------------------
[2021-08-04 14:50:20,672] {taskinstance.py:1088} INFO - Starting attempt 1 of 1
[2021-08-04 14:50:20,672] {taskinstance.py:1089} INFO - 
--------------------------------------------------------------------------------
[2021-08-04 14:50:20,692] {taskinstance.py:1107} INFO - Executing <Task(BranchPythonOperator): choose_best_model> on 2021-08-04T14:50:07.958228+00:00
[2021-08-04 14:50:20,696] {standard_task_runner.py:52} INFO - Started process 2682 to run task
[2021-08-04 14:50:20,701] {standard_task_runner.py:76} INFO - Running: ['***', 'tasks', 'run', 'my_dag', 'choose_best_model', '2021-08-04T14:50:07.958228+00:00', '--job-id', '3161', '--pool', 'default_pool', '--raw', '--subdir', 'DAGS_FOLDER/my_dag.py', '--cfg-path', '/tmp/tmpho0502hh', '--error-file', '/tmp/tmpig_45btw']
[2021-08-04 14:50:20,702] {standard_task_runner.py:77} INFO - Job 3161: Subtask choose_best_model
[2021-08-04 14:50:20,751] {logging_mixin.py:104} INFO - Running <TaskInstance: my_dag.choose_best_model 2021-08-04T14:50:07.958228+00:00 [running]> on host 04479ea62028
[2021-08-04 14:50:20,822] {taskinstance.py:1302} INFO - Exporting the following env vars:
AIRFLOW_CTX_DAG_OWNER=***
AIRFLOW_CTX_DAG_ID=my_dag
AIRFLOW_CTX_TASK_ID=choose_best_model
AIRFLOW_CTX_EXECUTION_DATE=2021-08-04T14:50:07.958228+00:00
AIRFLOW_CTX_DAG_RUN_ID=scheduled__2021-08-04T14:50:07.958228+00:00
[2021-08-04 14:50:20,842] {python.py:151} INFO - Done. Returned value was: inaccurate
[2021-08-04 14:50:20,842] {skipmixin.py:124} INFO - Following branch inaccurate
[2021-08-04 14:50:20,851] {skipmixin.py:155} INFO - Skipping tasks ['accurate', 'value_5']
[2021-08-04 14:50:20,924] {taskinstance.py:1211} INFO - Marking task as SUCCESS. dag_id=my_dag, task_id=choose_best_model, execution_date=20210804T145007, start_date=20210804T145020, end_date=20210804T145020
[2021-08-04 14:50:20,977] {taskinstance.py:1265} INFO - 1 downstream tasks scheduled from follow-on schedule check
[2021-08-04 14:50:20,996] {local_task_job.py:149} INFO - Task exited with return code 0
