[2021-08-04 13:29:13,610] {taskinstance.py:896} INFO - Dependencies all met for <TaskInstance: my_dag.training_model_B 2021-08-04T13:29:09.212277+00:00 [queued]>
[2021-08-04 13:29:13,749] {taskinstance.py:896} INFO - Dependencies all met for <TaskInstance: my_dag.training_model_B 2021-08-04T13:29:09.212277+00:00 [queued]>
[2021-08-04 13:29:13,749] {taskinstance.py:1087} INFO - 
--------------------------------------------------------------------------------
[2021-08-04 13:29:13,754] {taskinstance.py:1088} INFO - Starting attempt 1 of 1
[2021-08-04 13:29:13,754] {taskinstance.py:1089} INFO - 
--------------------------------------------------------------------------------
[2021-08-04 13:29:13,796] {taskinstance.py:1107} INFO - Executing <Task(PythonOperator): training_model_B> on 2021-08-04T13:29:09.212277+00:00
[2021-08-04 13:29:13,803] {standard_task_runner.py:52} INFO - Started process 9830 to run task
[2021-08-04 13:29:13,838] {standard_task_runner.py:76} INFO - Running: ['***', 'tasks', 'run', 'my_dag', 'training_model_B', '2021-08-04T13:29:09.212277+00:00', '--job-id', '1416', '--pool', 'default_pool', '--raw', '--subdir', 'DAGS_FOLDER/my_dag.py', '--cfg-path', '/tmp/tmpjt96vfdy', '--error-file', '/tmp/tmp370o4imv']
[2021-08-04 13:29:13,839] {standard_task_runner.py:77} INFO - Job 1416: Subtask training_model_B
[2021-08-04 13:29:14,043] {logging_mixin.py:104} INFO - Running <TaskInstance: my_dag.training_model_B 2021-08-04T13:29:09.212277+00:00 [running]> on host 04479ea62028
[2021-08-04 13:29:14,316] {taskinstance.py:1302} INFO - Exporting the following env vars:
AIRFLOW_CTX_DAG_OWNER=***
AIRFLOW_CTX_DAG_ID=my_dag
AIRFLOW_CTX_TASK_ID=training_model_B
AIRFLOW_CTX_EXECUTION_DATE=2021-08-04T13:29:09.212277+00:00
AIRFLOW_CTX_DAG_RUN_ID=scheduled__2021-08-04T13:29:09.212277+00:00
[2021-08-04 13:29:14,317] {python.py:151} INFO - Done. Returned value was: 7
[2021-08-04 13:29:14,526] {taskinstance.py:1211} INFO - Marking task as SUCCESS. dag_id=my_dag, task_id=training_model_B, execution_date=20210804T132909, start_date=20210804T132913, end_date=20210804T132914
[2021-08-04 13:29:14,721] {taskinstance.py:1265} INFO - 0 downstream tasks scheduled from follow-on schedule check
[2021-08-04 13:29:14,832] {local_task_job.py:149} INFO - Task exited with return code 0
