[2021-08-04 13:30:02,177] {taskinstance.py:896} INFO - Dependencies all met for <TaskInstance: my_dag.training_model_C 2021-08-04T13:29:57.751935+00:00 [queued]>
[2021-08-04 13:30:02,262] {taskinstance.py:896} INFO - Dependencies all met for <TaskInstance: my_dag.training_model_C 2021-08-04T13:29:57.751935+00:00 [queued]>
[2021-08-04 13:30:02,263] {taskinstance.py:1087} INFO - 
--------------------------------------------------------------------------------
[2021-08-04 13:30:02,263] {taskinstance.py:1088} INFO - Starting attempt 1 of 1
[2021-08-04 13:30:02,263] {taskinstance.py:1089} INFO - 
--------------------------------------------------------------------------------
[2021-08-04 13:30:02,326] {taskinstance.py:1107} INFO - Executing <Task(PythonOperator): training_model_C> on 2021-08-04T13:29:57.751935+00:00
[2021-08-04 13:30:02,411] {standard_task_runner.py:52} INFO - Started process 10282 to run task
[2021-08-04 13:30:02,465] {standard_task_runner.py:76} INFO - Running: ['***', 'tasks', 'run', 'my_dag', 'training_model_C', '2021-08-04T13:29:57.751935+00:00', '--job-id', '1603', '--pool', 'default_pool', '--raw', '--subdir', 'DAGS_FOLDER/my_dag.py', '--cfg-path', '/tmp/tmp2yjl2ue3', '--error-file', '/tmp/tmpdpst0h2a']
[2021-08-04 13:30:02,470] {standard_task_runner.py:77} INFO - Job 1603: Subtask training_model_C
[2021-08-04 13:30:02,801] {logging_mixin.py:104} INFO - Running <TaskInstance: my_dag.training_model_C 2021-08-04T13:29:57.751935+00:00 [running]> on host 04479ea62028
[2021-08-04 13:30:03,138] {taskinstance.py:1302} INFO - Exporting the following env vars:
AIRFLOW_CTX_DAG_OWNER=***
AIRFLOW_CTX_DAG_ID=my_dag
AIRFLOW_CTX_TASK_ID=training_model_C
AIRFLOW_CTX_EXECUTION_DATE=2021-08-04T13:29:57.751935+00:00
AIRFLOW_CTX_DAG_RUN_ID=scheduled__2021-08-04T13:29:57.751935+00:00
[2021-08-04 13:30:03,139] {python.py:151} INFO - Done. Returned value was: 7
[2021-08-04 13:30:03,284] {taskinstance.py:1211} INFO - Marking task as SUCCESS. dag_id=my_dag, task_id=training_model_C, execution_date=20210804T132957, start_date=20210804T133002, end_date=20210804T133003
[2021-08-04 13:30:03,439] {taskinstance.py:1265} INFO - 0 downstream tasks scheduled from follow-on schedule check
[2021-08-04 13:30:03,487] {local_task_job.py:149} INFO - Task exited with return code 0
