[2021-08-04 13:29:05,936] {taskinstance.py:896} INFO - Dependencies all met for <TaskInstance: my_dag.training_model_A 2021-08-04T13:29:00.245291+00:00 [queued]>
[2021-08-04 13:29:06,049] {taskinstance.py:896} INFO - Dependencies all met for <TaskInstance: my_dag.training_model_A 2021-08-04T13:29:00.245291+00:00 [queued]>
[2021-08-04 13:29:06,050] {taskinstance.py:1087} INFO - 
--------------------------------------------------------------------------------
[2021-08-04 13:29:06,050] {taskinstance.py:1088} INFO - Starting attempt 1 of 1
[2021-08-04 13:29:06,050] {taskinstance.py:1089} INFO - 
--------------------------------------------------------------------------------
[2021-08-04 13:29:06,076] {taskinstance.py:1107} INFO - Executing <Task(PythonOperator): training_model_A> on 2021-08-04T13:29:00.245291+00:00
[2021-08-04 13:29:06,099] {standard_task_runner.py:52} INFO - Started process 9752 to run task
[2021-08-04 13:29:06,188] {standard_task_runner.py:76} INFO - Running: ['***', 'tasks', 'run', 'my_dag', 'training_model_A', '2021-08-04T13:29:00.245291+00:00', '--job-id', '1385', '--pool', 'default_pool', '--raw', '--subdir', 'DAGS_FOLDER/my_dag.py', '--cfg-path', '/tmp/tmpo229n1xq', '--error-file', '/tmp/tmpulliudzr']
[2021-08-04 13:29:06,189] {standard_task_runner.py:77} INFO - Job 1385: Subtask training_model_A
[2021-08-04 13:29:06,396] {logging_mixin.py:104} INFO - Running <TaskInstance: my_dag.training_model_A 2021-08-04T13:29:00.245291+00:00 [running]> on host 04479ea62028
[2021-08-04 13:29:06,794] {taskinstance.py:1302} INFO - Exporting the following env vars:
AIRFLOW_CTX_DAG_OWNER=***
AIRFLOW_CTX_DAG_ID=my_dag
AIRFLOW_CTX_TASK_ID=training_model_A
AIRFLOW_CTX_EXECUTION_DATE=2021-08-04T13:29:00.245291+00:00
AIRFLOW_CTX_DAG_RUN_ID=scheduled__2021-08-04T13:29:00.245291+00:00
[2021-08-04 13:29:06,795] {python.py:151} INFO - Done. Returned value was: 6
[2021-08-04 13:29:07,039] {taskinstance.py:1211} INFO - Marking task as SUCCESS. dag_id=my_dag, task_id=training_model_A, execution_date=20210804T132900, start_date=20210804T132905, end_date=20210804T132907
[2021-08-04 13:29:07,232] {taskinstance.py:1265} INFO - 1 downstream tasks scheduled from follow-on schedule check
[2021-08-04 13:29:07,270] {local_task_job.py:149} INFO - Task exited with return code 0
