[2021-08-04 13:32:57,673] {taskinstance.py:896} INFO - Dependencies all met for <TaskInstance: my_dag.training_model_C 2021-08-04T13:32:46.408765+00:00 [queued]>
[2021-08-04 13:32:57,701] {taskinstance.py:896} INFO - Dependencies all met for <TaskInstance: my_dag.training_model_C 2021-08-04T13:32:46.408765+00:00 [queued]>
[2021-08-04 13:32:57,701] {taskinstance.py:1087} INFO - 
--------------------------------------------------------------------------------
[2021-08-04 13:32:57,701] {taskinstance.py:1088} INFO - Starting attempt 1 of 1
[2021-08-04 13:32:57,701] {taskinstance.py:1089} INFO - 
--------------------------------------------------------------------------------
[2021-08-04 13:32:57,725] {taskinstance.py:1107} INFO - Executing <Task(PythonOperator): training_model_C> on 2021-08-04T13:32:46.408765+00:00
[2021-08-04 13:32:57,730] {standard_task_runner.py:52} INFO - Started process 11054 to run task
[2021-08-04 13:32:57,735] {standard_task_runner.py:76} INFO - Running: ['***', 'tasks', 'run', 'my_dag', 'training_model_C', '2021-08-04T13:32:46.408765+00:00', '--job-id', '1858', '--pool', 'default_pool', '--raw', '--subdir', 'DAGS_FOLDER/my_dag.py', '--cfg-path', '/tmp/tmpoh9144wa', '--error-file', '/tmp/tmp1klupfoo']
[2021-08-04 13:32:57,736] {standard_task_runner.py:77} INFO - Job 1858: Subtask training_model_C
[2021-08-04 13:32:57,820] {logging_mixin.py:104} INFO - Running <TaskInstance: my_dag.training_model_C 2021-08-04T13:32:46.408765+00:00 [running]> on host 04479ea62028
[2021-08-04 13:32:57,906] {taskinstance.py:1302} INFO - Exporting the following env vars:
AIRFLOW_CTX_DAG_OWNER=***
AIRFLOW_CTX_DAG_ID=my_dag
AIRFLOW_CTX_TASK_ID=training_model_C
AIRFLOW_CTX_EXECUTION_DATE=2021-08-04T13:32:46.408765+00:00
AIRFLOW_CTX_DAG_RUN_ID=scheduled__2021-08-04T13:32:46.408765+00:00
[2021-08-04 13:32:57,907] {python.py:151} INFO - Done. Returned value was: 8
[2021-08-04 13:32:57,964] {taskinstance.py:1211} INFO - Marking task as SUCCESS. dag_id=my_dag, task_id=training_model_C, execution_date=20210804T133246, start_date=20210804T133257, end_date=20210804T133257
[2021-08-04 13:32:58,027] {taskinstance.py:1265} INFO - 0 downstream tasks scheduled from follow-on schedule check
[2021-08-04 13:32:58,036] {local_task_job.py:149} INFO - Task exited with return code 0
