[2021-08-04 14:39:38,926] {taskinstance.py:896} INFO - Dependencies all met for <TaskInstance: my_dag.choose_best_model 2021-08-04T14:39:27.634907+00:00 [queued]>
[2021-08-04 14:39:38,940] {taskinstance.py:896} INFO - Dependencies all met for <TaskInstance: my_dag.choose_best_model 2021-08-04T14:39:27.634907+00:00 [queued]>
[2021-08-04 14:39:38,941] {taskinstance.py:1087} INFO - 
--------------------------------------------------------------------------------
[2021-08-04 14:39:38,941] {taskinstance.py:1088} INFO - Starting attempt 1 of 1
[2021-08-04 14:39:38,941] {taskinstance.py:1089} INFO - 
--------------------------------------------------------------------------------
[2021-08-04 14:39:38,957] {taskinstance.py:1107} INFO - Executing <Task(BranchPythonOperator): choose_best_model> on 2021-08-04T14:39:27.634907+00:00
[2021-08-04 14:39:38,962] {standard_task_runner.py:52} INFO - Started process 1110 to run task
[2021-08-04 14:39:38,967] {standard_task_runner.py:76} INFO - Running: ['***', 'tasks', 'run', 'my_dag', 'choose_best_model', '2021-08-04T14:39:27.634907+00:00', '--job-id', '2841', '--pool', 'default_pool', '--raw', '--subdir', 'DAGS_FOLDER/my_dag.py', '--cfg-path', '/tmp/tmp99slffon', '--error-file', '/tmp/tmpvb12jlsu']
[2021-08-04 14:39:38,968] {standard_task_runner.py:77} INFO - Job 2841: Subtask choose_best_model
[2021-08-04 14:39:39,010] {logging_mixin.py:104} INFO - Running <TaskInstance: my_dag.choose_best_model 2021-08-04T14:39:27.634907+00:00 [running]> on host 04479ea62028
[2021-08-04 14:39:39,053] {taskinstance.py:1302} INFO - Exporting the following env vars:
AIRFLOW_CTX_DAG_OWNER=***
AIRFLOW_CTX_DAG_ID=my_dag
AIRFLOW_CTX_TASK_ID=choose_best_model
AIRFLOW_CTX_EXECUTION_DATE=2021-08-04T14:39:27.634907+00:00
AIRFLOW_CTX_DAG_RUN_ID=scheduled__2021-08-04T14:39:27.634907+00:00
[2021-08-04 14:39:39,060] {python.py:151} INFO - Done. Returned value was: value_5
[2021-08-04 14:39:39,061] {skipmixin.py:124} INFO - Following branch value_5
[2021-08-04 14:39:39,067] {skipmixin.py:155} INFO - Skipping tasks ['inaccurate', 'accurate']
[2021-08-04 14:39:39,105] {taskinstance.py:1211} INFO - Marking task as SUCCESS. dag_id=my_dag, task_id=choose_best_model, execution_date=20210804T143927, start_date=20210804T143938, end_date=20210804T143939
[2021-08-04 14:39:39,142] {taskinstance.py:1265} INFO - 1 downstream tasks scheduled from follow-on schedule check
[2021-08-04 14:39:39,181] {local_task_job.py:149} INFO - Task exited with return code 0
