[2021-08-04 12:37:20,898] {taskinstance.py:896} INFO - Dependencies all met for <TaskInstance: my_dag.choosing_best_model 2021-08-04T12:37:18.889740+00:00 [queued]>
[2021-08-04 12:37:20,914] {taskinstance.py:896} INFO - Dependencies all met for <TaskInstance: my_dag.choosing_best_model 2021-08-04T12:37:18.889740+00:00 [queued]>
[2021-08-04 12:37:20,914] {taskinstance.py:1087} INFO - 
--------------------------------------------------------------------------------
[2021-08-04 12:37:20,914] {taskinstance.py:1088} INFO - Starting attempt 1 of 1
[2021-08-04 12:37:20,914] {taskinstance.py:1089} INFO - 
--------------------------------------------------------------------------------
[2021-08-04 12:37:20,925] {taskinstance.py:1107} INFO - Executing <Task(BranchPythonOperator): choosing_best_model> on 2021-08-04T12:37:18.889740+00:00
[2021-08-04 12:37:20,928] {standard_task_runner.py:52} INFO - Started process 2613 to run task
[2021-08-04 12:37:20,932] {standard_task_runner.py:76} INFO - Running: ['***', 'tasks', 'run', 'my_dag', 'choosing_best_model', '2021-08-04T12:37:18.889740+00:00', '--job-id', '25', '--pool', 'default_pool', '--raw', '--subdir', 'DAGS_FOLDER/my_dag.py', '--cfg-path', '/tmp/tmpclf0afdm', '--error-file', '/tmp/tmpwl1x1k7y']
[2021-08-04 12:37:20,932] {standard_task_runner.py:77} INFO - Job 25: Subtask choosing_best_model
[2021-08-04 12:37:20,977] {logging_mixin.py:104} INFO - Running <TaskInstance: my_dag.choosing_best_model 2021-08-04T12:37:18.889740+00:00 [running]> on host 04479ea62028
[2021-08-04 12:37:21,056] {taskinstance.py:1302} INFO - Exporting the following env vars:
AIRFLOW_CTX_DAG_OWNER=***
AIRFLOW_CTX_DAG_ID=my_dag
AIRFLOW_CTX_TASK_ID=choosing_best_model
AIRFLOW_CTX_EXECUTION_DATE=2021-08-04T12:37:18.889740+00:00
AIRFLOW_CTX_DAG_RUN_ID=manual__2021-08-04T12:37:18.889740+00:00
[2021-08-04 12:37:21,064] {python.py:151} INFO - Done. Returned value was: inaccurate
[2021-08-04 12:37:21,064] {skipmixin.py:124} INFO - Following branch inaccurate
[2021-08-04 12:37:21,072] {skipmixin.py:155} INFO - Skipping tasks ['accurate']
[2021-08-04 12:37:21,114] {taskinstance.py:1211} INFO - Marking task as SUCCESS. dag_id=my_dag, task_id=choosing_best_model, execution_date=20210804T123718, start_date=20210804T123720, end_date=20210804T123721
[2021-08-04 12:37:21,145] {taskinstance.py:1265} INFO - 1 downstream tasks scheduled from follow-on schedule check
[2021-08-04 12:37:21,186] {local_task_job.py:149} INFO - Task exited with return code 0
