[2021-08-04 13:30:26,955] {taskinstance.py:896} INFO - Dependencies all met for <TaskInstance: my_dag.training_model_B 2021-08-04T13:30:20.757599+00:00 [queued]>
[2021-08-04 13:30:27,040] {taskinstance.py:896} INFO - Dependencies all met for <TaskInstance: my_dag.training_model_B 2021-08-04T13:30:20.757599+00:00 [queued]>
[2021-08-04 13:30:27,040] {taskinstance.py:1087} INFO - 
--------------------------------------------------------------------------------
[2021-08-04 13:30:27,041] {taskinstance.py:1088} INFO - Starting attempt 1 of 1
[2021-08-04 13:30:27,041] {taskinstance.py:1089} INFO - 
--------------------------------------------------------------------------------
[2021-08-04 13:30:27,100] {taskinstance.py:1107} INFO - Executing <Task(PythonOperator): training_model_B> on 2021-08-04T13:30:20.757599+00:00
[2021-08-04 13:30:27,134] {standard_task_runner.py:76} INFO - Running: ['***', 'tasks', 'run', 'my_dag', 'training_model_B', '2021-08-04T13:30:20.757599+00:00', '--job-id', '1695', '--pool', 'default_pool', '--raw', '--subdir', 'DAGS_FOLDER/my_dag.py', '--cfg-path', '/tmp/tmpd84gokyd', '--error-file', '/tmp/tmpg6hiqiow']
[2021-08-04 13:30:27,160] {standard_task_runner.py:77} INFO - Job 1695: Subtask training_model_B
[2021-08-04 13:30:27,116] {standard_task_runner.py:52} INFO - Started process 10500 to run task
[2021-08-04 13:30:27,466] {logging_mixin.py:104} INFO - Running <TaskInstance: my_dag.training_model_B 2021-08-04T13:30:20.757599+00:00 [running]> on host 04479ea62028
[2021-08-04 13:30:27,846] {taskinstance.py:1302} INFO - Exporting the following env vars:
AIRFLOW_CTX_DAG_OWNER=***
AIRFLOW_CTX_DAG_ID=my_dag
AIRFLOW_CTX_TASK_ID=training_model_B
AIRFLOW_CTX_EXECUTION_DATE=2021-08-04T13:30:20.757599+00:00
AIRFLOW_CTX_DAG_RUN_ID=scheduled__2021-08-04T13:30:20.757599+00:00
[2021-08-04 13:30:27,847] {python.py:151} INFO - Done. Returned value was: 9
[2021-08-04 13:30:28,016] {taskinstance.py:1211} INFO - Marking task as SUCCESS. dag_id=my_dag, task_id=training_model_B, execution_date=20210804T133020, start_date=20210804T133026, end_date=20210804T133028
[2021-08-04 13:30:28,221] {taskinstance.py:1265} INFO - 0 downstream tasks scheduled from follow-on schedule check
[2021-08-04 13:30:28,250] {local_task_job.py:149} INFO - Task exited with return code 0
