[2021-08-04 14:03:25,673] {taskinstance.py:896} INFO - Dependencies all met for <TaskInstance: my_dag.training_model_B 2021-08-04T14:03:14.460692+00:00 [queued]>
[2021-08-04 14:03:25,697] {taskinstance.py:896} INFO - Dependencies all met for <TaskInstance: my_dag.training_model_B 2021-08-04T14:03:14.460692+00:00 [queued]>
[2021-08-04 14:03:25,698] {taskinstance.py:1087} INFO - 
--------------------------------------------------------------------------------
[2021-08-04 14:03:25,698] {taskinstance.py:1088} INFO - Starting attempt 1 of 1
[2021-08-04 14:03:25,698] {taskinstance.py:1089} INFO - 
--------------------------------------------------------------------------------
[2021-08-04 14:03:25,710] {taskinstance.py:1107} INFO - Executing <Task(PythonOperator): training_model_B> on 2021-08-04T14:03:14.460692+00:00
[2021-08-04 14:03:25,716] {standard_task_runner.py:52} INFO - Started process 1955 to run task
[2021-08-04 14:03:25,720] {standard_task_runner.py:76} INFO - Running: ['***', 'tasks', 'run', 'my_dag', 'training_model_B', '2021-08-04T14:03:14.460692+00:00', '--job-id', '2465', '--pool', 'default_pool', '--raw', '--subdir', 'DAGS_FOLDER/my_dag.py', '--cfg-path', '/tmp/tmpz29sophn', '--error-file', '/tmp/tmpfcp6e732']
[2021-08-04 14:03:25,721] {standard_task_runner.py:77} INFO - Job 2465: Subtask training_model_B
[2021-08-04 14:03:25,767] {logging_mixin.py:104} INFO - Running <TaskInstance: my_dag.training_model_B 2021-08-04T14:03:14.460692+00:00 [running]> on host 04479ea62028
[2021-08-04 14:03:25,820] {taskinstance.py:1302} INFO - Exporting the following env vars:
AIRFLOW_CTX_DAG_OWNER=***
AIRFLOW_CTX_DAG_ID=my_dag
AIRFLOW_CTX_TASK_ID=training_model_B
AIRFLOW_CTX_EXECUTION_DATE=2021-08-04T14:03:14.460692+00:00
AIRFLOW_CTX_DAG_RUN_ID=scheduled__2021-08-04T14:03:14.460692+00:00
[2021-08-04 14:03:25,821] {python.py:151} INFO - Done. Returned value was: 1
[2021-08-04 14:03:25,849] {taskinstance.py:1211} INFO - Marking task as SUCCESS. dag_id=my_dag, task_id=training_model_B, execution_date=20210804T140314, start_date=20210804T140325, end_date=20210804T140325
[2021-08-04 14:03:25,887] {taskinstance.py:1265} INFO - 0 downstream tasks scheduled from follow-on schedule check
[2021-08-04 14:03:25,894] {local_task_job.py:149} INFO - Task exited with return code 0
