[2021-08-04 14:46:29,445] {taskinstance.py:896} INFO - Dependencies all met for <TaskInstance: my_dag.training_model_C 2021-08-04T14:46:17.958228+00:00 [queued]>
[2021-08-04 14:46:29,459] {taskinstance.py:896} INFO - Dependencies all met for <TaskInstance: my_dag.training_model_C 2021-08-04T14:46:17.958228+00:00 [queued]>
[2021-08-04 14:46:29,459] {taskinstance.py:1087} INFO - 
--------------------------------------------------------------------------------
[2021-08-04 14:46:29,459] {taskinstance.py:1088} INFO - Starting attempt 1 of 1
[2021-08-04 14:46:29,460] {taskinstance.py:1089} INFO - 
--------------------------------------------------------------------------------
[2021-08-04 14:46:29,478] {taskinstance.py:1107} INFO - Executing <Task(PythonOperator): training_model_C> on 2021-08-04T14:46:17.958228+00:00
[2021-08-04 14:46:29,487] {standard_task_runner.py:76} INFO - Running: ['***', 'tasks', 'run', 'my_dag', 'training_model_C', '2021-08-04T14:46:17.958228+00:00', '--job-id', '3045', '--pool', 'default_pool', '--raw', '--subdir', 'DAGS_FOLDER/my_dag.py', '--cfg-path', '/tmp/tmpyxbkeyah', '--error-file', '/tmp/tmp61_i9gb_']
[2021-08-04 14:46:29,488] {standard_task_runner.py:77} INFO - Job 3045: Subtask training_model_C
[2021-08-04 14:46:29,483] {standard_task_runner.py:52} INFO - Started process 2117 to run task
[2021-08-04 14:46:29,539] {logging_mixin.py:104} INFO - Running <TaskInstance: my_dag.training_model_C 2021-08-04T14:46:17.958228+00:00 [running]> on host 04479ea62028
[2021-08-04 14:46:29,593] {taskinstance.py:1302} INFO - Exporting the following env vars:
AIRFLOW_CTX_DAG_OWNER=***
AIRFLOW_CTX_DAG_ID=my_dag
AIRFLOW_CTX_TASK_ID=training_model_C
AIRFLOW_CTX_EXECUTION_DATE=2021-08-04T14:46:17.958228+00:00
AIRFLOW_CTX_DAG_RUN_ID=scheduled__2021-08-04T14:46:17.958228+00:00
[2021-08-04 14:46:29,594] {python.py:151} INFO - Done. Returned value was: 5
[2021-08-04 14:46:29,623] {taskinstance.py:1211} INFO - Marking task as SUCCESS. dag_id=my_dag, task_id=training_model_C, execution_date=20210804T144617, start_date=20210804T144629, end_date=20210804T144629
[2021-08-04 14:46:29,665] {taskinstance.py:1265} INFO - 0 downstream tasks scheduled from follow-on schedule check
[2021-08-04 14:46:29,702] {local_task_job.py:149} INFO - Task exited with return code 0
