[2021-08-04 13:24:07,999] {taskinstance.py:896} INFO - Dependencies all met for <TaskInstance: my_dag.training_model_C 2021-08-04T13:24:04.709543+00:00 [queued]>
[2021-08-04 13:24:08,112] {taskinstance.py:896} INFO - Dependencies all met for <TaskInstance: my_dag.training_model_C 2021-08-04T13:24:04.709543+00:00 [queued]>
[2021-08-04 13:24:08,112] {taskinstance.py:1087} INFO - 
--------------------------------------------------------------------------------
[2021-08-04 13:24:08,113] {taskinstance.py:1088} INFO - Starting attempt 1 of 1
[2021-08-04 13:24:08,113] {taskinstance.py:1089} INFO - 
--------------------------------------------------------------------------------
[2021-08-04 13:24:08,162] {taskinstance.py:1107} INFO - Executing <Task(PythonOperator): training_model_C> on 2021-08-04T13:24:04.709543+00:00
[2021-08-04 13:24:08,180] {standard_task_runner.py:52} INFO - Started process 7037 to run task
[2021-08-04 13:24:08,209] {standard_task_runner.py:76} INFO - Running: ['***', 'tasks', 'run', 'my_dag', 'training_model_C', '2021-08-04T13:24:04.709543+00:00', '--job-id', '273', '--pool', 'default_pool', '--raw', '--subdir', 'DAGS_FOLDER/my_dag.py', '--cfg-path', '/tmp/tmp5y41ngkn', '--error-file', '/tmp/tmporbqs19y']
[2021-08-04 13:24:08,213] {standard_task_runner.py:77} INFO - Job 273: Subtask training_model_C
[2021-08-04 13:24:08,541] {logging_mixin.py:104} INFO - Running <TaskInstance: my_dag.training_model_C 2021-08-04T13:24:04.709543+00:00 [running]> on host 04479ea62028
[2021-08-04 13:24:08,778] {taskinstance.py:1302} INFO - Exporting the following env vars:
AIRFLOW_CTX_DAG_OWNER=***
AIRFLOW_CTX_DAG_ID=my_dag
AIRFLOW_CTX_TASK_ID=training_model_C
AIRFLOW_CTX_EXECUTION_DATE=2021-08-04T13:24:04.709543+00:00
AIRFLOW_CTX_DAG_RUN_ID=scheduled__2021-08-04T13:24:04.709543+00:00
[2021-08-04 13:24:08,779] {python.py:151} INFO - Done. Returned value was: 6
[2021-08-04 13:24:08,978] {taskinstance.py:1211} INFO - Marking task as SUCCESS. dag_id=my_dag, task_id=training_model_C, execution_date=20210804T132404, start_date=20210804T132408, end_date=20210804T132408
[2021-08-04 13:24:09,131] {taskinstance.py:1265} INFO - 1 downstream tasks scheduled from follow-on schedule check
[2021-08-04 13:24:09,199] {local_task_job.py:149} INFO - Task exited with return code 0
