[2021-08-04 13:37:49,039] {taskinstance.py:896} INFO - Dependencies all met for <TaskInstance: my_dag.choose_best_model 2021-08-04T13:37:36.408765+00:00 [queued]>
[2021-08-04 13:37:49,062] {taskinstance.py:896} INFO - Dependencies all met for <TaskInstance: my_dag.choose_best_model 2021-08-04T13:37:36.408765+00:00 [queued]>
[2021-08-04 13:37:49,062] {taskinstance.py:1087} INFO - 
--------------------------------------------------------------------------------
[2021-08-04 13:37:49,062] {taskinstance.py:1088} INFO - Starting attempt 1 of 1
[2021-08-04 13:37:49,062] {taskinstance.py:1089} INFO - 
--------------------------------------------------------------------------------
[2021-08-04 13:37:49,078] {taskinstance.py:1107} INFO - Executing <Task(BranchPythonOperator): choose_best_model> on 2021-08-04T13:37:36.408765+00:00
[2021-08-04 13:37:49,083] {standard_task_runner.py:52} INFO - Started process 11770 to run task
[2021-08-04 13:37:49,089] {standard_task_runner.py:76} INFO - Running: ['***', 'tasks', 'run', 'my_dag', 'choose_best_model', '2021-08-04T13:37:36.408765+00:00', '--job-id', '2005', '--pool', 'default_pool', '--raw', '--subdir', 'DAGS_FOLDER/my_dag.py', '--cfg-path', '/tmp/tmps6rz0hgz', '--error-file', '/tmp/tmp5y5j7s8w']
[2021-08-04 13:37:49,090] {standard_task_runner.py:77} INFO - Job 2005: Subtask choose_best_model
[2021-08-04 13:37:49,148] {logging_mixin.py:104} INFO - Running <TaskInstance: my_dag.choose_best_model 2021-08-04T13:37:36.408765+00:00 [running]> on host 04479ea62028
[2021-08-04 13:37:49,224] {taskinstance.py:1302} INFO - Exporting the following env vars:
AIRFLOW_CTX_DAG_OWNER=***
AIRFLOW_CTX_DAG_ID=my_dag
AIRFLOW_CTX_TASK_ID=choose_best_model
AIRFLOW_CTX_EXECUTION_DATE=2021-08-04T13:37:36.408765+00:00
AIRFLOW_CTX_DAG_RUN_ID=scheduled__2021-08-04T13:37:36.408765+00:00
[2021-08-04 13:37:49,234] {python.py:151} INFO - Done. Returned value was: accurate
[2021-08-04 13:37:49,235] {skipmixin.py:124} INFO - Following branch accurate
[2021-08-04 13:37:49,244] {skipmixin.py:155} INFO - Skipping tasks ['inaccurate']
[2021-08-04 13:37:49,294] {taskinstance.py:1211} INFO - Marking task as SUCCESS. dag_id=my_dag, task_id=choose_best_model, execution_date=20210804T133736, start_date=20210804T133749, end_date=20210804T133749
[2021-08-04 13:37:49,326] {taskinstance.py:1265} INFO - 1 downstream tasks scheduled from follow-on schedule check
[2021-08-04 13:37:49,344] {local_task_job.py:149} INFO - Task exited with return code 0
