[2021-08-04 13:36:07,900] {taskinstance.py:896} INFO - Dependencies all met for <TaskInstance: my_dag.training_model_A 2021-08-04T13:35:56.408765+00:00 [queued]>
[2021-08-04 13:36:07,927] {taskinstance.py:896} INFO - Dependencies all met for <TaskInstance: my_dag.training_model_A 2021-08-04T13:35:56.408765+00:00 [queued]>
[2021-08-04 13:36:07,928] {taskinstance.py:1087} INFO - 
--------------------------------------------------------------------------------
[2021-08-04 13:36:07,928] {taskinstance.py:1088} INFO - Starting attempt 1 of 1
[2021-08-04 13:36:07,928] {taskinstance.py:1089} INFO - 
--------------------------------------------------------------------------------
[2021-08-04 13:36:07,941] {taskinstance.py:1107} INFO - Executing <Task(PythonOperator): training_model_A> on 2021-08-04T13:35:56.408765+00:00
[2021-08-04 13:36:07,945] {standard_task_runner.py:52} INFO - Started process 11518 to run task
[2021-08-04 13:36:07,949] {standard_task_runner.py:76} INFO - Running: ['***', 'tasks', 'run', 'my_dag', 'training_model_A', '2021-08-04T13:35:56.408765+00:00', '--job-id', '1952', '--pool', 'default_pool', '--raw', '--subdir', 'DAGS_FOLDER/my_dag.py', '--cfg-path', '/tmp/tmps4hquysq', '--error-file', '/tmp/tmpayq5sxx8']
[2021-08-04 13:36:07,950] {standard_task_runner.py:77} INFO - Job 1952: Subtask training_model_A
[2021-08-04 13:36:07,997] {logging_mixin.py:104} INFO - Running <TaskInstance: my_dag.training_model_A 2021-08-04T13:35:56.408765+00:00 [running]> on host 04479ea62028
[2021-08-04 13:36:08,064] {taskinstance.py:1302} INFO - Exporting the following env vars:
AIRFLOW_CTX_DAG_OWNER=***
AIRFLOW_CTX_DAG_ID=my_dag
AIRFLOW_CTX_TASK_ID=training_model_A
AIRFLOW_CTX_EXECUTION_DATE=2021-08-04T13:35:56.408765+00:00
AIRFLOW_CTX_DAG_RUN_ID=scheduled__2021-08-04T13:35:56.408765+00:00
[2021-08-04 13:36:08,064] {python.py:151} INFO - Done. Returned value was: 3
[2021-08-04 13:36:08,096] {taskinstance.py:1211} INFO - Marking task as SUCCESS. dag_id=my_dag, task_id=training_model_A, execution_date=20210804T133556, start_date=20210804T133607, end_date=20210804T133608
[2021-08-04 13:36:08,138] {taskinstance.py:1265} INFO - 0 downstream tasks scheduled from follow-on schedule check
[2021-08-04 13:36:08,163] {local_task_job.py:149} INFO - Task exited with return code 0
