[2021-08-04 13:38:28,444] {taskinstance.py:896} INFO - Dependencies all met for <TaskInstance: my_dag.choose_best_model 2021-08-04T13:38:16.408765+00:00 [queued]>
[2021-08-04 13:38:28,462] {taskinstance.py:896} INFO - Dependencies all met for <TaskInstance: my_dag.choose_best_model 2021-08-04T13:38:16.408765+00:00 [queued]>
[2021-08-04 13:38:28,463] {taskinstance.py:1087} INFO - 
--------------------------------------------------------------------------------
[2021-08-04 13:38:28,463] {taskinstance.py:1088} INFO - Starting attempt 1 of 1
[2021-08-04 13:38:28,463] {taskinstance.py:1089} INFO - 
--------------------------------------------------------------------------------
[2021-08-04 13:38:28,475] {taskinstance.py:1107} INFO - Executing <Task(BranchPythonOperator): choose_best_model> on 2021-08-04T13:38:16.408765+00:00
[2021-08-04 13:38:28,478] {standard_task_runner.py:52} INFO - Started process 11866 to run task
[2021-08-04 13:38:28,482] {standard_task_runner.py:76} INFO - Running: ['***', 'tasks', 'run', 'my_dag', 'choose_best_model', '2021-08-04T13:38:16.408765+00:00', '--job-id', '2025', '--pool', 'default_pool', '--raw', '--subdir', 'DAGS_FOLDER/my_dag.py', '--cfg-path', '/tmp/tmpgx13_c0y', '--error-file', '/tmp/tmpbjyq1ueu']
[2021-08-04 13:38:28,483] {standard_task_runner.py:77} INFO - Job 2025: Subtask choose_best_model
[2021-08-04 13:38:28,521] {logging_mixin.py:104} INFO - Running <TaskInstance: my_dag.choose_best_model 2021-08-04T13:38:16.408765+00:00 [running]> on host 04479ea62028
[2021-08-04 13:38:28,569] {taskinstance.py:1302} INFO - Exporting the following env vars:
AIRFLOW_CTX_DAG_OWNER=***
AIRFLOW_CTX_DAG_ID=my_dag
AIRFLOW_CTX_TASK_ID=choose_best_model
AIRFLOW_CTX_EXECUTION_DATE=2021-08-04T13:38:16.408765+00:00
AIRFLOW_CTX_DAG_RUN_ID=scheduled__2021-08-04T13:38:16.408765+00:00
[2021-08-04 13:38:28,576] {python.py:151} INFO - Done. Returned value was: accurate
[2021-08-04 13:38:28,576] {skipmixin.py:124} INFO - Following branch accurate
[2021-08-04 13:38:28,583] {skipmixin.py:155} INFO - Skipping tasks ['inaccurate']
[2021-08-04 13:38:28,679] {taskinstance.py:1211} INFO - Marking task as SUCCESS. dag_id=my_dag, task_id=choose_best_model, execution_date=20210804T133816, start_date=20210804T133828, end_date=20210804T133828
[2021-08-04 13:38:28,772] {taskinstance.py:1265} INFO - 1 downstream tasks scheduled from follow-on schedule check
[2021-08-04 13:38:28,817] {local_task_job.py:149} INFO - Task exited with return code 0
