[2021-08-04 13:30:06,095] {taskinstance.py:896} INFO - Dependencies all met for <TaskInstance: my_dag.accurate 2021-08-04T13:29:53.142807+00:00 [queued]>
[2021-08-04 13:30:06,212] {taskinstance.py:896} INFO - Dependencies all met for <TaskInstance: my_dag.accurate 2021-08-04T13:29:53.142807+00:00 [queued]>
[2021-08-04 13:30:06,212] {taskinstance.py:1087} INFO - 
--------------------------------------------------------------------------------
[2021-08-04 13:30:06,212] {taskinstance.py:1088} INFO - Starting attempt 1 of 1
[2021-08-04 13:30:06,212] {taskinstance.py:1089} INFO - 
--------------------------------------------------------------------------------
[2021-08-04 13:30:06,284] {taskinstance.py:1107} INFO - Executing <Task(BashOperator): accurate> on 2021-08-04T13:29:53.142807+00:00
[2021-08-04 13:30:06,306] {standard_task_runner.py:52} INFO - Started process 10317 to run task
[2021-08-04 13:30:06,375] {standard_task_runner.py:76} INFO - Running: ['***', 'tasks', 'run', 'my_dag', 'accurate', '2021-08-04T13:29:53.142807+00:00', '--job-id', '1620', '--pool', 'default_pool', '--raw', '--subdir', 'DAGS_FOLDER/my_dag.py', '--cfg-path', '/tmp/tmpjeqgma53', '--error-file', '/tmp/tmpgeled6cg']
[2021-08-04 13:30:06,376] {standard_task_runner.py:77} INFO - Job 1620: Subtask accurate
[2021-08-04 13:30:06,654] {logging_mixin.py:104} INFO - Running <TaskInstance: my_dag.accurate 2021-08-04T13:29:53.142807+00:00 [running]> on host 04479ea62028
[2021-08-04 13:30:06,904] {taskinstance.py:1302} INFO - Exporting the following env vars:
AIRFLOW_CTX_DAG_OWNER=***
AIRFLOW_CTX_DAG_ID=my_dag
AIRFLOW_CTX_TASK_ID=accurate
AIRFLOW_CTX_EXECUTION_DATE=2021-08-04T13:29:53.142807+00:00
AIRFLOW_CTX_DAG_RUN_ID=scheduled__2021-08-04T13:29:53.142807+00:00
[2021-08-04 13:30:06,906] {subprocess.py:52} INFO - Tmp dir root location: 
 /tmp
[2021-08-04 13:30:06,909] {subprocess.py:63} INFO - Running command: ['bash', '-c', "echo 'accurate'"]
[2021-08-04 13:30:06,988] {subprocess.py:74} INFO - Output:
[2021-08-04 13:30:06,991] {subprocess.py:78} INFO - accurate
[2021-08-04 13:30:06,991] {subprocess.py:82} INFO - Command exited with return code 0
[2021-08-04 13:30:07,168] {taskinstance.py:1211} INFO - Marking task as SUCCESS. dag_id=my_dag, task_id=accurate, execution_date=20210804T132953, start_date=20210804T133006, end_date=20210804T133007
[2021-08-04 13:30:07,323] {taskinstance.py:1265} INFO - 0 downstream tasks scheduled from follow-on schedule check
[2021-08-04 13:30:07,341] {local_task_job.py:149} INFO - Task exited with return code 0
