[2021-08-04 13:24:54,615] {taskinstance.py:896} INFO - Dependencies all met for <TaskInstance: my_dag.training_model_A 2021-08-04T13:24:49.988361+00:00 [queued]>
[2021-08-04 13:24:54,750] {taskinstance.py:896} INFO - Dependencies all met for <TaskInstance: my_dag.training_model_A 2021-08-04T13:24:49.988361+00:00 [queued]>
[2021-08-04 13:24:54,751] {taskinstance.py:1087} INFO - 
--------------------------------------------------------------------------------
[2021-08-04 13:24:54,751] {taskinstance.py:1088} INFO - Starting attempt 1 of 1
[2021-08-04 13:24:54,751] {taskinstance.py:1089} INFO - 
--------------------------------------------------------------------------------
[2021-08-04 13:24:54,830] {taskinstance.py:1107} INFO - Executing <Task(PythonOperator): training_model_A> on 2021-08-04T13:24:49.988361+00:00
[2021-08-04 13:24:54,838] {standard_task_runner.py:52} INFO - Started process 7483 to run task
[2021-08-04 13:24:54,914] {standard_task_runner.py:76} INFO - Running: ['***', 'tasks', 'run', 'my_dag', 'training_model_A', '2021-08-04T13:24:49.988361+00:00', '--job-id', '456', '--pool', 'default_pool', '--raw', '--subdir', 'DAGS_FOLDER/my_dag.py', '--cfg-path', '/tmp/tmpycpnju1q', '--error-file', '/tmp/tmp3zpfpuup']
[2021-08-04 13:24:54,915] {standard_task_runner.py:77} INFO - Job 456: Subtask training_model_A
[2021-08-04 13:24:55,249] {logging_mixin.py:104} INFO - Running <TaskInstance: my_dag.training_model_A 2021-08-04T13:24:49.988361+00:00 [running]> on host 04479ea62028
[2021-08-04 13:24:55,740] {taskinstance.py:1302} INFO - Exporting the following env vars:
AIRFLOW_CTX_DAG_OWNER=***
AIRFLOW_CTX_DAG_ID=my_dag
AIRFLOW_CTX_TASK_ID=training_model_A
AIRFLOW_CTX_EXECUTION_DATE=2021-08-04T13:24:49.988361+00:00
AIRFLOW_CTX_DAG_RUN_ID=scheduled__2021-08-04T13:24:49.988361+00:00
[2021-08-04 13:24:55,741] {python.py:151} INFO - Done. Returned value was: 5
[2021-08-04 13:24:56,017] {taskinstance.py:1211} INFO - Marking task as SUCCESS. dag_id=my_dag, task_id=training_model_A, execution_date=20210804T132449, start_date=20210804T132454, end_date=20210804T132456
[2021-08-04 13:24:56,348] {taskinstance.py:1265} INFO - 1 downstream tasks scheduled from follow-on schedule check
[2021-08-04 13:24:56,388] {local_task_job.py:149} INFO - Task exited with return code 0
