[2021-08-04 13:26:25,232] {taskinstance.py:896} INFO - Dependencies all met for <TaskInstance: my_dag.training_model_C 2021-08-04T13:26:20.873110+00:00 [queued]>
[2021-08-04 13:26:25,298] {taskinstance.py:896} INFO - Dependencies all met for <TaskInstance: my_dag.training_model_C 2021-08-04T13:26:20.873110+00:00 [queued]>
[2021-08-04 13:26:25,298] {taskinstance.py:1087} INFO - 
--------------------------------------------------------------------------------
[2021-08-04 13:26:25,299] {taskinstance.py:1088} INFO - Starting attempt 1 of 1
[2021-08-04 13:26:25,299] {taskinstance.py:1089} INFO - 
--------------------------------------------------------------------------------
[2021-08-04 13:26:25,342] {taskinstance.py:1107} INFO - Executing <Task(PythonOperator): training_model_C> on 2021-08-04T13:26:20.873110+00:00
[2021-08-04 13:26:25,353] {standard_task_runner.py:52} INFO - Started process 8311 to run task
[2021-08-04 13:26:25,383] {standard_task_runner.py:76} INFO - Running: ['***', 'tasks', 'run', 'my_dag', 'training_model_C', '2021-08-04T13:26:20.873110+00:00', '--job-id', '795', '--pool', 'default_pool', '--raw', '--subdir', 'DAGS_FOLDER/my_dag.py', '--cfg-path', '/tmp/tmpe5ahr3st', '--error-file', '/tmp/tmp9y9o7y6f']
[2021-08-04 13:26:25,383] {standard_task_runner.py:77} INFO - Job 795: Subtask training_model_C
[2021-08-04 13:26:25,595] {logging_mixin.py:104} INFO - Running <TaskInstance: my_dag.training_model_C 2021-08-04T13:26:20.873110+00:00 [running]> on host 04479ea62028
[2021-08-04 13:26:25,917] {taskinstance.py:1302} INFO - Exporting the following env vars:
AIRFLOW_CTX_DAG_OWNER=***
AIRFLOW_CTX_DAG_ID=my_dag
AIRFLOW_CTX_TASK_ID=training_model_C
AIRFLOW_CTX_EXECUTION_DATE=2021-08-04T13:26:20.873110+00:00
AIRFLOW_CTX_DAG_RUN_ID=scheduled__2021-08-04T13:26:20.873110+00:00
[2021-08-04 13:26:25,917] {python.py:151} INFO - Done. Returned value was: 3
[2021-08-04 13:26:26,063] {taskinstance.py:1211} INFO - Marking task as SUCCESS. dag_id=my_dag, task_id=training_model_C, execution_date=20210804T132620, start_date=20210804T132625, end_date=20210804T132626
[2021-08-04 13:26:26,302] {taskinstance.py:1265} INFO - 0 downstream tasks scheduled from follow-on schedule check
[2021-08-04 13:26:26,346] {local_task_job.py:149} INFO - Task exited with return code 0
