[2021-08-04 13:25:51,736] {taskinstance.py:896} INFO - Dependencies all met for <TaskInstance: my_dag.training_model_B 2021-08-04T13:25:46.995101+00:00 [queued]>
[2021-08-04 13:25:51,841] {taskinstance.py:896} INFO - Dependencies all met for <TaskInstance: my_dag.training_model_B 2021-08-04T13:25:46.995101+00:00 [queued]>
[2021-08-04 13:25:51,842] {taskinstance.py:1087} INFO - 
--------------------------------------------------------------------------------
[2021-08-04 13:25:51,842] {taskinstance.py:1088} INFO - Starting attempt 1 of 1
[2021-08-04 13:25:51,842] {taskinstance.py:1089} INFO - 
--------------------------------------------------------------------------------
[2021-08-04 13:25:51,894] {taskinstance.py:1107} INFO - Executing <Task(PythonOperator): training_model_B> on 2021-08-04T13:25:46.995101+00:00
[2021-08-04 13:25:51,902] {standard_task_runner.py:52} INFO - Started process 7998 to run task
[2021-08-04 13:25:51,925] {standard_task_runner.py:76} INFO - Running: ['***', 'tasks', 'run', 'my_dag', 'training_model_B', '2021-08-04T13:25:46.995101+00:00', '--job-id', '665', '--pool', 'default_pool', '--raw', '--subdir', 'DAGS_FOLDER/my_dag.py', '--cfg-path', '/tmp/tmpqi84x1im', '--error-file', '/tmp/tmpbrre5v97']
[2021-08-04 13:25:51,929] {standard_task_runner.py:77} INFO - Job 665: Subtask training_model_B
[2021-08-04 13:25:52,119] {logging_mixin.py:104} INFO - Running <TaskInstance: my_dag.training_model_B 2021-08-04T13:25:46.995101+00:00 [running]> on host 04479ea62028
[2021-08-04 13:25:52,423] {taskinstance.py:1302} INFO - Exporting the following env vars:
AIRFLOW_CTX_DAG_OWNER=***
AIRFLOW_CTX_DAG_ID=my_dag
AIRFLOW_CTX_TASK_ID=training_model_B
AIRFLOW_CTX_EXECUTION_DATE=2021-08-04T13:25:46.995101+00:00
AIRFLOW_CTX_DAG_RUN_ID=scheduled__2021-08-04T13:25:46.995101+00:00
[2021-08-04 13:25:52,424] {python.py:151} INFO - Done. Returned value was: 6
[2021-08-04 13:25:52,579] {taskinstance.py:1211} INFO - Marking task as SUCCESS. dag_id=my_dag, task_id=training_model_B, execution_date=20210804T132546, start_date=20210804T132551, end_date=20210804T132552
[2021-08-04 13:25:52,690] {taskinstance.py:1265} INFO - 0 downstream tasks scheduled from follow-on schedule check
[2021-08-04 13:25:52,753] {local_task_job.py:149} INFO - Task exited with return code 0
