[2021-08-04 12:49:32,793] {taskinstance.py:896} INFO - Dependencies all met for <TaskInstance: my_dag.training_model_C 2021-08-04T12:48:31.461355+00:00 [queued]>
[2021-08-04 12:49:32,822] {taskinstance.py:896} INFO - Dependencies all met for <TaskInstance: my_dag.training_model_C 2021-08-04T12:48:31.461355+00:00 [queued]>
[2021-08-04 12:49:32,822] {taskinstance.py:1087} INFO - 
--------------------------------------------------------------------------------
[2021-08-04 12:49:32,822] {taskinstance.py:1088} INFO - Starting attempt 1 of 1
[2021-08-04 12:49:32,823] {taskinstance.py:1089} INFO - 
--------------------------------------------------------------------------------
[2021-08-04 12:49:32,834] {taskinstance.py:1107} INFO - Executing <Task(PythonOperator): training_model_C> on 2021-08-04T12:48:31.461355+00:00
[2021-08-04 12:49:32,844] {standard_task_runner.py:76} INFO - Running: ['***', 'tasks', 'run', 'my_dag', 'training_model_C', '2021-08-04T12:48:31.461355+00:00', '--job-id', '73', '--pool', 'default_pool', '--raw', '--subdir', 'DAGS_FOLDER/my_dag.py', '--cfg-path', '/tmp/tmpzxfwhz_x', '--error-file', '/tmp/tmp4y6q1ch3']
[2021-08-04 12:49:32,844] {standard_task_runner.py:77} INFO - Job 73: Subtask training_model_C
[2021-08-04 12:49:32,840] {standard_task_runner.py:52} INFO - Started process 3739 to run task
[2021-08-04 12:49:32,894] {logging_mixin.py:104} INFO - Running <TaskInstance: my_dag.training_model_C 2021-08-04T12:48:31.461355+00:00 [running]> on host 04479ea62028
[2021-08-04 12:49:32,950] {taskinstance.py:1302} INFO - Exporting the following env vars:
AIRFLOW_CTX_DAG_OWNER=***
AIRFLOW_CTX_DAG_ID=my_dag
AIRFLOW_CTX_TASK_ID=training_model_C
AIRFLOW_CTX_EXECUTION_DATE=2021-08-04T12:48:31.461355+00:00
AIRFLOW_CTX_DAG_RUN_ID=scheduled__2021-08-04T12:48:31.461355+00:00
[2021-08-04 12:49:32,951] {python.py:151} INFO - Done. Returned value was: 8
[2021-08-04 12:49:32,982] {taskinstance.py:1211} INFO - Marking task as SUCCESS. dag_id=my_dag, task_id=training_model_C, execution_date=20210804T124831, start_date=20210804T124932, end_date=20210804T124932
[2021-08-04 12:49:33,018] {taskinstance.py:1265} INFO - 1 downstream tasks scheduled from follow-on schedule check
[2021-08-04 12:49:33,059] {local_task_job.py:149} INFO - Task exited with return code 0
