[2021-08-04 13:54:45,245] {taskinstance.py:896} INFO - Dependencies all met for <TaskInstance: my_dag.training_model_A 2021-08-04T13:54:34.067338+00:00 [queued]>
[2021-08-04 13:54:45,281] {taskinstance.py:896} INFO - Dependencies all met for <TaskInstance: my_dag.training_model_A 2021-08-04T13:54:34.067338+00:00 [queued]>
[2021-08-04 13:54:45,281] {taskinstance.py:1087} INFO - 
--------------------------------------------------------------------------------
[2021-08-04 13:54:45,281] {taskinstance.py:1088} INFO - Starting attempt 1 of 1
[2021-08-04 13:54:45,282] {taskinstance.py:1089} INFO - 
--------------------------------------------------------------------------------
[2021-08-04 13:54:45,298] {taskinstance.py:1107} INFO - Executing <Task(PythonOperator): training_model_A> on 2021-08-04T13:54:34.067338+00:00
[2021-08-04 13:54:45,303] {standard_task_runner.py:52} INFO - Started process 682 to run task
[2021-08-04 13:54:45,308] {standard_task_runner.py:76} INFO - Running: ['***', 'tasks', 'run', 'my_dag', 'training_model_A', '2021-08-04T13:54:34.067338+00:00', '--job-id', '2204', '--pool', 'default_pool', '--raw', '--subdir', 'DAGS_FOLDER/my_dag.py', '--cfg-path', '/tmp/tmpxfjdbn8p', '--error-file', '/tmp/tmpzvme5uzi']
[2021-08-04 13:54:45,309] {standard_task_runner.py:77} INFO - Job 2204: Subtask training_model_A
[2021-08-04 13:54:45,364] {logging_mixin.py:104} INFO - Running <TaskInstance: my_dag.training_model_A 2021-08-04T13:54:34.067338+00:00 [running]> on host 04479ea62028
[2021-08-04 13:54:45,432] {taskinstance.py:1302} INFO - Exporting the following env vars:
AIRFLOW_CTX_DAG_OWNER=***
AIRFLOW_CTX_DAG_ID=my_dag
AIRFLOW_CTX_TASK_ID=training_model_A
AIRFLOW_CTX_EXECUTION_DATE=2021-08-04T13:54:34.067338+00:00
AIRFLOW_CTX_DAG_RUN_ID=scheduled__2021-08-04T13:54:34.067338+00:00
[2021-08-04 13:54:45,433] {python.py:151} INFO - Done. Returned value was: 5
[2021-08-04 13:54:45,468] {taskinstance.py:1211} INFO - Marking task as SUCCESS. dag_id=my_dag, task_id=training_model_A, execution_date=20210804T135434, start_date=20210804T135445, end_date=20210804T135445
[2021-08-04 13:54:45,566] {taskinstance.py:1265} INFO - 0 downstream tasks scheduled from follow-on schedule check
[2021-08-04 13:54:45,602] {local_task_job.py:149} INFO - Task exited with return code 0
