[2021-08-04 14:04:57,423] {taskinstance.py:896} INFO - Dependencies all met for <TaskInstance: my_dag.inaccurate 2021-08-04T14:04:44.460692+00:00 [queued]>
[2021-08-04 14:04:57,448] {taskinstance.py:896} INFO - Dependencies all met for <TaskInstance: my_dag.inaccurate 2021-08-04T14:04:44.460692+00:00 [queued]>
[2021-08-04 14:04:57,448] {taskinstance.py:1087} INFO - 
--------------------------------------------------------------------------------
[2021-08-04 14:04:57,448] {taskinstance.py:1088} INFO - Starting attempt 1 of 1
[2021-08-04 14:04:57,448] {taskinstance.py:1089} INFO - 
--------------------------------------------------------------------------------
[2021-08-04 14:04:57,457] {taskinstance.py:1107} INFO - Executing <Task(BashOperator): inaccurate> on 2021-08-04T14:04:44.460692+00:00
[2021-08-04 14:04:57,462] {standard_task_runner.py:52} INFO - Started process 2190 to run task
[2021-08-04 14:04:57,466] {standard_task_runner.py:76} INFO - Running: ['***', 'tasks', 'run', 'my_dag', 'inaccurate', '2021-08-04T14:04:44.460692+00:00', '--job-id', '2513', '--pool', 'default_pool', '--raw', '--subdir', 'DAGS_FOLDER/my_dag.py', '--cfg-path', '/tmp/tmp6nt1cqxp', '--error-file', '/tmp/tmpl0br1kz5']
[2021-08-04 14:04:57,467] {standard_task_runner.py:77} INFO - Job 2513: Subtask inaccurate
[2021-08-04 14:04:57,510] {logging_mixin.py:104} INFO - Running <TaskInstance: my_dag.inaccurate 2021-08-04T14:04:44.460692+00:00 [running]> on host 04479ea62028
[2021-08-04 14:04:57,586] {taskinstance.py:1302} INFO - Exporting the following env vars:
AIRFLOW_CTX_DAG_OWNER=***
AIRFLOW_CTX_DAG_ID=my_dag
AIRFLOW_CTX_TASK_ID=inaccurate
AIRFLOW_CTX_EXECUTION_DATE=2021-08-04T14:04:44.460692+00:00
AIRFLOW_CTX_DAG_RUN_ID=scheduled__2021-08-04T14:04:44.460692+00:00
[2021-08-04 14:04:57,587] {subprocess.py:52} INFO - Tmp dir root location: 
 /tmp
[2021-08-04 14:04:57,587] {subprocess.py:63} INFO - Running command: ['bash', '-c', "echo 'inaccurate'"]
[2021-08-04 14:04:57,600] {subprocess.py:74} INFO - Output:
[2021-08-04 14:04:57,601] {subprocess.py:78} INFO - inaccurate
[2021-08-04 14:04:57,602] {subprocess.py:82} INFO - Command exited with return code 0
[2021-08-04 14:04:57,646] {taskinstance.py:1211} INFO - Marking task as SUCCESS. dag_id=my_dag, task_id=inaccurate, execution_date=20210804T140444, start_date=20210804T140457, end_date=20210804T140457
[2021-08-04 14:04:57,671] {taskinstance.py:1265} INFO - 0 downstream tasks scheduled from follow-on schedule check
[2021-08-04 14:04:57,679] {local_task_job.py:149} INFO - Task exited with return code 0
