[2021-08-04 13:28:07,829] {taskinstance.py:896} INFO - Dependencies all met for <TaskInstance: my_dag.training_model_B 2021-08-04T13:28:02.221910+00:00 [queued]>
[2021-08-04 13:28:07,929] {taskinstance.py:896} INFO - Dependencies all met for <TaskInstance: my_dag.training_model_B 2021-08-04T13:28:02.221910+00:00 [queued]>
[2021-08-04 13:28:07,929] {taskinstance.py:1087} INFO - 
--------------------------------------------------------------------------------
[2021-08-04 13:28:07,929] {taskinstance.py:1088} INFO - Starting attempt 1 of 1
[2021-08-04 13:28:07,929] {taskinstance.py:1089} INFO - 
--------------------------------------------------------------------------------
[2021-08-04 13:28:08,022] {taskinstance.py:1107} INFO - Executing <Task(PythonOperator): training_model_B> on 2021-08-04T13:28:02.221910+00:00
[2021-08-04 13:28:08,034] {standard_task_runner.py:52} INFO - Started process 9221 to run task
[2021-08-04 13:28:08,063] {standard_task_runner.py:76} INFO - Running: ['***', 'tasks', 'run', 'my_dag', 'training_model_B', '2021-08-04T13:28:02.221910+00:00', '--job-id', '1169', '--pool', 'default_pool', '--raw', '--subdir', 'DAGS_FOLDER/my_dag.py', '--cfg-path', '/tmp/tmpcmug230i', '--error-file', '/tmp/tmptkpx95f6']
[2021-08-04 13:28:08,064] {standard_task_runner.py:77} INFO - Job 1169: Subtask training_model_B
[2021-08-04 13:28:08,373] {logging_mixin.py:104} INFO - Running <TaskInstance: my_dag.training_model_B 2021-08-04T13:28:02.221910+00:00 [running]> on host 04479ea62028
[2021-08-04 13:28:08,718] {taskinstance.py:1302} INFO - Exporting the following env vars:
AIRFLOW_CTX_DAG_OWNER=***
AIRFLOW_CTX_DAG_ID=my_dag
AIRFLOW_CTX_TASK_ID=training_model_B
AIRFLOW_CTX_EXECUTION_DATE=2021-08-04T13:28:02.221910+00:00
AIRFLOW_CTX_DAG_RUN_ID=scheduled__2021-08-04T13:28:02.221910+00:00
[2021-08-04 13:28:08,719] {python.py:151} INFO - Done. Returned value was: 8
[2021-08-04 13:28:08,914] {taskinstance.py:1211} INFO - Marking task as SUCCESS. dag_id=my_dag, task_id=training_model_B, execution_date=20210804T132802, start_date=20210804T132807, end_date=20210804T132808
[2021-08-04 13:28:09,077] {taskinstance.py:1265} INFO - 1 downstream tasks scheduled from follow-on schedule check
[2021-08-04 13:28:09,130] {local_task_job.py:149} INFO - Task exited with return code 0
