[2021-08-04 14:44:29,251] {taskinstance.py:896} INFO - Dependencies all met for <TaskInstance: my_dag.training_model_C 2021-08-04T14:44:17.958228+00:00 [queued]>
[2021-08-04 14:44:29,268] {taskinstance.py:896} INFO - Dependencies all met for <TaskInstance: my_dag.training_model_C 2021-08-04T14:44:17.958228+00:00 [queued]>
[2021-08-04 14:44:29,269] {taskinstance.py:1087} INFO - 
--------------------------------------------------------------------------------
[2021-08-04 14:44:29,269] {taskinstance.py:1088} INFO - Starting attempt 1 of 1
[2021-08-04 14:44:29,269] {taskinstance.py:1089} INFO - 
--------------------------------------------------------------------------------
[2021-08-04 14:44:29,286] {taskinstance.py:1107} INFO - Executing <Task(PythonOperator): training_model_C> on 2021-08-04T14:44:17.958228+00:00
[2021-08-04 14:44:29,291] {standard_task_runner.py:52} INFO - Started process 1818 to run task
[2021-08-04 14:44:29,297] {standard_task_runner.py:76} INFO - Running: ['***', 'tasks', 'run', 'my_dag', 'training_model_C', '2021-08-04T14:44:17.958228+00:00', '--job-id', '2984', '--pool', 'default_pool', '--raw', '--subdir', 'DAGS_FOLDER/my_dag.py', '--cfg-path', '/tmp/tmp6_a6cp2g', '--error-file', '/tmp/tmpq7cljkza']
[2021-08-04 14:44:29,298] {standard_task_runner.py:77} INFO - Job 2984: Subtask training_model_C
[2021-08-04 14:44:29,351] {logging_mixin.py:104} INFO - Running <TaskInstance: my_dag.training_model_C 2021-08-04T14:44:17.958228+00:00 [running]> on host 04479ea62028
[2021-08-04 14:44:29,416] {taskinstance.py:1302} INFO - Exporting the following env vars:
AIRFLOW_CTX_DAG_OWNER=***
AIRFLOW_CTX_DAG_ID=my_dag
AIRFLOW_CTX_TASK_ID=training_model_C
AIRFLOW_CTX_EXECUTION_DATE=2021-08-04T14:44:17.958228+00:00
AIRFLOW_CTX_DAG_RUN_ID=scheduled__2021-08-04T14:44:17.958228+00:00
[2021-08-04 14:44:29,417] {python.py:151} INFO - Done. Returned value was: 9
[2021-08-04 14:44:29,447] {taskinstance.py:1211} INFO - Marking task as SUCCESS. dag_id=my_dag, task_id=training_model_C, execution_date=20210804T144417, start_date=20210804T144429, end_date=20210804T144429
[2021-08-04 14:44:29,483] {taskinstance.py:1265} INFO - 0 downstream tasks scheduled from follow-on schedule check
[2021-08-04 14:44:29,511] {local_task_job.py:149} INFO - Task exited with return code 0
