[2021-08-04 14:05:35,508] {taskinstance.py:896} INFO - Dependencies all met for <TaskInstance: my_dag.training_model_C 2021-08-04T14:05:24.460692+00:00 [queued]>
[2021-08-04 14:05:35,530] {taskinstance.py:896} INFO - Dependencies all met for <TaskInstance: my_dag.training_model_C 2021-08-04T14:05:24.460692+00:00 [queued]>
[2021-08-04 14:05:35,531] {taskinstance.py:1087} INFO - 
--------------------------------------------------------------------------------
[2021-08-04 14:05:35,531] {taskinstance.py:1088} INFO - Starting attempt 1 of 1
[2021-08-04 14:05:35,531] {taskinstance.py:1089} INFO - 
--------------------------------------------------------------------------------
[2021-08-04 14:05:35,542] {taskinstance.py:1107} INFO - Executing <Task(PythonOperator): training_model_C> on 2021-08-04T14:05:24.460692+00:00
[2021-08-04 14:05:35,548] {standard_task_runner.py:52} INFO - Started process 2288 to run task
[2021-08-04 14:05:35,553] {standard_task_runner.py:76} INFO - Running: ['***', 'tasks', 'run', 'my_dag', 'training_model_C', '2021-08-04T14:05:24.460692+00:00', '--job-id', '2530', '--pool', 'default_pool', '--raw', '--subdir', 'DAGS_FOLDER/my_dag.py', '--cfg-path', '/tmp/tmp5pphe1iu', '--error-file', '/tmp/tmpouvx61gc']
[2021-08-04 14:05:35,554] {standard_task_runner.py:77} INFO - Job 2530: Subtask training_model_C
[2021-08-04 14:05:35,615] {logging_mixin.py:104} INFO - Running <TaskInstance: my_dag.training_model_C 2021-08-04T14:05:24.460692+00:00 [running]> on host 04479ea62028
[2021-08-04 14:05:35,674] {taskinstance.py:1302} INFO - Exporting the following env vars:
AIRFLOW_CTX_DAG_OWNER=***
AIRFLOW_CTX_DAG_ID=my_dag
AIRFLOW_CTX_TASK_ID=training_model_C
AIRFLOW_CTX_EXECUTION_DATE=2021-08-04T14:05:24.460692+00:00
AIRFLOW_CTX_DAG_RUN_ID=scheduled__2021-08-04T14:05:24.460692+00:00
[2021-08-04 14:05:35,675] {python.py:151} INFO - Done. Returned value was: 1
[2021-08-04 14:05:35,703] {taskinstance.py:1211} INFO - Marking task as SUCCESS. dag_id=my_dag, task_id=training_model_C, execution_date=20210804T140524, start_date=20210804T140535, end_date=20210804T140535
[2021-08-04 14:05:35,740] {taskinstance.py:1265} INFO - 0 downstream tasks scheduled from follow-on schedule check
[2021-08-04 14:05:35,767] {local_task_job.py:149} INFO - Task exited with return code 0
