[2021-08-04 14:45:18,712] {taskinstance.py:896} INFO - Dependencies all met for <TaskInstance: my_dag.training_model_A 2021-08-04T14:45:07.958228+00:00 [queued]>
[2021-08-04 14:45:18,729] {taskinstance.py:896} INFO - Dependencies all met for <TaskInstance: my_dag.training_model_A 2021-08-04T14:45:07.958228+00:00 [queued]>
[2021-08-04 14:45:18,729] {taskinstance.py:1087} INFO - 
--------------------------------------------------------------------------------
[2021-08-04 14:45:18,729] {taskinstance.py:1088} INFO - Starting attempt 1 of 1
[2021-08-04 14:45:18,730] {taskinstance.py:1089} INFO - 
--------------------------------------------------------------------------------
[2021-08-04 14:45:18,750] {taskinstance.py:1107} INFO - Executing <Task(PythonOperator): training_model_A> on 2021-08-04T14:45:07.958228+00:00
[2021-08-04 14:45:18,778] {standard_task_runner.py:52} INFO - Started process 1934 to run task
[2021-08-04 14:45:18,784] {standard_task_runner.py:76} INFO - Running: ['***', 'tasks', 'run', 'my_dag', 'training_model_A', '2021-08-04T14:45:07.958228+00:00', '--job-id', '3009', '--pool', 'default_pool', '--raw', '--subdir', 'DAGS_FOLDER/my_dag.py', '--cfg-path', '/tmp/tmp35r5jpxd', '--error-file', '/tmp/tmpcbyp4e3u']
[2021-08-04 14:45:18,785] {standard_task_runner.py:77} INFO - Job 3009: Subtask training_model_A
[2021-08-04 14:45:18,859] {logging_mixin.py:104} INFO - Running <TaskInstance: my_dag.training_model_A 2021-08-04T14:45:07.958228+00:00 [running]> on host 04479ea62028
[2021-08-04 14:45:18,921] {taskinstance.py:1302} INFO - Exporting the following env vars:
AIRFLOW_CTX_DAG_OWNER=***
AIRFLOW_CTX_DAG_ID=my_dag
AIRFLOW_CTX_TASK_ID=training_model_A
AIRFLOW_CTX_EXECUTION_DATE=2021-08-04T14:45:07.958228+00:00
AIRFLOW_CTX_DAG_RUN_ID=scheduled__2021-08-04T14:45:07.958228+00:00
[2021-08-04 14:45:18,922] {python.py:151} INFO - Done. Returned value was: 9
[2021-08-04 14:45:18,957] {taskinstance.py:1211} INFO - Marking task as SUCCESS. dag_id=my_dag, task_id=training_model_A, execution_date=20210804T144507, start_date=20210804T144518, end_date=20210804T144518
[2021-08-04 14:45:18,996] {taskinstance.py:1265} INFO - 0 downstream tasks scheduled from follow-on schedule check
[2021-08-04 14:45:19,042] {local_task_job.py:149} INFO - Task exited with return code 0
