[2021-08-04 13:26:03,010] {taskinstance.py:896} INFO - Dependencies all met for <TaskInstance: my_dag.training_model_B 2021-08-04T13:25:58.224916+00:00 [queued]>
[2021-08-04 13:26:03,115] {taskinstance.py:896} INFO - Dependencies all met for <TaskInstance: my_dag.training_model_B 2021-08-04T13:25:58.224916+00:00 [queued]>
[2021-08-04 13:26:03,127] {taskinstance.py:1087} INFO - 
--------------------------------------------------------------------------------
[2021-08-04 13:26:03,127] {taskinstance.py:1088} INFO - Starting attempt 1 of 1
[2021-08-04 13:26:03,127] {taskinstance.py:1089} INFO - 
--------------------------------------------------------------------------------
[2021-08-04 13:26:03,215] {taskinstance.py:1107} INFO - Executing <Task(PythonOperator): training_model_B> on 2021-08-04T13:25:58.224916+00:00
[2021-08-04 13:26:03,244] {standard_task_runner.py:52} INFO - Started process 8106 to run task
[2021-08-04 13:26:03,277] {standard_task_runner.py:76} INFO - Running: ['***', 'tasks', 'run', 'my_dag', 'training_model_B', '2021-08-04T13:25:58.224916+00:00', '--job-id', '709', '--pool', 'default_pool', '--raw', '--subdir', 'DAGS_FOLDER/my_dag.py', '--cfg-path', '/tmp/tmpduw8jeam', '--error-file', '/tmp/tmp42hdf8hi']
[2021-08-04 13:26:03,278] {standard_task_runner.py:77} INFO - Job 709: Subtask training_model_B
[2021-08-04 13:26:03,511] {logging_mixin.py:104} INFO - Running <TaskInstance: my_dag.training_model_B 2021-08-04T13:25:58.224916+00:00 [running]> on host 04479ea62028
[2021-08-04 13:26:03,860] {taskinstance.py:1302} INFO - Exporting the following env vars:
AIRFLOW_CTX_DAG_OWNER=***
AIRFLOW_CTX_DAG_ID=my_dag
AIRFLOW_CTX_TASK_ID=training_model_B
AIRFLOW_CTX_EXECUTION_DATE=2021-08-04T13:25:58.224916+00:00
AIRFLOW_CTX_DAG_RUN_ID=scheduled__2021-08-04T13:25:58.224916+00:00
[2021-08-04 13:26:03,861] {python.py:151} INFO - Done. Returned value was: 1
[2021-08-04 13:26:04,183] {taskinstance.py:1211} INFO - Marking task as SUCCESS. dag_id=my_dag, task_id=training_model_B, execution_date=20210804T132558, start_date=20210804T132603, end_date=20210804T132604
[2021-08-04 13:26:04,423] {taskinstance.py:1265} INFO - 0 downstream tasks scheduled from follow-on schedule check
[2021-08-04 13:26:04,478] {local_task_job.py:149} INFO - Task exited with return code 0
