[2021-08-04 12:37:41,249] {taskinstance.py:896} INFO - Dependencies all met for <TaskInstance: my_dag.training_model_A 2021-08-04T12:37:40.349644+00:00 [queued]>
[2021-08-04 12:37:41,292] {taskinstance.py:896} INFO - Dependencies all met for <TaskInstance: my_dag.training_model_A 2021-08-04T12:37:40.349644+00:00 [queued]>
[2021-08-04 12:37:41,292] {taskinstance.py:1087} INFO - 
--------------------------------------------------------------------------------
[2021-08-04 12:37:41,292] {taskinstance.py:1088} INFO - Starting attempt 1 of 1
[2021-08-04 12:37:41,293] {taskinstance.py:1089} INFO - 
--------------------------------------------------------------------------------
[2021-08-04 12:37:41,312] {taskinstance.py:1107} INFO - Executing <Task(PythonOperator): training_model_A> on 2021-08-04T12:37:40.349644+00:00
[2021-08-04 12:37:41,319] {standard_task_runner.py:52} INFO - Started process 2655 to run task
[2021-08-04 12:37:41,326] {standard_task_runner.py:76} INFO - Running: ['***', 'tasks', 'run', 'my_dag', 'training_model_A', '2021-08-04T12:37:40.349644+00:00', '--job-id', '27', '--pool', 'default_pool', '--raw', '--subdir', 'DAGS_FOLDER/my_dag.py', '--cfg-path', '/tmp/tmpye9nmjbt', '--error-file', '/tmp/tmpvrwqljj8']
[2021-08-04 12:37:41,327] {standard_task_runner.py:77} INFO - Job 27: Subtask training_model_A
[2021-08-04 12:37:41,417] {logging_mixin.py:104} INFO - Running <TaskInstance: my_dag.training_model_A 2021-08-04T12:37:40.349644+00:00 [running]> on host 04479ea62028
[2021-08-04 12:37:41,596] {taskinstance.py:1302} INFO - Exporting the following env vars:
AIRFLOW_CTX_DAG_OWNER=***
AIRFLOW_CTX_DAG_ID=my_dag
AIRFLOW_CTX_TASK_ID=training_model_A
AIRFLOW_CTX_EXECUTION_DATE=2021-08-04T12:37:40.349644+00:00
AIRFLOW_CTX_DAG_RUN_ID=manual__2021-08-04T12:37:40.349644+00:00
[2021-08-04 12:37:41,597] {python.py:151} INFO - Done. Returned value was: 3
[2021-08-04 12:37:41,671] {taskinstance.py:1211} INFO - Marking task as SUCCESS. dag_id=my_dag, task_id=training_model_A, execution_date=20210804T123740, start_date=20210804T123741, end_date=20210804T123741
[2021-08-04 12:37:41,735] {taskinstance.py:1265} INFO - 0 downstream tasks scheduled from follow-on schedule check
[2021-08-04 12:37:41,750] {local_task_job.py:149} INFO - Task exited with return code 0
