[2021-08-04 14:00:26,148] {taskinstance.py:896} INFO - Dependencies all met for <TaskInstance: my_dag.training_model_C 2021-08-04T14:00:14.460692+00:00 [queued]>
[2021-08-04 14:00:26,175] {taskinstance.py:896} INFO - Dependencies all met for <TaskInstance: my_dag.training_model_C 2021-08-04T14:00:14.460692+00:00 [queued]>
[2021-08-04 14:00:26,176] {taskinstance.py:1087} INFO - 
--------------------------------------------------------------------------------
[2021-08-04 14:00:26,176] {taskinstance.py:1088} INFO - Starting attempt 1 of 1
[2021-08-04 14:00:26,176] {taskinstance.py:1089} INFO - 
--------------------------------------------------------------------------------
[2021-08-04 14:00:26,188] {taskinstance.py:1107} INFO - Executing <Task(PythonOperator): training_model_C> on 2021-08-04T14:00:14.460692+00:00
[2021-08-04 14:00:26,192] {standard_task_runner.py:52} INFO - Started process 1512 to run task
[2021-08-04 14:00:26,198] {standard_task_runner.py:76} INFO - Running: ['***', 'tasks', 'run', 'my_dag', 'training_model_C', '2021-08-04T14:00:14.460692+00:00', '--job-id', '2375', '--pool', 'default_pool', '--raw', '--subdir', 'DAGS_FOLDER/my_dag.py', '--cfg-path', '/tmp/tmpg9c2zyy1', '--error-file', '/tmp/tmp7bog2q2l']
[2021-08-04 14:00:26,198] {standard_task_runner.py:77} INFO - Job 2375: Subtask training_model_C
[2021-08-04 14:00:26,249] {logging_mixin.py:104} INFO - Running <TaskInstance: my_dag.training_model_C 2021-08-04T14:00:14.460692+00:00 [running]> on host 04479ea62028
[2021-08-04 14:00:26,309] {taskinstance.py:1302} INFO - Exporting the following env vars:
AIRFLOW_CTX_DAG_OWNER=***
AIRFLOW_CTX_DAG_ID=my_dag
AIRFLOW_CTX_TASK_ID=training_model_C
AIRFLOW_CTX_EXECUTION_DATE=2021-08-04T14:00:14.460692+00:00
AIRFLOW_CTX_DAG_RUN_ID=scheduled__2021-08-04T14:00:14.460692+00:00
[2021-08-04 14:00:26,311] {python.py:151} INFO - Done. Returned value was: 1
[2021-08-04 14:00:26,341] {taskinstance.py:1211} INFO - Marking task as SUCCESS. dag_id=my_dag, task_id=training_model_C, execution_date=20210804T140014, start_date=20210804T140026, end_date=20210804T140026
[2021-08-04 14:00:26,386] {taskinstance.py:1265} INFO - 0 downstream tasks scheduled from follow-on schedule check
[2021-08-04 14:00:26,412] {local_task_job.py:149} INFO - Task exited with return code 0
