[2021-08-04 14:36:47,647] {taskinstance.py:896} INFO - Dependencies all met for <TaskInstance: my_dag.training_model_A 2021-08-04T14:36:37.052207+00:00 [queued]>
[2021-08-04 14:36:47,660] {taskinstance.py:896} INFO - Dependencies all met for <TaskInstance: my_dag.training_model_A 2021-08-04T14:36:37.052207+00:00 [queued]>
[2021-08-04 14:36:47,660] {taskinstance.py:1087} INFO - 
--------------------------------------------------------------------------------
[2021-08-04 14:36:47,660] {taskinstance.py:1088} INFO - Starting attempt 1 of 1
[2021-08-04 14:36:47,660] {taskinstance.py:1089} INFO - 
--------------------------------------------------------------------------------
[2021-08-04 14:36:47,675] {taskinstance.py:1107} INFO - Executing <Task(PythonOperator): training_model_A> on 2021-08-04T14:36:37.052207+00:00
[2021-08-04 14:36:47,684] {standard_task_runner.py:76} INFO - Running: ['***', 'tasks', 'run', 'my_dag', 'training_model_A', '2021-08-04T14:36:37.052207+00:00', '--job-id', '2755', '--pool', 'default_pool', '--raw', '--subdir', 'DAGS_FOLDER/my_dag.py', '--cfg-path', '/tmp/tmps8gkywgc', '--error-file', '/tmp/tmpjhrg4y8e']
[2021-08-04 14:36:47,680] {standard_task_runner.py:52} INFO - Started process 698 to run task
[2021-08-04 14:36:47,685] {standard_task_runner.py:77} INFO - Job 2755: Subtask training_model_A
[2021-08-04 14:36:47,726] {logging_mixin.py:104} INFO - Running <TaskInstance: my_dag.training_model_A 2021-08-04T14:36:37.052207+00:00 [running]> on host 04479ea62028
[2021-08-04 14:36:47,777] {taskinstance.py:1302} INFO - Exporting the following env vars:
AIRFLOW_CTX_DAG_OWNER=***
AIRFLOW_CTX_DAG_ID=my_dag
AIRFLOW_CTX_TASK_ID=training_model_A
AIRFLOW_CTX_EXECUTION_DATE=2021-08-04T14:36:37.052207+00:00
AIRFLOW_CTX_DAG_RUN_ID=scheduled__2021-08-04T14:36:37.052207+00:00
[2021-08-04 14:36:47,778] {python.py:151} INFO - Done. Returned value was: 9
[2021-08-04 14:36:47,804] {taskinstance.py:1211} INFO - Marking task as SUCCESS. dag_id=my_dag, task_id=training_model_A, execution_date=20210804T143637, start_date=20210804T143647, end_date=20210804T143647
[2021-08-04 14:36:47,844] {taskinstance.py:1265} INFO - 0 downstream tasks scheduled from follow-on schedule check
[2021-08-04 14:36:47,859] {local_task_job.py:149} INFO - Task exited with return code 0
