[2021-08-04 14:38:39,059] {taskinstance.py:896} INFO - Dependencies all met for <TaskInstance: my_dag.training_model_B 2021-08-04T14:38:27.634907+00:00 [queued]>
[2021-08-04 14:38:39,081] {taskinstance.py:896} INFO - Dependencies all met for <TaskInstance: my_dag.training_model_B 2021-08-04T14:38:27.634907+00:00 [queued]>
[2021-08-04 14:38:39,081] {taskinstance.py:1087} INFO - 
--------------------------------------------------------------------------------
[2021-08-04 14:38:39,081] {taskinstance.py:1088} INFO - Starting attempt 1 of 1
[2021-08-04 14:38:39,081] {taskinstance.py:1089} INFO - 
--------------------------------------------------------------------------------
[2021-08-04 14:38:39,101] {taskinstance.py:1107} INFO - Executing <Task(PythonOperator): training_model_B> on 2021-08-04T14:38:27.634907+00:00
[2021-08-04 14:38:39,107] {standard_task_runner.py:52} INFO - Started process 956 to run task
[2021-08-04 14:38:39,116] {standard_task_runner.py:76} INFO - Running: ['***', 'tasks', 'run', 'my_dag', 'training_model_B', '2021-08-04T14:38:27.634907+00:00', '--job-id', '2809', '--pool', 'default_pool', '--raw', '--subdir', 'DAGS_FOLDER/my_dag.py', '--cfg-path', '/tmp/tmp4cq_tmvf', '--error-file', '/tmp/tmppivclvt3']
[2021-08-04 14:38:39,117] {standard_task_runner.py:77} INFO - Job 2809: Subtask training_model_B
[2021-08-04 14:38:39,194] {logging_mixin.py:104} INFO - Running <TaskInstance: my_dag.training_model_B 2021-08-04T14:38:27.634907+00:00 [running]> on host 04479ea62028
[2021-08-04 14:38:39,265] {taskinstance.py:1302} INFO - Exporting the following env vars:
AIRFLOW_CTX_DAG_OWNER=***
AIRFLOW_CTX_DAG_ID=my_dag
AIRFLOW_CTX_TASK_ID=training_model_B
AIRFLOW_CTX_EXECUTION_DATE=2021-08-04T14:38:27.634907+00:00
AIRFLOW_CTX_DAG_RUN_ID=scheduled__2021-08-04T14:38:27.634907+00:00
[2021-08-04 14:38:39,266] {python.py:151} INFO - Done. Returned value was: 7
[2021-08-04 14:38:39,299] {taskinstance.py:1211} INFO - Marking task as SUCCESS. dag_id=my_dag, task_id=training_model_B, execution_date=20210804T143827, start_date=20210804T143839, end_date=20210804T143839
[2021-08-04 14:38:39,360] {taskinstance.py:1265} INFO - 1 downstream tasks scheduled from follow-on schedule check
[2021-08-04 14:38:39,409] {local_task_job.py:149} INFO - Task exited with return code 0
