[2021-08-04 14:50:09,335] {taskinstance.py:896} INFO - Dependencies all met for <TaskInstance: my_dag.training_model_B 2021-08-04T14:49:57.958228+00:00 [queued]>
[2021-08-04 14:50:09,351] {taskinstance.py:896} INFO - Dependencies all met for <TaskInstance: my_dag.training_model_B 2021-08-04T14:49:57.958228+00:00 [queued]>
[2021-08-04 14:50:09,351] {taskinstance.py:1087} INFO - 
--------------------------------------------------------------------------------
[2021-08-04 14:50:09,351] {taskinstance.py:1088} INFO - Starting attempt 1 of 1
[2021-08-04 14:50:09,351] {taskinstance.py:1089} INFO - 
--------------------------------------------------------------------------------
[2021-08-04 14:50:09,372] {taskinstance.py:1107} INFO - Executing <Task(PythonOperator): training_model_B> on 2021-08-04T14:49:57.958228+00:00
[2021-08-04 14:50:09,382] {standard_task_runner.py:76} INFO - Running: ['***', 'tasks', 'run', 'my_dag', 'training_model_B', '2021-08-04T14:49:57.958228+00:00', '--job-id', '3154', '--pool', 'default_pool', '--raw', '--subdir', 'DAGS_FOLDER/my_dag.py', '--cfg-path', '/tmp/tmpakksqjfw', '--error-file', '/tmp/tmpt09qlf97']
[2021-08-04 14:50:09,383] {standard_task_runner.py:77} INFO - Job 3154: Subtask training_model_B
[2021-08-04 14:50:09,377] {standard_task_runner.py:52} INFO - Started process 2650 to run task
[2021-08-04 14:50:09,443] {logging_mixin.py:104} INFO - Running <TaskInstance: my_dag.training_model_B 2021-08-04T14:49:57.958228+00:00 [running]> on host 04479ea62028
[2021-08-04 14:50:09,507] {taskinstance.py:1302} INFO - Exporting the following env vars:
AIRFLOW_CTX_DAG_OWNER=***
AIRFLOW_CTX_DAG_ID=my_dag
AIRFLOW_CTX_TASK_ID=training_model_B
AIRFLOW_CTX_EXECUTION_DATE=2021-08-04T14:49:57.958228+00:00
AIRFLOW_CTX_DAG_RUN_ID=scheduled__2021-08-04T14:49:57.958228+00:00
[2021-08-04 14:50:09,508] {python.py:151} INFO - Done. Returned value was: 7
[2021-08-04 14:50:09,553] {taskinstance.py:1211} INFO - Marking task as SUCCESS. dag_id=my_dag, task_id=training_model_B, execution_date=20210804T144957, start_date=20210804T145009, end_date=20210804T145009
[2021-08-04 14:50:09,594] {taskinstance.py:1265} INFO - 0 downstream tasks scheduled from follow-on schedule check
[2021-08-04 14:50:09,638] {local_task_job.py:149} INFO - Task exited with return code 0
