[2021-08-04 13:25:51,728] {taskinstance.py:896} INFO - Dependencies all met for <TaskInstance: my_dag.training_model_C 2021-08-04T13:25:46.995101+00:00 [queued]>
[2021-08-04 13:25:51,774] {taskinstance.py:896} INFO - Dependencies all met for <TaskInstance: my_dag.training_model_C 2021-08-04T13:25:46.995101+00:00 [queued]>
[2021-08-04 13:25:51,775] {taskinstance.py:1087} INFO - 
--------------------------------------------------------------------------------
[2021-08-04 13:25:51,775] {taskinstance.py:1088} INFO - Starting attempt 1 of 1
[2021-08-04 13:25:51,775] {taskinstance.py:1089} INFO - 
--------------------------------------------------------------------------------
[2021-08-04 13:25:51,792] {taskinstance.py:1107} INFO - Executing <Task(PythonOperator): training_model_C> on 2021-08-04T13:25:46.995101+00:00
[2021-08-04 13:25:51,807] {standard_task_runner.py:52} INFO - Started process 7997 to run task
[2021-08-04 13:25:51,815] {standard_task_runner.py:76} INFO - Running: ['***', 'tasks', 'run', 'my_dag', 'training_model_C', '2021-08-04T13:25:46.995101+00:00', '--job-id', '664', '--pool', 'default_pool', '--raw', '--subdir', 'DAGS_FOLDER/my_dag.py', '--cfg-path', '/tmp/tmptyndm0aw', '--error-file', '/tmp/tmpcqnxoh7s']
[2021-08-04 13:25:51,816] {standard_task_runner.py:77} INFO - Job 664: Subtask training_model_C
[2021-08-04 13:25:52,109] {logging_mixin.py:104} INFO - Running <TaskInstance: my_dag.training_model_C 2021-08-04T13:25:46.995101+00:00 [running]> on host 04479ea62028
[2021-08-04 13:25:52,506] {taskinstance.py:1302} INFO - Exporting the following env vars:
AIRFLOW_CTX_DAG_OWNER=***
AIRFLOW_CTX_DAG_ID=my_dag
AIRFLOW_CTX_TASK_ID=training_model_C
AIRFLOW_CTX_EXECUTION_DATE=2021-08-04T13:25:46.995101+00:00
AIRFLOW_CTX_DAG_RUN_ID=scheduled__2021-08-04T13:25:46.995101+00:00
[2021-08-04 13:25:52,507] {python.py:151} INFO - Done. Returned value was: 10
[2021-08-04 13:25:52,653] {taskinstance.py:1211} INFO - Marking task as SUCCESS. dag_id=my_dag, task_id=training_model_C, execution_date=20210804T132546, start_date=20210804T132551, end_date=20210804T132552
[2021-08-04 13:25:52,779] {taskinstance.py:1265} INFO - 1 downstream tasks scheduled from follow-on schedule check
[2021-08-04 13:25:52,822] {local_task_job.py:149} INFO - Task exited with return code 0
