[2021-08-04 13:24:13,882] {taskinstance.py:896} INFO - Dependencies all met for <TaskInstance: my_dag.choose_best_model 2021-08-04T13:24:06.709543+00:00 [queued]>
[2021-08-04 13:24:14,002] {taskinstance.py:896} INFO - Dependencies all met for <TaskInstance: my_dag.choose_best_model 2021-08-04T13:24:06.709543+00:00 [queued]>
[2021-08-04 13:24:14,011] {taskinstance.py:1087} INFO - 
--------------------------------------------------------------------------------
[2021-08-04 13:24:14,012] {taskinstance.py:1088} INFO - Starting attempt 1 of 1
[2021-08-04 13:24:14,012] {taskinstance.py:1089} INFO - 
--------------------------------------------------------------------------------
[2021-08-04 13:24:14,055] {taskinstance.py:1107} INFO - Executing <Task(BranchPythonOperator): choose_best_model> on 2021-08-04T13:24:06.709543+00:00
[2021-08-04 13:24:14,078] {standard_task_runner.py:76} INFO - Running: ['***', 'tasks', 'run', 'my_dag', 'choose_best_model', '2021-08-04T13:24:06.709543+00:00', '--job-id', '293', '--pool', 'default_pool', '--raw', '--subdir', 'DAGS_FOLDER/my_dag.py', '--cfg-path', '/tmp/tmpbcwyu_m8', '--error-file', '/tmp/tmpnv2nxvf3']
[2021-08-04 13:24:14,081] {standard_task_runner.py:77} INFO - Job 293: Subtask choose_best_model
[2021-08-04 13:24:14,064] {standard_task_runner.py:52} INFO - Started process 7093 to run task
[2021-08-04 13:24:14,461] {logging_mixin.py:104} INFO - Running <TaskInstance: my_dag.choose_best_model 2021-08-04T13:24:06.709543+00:00 [running]> on host 04479ea62028
[2021-08-04 13:24:14,681] {taskinstance.py:1302} INFO - Exporting the following env vars:
AIRFLOW_CTX_DAG_OWNER=***
AIRFLOW_CTX_DAG_ID=my_dag
AIRFLOW_CTX_TASK_ID=choose_best_model
AIRFLOW_CTX_EXECUTION_DATE=2021-08-04T13:24:06.709543+00:00
AIRFLOW_CTX_DAG_RUN_ID=scheduled__2021-08-04T13:24:06.709543+00:00
[2021-08-04 13:24:14,774] {python.py:151} INFO - Done. Returned value was: accurate
[2021-08-04 13:24:14,774] {skipmixin.py:124} INFO - Following branch accurate
[2021-08-04 13:24:14,809] {skipmixin.py:155} INFO - Skipping tasks ['inaccurate']
[2021-08-04 13:24:15,074] {taskinstance.py:1211} INFO - Marking task as SUCCESS. dag_id=my_dag, task_id=choose_best_model, execution_date=20210804T132406, start_date=20210804T132413, end_date=20210804T132415
[2021-08-04 13:24:15,306] {taskinstance.py:1265} INFO - 1 downstream tasks scheduled from follow-on schedule check
[2021-08-04 13:24:15,392] {local_task_job.py:149} INFO - Task exited with return code 0
