[2021-08-04 13:30:42,648] {taskinstance.py:896} INFO - Dependencies all met for <TaskInstance: my_dag.accurate 2021-08-04T13:30:28.231785+00:00 [queued]>
[2021-08-04 13:30:42,856] {taskinstance.py:896} INFO - Dependencies all met for <TaskInstance: my_dag.accurate 2021-08-04T13:30:28.231785+00:00 [queued]>
[2021-08-04 13:30:42,856] {taskinstance.py:1087} INFO - 
--------------------------------------------------------------------------------
[2021-08-04 13:30:42,856] {taskinstance.py:1088} INFO - Starting attempt 1 of 1
[2021-08-04 13:30:42,856] {taskinstance.py:1089} INFO - 
--------------------------------------------------------------------------------
[2021-08-04 13:30:42,926] {taskinstance.py:1107} INFO - Executing <Task(BashOperator): accurate> on 2021-08-04T13:30:28.231785+00:00
[2021-08-04 13:30:42,931] {standard_task_runner.py:52} INFO - Started process 10652 to run task
[2021-08-04 13:30:42,969] {standard_task_runner.py:76} INFO - Running: ['***', 'tasks', 'run', 'my_dag', 'accurate', '2021-08-04T13:30:28.231785+00:00', '--job-id', '1752', '--pool', 'default_pool', '--raw', '--subdir', 'DAGS_FOLDER/my_dag.py', '--cfg-path', '/tmp/tmp9ct5ck52', '--error-file', '/tmp/tmpd45f6wuj']
[2021-08-04 13:30:42,969] {standard_task_runner.py:77} INFO - Job 1752: Subtask accurate
[2021-08-04 13:30:43,250] {logging_mixin.py:104} INFO - Running <TaskInstance: my_dag.accurate 2021-08-04T13:30:28.231785+00:00 [running]> on host 04479ea62028
[2021-08-04 13:30:43,608] {taskinstance.py:1302} INFO - Exporting the following env vars:
AIRFLOW_CTX_DAG_OWNER=***
AIRFLOW_CTX_DAG_ID=my_dag
AIRFLOW_CTX_TASK_ID=accurate
AIRFLOW_CTX_EXECUTION_DATE=2021-08-04T13:30:28.231785+00:00
AIRFLOW_CTX_DAG_RUN_ID=scheduled__2021-08-04T13:30:28.231785+00:00
[2021-08-04 13:30:43,612] {subprocess.py:52} INFO - Tmp dir root location: 
 /tmp
[2021-08-04 13:30:43,613] {subprocess.py:63} INFO - Running command: ['bash', '-c', "echo 'accurate'"]
[2021-08-04 13:30:43,632] {subprocess.py:74} INFO - Output:
[2021-08-04 13:30:43,690] {subprocess.py:78} INFO - accurate
[2021-08-04 13:30:43,690] {subprocess.py:82} INFO - Command exited with return code 0
[2021-08-04 13:30:43,926] {taskinstance.py:1211} INFO - Marking task as SUCCESS. dag_id=my_dag, task_id=accurate, execution_date=20210804T133028, start_date=20210804T133042, end_date=20210804T133043
[2021-08-04 13:30:44,155] {taskinstance.py:1265} INFO - 0 downstream tasks scheduled from follow-on schedule check
[2021-08-04 13:30:44,236] {local_task_job.py:149} INFO - Task exited with return code 0
