[2021-08-04 12:23:51,853] {taskinstance.py:896} INFO - Dependencies all met for <TaskInstance: my_dag.training_model_B 2021-08-04T12:23:50.621738+00:00 [queued]>
[2021-08-04 12:23:51,873] {taskinstance.py:896} INFO - Dependencies all met for <TaskInstance: my_dag.training_model_B 2021-08-04T12:23:50.621738+00:00 [queued]>
[2021-08-04 12:23:51,874] {taskinstance.py:1087} INFO - 
--------------------------------------------------------------------------------
[2021-08-04 12:23:51,874] {taskinstance.py:1088} INFO - Starting attempt 1 of 1
[2021-08-04 12:23:51,874] {taskinstance.py:1089} INFO - 
--------------------------------------------------------------------------------
[2021-08-04 12:23:51,884] {taskinstance.py:1107} INFO - Executing <Task(PythonOperator): training_model_B> on 2021-08-04T12:23:50.621738+00:00
[2021-08-04 12:23:51,888] {standard_task_runner.py:52} INFO - Started process 1481 to run task
[2021-08-04 12:23:51,893] {standard_task_runner.py:76} INFO - Running: ['***', 'tasks', 'run', 'my_dag', 'training_model_B', '2021-08-04T12:23:50.621738+00:00', '--job-id', '13', '--pool', 'default_pool', '--raw', '--subdir', 'DAGS_FOLDER/my_dag.py', '--cfg-path', '/tmp/tmpq25cmbz8', '--error-file', '/tmp/tmppqqjzui3']
[2021-08-04 12:23:51,893] {standard_task_runner.py:77} INFO - Job 13: Subtask training_model_B
[2021-08-04 12:23:51,963] {logging_mixin.py:104} INFO - Running <TaskInstance: my_dag.training_model_B 2021-08-04T12:23:50.621738+00:00 [running]> on host 04479ea62028
[2021-08-04 12:23:52,024] {taskinstance.py:1302} INFO - Exporting the following env vars:
AIRFLOW_CTX_DAG_OWNER=***
AIRFLOW_CTX_DAG_ID=my_dag
AIRFLOW_CTX_TASK_ID=training_model_B
AIRFLOW_CTX_EXECUTION_DATE=2021-08-04T12:23:50.621738+00:00
AIRFLOW_CTX_DAG_RUN_ID=manual__2021-08-04T12:23:50.621738+00:00
[2021-08-04 12:23:52,025] {python.py:151} INFO - Done. Returned value was: 3
[2021-08-04 12:23:52,058] {taskinstance.py:1211} INFO - Marking task as SUCCESS. dag_id=my_dag, task_id=training_model_B, execution_date=20210804T122350, start_date=20210804T122351, end_date=20210804T122352
[2021-08-04 12:23:52,095] {taskinstance.py:1265} INFO - 0 downstream tasks scheduled from follow-on schedule check
[2021-08-04 12:23:52,107] {local_task_job.py:149} INFO - Task exited with return code 0
