[2021-08-04 14:41:10,607] {taskinstance.py:896} INFO - Dependencies all met for <TaskInstance: my_dag.inaccurate 2021-08-04T14:40:57.634907+00:00 [queued]>
[2021-08-04 14:41:10,625] {taskinstance.py:896} INFO - Dependencies all met for <TaskInstance: my_dag.inaccurate 2021-08-04T14:40:57.634907+00:00 [queued]>
[2021-08-04 14:41:10,625] {taskinstance.py:1087} INFO - 
--------------------------------------------------------------------------------
[2021-08-04 14:41:10,626] {taskinstance.py:1088} INFO - Starting attempt 1 of 1
[2021-08-04 14:41:10,626] {taskinstance.py:1089} INFO - 
--------------------------------------------------------------------------------
[2021-08-04 14:41:10,642] {taskinstance.py:1107} INFO - Executing <Task(BashOperator): inaccurate> on 2021-08-04T14:40:57.634907+00:00
[2021-08-04 14:41:10,647] {standard_task_runner.py:52} INFO - Started process 1332 to run task
[2021-08-04 14:41:10,653] {standard_task_runner.py:76} INFO - Running: ['***', 'tasks', 'run', 'my_dag', 'inaccurate', '2021-08-04T14:40:57.634907+00:00', '--job-id', '2887', '--pool', 'default_pool', '--raw', '--subdir', 'DAGS_FOLDER/my_dag.py', '--cfg-path', '/tmp/tmponlqaykf', '--error-file', '/tmp/tmp6h0wt6_h']
[2021-08-04 14:41:10,654] {standard_task_runner.py:77} INFO - Job 2887: Subtask inaccurate
[2021-08-04 14:41:10,703] {logging_mixin.py:104} INFO - Running <TaskInstance: my_dag.inaccurate 2021-08-04T14:40:57.634907+00:00 [running]> on host 04479ea62028
[2021-08-04 14:41:10,759] {taskinstance.py:1302} INFO - Exporting the following env vars:
AIRFLOW_CTX_DAG_OWNER=***
AIRFLOW_CTX_DAG_ID=my_dag
AIRFLOW_CTX_TASK_ID=inaccurate
AIRFLOW_CTX_EXECUTION_DATE=2021-08-04T14:40:57.634907+00:00
AIRFLOW_CTX_DAG_RUN_ID=scheduled__2021-08-04T14:40:57.634907+00:00
[2021-08-04 14:41:10,760] {subprocess.py:52} INFO - Tmp dir root location: 
 /tmp
[2021-08-04 14:41:10,761] {subprocess.py:63} INFO - Running command: ['bash', '-c', "echo 'inaccurate'"]
[2021-08-04 14:41:10,770] {subprocess.py:74} INFO - Output:
[2021-08-04 14:41:10,771] {subprocess.py:78} INFO - inaccurate
[2021-08-04 14:41:10,771] {subprocess.py:82} INFO - Command exited with return code 0
[2021-08-04 14:41:10,807] {taskinstance.py:1211} INFO - Marking task as SUCCESS. dag_id=my_dag, task_id=inaccurate, execution_date=20210804T144057, start_date=20210804T144110, end_date=20210804T144110
[2021-08-04 14:41:10,861] {taskinstance.py:1265} INFO - 0 downstream tasks scheduled from follow-on schedule check
[2021-08-04 14:41:10,910] {local_task_job.py:149} INFO - Task exited with return code 0
