[2021-08-04 13:27:04,995] {taskinstance.py:896} INFO - Dependencies all met for <TaskInstance: my_dag.training_model_B 2021-08-04T13:26:59.427840+00:00 [queued]>
[2021-08-04 13:27:05,124] {taskinstance.py:896} INFO - Dependencies all met for <TaskInstance: my_dag.training_model_B 2021-08-04T13:26:59.427840+00:00 [queued]>
[2021-08-04 13:27:05,124] {taskinstance.py:1087} INFO - 
--------------------------------------------------------------------------------
[2021-08-04 13:27:05,124] {taskinstance.py:1088} INFO - Starting attempt 1 of 1
[2021-08-04 13:27:05,125] {taskinstance.py:1089} INFO - 
--------------------------------------------------------------------------------
[2021-08-04 13:27:05,284] {taskinstance.py:1107} INFO - Executing <Task(PythonOperator): training_model_B> on 2021-08-04T13:26:59.427840+00:00
[2021-08-04 13:27:05,376] {standard_task_runner.py:76} INFO - Running: ['***', 'tasks', 'run', 'my_dag', 'training_model_B', '2021-08-04T13:26:59.427840+00:00', '--job-id', '943', '--pool', 'default_pool', '--raw', '--subdir', 'DAGS_FOLDER/my_dag.py', '--cfg-path', '/tmp/tmp5koi0iae', '--error-file', '/tmp/tmpik__cb4b']
[2021-08-04 13:27:05,377] {standard_task_runner.py:77} INFO - Job 943: Subtask training_model_B
[2021-08-04 13:27:05,346] {standard_task_runner.py:52} INFO - Started process 8672 to run task
[2021-08-04 13:27:05,733] {logging_mixin.py:104} INFO - Running <TaskInstance: my_dag.training_model_B 2021-08-04T13:26:59.427840+00:00 [running]> on host 04479ea62028
[2021-08-04 13:27:06,107] {taskinstance.py:1302} INFO - Exporting the following env vars:
AIRFLOW_CTX_DAG_OWNER=***
AIRFLOW_CTX_DAG_ID=my_dag
AIRFLOW_CTX_TASK_ID=training_model_B
AIRFLOW_CTX_EXECUTION_DATE=2021-08-04T13:26:59.427840+00:00
AIRFLOW_CTX_DAG_RUN_ID=scheduled__2021-08-04T13:26:59.427840+00:00
[2021-08-04 13:27:06,108] {python.py:151} INFO - Done. Returned value was: 4
[2021-08-04 13:27:06,316] {taskinstance.py:1211} INFO - Marking task as SUCCESS. dag_id=my_dag, task_id=training_model_B, execution_date=20210804T132659, start_date=20210804T132705, end_date=20210804T132706
[2021-08-04 13:27:06,491] {taskinstance.py:1265} INFO - 0 downstream tasks scheduled from follow-on schedule check
[2021-08-04 13:27:06,552] {local_task_job.py:149} INFO - Task exited with return code 0
