[2021-08-04 14:37:07,887] {taskinstance.py:896} INFO - Dependencies all met for <TaskInstance: my_dag.training_model_C 2021-08-04T14:36:57.176938+00:00 [queued]>
[2021-08-04 14:37:07,904] {taskinstance.py:896} INFO - Dependencies all met for <TaskInstance: my_dag.training_model_C 2021-08-04T14:36:57.176938+00:00 [queued]>
[2021-08-04 14:37:07,904] {taskinstance.py:1087} INFO - 
--------------------------------------------------------------------------------
[2021-08-04 14:37:07,904] {taskinstance.py:1088} INFO - Starting attempt 1 of 1
[2021-08-04 14:37:07,904] {taskinstance.py:1089} INFO - 
--------------------------------------------------------------------------------
[2021-08-04 14:37:07,921] {taskinstance.py:1107} INFO - Executing <Task(PythonOperator): training_model_C> on 2021-08-04T14:36:57.176938+00:00
[2021-08-04 14:37:07,926] {standard_task_runner.py:52} INFO - Started process 737 to run task
[2021-08-04 14:37:07,931] {standard_task_runner.py:76} INFO - Running: ['***', 'tasks', 'run', 'my_dag', 'training_model_C', '2021-08-04T14:36:57.176938+00:00', '--job-id', '2765', '--pool', 'default_pool', '--raw', '--subdir', 'DAGS_FOLDER/my_dag.py', '--cfg-path', '/tmp/tmp4b0_52yc', '--error-file', '/tmp/tmpxy45xn1n']
[2021-08-04 14:37:07,931] {standard_task_runner.py:77} INFO - Job 2765: Subtask training_model_C
[2021-08-04 14:37:07,977] {logging_mixin.py:104} INFO - Running <TaskInstance: my_dag.training_model_C 2021-08-04T14:36:57.176938+00:00 [running]> on host 04479ea62028
[2021-08-04 14:37:08,031] {taskinstance.py:1302} INFO - Exporting the following env vars:
AIRFLOW_CTX_DAG_OWNER=***
AIRFLOW_CTX_DAG_ID=my_dag
AIRFLOW_CTX_TASK_ID=training_model_C
AIRFLOW_CTX_EXECUTION_DATE=2021-08-04T14:36:57.176938+00:00
AIRFLOW_CTX_DAG_RUN_ID=scheduled__2021-08-04T14:36:57.176938+00:00
[2021-08-04 14:37:08,031] {python.py:151} INFO - Done. Returned value was: 9
[2021-08-04 14:37:08,060] {taskinstance.py:1211} INFO - Marking task as SUCCESS. dag_id=my_dag, task_id=training_model_C, execution_date=20210804T143657, start_date=20210804T143707, end_date=20210804T143708
[2021-08-04 14:37:08,092] {taskinstance.py:1265} INFO - 0 downstream tasks scheduled from follow-on schedule check
[2021-08-04 14:37:08,106] {local_task_job.py:149} INFO - Task exited with return code 0
