[2021-08-04 13:51:03,214] {taskinstance.py:896} INFO - Dependencies all met for <TaskInstance: my_dag.choose_best_model 2021-08-04T13:40:46.408765+00:00 [queued]>
[2021-08-04 13:51:03,298] {taskinstance.py:896} INFO - Dependencies all met for <TaskInstance: my_dag.choose_best_model 2021-08-04T13:40:46.408765+00:00 [queued]>
[2021-08-04 13:51:03,298] {taskinstance.py:1087} INFO - 
--------------------------------------------------------------------------------
[2021-08-04 13:51:03,298] {taskinstance.py:1088} INFO - Starting attempt 1 of 1
[2021-08-04 13:51:03,298] {taskinstance.py:1089} INFO - 
--------------------------------------------------------------------------------
[2021-08-04 13:51:03,316] {taskinstance.py:1107} INFO - Executing <Task(BranchPythonOperator): choose_best_model> on 2021-08-04T13:40:46.408765+00:00
[2021-08-04 13:51:03,327] {standard_task_runner.py:52} INFO - Started process 112 to run task
[2021-08-04 13:51:03,353] {standard_task_runner.py:76} INFO - Running: ['***', 'tasks', 'run', 'my_dag', 'choose_best_model', '2021-08-04T13:40:46.408765+00:00', '--job-id', '2078', '--pool', 'default_pool', '--raw', '--subdir', 'DAGS_FOLDER/my_dag.py', '--cfg-path', '/tmp/tmpuwm2su4m', '--error-file', '/tmp/tmp_gw2rrep']
[2021-08-04 13:51:03,354] {standard_task_runner.py:77} INFO - Job 2078: Subtask choose_best_model
[2021-08-04 13:51:03,565] {logging_mixin.py:104} INFO - Running <TaskInstance: my_dag.choose_best_model 2021-08-04T13:40:46.408765+00:00 [running]> on host 04479ea62028
[2021-08-04 13:51:03,915] {taskinstance.py:1302} INFO - Exporting the following env vars:
AIRFLOW_CTX_DAG_OWNER=***
AIRFLOW_CTX_DAG_ID=my_dag
AIRFLOW_CTX_TASK_ID=choose_best_model
AIRFLOW_CTX_EXECUTION_DATE=2021-08-04T13:40:46.408765+00:00
AIRFLOW_CTX_DAG_RUN_ID=scheduled__2021-08-04T13:40:46.408765+00:00
[2021-08-04 13:51:03,942] {python.py:151} INFO - Done. Returned value was: inaccurate
[2021-08-04 13:51:03,943] {skipmixin.py:124} INFO - Following branch inaccurate
[2021-08-04 13:51:03,976] {skipmixin.py:155} INFO - Skipping tasks ['accurate']
[2021-08-04 13:51:04,172] {taskinstance.py:1211} INFO - Marking task as SUCCESS. dag_id=my_dag, task_id=choose_best_model, execution_date=20210804T134046, start_date=20210804T135103, end_date=20210804T135104
[2021-08-04 13:51:04,515] {taskinstance.py:1265} INFO - 1 downstream tasks scheduled from follow-on schedule check
[2021-08-04 13:51:04,639] {local_task_job.py:149} INFO - Task exited with return code 0
