[2021-08-04 13:25:56,340] {taskinstance.py:896} INFO - Dependencies all met for <TaskInstance: my_dag.training_model_C 2021-08-04T13:25:51.667932+00:00 [queued]>
[2021-08-04 13:25:56,463] {taskinstance.py:896} INFO - Dependencies all met for <TaskInstance: my_dag.training_model_C 2021-08-04T13:25:51.667932+00:00 [queued]>
[2021-08-04 13:25:56,464] {taskinstance.py:1087} INFO - 
--------------------------------------------------------------------------------
[2021-08-04 13:25:56,465] {taskinstance.py:1088} INFO - Starting attempt 1 of 1
[2021-08-04 13:25:56,465] {taskinstance.py:1089} INFO - 
--------------------------------------------------------------------------------
[2021-08-04 13:25:56,523] {taskinstance.py:1107} INFO - Executing <Task(PythonOperator): training_model_C> on 2021-08-04T13:25:51.667932+00:00
[2021-08-04 13:25:56,532] {standard_task_runner.py:52} INFO - Started process 8043 to run task
[2021-08-04 13:25:56,559] {standard_task_runner.py:76} INFO - Running: ['***', 'tasks', 'run', 'my_dag', 'training_model_C', '2021-08-04T13:25:51.667932+00:00', '--job-id', '685', '--pool', 'default_pool', '--raw', '--subdir', 'DAGS_FOLDER/my_dag.py', '--cfg-path', '/tmp/tmpfnl_fq_9', '--error-file', '/tmp/tmpjx2zgzca']
[2021-08-04 13:25:56,560] {standard_task_runner.py:77} INFO - Job 685: Subtask training_model_C
[2021-08-04 13:25:56,724] {logging_mixin.py:104} INFO - Running <TaskInstance: my_dag.training_model_C 2021-08-04T13:25:51.667932+00:00 [running]> on host 04479ea62028
[2021-08-04 13:25:56,974] {taskinstance.py:1302} INFO - Exporting the following env vars:
AIRFLOW_CTX_DAG_OWNER=***
AIRFLOW_CTX_DAG_ID=my_dag
AIRFLOW_CTX_TASK_ID=training_model_C
AIRFLOW_CTX_EXECUTION_DATE=2021-08-04T13:25:51.667932+00:00
AIRFLOW_CTX_DAG_RUN_ID=scheduled__2021-08-04T13:25:51.667932+00:00
[2021-08-04 13:25:56,975] {python.py:151} INFO - Done. Returned value was: 9
[2021-08-04 13:25:57,150] {taskinstance.py:1211} INFO - Marking task as SUCCESS. dag_id=my_dag, task_id=training_model_C, execution_date=20210804T132551, start_date=20210804T132556, end_date=20210804T132557
[2021-08-04 13:25:57,291] {taskinstance.py:1265} INFO - 1 downstream tasks scheduled from follow-on schedule check
[2021-08-04 13:25:57,314] {local_task_job.py:149} INFO - Task exited with return code 0
