[2021-08-04 13:29:57,457] {taskinstance.py:896} INFO - Dependencies all met for <TaskInstance: my_dag.training_model_C 2021-08-04T13:29:53.142807+00:00 [queued]>
[2021-08-04 13:29:57,537] {taskinstance.py:896} INFO - Dependencies all met for <TaskInstance: my_dag.training_model_C 2021-08-04T13:29:53.142807+00:00 [queued]>
[2021-08-04 13:29:57,537] {taskinstance.py:1087} INFO - 
--------------------------------------------------------------------------------
[2021-08-04 13:29:57,538] {taskinstance.py:1088} INFO - Starting attempt 1 of 1
[2021-08-04 13:29:57,538] {taskinstance.py:1089} INFO - 
--------------------------------------------------------------------------------
[2021-08-04 13:29:57,566] {taskinstance.py:1107} INFO - Executing <Task(PythonOperator): training_model_C> on 2021-08-04T13:29:53.142807+00:00
[2021-08-04 13:29:57,586] {standard_task_runner.py:52} INFO - Started process 10229 to run task
[2021-08-04 13:29:57,611] {standard_task_runner.py:76} INFO - Running: ['***', 'tasks', 'run', 'my_dag', 'training_model_C', '2021-08-04T13:29:53.142807+00:00', '--job-id', '1583', '--pool', 'default_pool', '--raw', '--subdir', 'DAGS_FOLDER/my_dag.py', '--cfg-path', '/tmp/tmpdsbdat6m', '--error-file', '/tmp/tmp30aszy74']
[2021-08-04 13:29:57,612] {standard_task_runner.py:77} INFO - Job 1583: Subtask training_model_C
[2021-08-04 13:29:57,821] {logging_mixin.py:104} INFO - Running <TaskInstance: my_dag.training_model_C 2021-08-04T13:29:53.142807+00:00 [running]> on host 04479ea62028
[2021-08-04 13:29:58,092] {taskinstance.py:1302} INFO - Exporting the following env vars:
AIRFLOW_CTX_DAG_OWNER=***
AIRFLOW_CTX_DAG_ID=my_dag
AIRFLOW_CTX_TASK_ID=training_model_C
AIRFLOW_CTX_EXECUTION_DATE=2021-08-04T13:29:53.142807+00:00
AIRFLOW_CTX_DAG_RUN_ID=scheduled__2021-08-04T13:29:53.142807+00:00
[2021-08-04 13:29:58,093] {python.py:151} INFO - Done. Returned value was: 7
[2021-08-04 13:29:58,242] {taskinstance.py:1211} INFO - Marking task as SUCCESS. dag_id=my_dag, task_id=training_model_C, execution_date=20210804T132953, start_date=20210804T132957, end_date=20210804T132958
[2021-08-04 13:29:58,466] {taskinstance.py:1265} INFO - 0 downstream tasks scheduled from follow-on schedule check
[2021-08-04 13:29:58,502] {local_task_job.py:149} INFO - Task exited with return code 0
