[2021-08-04 13:59:58,052] {taskinstance.py:896} INFO - Dependencies all met for <TaskInstance: my_dag.inaccurate 2021-08-04T13:59:44.460692+00:00 [queued]>
[2021-08-04 13:59:58,074] {taskinstance.py:896} INFO - Dependencies all met for <TaskInstance: my_dag.inaccurate 2021-08-04T13:59:44.460692+00:00 [queued]>
[2021-08-04 13:59:58,074] {taskinstance.py:1087} INFO - 
--------------------------------------------------------------------------------
[2021-08-04 13:59:58,074] {taskinstance.py:1088} INFO - Starting attempt 1 of 1
[2021-08-04 13:59:58,074] {taskinstance.py:1089} INFO - 
--------------------------------------------------------------------------------
[2021-08-04 13:59:58,084] {taskinstance.py:1107} INFO - Executing <Task(BashOperator): inaccurate> on 2021-08-04T13:59:44.460692+00:00
[2021-08-04 13:59:58,089] {standard_task_runner.py:52} INFO - Started process 1450 to run task
[2021-08-04 13:59:58,093] {standard_task_runner.py:76} INFO - Running: ['***', 'tasks', 'run', 'my_dag', 'inaccurate', '2021-08-04T13:59:44.460692+00:00', '--job-id', '2363', '--pool', 'default_pool', '--raw', '--subdir', 'DAGS_FOLDER/my_dag.py', '--cfg-path', '/tmp/tmpqk4hg5c6', '--error-file', '/tmp/tmpl34zpz2v']
[2021-08-04 13:59:58,094] {standard_task_runner.py:77} INFO - Job 2363: Subtask inaccurate
[2021-08-04 13:59:58,130] {logging_mixin.py:104} INFO - Running <TaskInstance: my_dag.inaccurate 2021-08-04T13:59:44.460692+00:00 [running]> on host 04479ea62028
[2021-08-04 13:59:58,175] {taskinstance.py:1302} INFO - Exporting the following env vars:
AIRFLOW_CTX_DAG_OWNER=***
AIRFLOW_CTX_DAG_ID=my_dag
AIRFLOW_CTX_TASK_ID=inaccurate
AIRFLOW_CTX_EXECUTION_DATE=2021-08-04T13:59:44.460692+00:00
AIRFLOW_CTX_DAG_RUN_ID=scheduled__2021-08-04T13:59:44.460692+00:00
[2021-08-04 13:59:58,176] {subprocess.py:52} INFO - Tmp dir root location: 
 /tmp
[2021-08-04 13:59:58,176] {subprocess.py:63} INFO - Running command: ['bash', '-c', "echo 'inaccurate'"]
[2021-08-04 13:59:58,184] {subprocess.py:74} INFO - Output:
[2021-08-04 13:59:58,185] {subprocess.py:78} INFO - inaccurate
[2021-08-04 13:59:58,185] {subprocess.py:82} INFO - Command exited with return code 0
[2021-08-04 13:59:58,209] {taskinstance.py:1211} INFO - Marking task as SUCCESS. dag_id=my_dag, task_id=inaccurate, execution_date=20210804T135944, start_date=20210804T135958, end_date=20210804T135958
[2021-08-04 13:59:58,233] {taskinstance.py:1265} INFO - 0 downstream tasks scheduled from follow-on schedule check
[2021-08-04 13:59:58,267] {local_task_job.py:149} INFO - Task exited with return code 0
