[2021-08-04 12:59:33,239] {taskinstance.py:896} INFO - Dependencies all met for <TaskInstance: my_dag.training_model_C 2021-08-04T12:58:31.657682+00:00 [queued]>
[2021-08-04 12:59:33,268] {taskinstance.py:896} INFO - Dependencies all met for <TaskInstance: my_dag.training_model_C 2021-08-04T12:58:31.657682+00:00 [queued]>
[2021-08-04 12:59:33,268] {taskinstance.py:1087} INFO - 
--------------------------------------------------------------------------------
[2021-08-04 12:59:33,269] {taskinstance.py:1088} INFO - Starting attempt 1 of 1
[2021-08-04 12:59:33,269] {taskinstance.py:1089} INFO - 
--------------------------------------------------------------------------------
[2021-08-04 12:59:33,280] {taskinstance.py:1107} INFO - Executing <Task(PythonOperator): training_model_C> on 2021-08-04T12:58:31.657682+00:00
[2021-08-04 12:59:33,285] {standard_task_runner.py:52} INFO - Started process 4677 to run task
[2021-08-04 12:59:33,292] {standard_task_runner.py:76} INFO - Running: ['***', 'tasks', 'run', 'my_dag', 'training_model_C', '2021-08-04T12:58:31.657682+00:00', '--job-id', '124', '--pool', 'default_pool', '--raw', '--subdir', 'DAGS_FOLDER/my_dag.py', '--cfg-path', '/tmp/tmpoin7vpea', '--error-file', '/tmp/tmpj_lytwm5']
[2021-08-04 12:59:33,293] {standard_task_runner.py:77} INFO - Job 124: Subtask training_model_C
[2021-08-04 12:59:33,369] {logging_mixin.py:104} INFO - Running <TaskInstance: my_dag.training_model_C 2021-08-04T12:58:31.657682+00:00 [running]> on host 04479ea62028
[2021-08-04 12:59:33,449] {taskinstance.py:1302} INFO - Exporting the following env vars:
AIRFLOW_CTX_DAG_OWNER=***
AIRFLOW_CTX_DAG_ID=my_dag
AIRFLOW_CTX_TASK_ID=training_model_C
AIRFLOW_CTX_EXECUTION_DATE=2021-08-04T12:58:31.657682+00:00
AIRFLOW_CTX_DAG_RUN_ID=scheduled__2021-08-04T12:58:31.657682+00:00
[2021-08-04 12:59:33,450] {python.py:151} INFO - Done. Returned value was: 6
[2021-08-04 12:59:33,502] {taskinstance.py:1211} INFO - Marking task as SUCCESS. dag_id=my_dag, task_id=training_model_C, execution_date=20210804T125831, start_date=20210804T125933, end_date=20210804T125933
[2021-08-04 12:59:33,544] {taskinstance.py:1265} INFO - 1 downstream tasks scheduled from follow-on schedule check
[2021-08-04 12:59:33,587] {local_task_job.py:149} INFO - Task exited with return code 0
