[2021-08-04 13:27:09,837] {taskinstance.py:896} INFO - Dependencies all met for <TaskInstance: my_dag.training_model_C 2021-08-04T13:27:05.899946+00:00 [queued]>
[2021-08-04 13:27:09,958] {taskinstance.py:896} INFO - Dependencies all met for <TaskInstance: my_dag.training_model_C 2021-08-04T13:27:05.899946+00:00 [queued]>
[2021-08-04 13:27:09,959] {taskinstance.py:1087} INFO - 
--------------------------------------------------------------------------------
[2021-08-04 13:27:09,959] {taskinstance.py:1088} INFO - Starting attempt 1 of 1
[2021-08-04 13:27:09,959] {taskinstance.py:1089} INFO - 
--------------------------------------------------------------------------------
[2021-08-04 13:27:09,994] {taskinstance.py:1107} INFO - Executing <Task(PythonOperator): training_model_C> on 2021-08-04T13:27:05.899946+00:00
[2021-08-04 13:27:10,020] {standard_task_runner.py:52} INFO - Started process 8715 to run task
[2021-08-04 13:27:10,071] {standard_task_runner.py:76} INFO - Running: ['***', 'tasks', 'run', 'my_dag', 'training_model_C', '2021-08-04T13:27:05.899946+00:00', '--job-id', '961', '--pool', 'default_pool', '--raw', '--subdir', 'DAGS_FOLDER/my_dag.py', '--cfg-path', '/tmp/tmpwn3xoiw0', '--error-file', '/tmp/tmpbq0gw7t9']
[2021-08-04 13:27:10,072] {standard_task_runner.py:77} INFO - Job 961: Subtask training_model_C
[2021-08-04 13:27:10,330] {logging_mixin.py:104} INFO - Running <TaskInstance: my_dag.training_model_C 2021-08-04T13:27:05.899946+00:00 [running]> on host 04479ea62028
[2021-08-04 13:27:10,821] {taskinstance.py:1302} INFO - Exporting the following env vars:
AIRFLOW_CTX_DAG_OWNER=***
AIRFLOW_CTX_DAG_ID=my_dag
AIRFLOW_CTX_TASK_ID=training_model_C
AIRFLOW_CTX_EXECUTION_DATE=2021-08-04T13:27:05.899946+00:00
AIRFLOW_CTX_DAG_RUN_ID=scheduled__2021-08-04T13:27:05.899946+00:00
[2021-08-04 13:27:10,823] {python.py:151} INFO - Done. Returned value was: 6
[2021-08-04 13:27:11,129] {taskinstance.py:1211} INFO - Marking task as SUCCESS. dag_id=my_dag, task_id=training_model_C, execution_date=20210804T132705, start_date=20210804T132709, end_date=20210804T132711
[2021-08-04 13:27:11,337] {taskinstance.py:1265} INFO - 0 downstream tasks scheduled from follow-on schedule check
[2021-08-04 13:27:11,384] {local_task_job.py:149} INFO - Task exited with return code 0
