[2021-08-04 13:31:47,522] {taskinstance.py:896} INFO - Dependencies all met for <TaskInstance: my_dag.training_model_B 2021-08-04T13:31:36.408765+00:00 [queued]>
[2021-08-04 13:31:47,557] {taskinstance.py:896} INFO - Dependencies all met for <TaskInstance: my_dag.training_model_B 2021-08-04T13:31:36.408765+00:00 [queued]>
[2021-08-04 13:31:47,557] {taskinstance.py:1087} INFO - 
--------------------------------------------------------------------------------
[2021-08-04 13:31:47,557] {taskinstance.py:1088} INFO - Starting attempt 1 of 1
[2021-08-04 13:31:47,557] {taskinstance.py:1089} INFO - 
--------------------------------------------------------------------------------
[2021-08-04 13:31:47,569] {taskinstance.py:1107} INFO - Executing <Task(PythonOperator): training_model_B> on 2021-08-04T13:31:36.408765+00:00
[2021-08-04 13:31:47,577] {standard_task_runner.py:76} INFO - Running: ['***', 'tasks', 'run', 'my_dag', 'training_model_B', '2021-08-04T13:31:36.408765+00:00', '--job-id', '1822', '--pool', 'default_pool', '--raw', '--subdir', 'DAGS_FOLDER/my_dag.py', '--cfg-path', '/tmp/tmpfh_deg58', '--error-file', '/tmp/tmpksdp1v4w']
[2021-08-04 13:31:47,573] {standard_task_runner.py:52} INFO - Started process 10881 to run task
[2021-08-04 13:31:47,578] {standard_task_runner.py:77} INFO - Job 1822: Subtask training_model_B
[2021-08-04 13:31:47,629] {logging_mixin.py:104} INFO - Running <TaskInstance: my_dag.training_model_B 2021-08-04T13:31:36.408765+00:00 [running]> on host 04479ea62028
[2021-08-04 13:31:47,698] {taskinstance.py:1302} INFO - Exporting the following env vars:
AIRFLOW_CTX_DAG_OWNER=***
AIRFLOW_CTX_DAG_ID=my_dag
AIRFLOW_CTX_TASK_ID=training_model_B
AIRFLOW_CTX_EXECUTION_DATE=2021-08-04T13:31:36.408765+00:00
AIRFLOW_CTX_DAG_RUN_ID=scheduled__2021-08-04T13:31:36.408765+00:00
[2021-08-04 13:31:47,698] {python.py:151} INFO - Done. Returned value was: 8
[2021-08-04 13:31:47,738] {taskinstance.py:1211} INFO - Marking task as SUCCESS. dag_id=my_dag, task_id=training_model_B, execution_date=20210804T133136, start_date=20210804T133147, end_date=20210804T133147
[2021-08-04 13:31:47,787] {taskinstance.py:1265} INFO - 1 downstream tasks scheduled from follow-on schedule check
[2021-08-04 13:31:47,831] {local_task_job.py:149} INFO - Task exited with return code 0
