[2021-08-04 13:24:33,643] {taskinstance.py:896} INFO - Dependencies all met for <TaskInstance: my_dag.training_model_B 2021-08-04T13:24:29.590632+00:00 [queued]>
[2021-08-04 13:24:33,685] {taskinstance.py:896} INFO - Dependencies all met for <TaskInstance: my_dag.training_model_B 2021-08-04T13:24:29.590632+00:00 [queued]>
[2021-08-04 13:24:33,685] {taskinstance.py:1087} INFO - 
--------------------------------------------------------------------------------
[2021-08-04 13:24:33,685] {taskinstance.py:1088} INFO - Starting attempt 1 of 1
[2021-08-04 13:24:33,685] {taskinstance.py:1089} INFO - 
--------------------------------------------------------------------------------
[2021-08-04 13:24:33,745] {taskinstance.py:1107} INFO - Executing <Task(PythonOperator): training_model_B> on 2021-08-04T13:24:29.590632+00:00
[2021-08-04 13:24:33,750] {standard_task_runner.py:52} INFO - Started process 7290 to run task
[2021-08-04 13:24:33,767] {standard_task_runner.py:76} INFO - Running: ['***', 'tasks', 'run', 'my_dag', 'training_model_B', '2021-08-04T13:24:29.590632+00:00', '--job-id', '376', '--pool', 'default_pool', '--raw', '--subdir', 'DAGS_FOLDER/my_dag.py', '--cfg-path', '/tmp/tmpkujvtp8x', '--error-file', '/tmp/tmpi2yeu0mn']
[2021-08-04 13:24:33,767] {standard_task_runner.py:77} INFO - Job 376: Subtask training_model_B
[2021-08-04 13:24:34,167] {logging_mixin.py:104} INFO - Running <TaskInstance: my_dag.training_model_B 2021-08-04T13:24:29.590632+00:00 [running]> on host 04479ea62028
[2021-08-04 13:24:34,590] {taskinstance.py:1302} INFO - Exporting the following env vars:
AIRFLOW_CTX_DAG_OWNER=***
AIRFLOW_CTX_DAG_ID=my_dag
AIRFLOW_CTX_TASK_ID=training_model_B
AIRFLOW_CTX_EXECUTION_DATE=2021-08-04T13:24:29.590632+00:00
AIRFLOW_CTX_DAG_RUN_ID=scheduled__2021-08-04T13:24:29.590632+00:00
[2021-08-04 13:24:34,591] {python.py:151} INFO - Done. Returned value was: 2
[2021-08-04 13:24:34,767] {taskinstance.py:1211} INFO - Marking task as SUCCESS. dag_id=my_dag, task_id=training_model_B, execution_date=20210804T132429, start_date=20210804T132433, end_date=20210804T132434
[2021-08-04 13:24:35,001] {taskinstance.py:1265} INFO - 0 downstream tasks scheduled from follow-on schedule check
[2021-08-04 13:24:35,047] {local_task_job.py:149} INFO - Task exited with return code 0
