[2021-08-04 13:24:49,844] {taskinstance.py:896} INFO - Dependencies all met for <TaskInstance: my_dag.training_model_B 2021-08-04T13:24:45.389782+00:00 [queued]>
[2021-08-04 13:24:49,951] {taskinstance.py:896} INFO - Dependencies all met for <TaskInstance: my_dag.training_model_B 2021-08-04T13:24:45.389782+00:00 [queued]>
[2021-08-04 13:24:49,951] {taskinstance.py:1087} INFO - 
--------------------------------------------------------------------------------
[2021-08-04 13:24:49,952] {taskinstance.py:1088} INFO - Starting attempt 1 of 1
[2021-08-04 13:24:49,952] {taskinstance.py:1089} INFO - 
--------------------------------------------------------------------------------
[2021-08-04 13:24:50,010] {taskinstance.py:1107} INFO - Executing <Task(PythonOperator): training_model_B> on 2021-08-04T13:24:45.389782+00:00
[2021-08-04 13:24:50,027] {standard_task_runner.py:52} INFO - Started process 7436 to run task
[2021-08-04 13:24:50,055] {standard_task_runner.py:76} INFO - Running: ['***', 'tasks', 'run', 'my_dag', 'training_model_B', '2021-08-04T13:24:45.389782+00:00', '--job-id', '435', '--pool', 'default_pool', '--raw', '--subdir', 'DAGS_FOLDER/my_dag.py', '--cfg-path', '/tmp/tmpe877v1y_', '--error-file', '/tmp/tmp3wy3kf1b']
[2021-08-04 13:24:50,055] {standard_task_runner.py:77} INFO - Job 435: Subtask training_model_B
[2021-08-04 13:24:50,227] {logging_mixin.py:104} INFO - Running <TaskInstance: my_dag.training_model_B 2021-08-04T13:24:45.389782+00:00 [running]> on host 04479ea62028
[2021-08-04 13:24:50,526] {taskinstance.py:1302} INFO - Exporting the following env vars:
AIRFLOW_CTX_DAG_OWNER=***
AIRFLOW_CTX_DAG_ID=my_dag
AIRFLOW_CTX_TASK_ID=training_model_B
AIRFLOW_CTX_EXECUTION_DATE=2021-08-04T13:24:45.389782+00:00
AIRFLOW_CTX_DAG_RUN_ID=scheduled__2021-08-04T13:24:45.389782+00:00
[2021-08-04 13:24:50,527] {python.py:151} INFO - Done. Returned value was: 6
[2021-08-04 13:24:50,654] {taskinstance.py:1211} INFO - Marking task as SUCCESS. dag_id=my_dag, task_id=training_model_B, execution_date=20210804T132445, start_date=20210804T132449, end_date=20210804T132450
[2021-08-04 13:24:50,770] {taskinstance.py:1265} INFO - 0 downstream tasks scheduled from follow-on schedule check
[2021-08-04 13:24:50,829] {local_task_job.py:149} INFO - Task exited with return code 0
