[2021-08-04 13:24:14,525] {taskinstance.py:896} INFO - Dependencies all met for <TaskInstance: my_dag.training_model_A 2021-08-04T13:24:09.773692+00:00 [queued]>
[2021-08-04 13:24:14,596] {taskinstance.py:896} INFO - Dependencies all met for <TaskInstance: my_dag.training_model_A 2021-08-04T13:24:09.773692+00:00 [queued]>
[2021-08-04 13:24:14,596] {taskinstance.py:1087} INFO - 
--------------------------------------------------------------------------------
[2021-08-04 13:24:14,596] {taskinstance.py:1088} INFO - Starting attempt 1 of 1
[2021-08-04 13:24:14,596] {taskinstance.py:1089} INFO - 
--------------------------------------------------------------------------------
[2021-08-04 13:24:14,622] {taskinstance.py:1107} INFO - Executing <Task(PythonOperator): training_model_A> on 2021-08-04T13:24:09.773692+00:00
[2021-08-04 13:24:14,646] {standard_task_runner.py:52} INFO - Started process 7097 to run task
[2021-08-04 13:24:14,662] {standard_task_runner.py:76} INFO - Running: ['***', 'tasks', 'run', 'my_dag', 'training_model_A', '2021-08-04T13:24:09.773692+00:00', '--job-id', '296', '--pool', 'default_pool', '--raw', '--subdir', 'DAGS_FOLDER/my_dag.py', '--cfg-path', '/tmp/tmp7pk13l0h', '--error-file', '/tmp/tmpdveujl2f']
[2021-08-04 13:24:14,666] {standard_task_runner.py:77} INFO - Job 296: Subtask training_model_A
[2021-08-04 13:24:14,810] {logging_mixin.py:104} INFO - Running <TaskInstance: my_dag.training_model_A 2021-08-04T13:24:09.773692+00:00 [running]> on host 04479ea62028
[2021-08-04 13:24:15,138] {taskinstance.py:1302} INFO - Exporting the following env vars:
AIRFLOW_CTX_DAG_OWNER=***
AIRFLOW_CTX_DAG_ID=my_dag
AIRFLOW_CTX_TASK_ID=training_model_A
AIRFLOW_CTX_EXECUTION_DATE=2021-08-04T13:24:09.773692+00:00
AIRFLOW_CTX_DAG_RUN_ID=scheduled__2021-08-04T13:24:09.773692+00:00
[2021-08-04 13:24:15,139] {python.py:151} INFO - Done. Returned value was: 4
[2021-08-04 13:24:15,287] {taskinstance.py:1211} INFO - Marking task as SUCCESS. dag_id=my_dag, task_id=training_model_A, execution_date=20210804T132409, start_date=20210804T132414, end_date=20210804T132415
[2021-08-04 13:24:15,411] {taskinstance.py:1265} INFO - 1 downstream tasks scheduled from follow-on schedule check
[2021-08-04 13:24:15,438] {local_task_job.py:149} INFO - Task exited with return code 0
