[2021-08-04 13:27:59,542] {taskinstance.py:896} INFO - Dependencies all met for <TaskInstance: my_dag.training_model_A 2021-08-04T13:27:54.887944+00:00 [queued]>
[2021-08-04 13:27:59,619] {taskinstance.py:896} INFO - Dependencies all met for <TaskInstance: my_dag.training_model_A 2021-08-04T13:27:54.887944+00:00 [queued]>
[2021-08-04 13:27:59,619] {taskinstance.py:1087} INFO - 
--------------------------------------------------------------------------------
[2021-08-04 13:27:59,619] {taskinstance.py:1088} INFO - Starting attempt 1 of 1
[2021-08-04 13:27:59,619] {taskinstance.py:1089} INFO - 
--------------------------------------------------------------------------------
[2021-08-04 13:27:59,659] {taskinstance.py:1107} INFO - Executing <Task(PythonOperator): training_model_A> on 2021-08-04T13:27:54.887944+00:00
[2021-08-04 13:27:59,678] {standard_task_runner.py:52} INFO - Started process 9151 to run task
[2021-08-04 13:27:59,697] {standard_task_runner.py:76} INFO - Running: ['***', 'tasks', 'run', 'my_dag', 'training_model_A', '2021-08-04T13:27:54.887944+00:00', '--job-id', '1141', '--pool', 'default_pool', '--raw', '--subdir', 'DAGS_FOLDER/my_dag.py', '--cfg-path', '/tmp/tmpz4gseik4', '--error-file', '/tmp/tmpjw2v66vw']
[2021-08-04 13:27:59,699] {standard_task_runner.py:77} INFO - Job 1141: Subtask training_model_A
[2021-08-04 13:27:59,967] {logging_mixin.py:104} INFO - Running <TaskInstance: my_dag.training_model_A 2021-08-04T13:27:54.887944+00:00 [running]> on host 04479ea62028
[2021-08-04 13:28:00,226] {taskinstance.py:1302} INFO - Exporting the following env vars:
AIRFLOW_CTX_DAG_OWNER=***
AIRFLOW_CTX_DAG_ID=my_dag
AIRFLOW_CTX_TASK_ID=training_model_A
AIRFLOW_CTX_EXECUTION_DATE=2021-08-04T13:27:54.887944+00:00
AIRFLOW_CTX_DAG_RUN_ID=scheduled__2021-08-04T13:27:54.887944+00:00
[2021-08-04 13:28:00,227] {python.py:151} INFO - Done. Returned value was: 3
[2021-08-04 13:28:00,462] {taskinstance.py:1211} INFO - Marking task as SUCCESS. dag_id=my_dag, task_id=training_model_A, execution_date=20210804T132754, start_date=20210804T132759, end_date=20210804T132800
[2021-08-04 13:28:00,678] {taskinstance.py:1265} INFO - 1 downstream tasks scheduled from follow-on schedule check
[2021-08-04 13:28:00,722] {local_task_job.py:149} INFO - Task exited with return code 0
