[2021-08-04 14:36:58,344] {taskinstance.py:896} INFO - Dependencies all met for <TaskInstance: my_dag.training_model_A 2021-08-04T14:36:47.176938+00:00 [queued]>
[2021-08-04 14:36:58,365] {taskinstance.py:896} INFO - Dependencies all met for <TaskInstance: my_dag.training_model_A 2021-08-04T14:36:47.176938+00:00 [queued]>
[2021-08-04 14:36:58,365] {taskinstance.py:1087} INFO - 
--------------------------------------------------------------------------------
[2021-08-04 14:36:58,366] {taskinstance.py:1088} INFO - Starting attempt 1 of 1
[2021-08-04 14:36:58,366] {taskinstance.py:1089} INFO - 
--------------------------------------------------------------------------------
[2021-08-04 14:36:58,390] {taskinstance.py:1107} INFO - Executing <Task(PythonOperator): training_model_A> on 2021-08-04T14:36:47.176938+00:00
[2021-08-04 14:36:58,400] {standard_task_runner.py:76} INFO - Running: ['***', 'tasks', 'run', 'my_dag', 'training_model_A', '2021-08-04T14:36:47.176938+00:00', '--job-id', '2760', '--pool', 'default_pool', '--raw', '--subdir', 'DAGS_FOLDER/my_dag.py', '--cfg-path', '/tmp/tmprmtc7fwn', '--error-file', '/tmp/tmpv72zh3lm']
[2021-08-04 14:36:58,395] {standard_task_runner.py:52} INFO - Started process 719 to run task
[2021-08-04 14:36:58,401] {standard_task_runner.py:77} INFO - Job 2760: Subtask training_model_A
[2021-08-04 14:36:58,448] {logging_mixin.py:104} INFO - Running <TaskInstance: my_dag.training_model_A 2021-08-04T14:36:47.176938+00:00 [running]> on host 04479ea62028
[2021-08-04 14:36:58,518] {taskinstance.py:1302} INFO - Exporting the following env vars:
AIRFLOW_CTX_DAG_OWNER=***
AIRFLOW_CTX_DAG_ID=my_dag
AIRFLOW_CTX_TASK_ID=training_model_A
AIRFLOW_CTX_EXECUTION_DATE=2021-08-04T14:36:47.176938+00:00
AIRFLOW_CTX_DAG_RUN_ID=scheduled__2021-08-04T14:36:47.176938+00:00
[2021-08-04 14:36:58,519] {python.py:151} INFO - Done. Returned value was: 9
[2021-08-04 14:36:58,554] {taskinstance.py:1211} INFO - Marking task as SUCCESS. dag_id=my_dag, task_id=training_model_A, execution_date=20210804T143647, start_date=20210804T143658, end_date=20210804T143658
[2021-08-04 14:36:58,608] {taskinstance.py:1265} INFO - 0 downstream tasks scheduled from follow-on schedule check
[2021-08-04 14:36:58,622] {local_task_job.py:149} INFO - Task exited with return code 0
