[2021-08-04 13:24:32,626] {taskinstance.py:896} INFO - Dependencies all met for <TaskInstance: my_dag.accurate 2021-08-04T13:24:20.647126+00:00 [queued]>
[2021-08-04 13:24:32,705] {taskinstance.py:896} INFO - Dependencies all met for <TaskInstance: my_dag.accurate 2021-08-04T13:24:20.647126+00:00 [queued]>
[2021-08-04 13:24:32,705] {taskinstance.py:1087} INFO - 
--------------------------------------------------------------------------------
[2021-08-04 13:24:32,705] {taskinstance.py:1088} INFO - Starting attempt 1 of 1
[2021-08-04 13:24:32,705] {taskinstance.py:1089} INFO - 
--------------------------------------------------------------------------------
[2021-08-04 13:24:32,743] {taskinstance.py:1107} INFO - Executing <Task(BashOperator): accurate> on 2021-08-04T13:24:20.647126+00:00
[2021-08-04 13:24:32,764] {standard_task_runner.py:52} INFO - Started process 7280 to run task
[2021-08-04 13:24:32,816] {standard_task_runner.py:76} INFO - Running: ['***', 'tasks', 'run', 'my_dag', 'accurate', '2021-08-04T13:24:20.647126+00:00', '--job-id', '369', '--pool', 'default_pool', '--raw', '--subdir', 'DAGS_FOLDER/my_dag.py', '--cfg-path', '/tmp/tmp5_wtmin2', '--error-file', '/tmp/tmpv8cztadl']
[2021-08-04 13:24:32,817] {standard_task_runner.py:77} INFO - Job 369: Subtask accurate
[2021-08-04 13:24:33,101] {logging_mixin.py:104} INFO - Running <TaskInstance: my_dag.accurate 2021-08-04T13:24:20.647126+00:00 [running]> on host 04479ea62028
[2021-08-04 13:24:33,352] {taskinstance.py:1302} INFO - Exporting the following env vars:
AIRFLOW_CTX_DAG_OWNER=***
AIRFLOW_CTX_DAG_ID=my_dag
AIRFLOW_CTX_TASK_ID=accurate
AIRFLOW_CTX_EXECUTION_DATE=2021-08-04T13:24:20.647126+00:00
AIRFLOW_CTX_DAG_RUN_ID=scheduled__2021-08-04T13:24:20.647126+00:00
[2021-08-04 13:24:33,356] {subprocess.py:52} INFO - Tmp dir root location: 
 /tmp
[2021-08-04 13:24:33,357] {subprocess.py:63} INFO - Running command: ['bash', '-c', "echo 'accurate'"]
[2021-08-04 13:24:33,393] {subprocess.py:74} INFO - Output:
[2021-08-04 13:24:33,401] {subprocess.py:78} INFO - accurate
[2021-08-04 13:24:33,402] {subprocess.py:82} INFO - Command exited with return code 0
[2021-08-04 13:24:33,520] {taskinstance.py:1211} INFO - Marking task as SUCCESS. dag_id=my_dag, task_id=accurate, execution_date=20210804T132420, start_date=20210804T132432, end_date=20210804T132433
[2021-08-04 13:24:33,758] {taskinstance.py:1265} INFO - 0 downstream tasks scheduled from follow-on schedule check
[2021-08-04 13:24:33,802] {local_task_job.py:149} INFO - Task exited with return code 0
