[2021-08-04 14:39:19,466] {taskinstance.py:896} INFO - Dependencies all met for <TaskInstance: my_dag.choose_best_model 2021-08-04T14:39:07.634907+00:00 [queued]>
[2021-08-04 14:39:19,480] {taskinstance.py:896} INFO - Dependencies all met for <TaskInstance: my_dag.choose_best_model 2021-08-04T14:39:07.634907+00:00 [queued]>
[2021-08-04 14:39:19,480] {taskinstance.py:1087} INFO - 
--------------------------------------------------------------------------------
[2021-08-04 14:39:19,480] {taskinstance.py:1088} INFO - Starting attempt 1 of 1
[2021-08-04 14:39:19,480] {taskinstance.py:1089} INFO - 
--------------------------------------------------------------------------------
[2021-08-04 14:39:19,494] {taskinstance.py:1107} INFO - Executing <Task(BranchPythonOperator): choose_best_model> on 2021-08-04T14:39:07.634907+00:00
[2021-08-04 14:39:19,501] {standard_task_runner.py:76} INFO - Running: ['***', 'tasks', 'run', 'my_dag', 'choose_best_model', '2021-08-04T14:39:07.634907+00:00', '--job-id', '2831', '--pool', 'default_pool', '--raw', '--subdir', 'DAGS_FOLDER/my_dag.py', '--cfg-path', '/tmp/tmpywpcb0pi', '--error-file', '/tmp/tmpfl3pa8x8']
[2021-08-04 14:39:19,502] {standard_task_runner.py:77} INFO - Job 2831: Subtask choose_best_model
[2021-08-04 14:39:19,498] {standard_task_runner.py:52} INFO - Started process 1064 to run task
[2021-08-04 14:39:19,541] {logging_mixin.py:104} INFO - Running <TaskInstance: my_dag.choose_best_model 2021-08-04T14:39:07.634907+00:00 [running]> on host 04479ea62028
[2021-08-04 14:39:19,594] {taskinstance.py:1302} INFO - Exporting the following env vars:
AIRFLOW_CTX_DAG_OWNER=***
AIRFLOW_CTX_DAG_ID=my_dag
AIRFLOW_CTX_TASK_ID=choose_best_model
AIRFLOW_CTX_EXECUTION_DATE=2021-08-04T14:39:07.634907+00:00
AIRFLOW_CTX_DAG_RUN_ID=scheduled__2021-08-04T14:39:07.634907+00:00
[2021-08-04 14:39:19,603] {python.py:151} INFO - Done. Returned value was: value_5
[2021-08-04 14:39:19,603] {skipmixin.py:124} INFO - Following branch value_5
[2021-08-04 14:39:19,610] {skipmixin.py:155} INFO - Skipping tasks ['inaccurate', 'accurate']
[2021-08-04 14:39:19,654] {taskinstance.py:1211} INFO - Marking task as SUCCESS. dag_id=my_dag, task_id=choose_best_model, execution_date=20210804T143907, start_date=20210804T143919, end_date=20210804T143919
[2021-08-04 14:39:19,687] {taskinstance.py:1265} INFO - 1 downstream tasks scheduled from follow-on schedule check
[2021-08-04 14:39:19,716] {local_task_job.py:149} INFO - Task exited with return code 0
