[2021-08-04 14:02:24,964] {taskinstance.py:896} INFO - Dependencies all met for <TaskInstance: my_dag.training_model_A 2021-08-04T14:02:14.460692+00:00 [queued]>
[2021-08-04 14:02:24,986] {taskinstance.py:896} INFO - Dependencies all met for <TaskInstance: my_dag.training_model_A 2021-08-04T14:02:14.460692+00:00 [queued]>
[2021-08-04 14:02:24,987] {taskinstance.py:1087} INFO - 
--------------------------------------------------------------------------------
[2021-08-04 14:02:24,987] {taskinstance.py:1088} INFO - Starting attempt 1 of 1
[2021-08-04 14:02:24,987] {taskinstance.py:1089} INFO - 
--------------------------------------------------------------------------------
[2021-08-04 14:02:25,000] {taskinstance.py:1107} INFO - Executing <Task(PythonOperator): training_model_A> on 2021-08-04T14:02:14.460692+00:00
[2021-08-04 14:02:25,005] {standard_task_runner.py:52} INFO - Started process 1812 to run task
[2021-08-04 14:02:25,011] {standard_task_runner.py:76} INFO - Running: ['***', 'tasks', 'run', 'my_dag', 'training_model_A', '2021-08-04T14:02:14.460692+00:00', '--job-id', '2434', '--pool', 'default_pool', '--raw', '--subdir', 'DAGS_FOLDER/my_dag.py', '--cfg-path', '/tmp/tmpvhibve2h', '--error-file', '/tmp/tmpy_y3gjx7']
[2021-08-04 14:02:25,012] {standard_task_runner.py:77} INFO - Job 2434: Subtask training_model_A
[2021-08-04 14:02:25,072] {logging_mixin.py:104} INFO - Running <TaskInstance: my_dag.training_model_A 2021-08-04T14:02:14.460692+00:00 [running]> on host 04479ea62028
[2021-08-04 14:02:25,137] {taskinstance.py:1302} INFO - Exporting the following env vars:
AIRFLOW_CTX_DAG_OWNER=***
AIRFLOW_CTX_DAG_ID=my_dag
AIRFLOW_CTX_TASK_ID=training_model_A
AIRFLOW_CTX_EXECUTION_DATE=2021-08-04T14:02:14.460692+00:00
AIRFLOW_CTX_DAG_RUN_ID=scheduled__2021-08-04T14:02:14.460692+00:00
[2021-08-04 14:02:25,138] {python.py:151} INFO - Done. Returned value was: 5
[2021-08-04 14:02:25,170] {taskinstance.py:1211} INFO - Marking task as SUCCESS. dag_id=my_dag, task_id=training_model_A, execution_date=20210804T140214, start_date=20210804T140224, end_date=20210804T140225
[2021-08-04 14:02:25,212] {taskinstance.py:1265} INFO - 0 downstream tasks scheduled from follow-on schedule check
[2021-08-04 14:02:25,238] {local_task_job.py:149} INFO - Task exited with return code 0
