[2021-08-04 13:24:56,983] {taskinstance.py:896} INFO - Dependencies all met for <TaskInstance: my_dag.choose_best_model 2021-08-04T13:24:47.669806+00:00 [queued]>
[2021-08-04 13:24:57,159] {taskinstance.py:896} INFO - Dependencies all met for <TaskInstance: my_dag.choose_best_model 2021-08-04T13:24:47.669806+00:00 [queued]>
[2021-08-04 13:24:57,159] {taskinstance.py:1087} INFO - 
--------------------------------------------------------------------------------
[2021-08-04 13:24:57,159] {taskinstance.py:1088} INFO - Starting attempt 1 of 1
[2021-08-04 13:24:57,159] {taskinstance.py:1089} INFO - 
--------------------------------------------------------------------------------
[2021-08-04 13:24:57,346] {taskinstance.py:1107} INFO - Executing <Task(BranchPythonOperator): choose_best_model> on 2021-08-04T13:24:47.669806+00:00
[2021-08-04 13:24:57,381] {standard_task_runner.py:52} INFO - Started process 7503 to run task
[2021-08-04 13:24:57,411] {standard_task_runner.py:76} INFO - Running: ['***', 'tasks', 'run', 'my_dag', 'choose_best_model', '2021-08-04T13:24:47.669806+00:00', '--job-id', '463', '--pool', 'default_pool', '--raw', '--subdir', 'DAGS_FOLDER/my_dag.py', '--cfg-path', '/tmp/tmp5yglen85', '--error-file', '/tmp/tmpl2a9zysp']
[2021-08-04 13:24:57,412] {standard_task_runner.py:77} INFO - Job 463: Subtask choose_best_model
[2021-08-04 13:24:57,745] {logging_mixin.py:104} INFO - Running <TaskInstance: my_dag.choose_best_model 2021-08-04T13:24:47.669806+00:00 [running]> on host 04479ea62028
[2021-08-04 13:24:58,254] {taskinstance.py:1302} INFO - Exporting the following env vars:
AIRFLOW_CTX_DAG_OWNER=***
AIRFLOW_CTX_DAG_ID=my_dag
AIRFLOW_CTX_TASK_ID=choose_best_model
AIRFLOW_CTX_EXECUTION_DATE=2021-08-04T13:24:47.669806+00:00
AIRFLOW_CTX_DAG_RUN_ID=scheduled__2021-08-04T13:24:47.669806+00:00
[2021-08-04 13:24:58,298] {python.py:151} INFO - Done. Returned value was: accurate
[2021-08-04 13:24:58,299] {skipmixin.py:124} INFO - Following branch accurate
[2021-08-04 13:24:58,394] {skipmixin.py:155} INFO - Skipping tasks ['inaccurate']
[2021-08-04 13:24:58,729] {taskinstance.py:1211} INFO - Marking task as SUCCESS. dag_id=my_dag, task_id=choose_best_model, execution_date=20210804T132447, start_date=20210804T132456, end_date=20210804T132458
[2021-08-04 13:24:59,188] {taskinstance.py:1265} INFO - 0 downstream tasks scheduled from follow-on schedule check
[2021-08-04 13:24:59,241] {local_task_job.py:149} INFO - Task exited with return code 0
