[2021-08-04 13:28:00,182] {taskinstance.py:896} INFO - Dependencies all met for <TaskInstance: my_dag.training_model_C 2021-08-04T13:27:55.990540+00:00 [queued]>
[2021-08-04 13:28:00,264] {taskinstance.py:896} INFO - Dependencies all met for <TaskInstance: my_dag.training_model_C 2021-08-04T13:27:55.990540+00:00 [queued]>
[2021-08-04 13:28:00,264] {taskinstance.py:1087} INFO - 
--------------------------------------------------------------------------------
[2021-08-04 13:28:00,265] {taskinstance.py:1088} INFO - Starting attempt 1 of 1
[2021-08-04 13:28:00,265] {taskinstance.py:1089} INFO - 
--------------------------------------------------------------------------------
[2021-08-04 13:28:00,361] {taskinstance.py:1107} INFO - Executing <Task(PythonOperator): training_model_C> on 2021-08-04T13:27:55.990540+00:00
[2021-08-04 13:28:00,376] {standard_task_runner.py:52} INFO - Started process 9165 to run task
[2021-08-04 13:28:00,384] {standard_task_runner.py:76} INFO - Running: ['***', 'tasks', 'run', 'my_dag', 'training_model_C', '2021-08-04T13:27:55.990540+00:00', '--job-id', '1142', '--pool', 'default_pool', '--raw', '--subdir', 'DAGS_FOLDER/my_dag.py', '--cfg-path', '/tmp/tmpagajzjb7', '--error-file', '/tmp/tmp5v37zc3t']
[2021-08-04 13:28:00,397] {standard_task_runner.py:77} INFO - Job 1142: Subtask training_model_C
[2021-08-04 13:28:00,632] {logging_mixin.py:104} INFO - Running <TaskInstance: my_dag.training_model_C 2021-08-04T13:27:55.990540+00:00 [running]> on host 04479ea62028
[2021-08-04 13:28:01,144] {taskinstance.py:1302} INFO - Exporting the following env vars:
AIRFLOW_CTX_DAG_OWNER=***
AIRFLOW_CTX_DAG_ID=my_dag
AIRFLOW_CTX_TASK_ID=training_model_C
AIRFLOW_CTX_EXECUTION_DATE=2021-08-04T13:27:55.990540+00:00
AIRFLOW_CTX_DAG_RUN_ID=scheduled__2021-08-04T13:27:55.990540+00:00
[2021-08-04 13:28:01,158] {python.py:151} INFO - Done. Returned value was: 5
[2021-08-04 13:28:01,506] {taskinstance.py:1211} INFO - Marking task as SUCCESS. dag_id=my_dag, task_id=training_model_C, execution_date=20210804T132755, start_date=20210804T132800, end_date=20210804T132801
[2021-08-04 13:28:01,811] {taskinstance.py:1265} INFO - 0 downstream tasks scheduled from follow-on schedule check
[2021-08-04 13:28:01,872] {local_task_job.py:149} INFO - Task exited with return code 0
