[2021-08-04 14:49:38,938] {taskinstance.py:896} INFO - Dependencies all met for <TaskInstance: my_dag.training_model_B 2021-08-04T14:49:27.958228+00:00 [queued]>
[2021-08-04 14:49:38,953] {taskinstance.py:896} INFO - Dependencies all met for <TaskInstance: my_dag.training_model_B 2021-08-04T14:49:27.958228+00:00 [queued]>
[2021-08-04 14:49:38,953] {taskinstance.py:1087} INFO - 
--------------------------------------------------------------------------------
[2021-08-04 14:49:38,953] {taskinstance.py:1088} INFO - Starting attempt 1 of 1
[2021-08-04 14:49:38,954] {taskinstance.py:1089} INFO - 
--------------------------------------------------------------------------------
[2021-08-04 14:49:38,972] {taskinstance.py:1107} INFO - Executing <Task(PythonOperator): training_model_B> on 2021-08-04T14:49:27.958228+00:00
[2021-08-04 14:49:38,978] {standard_task_runner.py:52} INFO - Started process 2582 to run task
[2021-08-04 14:49:38,982] {standard_task_runner.py:76} INFO - Running: ['***', 'tasks', 'run', 'my_dag', 'training_model_B', '2021-08-04T14:49:27.958228+00:00', '--job-id', '3138', '--pool', 'default_pool', '--raw', '--subdir', 'DAGS_FOLDER/my_dag.py', '--cfg-path', '/tmp/tmp3_yoo7ka', '--error-file', '/tmp/tmpo_o9diad']
[2021-08-04 14:49:38,983] {standard_task_runner.py:77} INFO - Job 3138: Subtask training_model_B
[2021-08-04 14:49:39,041] {logging_mixin.py:104} INFO - Running <TaskInstance: my_dag.training_model_B 2021-08-04T14:49:27.958228+00:00 [running]> on host 04479ea62028
[2021-08-04 14:49:39,099] {taskinstance.py:1302} INFO - Exporting the following env vars:
AIRFLOW_CTX_DAG_OWNER=***
AIRFLOW_CTX_DAG_ID=my_dag
AIRFLOW_CTX_TASK_ID=training_model_B
AIRFLOW_CTX_EXECUTION_DATE=2021-08-04T14:49:27.958228+00:00
AIRFLOW_CTX_DAG_RUN_ID=scheduled__2021-08-04T14:49:27.958228+00:00
[2021-08-04 14:49:39,099] {python.py:151} INFO - Done. Returned value was: 5
[2021-08-04 14:49:39,129] {taskinstance.py:1211} INFO - Marking task as SUCCESS. dag_id=my_dag, task_id=training_model_B, execution_date=20210804T144927, start_date=20210804T144938, end_date=20210804T144939
[2021-08-04 14:49:39,165] {taskinstance.py:1265} INFO - 0 downstream tasks scheduled from follow-on schedule check
[2021-08-04 14:49:39,196] {local_task_job.py:149} INFO - Task exited with return code 0
