[2021-08-04 13:54:56,953] {taskinstance.py:896} INFO - Dependencies all met for <TaskInstance: my_dag.choose_best_model 2021-08-04T13:54:44.067338+00:00 [queued]>
[2021-08-04 13:54:56,977] {taskinstance.py:896} INFO - Dependencies all met for <TaskInstance: my_dag.choose_best_model 2021-08-04T13:54:44.067338+00:00 [queued]>
[2021-08-04 13:54:56,977] {taskinstance.py:1087} INFO - 
--------------------------------------------------------------------------------
[2021-08-04 13:54:56,978] {taskinstance.py:1088} INFO - Starting attempt 1 of 1
[2021-08-04 13:54:56,978] {taskinstance.py:1089} INFO - 
--------------------------------------------------------------------------------
[2021-08-04 13:54:56,992] {taskinstance.py:1107} INFO - Executing <Task(BranchPythonOperator): choose_best_model> on 2021-08-04T13:54:44.067338+00:00
[2021-08-04 13:54:57,005] {standard_task_runner.py:76} INFO - Running: ['***', 'tasks', 'run', 'my_dag', 'choose_best_model', '2021-08-04T13:54:44.067338+00:00', '--job-id', '2212', '--pool', 'default_pool', '--raw', '--subdir', 'DAGS_FOLDER/my_dag.py', '--cfg-path', '/tmp/tmpywxcv3nt', '--error-file', '/tmp/tmpg2l5_6t1']
[2021-08-04 13:54:57,000] {standard_task_runner.py:52} INFO - Started process 708 to run task
[2021-08-04 13:54:57,005] {standard_task_runner.py:77} INFO - Job 2212: Subtask choose_best_model
[2021-08-04 13:54:57,056] {logging_mixin.py:104} INFO - Running <TaskInstance: my_dag.choose_best_model 2021-08-04T13:54:44.067338+00:00 [running]> on host 04479ea62028
[2021-08-04 13:54:57,109] {taskinstance.py:1302} INFO - Exporting the following env vars:
AIRFLOW_CTX_DAG_OWNER=***
AIRFLOW_CTX_DAG_ID=my_dag
AIRFLOW_CTX_TASK_ID=choose_best_model
AIRFLOW_CTX_EXECUTION_DATE=2021-08-04T13:54:44.067338+00:00
AIRFLOW_CTX_DAG_RUN_ID=scheduled__2021-08-04T13:54:44.067338+00:00
[2021-08-04 13:54:57,118] {python.py:151} INFO - Done. Returned value was: inaccurate
[2021-08-04 13:54:57,119] {skipmixin.py:124} INFO - Following branch inaccurate
[2021-08-04 13:54:57,127] {skipmixin.py:155} INFO - Skipping tasks ['accurate']
[2021-08-04 13:54:57,173] {taskinstance.py:1211} INFO - Marking task as SUCCESS. dag_id=my_dag, task_id=choose_best_model, execution_date=20210804T135444, start_date=20210804T135456, end_date=20210804T135457
[2021-08-04 13:54:57,210] {taskinstance.py:1265} INFO - 1 downstream tasks scheduled from follow-on schedule check
[2021-08-04 13:54:57,260] {local_task_job.py:149} INFO - Task exited with return code 0
