[2021-08-04 12:38:52,828] {taskinstance.py:896} INFO - Dependencies all met for <TaskInstance: my_dag.training_model_A 2021-08-04T12:38:51.434384+00:00 [queued]>
[2021-08-04 12:38:52,845] {taskinstance.py:896} INFO - Dependencies all met for <TaskInstance: my_dag.training_model_A 2021-08-04T12:38:51.434384+00:00 [queued]>
[2021-08-04 12:38:52,845] {taskinstance.py:1087} INFO - 
--------------------------------------------------------------------------------
[2021-08-04 12:38:52,845] {taskinstance.py:1088} INFO - Starting attempt 1 of 1
[2021-08-04 12:38:52,846] {taskinstance.py:1089} INFO - 
--------------------------------------------------------------------------------
[2021-08-04 12:38:52,860] {taskinstance.py:1107} INFO - Executing <Task(PythonOperator): training_model_A> on 2021-08-04T12:38:51.434384+00:00
[2021-08-04 12:38:52,865] {standard_task_runner.py:52} INFO - Started process 2780 to run task
[2021-08-04 12:38:52,871] {standard_task_runner.py:76} INFO - Running: ['***', 'tasks', 'run', 'my_dag', 'training_model_A', '2021-08-04T12:38:51.434384+00:00', '--job-id', '38', '--pool', 'default_pool', '--raw', '--subdir', 'DAGS_FOLDER/my_dag.py', '--cfg-path', '/tmp/tmp17d6al0t', '--error-file', '/tmp/tmp16i95_st']
[2021-08-04 12:38:52,872] {standard_task_runner.py:77} INFO - Job 38: Subtask training_model_A
[2021-08-04 12:38:52,918] {logging_mixin.py:104} INFO - Running <TaskInstance: my_dag.training_model_A 2021-08-04T12:38:51.434384+00:00 [running]> on host 04479ea62028
[2021-08-04 12:38:52,976] {taskinstance.py:1302} INFO - Exporting the following env vars:
AIRFLOW_CTX_DAG_OWNER=***
AIRFLOW_CTX_DAG_ID=my_dag
AIRFLOW_CTX_TASK_ID=training_model_A
AIRFLOW_CTX_EXECUTION_DATE=2021-08-04T12:38:51.434384+00:00
AIRFLOW_CTX_DAG_RUN_ID=manual__2021-08-04T12:38:51.434384+00:00
[2021-08-04 12:38:52,977] {python.py:151} INFO - Done. Returned value was: 6
[2021-08-04 12:38:53,005] {taskinstance.py:1211} INFO - Marking task as SUCCESS. dag_id=my_dag, task_id=training_model_A, execution_date=20210804T123851, start_date=20210804T123852, end_date=20210804T123853
[2021-08-04 12:38:53,050] {taskinstance.py:1265} INFO - 0 downstream tasks scheduled from follow-on schedule check
[2021-08-04 12:38:53,086] {local_task_job.py:149} INFO - Task exited with return code 0
