[2021-08-04 13:25:14,866] {taskinstance.py:896} INFO - Dependencies all met for <TaskInstance: my_dag.training_model_C 2021-08-04T13:25:09.088054+00:00 [queued]>
[2021-08-04 13:25:14,922] {taskinstance.py:896} INFO - Dependencies all met for <TaskInstance: my_dag.training_model_C 2021-08-04T13:25:09.088054+00:00 [queued]>
[2021-08-04 13:25:14,922] {taskinstance.py:1087} INFO - 
--------------------------------------------------------------------------------
[2021-08-04 13:25:14,922] {taskinstance.py:1088} INFO - Starting attempt 1 of 1
[2021-08-04 13:25:14,922] {taskinstance.py:1089} INFO - 
--------------------------------------------------------------------------------
[2021-08-04 13:25:14,954] {taskinstance.py:1107} INFO - Executing <Task(PythonOperator): training_model_C> on 2021-08-04T13:25:09.088054+00:00
[2021-08-04 13:25:14,964] {standard_task_runner.py:52} INFO - Started process 7656 to run task
[2021-08-04 13:25:15,004] {standard_task_runner.py:76} INFO - Running: ['***', 'tasks', 'run', 'my_dag', 'training_model_C', '2021-08-04T13:25:09.088054+00:00', '--job-id', '526', '--pool', 'default_pool', '--raw', '--subdir', 'DAGS_FOLDER/my_dag.py', '--cfg-path', '/tmp/tmptclbv7oz', '--error-file', '/tmp/tmp2_evqwtx']
[2021-08-04 13:25:15,004] {standard_task_runner.py:77} INFO - Job 526: Subtask training_model_C
[2021-08-04 13:25:15,283] {logging_mixin.py:104} INFO - Running <TaskInstance: my_dag.training_model_C 2021-08-04T13:25:09.088054+00:00 [running]> on host 04479ea62028
[2021-08-04 13:25:15,638] {taskinstance.py:1302} INFO - Exporting the following env vars:
AIRFLOW_CTX_DAG_OWNER=***
AIRFLOW_CTX_DAG_ID=my_dag
AIRFLOW_CTX_TASK_ID=training_model_C
AIRFLOW_CTX_EXECUTION_DATE=2021-08-04T13:25:09.088054+00:00
AIRFLOW_CTX_DAG_RUN_ID=scheduled__2021-08-04T13:25:09.088054+00:00
[2021-08-04 13:25:15,639] {python.py:151} INFO - Done. Returned value was: 8
[2021-08-04 13:25:15,773] {taskinstance.py:1211} INFO - Marking task as SUCCESS. dag_id=my_dag, task_id=training_model_C, execution_date=20210804T132509, start_date=20210804T132514, end_date=20210804T132515
[2021-08-04 13:25:16,074] {taskinstance.py:1265} INFO - 1 downstream tasks scheduled from follow-on schedule check
[2021-08-04 13:25:16,109] {local_task_job.py:149} INFO - Task exited with return code 0
