[2021-08-04 13:26:31,334] {taskinstance.py:896} INFO - Dependencies all met for <TaskInstance: my_dag.accurate 2021-08-04T13:26:18.406608+00:00 [queued]>
[2021-08-04 13:26:31,386] {taskinstance.py:896} INFO - Dependencies all met for <TaskInstance: my_dag.accurate 2021-08-04T13:26:18.406608+00:00 [queued]>
[2021-08-04 13:26:31,386] {taskinstance.py:1087} INFO - 
--------------------------------------------------------------------------------
[2021-08-04 13:26:31,386] {taskinstance.py:1088} INFO - Starting attempt 1 of 1
[2021-08-04 13:26:31,386] {taskinstance.py:1089} INFO - 
--------------------------------------------------------------------------------
[2021-08-04 13:26:31,450] {taskinstance.py:1107} INFO - Executing <Task(BashOperator): accurate> on 2021-08-04T13:26:18.406608+00:00
[2021-08-04 13:26:31,458] {standard_task_runner.py:52} INFO - Started process 8372 to run task
[2021-08-04 13:26:31,490] {standard_task_runner.py:76} INFO - Running: ['***', 'tasks', 'run', 'my_dag', 'accurate', '2021-08-04T13:26:18.406608+00:00', '--job-id', '818', '--pool', 'default_pool', '--raw', '--subdir', 'DAGS_FOLDER/my_dag.py', '--cfg-path', '/tmp/tmpgdynwl3_', '--error-file', '/tmp/tmp1vwvyelh']
[2021-08-04 13:26:31,491] {standard_task_runner.py:77} INFO - Job 818: Subtask accurate
[2021-08-04 13:26:31,809] {logging_mixin.py:104} INFO - Running <TaskInstance: my_dag.accurate 2021-08-04T13:26:18.406608+00:00 [running]> on host 04479ea62028
[2021-08-04 13:26:32,290] {taskinstance.py:1302} INFO - Exporting the following env vars:
AIRFLOW_CTX_DAG_OWNER=***
AIRFLOW_CTX_DAG_ID=my_dag
AIRFLOW_CTX_TASK_ID=accurate
AIRFLOW_CTX_EXECUTION_DATE=2021-08-04T13:26:18.406608+00:00
AIRFLOW_CTX_DAG_RUN_ID=scheduled__2021-08-04T13:26:18.406608+00:00
[2021-08-04 13:26:32,291] {subprocess.py:52} INFO - Tmp dir root location: 
 /tmp
[2021-08-04 13:26:32,292] {subprocess.py:63} INFO - Running command: ['bash', '-c', "echo 'accurate'"]
[2021-08-04 13:26:32,349] {subprocess.py:74} INFO - Output:
[2021-08-04 13:26:32,361] {subprocess.py:78} INFO - accurate
[2021-08-04 13:26:32,362] {subprocess.py:82} INFO - Command exited with return code 0
[2021-08-04 13:26:32,528] {taskinstance.py:1211} INFO - Marking task as SUCCESS. dag_id=my_dag, task_id=accurate, execution_date=20210804T132618, start_date=20210804T132631, end_date=20210804T132632
[2021-08-04 13:26:32,655] {taskinstance.py:1265} INFO - 0 downstream tasks scheduled from follow-on schedule check
[2021-08-04 13:26:32,719] {local_task_job.py:149} INFO - Task exited with return code 0
