[2021-08-04 13:28:31,244] {taskinstance.py:896} INFO - Dependencies all met for <TaskInstance: my_dag.training_model_B 2021-08-04T13:28:25.570635+00:00 [queued]>
[2021-08-04 13:28:31,363] {taskinstance.py:896} INFO - Dependencies all met for <TaskInstance: my_dag.training_model_B 2021-08-04T13:28:25.570635+00:00 [queued]>
[2021-08-04 13:28:31,364] {taskinstance.py:1087} INFO - 
--------------------------------------------------------------------------------
[2021-08-04 13:28:31,364] {taskinstance.py:1088} INFO - Starting attempt 1 of 1
[2021-08-04 13:28:31,364] {taskinstance.py:1089} INFO - 
--------------------------------------------------------------------------------
[2021-08-04 13:28:31,445] {taskinstance.py:1107} INFO - Executing <Task(PythonOperator): training_model_B> on 2021-08-04T13:28:25.570635+00:00
[2021-08-04 13:28:31,471] {standard_task_runner.py:76} INFO - Running: ['***', 'tasks', 'run', 'my_dag', 'training_model_B', '2021-08-04T13:28:25.570635+00:00', '--job-id', '1256', '--pool', 'default_pool', '--raw', '--subdir', 'DAGS_FOLDER/my_dag.py', '--cfg-path', '/tmp/tmpnf5b530y', '--error-file', '/tmp/tmp7ja2pu12']
[2021-08-04 13:28:31,472] {standard_task_runner.py:77} INFO - Job 1256: Subtask training_model_B
[2021-08-04 13:28:31,460] {standard_task_runner.py:52} INFO - Started process 9444 to run task
[2021-08-04 13:28:31,769] {logging_mixin.py:104} INFO - Running <TaskInstance: my_dag.training_model_B 2021-08-04T13:28:25.570635+00:00 [running]> on host 04479ea62028
[2021-08-04 13:28:32,165] {taskinstance.py:1302} INFO - Exporting the following env vars:
AIRFLOW_CTX_DAG_OWNER=***
AIRFLOW_CTX_DAG_ID=my_dag
AIRFLOW_CTX_TASK_ID=training_model_B
AIRFLOW_CTX_EXECUTION_DATE=2021-08-04T13:28:25.570635+00:00
AIRFLOW_CTX_DAG_RUN_ID=scheduled__2021-08-04T13:28:25.570635+00:00
[2021-08-04 13:28:32,166] {python.py:151} INFO - Done. Returned value was: 4
[2021-08-04 13:28:32,326] {taskinstance.py:1211} INFO - Marking task as SUCCESS. dag_id=my_dag, task_id=training_model_B, execution_date=20210804T132825, start_date=20210804T132831, end_date=20210804T132832
[2021-08-04 13:28:32,614] {taskinstance.py:1265} INFO - 0 downstream tasks scheduled from follow-on schedule check
[2021-08-04 13:28:32,690] {local_task_job.py:149} INFO - Task exited with return code 0
