[2021-08-04 13:34:17,604] {taskinstance.py:896} INFO - Dependencies all met for <TaskInstance: my_dag.training_model_C 2021-08-04T13:34:06.408765+00:00 [queued]>
[2021-08-04 13:34:17,629] {taskinstance.py:896} INFO - Dependencies all met for <TaskInstance: my_dag.training_model_C 2021-08-04T13:34:06.408765+00:00 [queued]>
[2021-08-04 13:34:17,630] {taskinstance.py:1087} INFO - 
--------------------------------------------------------------------------------
[2021-08-04 13:34:17,630] {taskinstance.py:1088} INFO - Starting attempt 1 of 1
[2021-08-04 13:34:17,630] {taskinstance.py:1089} INFO - 
--------------------------------------------------------------------------------
[2021-08-04 13:34:17,647] {taskinstance.py:1107} INFO - Executing <Task(PythonOperator): training_model_C> on 2021-08-04T13:34:06.408765+00:00
[2021-08-04 13:34:17,653] {standard_task_runner.py:52} INFO - Started process 11247 to run task
[2021-08-04 13:34:17,657] {standard_task_runner.py:76} INFO - Running: ['***', 'tasks', 'run', 'my_dag', 'training_model_C', '2021-08-04T13:34:06.408765+00:00', '--job-id', '1899', '--pool', 'default_pool', '--raw', '--subdir', 'DAGS_FOLDER/my_dag.py', '--cfg-path', '/tmp/tmppwogbk1h', '--error-file', '/tmp/tmpznw4y7xz']
[2021-08-04 13:34:17,658] {standard_task_runner.py:77} INFO - Job 1899: Subtask training_model_C
[2021-08-04 13:34:17,729] {logging_mixin.py:104} INFO - Running <TaskInstance: my_dag.training_model_C 2021-08-04T13:34:06.408765+00:00 [running]> on host 04479ea62028
[2021-08-04 13:34:17,805] {taskinstance.py:1302} INFO - Exporting the following env vars:
AIRFLOW_CTX_DAG_OWNER=***
AIRFLOW_CTX_DAG_ID=my_dag
AIRFLOW_CTX_TASK_ID=training_model_C
AIRFLOW_CTX_EXECUTION_DATE=2021-08-04T13:34:06.408765+00:00
AIRFLOW_CTX_DAG_RUN_ID=scheduled__2021-08-04T13:34:06.408765+00:00
[2021-08-04 13:34:17,806] {python.py:151} INFO - Done. Returned value was: 8
[2021-08-04 13:34:17,868] {taskinstance.py:1211} INFO - Marking task as SUCCESS. dag_id=my_dag, task_id=training_model_C, execution_date=20210804T133406, start_date=20210804T133417, end_date=20210804T133417
[2021-08-04 13:34:17,938] {taskinstance.py:1265} INFO - 1 downstream tasks scheduled from follow-on schedule check
[2021-08-04 13:34:17,954] {local_task_job.py:149} INFO - Task exited with return code 0
