[2021-08-04 13:30:54,949] {taskinstance.py:896} INFO - Dependencies all met for <TaskInstance: my_dag.accurate 2021-08-04T13:30:41.403523+00:00 [queued]>
[2021-08-04 13:30:55,028] {taskinstance.py:896} INFO - Dependencies all met for <TaskInstance: my_dag.accurate 2021-08-04T13:30:41.403523+00:00 [queued]>
[2021-08-04 13:30:55,029] {taskinstance.py:1087} INFO - 
--------------------------------------------------------------------------------
[2021-08-04 13:30:55,029] {taskinstance.py:1088} INFO - Starting attempt 1 of 1
[2021-08-04 13:30:55,029] {taskinstance.py:1089} INFO - 
--------------------------------------------------------------------------------
[2021-08-04 13:30:55,066] {taskinstance.py:1107} INFO - Executing <Task(BashOperator): accurate> on 2021-08-04T13:30:41.403523+00:00
[2021-08-04 13:30:55,074] {standard_task_runner.py:52} INFO - Started process 10749 to run task
[2021-08-04 13:30:55,099] {standard_task_runner.py:76} INFO - Running: ['***', 'tasks', 'run', 'my_dag', 'accurate', '2021-08-04T13:30:41.403523+00:00', '--job-id', '1796', '--pool', 'default_pool', '--raw', '--subdir', 'DAGS_FOLDER/my_dag.py', '--cfg-path', '/tmp/tmp7z2u70fm', '--error-file', '/tmp/tmpu278tuc1']
[2021-08-04 13:30:55,099] {standard_task_runner.py:77} INFO - Job 1796: Subtask accurate
[2021-08-04 13:30:55,281] {logging_mixin.py:104} INFO - Running <TaskInstance: my_dag.accurate 2021-08-04T13:30:41.403523+00:00 [running]> on host 04479ea62028
[2021-08-04 13:30:55,525] {taskinstance.py:1302} INFO - Exporting the following env vars:
AIRFLOW_CTX_DAG_OWNER=***
AIRFLOW_CTX_DAG_ID=my_dag
AIRFLOW_CTX_TASK_ID=accurate
AIRFLOW_CTX_EXECUTION_DATE=2021-08-04T13:30:41.403523+00:00
AIRFLOW_CTX_DAG_RUN_ID=scheduled__2021-08-04T13:30:41.403523+00:00
[2021-08-04 13:30:55,526] {subprocess.py:52} INFO - Tmp dir root location: 
 /tmp
[2021-08-04 13:30:55,527] {subprocess.py:63} INFO - Running command: ['bash', '-c', "echo 'accurate'"]
[2021-08-04 13:30:55,551] {subprocess.py:74} INFO - Output:
[2021-08-04 13:30:55,556] {subprocess.py:78} INFO - accurate
[2021-08-04 13:30:55,556] {subprocess.py:82} INFO - Command exited with return code 0
[2021-08-04 13:30:55,645] {taskinstance.py:1211} INFO - Marking task as SUCCESS. dag_id=my_dag, task_id=accurate, execution_date=20210804T133041, start_date=20210804T133054, end_date=20210804T133055
[2021-08-04 13:30:55,747] {taskinstance.py:1265} INFO - 0 downstream tasks scheduled from follow-on schedule check
[2021-08-04 13:30:55,777] {local_task_job.py:149} INFO - Task exited with return code 0
