[2021-08-04 13:30:56,280] {taskinstance.py:896} INFO - Dependencies all met for <TaskInstance: my_dag.inaccurate 2021-08-04T13:30:43.845536+00:00 [queued]>
[2021-08-04 13:30:56,316] {taskinstance.py:896} INFO - Dependencies all met for <TaskInstance: my_dag.inaccurate 2021-08-04T13:30:43.845536+00:00 [queued]>
[2021-08-04 13:30:56,316] {taskinstance.py:1087} INFO - 
--------------------------------------------------------------------------------
[2021-08-04 13:30:56,316] {taskinstance.py:1088} INFO - Starting attempt 1 of 1
[2021-08-04 13:30:56,316] {taskinstance.py:1089} INFO - 
--------------------------------------------------------------------------------
[2021-08-04 13:30:56,342] {taskinstance.py:1107} INFO - Executing <Task(BashOperator): inaccurate> on 2021-08-04T13:30:43.845536+00:00
[2021-08-04 13:30:56,364] {standard_task_runner.py:76} INFO - Running: ['***', 'tasks', 'run', 'my_dag', 'inaccurate', '2021-08-04T13:30:43.845536+00:00', '--job-id', '1799', '--pool', 'default_pool', '--raw', '--subdir', 'DAGS_FOLDER/my_dag.py', '--cfg-path', '/tmp/tmpulk3inqd', '--error-file', '/tmp/tmpvauioa3n']
[2021-08-04 13:30:56,365] {standard_task_runner.py:77} INFO - Job 1799: Subtask inaccurate
[2021-08-04 13:30:56,357] {standard_task_runner.py:52} INFO - Started process 10757 to run task
[2021-08-04 13:30:56,472] {logging_mixin.py:104} INFO - Running <TaskInstance: my_dag.inaccurate 2021-08-04T13:30:43.845536+00:00 [running]> on host 04479ea62028
[2021-08-04 13:30:56,625] {taskinstance.py:1302} INFO - Exporting the following env vars:
AIRFLOW_CTX_DAG_OWNER=***
AIRFLOW_CTX_DAG_ID=my_dag
AIRFLOW_CTX_TASK_ID=inaccurate
AIRFLOW_CTX_EXECUTION_DATE=2021-08-04T13:30:43.845536+00:00
AIRFLOW_CTX_DAG_RUN_ID=scheduled__2021-08-04T13:30:43.845536+00:00
[2021-08-04 13:30:56,626] {subprocess.py:52} INFO - Tmp dir root location: 
 /tmp
[2021-08-04 13:30:56,627] {subprocess.py:63} INFO - Running command: ['bash', '-c', "echo 'inaccurate'"]
[2021-08-04 13:30:56,667] {subprocess.py:74} INFO - Output:
[2021-08-04 13:30:56,669] {subprocess.py:78} INFO - inaccurate
[2021-08-04 13:30:56,670] {subprocess.py:82} INFO - Command exited with return code 0
[2021-08-04 13:30:56,757] {taskinstance.py:1211} INFO - Marking task as SUCCESS. dag_id=my_dag, task_id=inaccurate, execution_date=20210804T133043, start_date=20210804T133056, end_date=20210804T133056
[2021-08-04 13:30:56,850] {taskinstance.py:1265} INFO - 0 downstream tasks scheduled from follow-on schedule check
[2021-08-04 13:30:56,864] {local_task_job.py:149} INFO - Task exited with return code 0
