[2021-08-04 13:28:02,339] {taskinstance.py:896} INFO - Dependencies all met for <TaskInstance: my_dag.accurate 2021-08-04T13:27:49.653876+00:00 [queued]>
[2021-08-04 13:28:02,406] {taskinstance.py:896} INFO - Dependencies all met for <TaskInstance: my_dag.accurate 2021-08-04T13:27:49.653876+00:00 [queued]>
[2021-08-04 13:28:02,406] {taskinstance.py:1087} INFO - 
--------------------------------------------------------------------------------
[2021-08-04 13:28:02,406] {taskinstance.py:1088} INFO - Starting attempt 1 of 1
[2021-08-04 13:28:02,407] {taskinstance.py:1089} INFO - 
--------------------------------------------------------------------------------
[2021-08-04 13:28:02,445] {taskinstance.py:1107} INFO - Executing <Task(BashOperator): accurate> on 2021-08-04T13:27:49.653876+00:00
[2021-08-04 13:28:02,454] {standard_task_runner.py:52} INFO - Started process 9181 to run task
[2021-08-04 13:28:02,460] {standard_task_runner.py:76} INFO - Running: ['***', 'tasks', 'run', 'my_dag', 'accurate', '2021-08-04T13:27:49.653876+00:00', '--job-id', '1151', '--pool', 'default_pool', '--raw', '--subdir', 'DAGS_FOLDER/my_dag.py', '--cfg-path', '/tmp/tmpxw6uborn', '--error-file', '/tmp/tmpbmi_lrbz']
[2021-08-04 13:28:02,461] {standard_task_runner.py:77} INFO - Job 1151: Subtask accurate
[2021-08-04 13:28:02,865] {logging_mixin.py:104} INFO - Running <TaskInstance: my_dag.accurate 2021-08-04T13:27:49.653876+00:00 [running]> on host 04479ea62028
[2021-08-04 13:28:03,259] {taskinstance.py:1302} INFO - Exporting the following env vars:
AIRFLOW_CTX_DAG_OWNER=***
AIRFLOW_CTX_DAG_ID=my_dag
AIRFLOW_CTX_TASK_ID=accurate
AIRFLOW_CTX_EXECUTION_DATE=2021-08-04T13:27:49.653876+00:00
AIRFLOW_CTX_DAG_RUN_ID=scheduled__2021-08-04T13:27:49.653876+00:00
[2021-08-04 13:28:03,260] {subprocess.py:52} INFO - Tmp dir root location: 
 /tmp
[2021-08-04 13:28:03,261] {subprocess.py:63} INFO - Running command: ['bash', '-c', "echo 'accurate'"]
[2021-08-04 13:28:03,314] {subprocess.py:74} INFO - Output:
[2021-08-04 13:28:03,316] {subprocess.py:78} INFO - accurate
[2021-08-04 13:28:03,317] {subprocess.py:82} INFO - Command exited with return code 0
[2021-08-04 13:28:03,459] {taskinstance.py:1211} INFO - Marking task as SUCCESS. dag_id=my_dag, task_id=accurate, execution_date=20210804T132749, start_date=20210804T132802, end_date=20210804T132803
[2021-08-04 13:28:03,620] {taskinstance.py:1265} INFO - 0 downstream tasks scheduled from follow-on schedule check
[2021-08-04 13:28:03,642] {local_task_job.py:149} INFO - Task exited with return code 0
