[2021-08-04 13:51:14,547] {taskinstance.py:896} INFO - Dependencies all met for <TaskInstance: my_dag.accurate 2021-08-04T13:41:36.430986+00:00 [queued]>
[2021-08-04 13:51:14,594] {taskinstance.py:896} INFO - Dependencies all met for <TaskInstance: my_dag.accurate 2021-08-04T13:41:36.430986+00:00 [queued]>
[2021-08-04 13:51:14,595] {taskinstance.py:1087} INFO - 
--------------------------------------------------------------------------------
[2021-08-04 13:51:14,595] {taskinstance.py:1088} INFO - Starting attempt 1 of 1
[2021-08-04 13:51:14,595] {taskinstance.py:1089} INFO - 
--------------------------------------------------------------------------------
[2021-08-04 13:51:14,626] {taskinstance.py:1107} INFO - Executing <Task(BashOperator): accurate> on 2021-08-04T13:41:36.430986+00:00
[2021-08-04 13:51:14,632] {standard_task_runner.py:52} INFO - Started process 170 to run task
[2021-08-04 13:51:14,639] {standard_task_runner.py:76} INFO - Running: ['***', 'tasks', 'run', 'my_dag', 'accurate', '2021-08-04T13:41:36.430986+00:00', '--job-id', '2104', '--pool', 'default_pool', '--raw', '--subdir', 'DAGS_FOLDER/my_dag.py', '--cfg-path', '/tmp/tmp0_vmil6g', '--error-file', '/tmp/tmpxn5olw6p']
[2021-08-04 13:51:14,640] {standard_task_runner.py:77} INFO - Job 2104: Subtask accurate
[2021-08-04 13:51:14,806] {logging_mixin.py:104} INFO - Running <TaskInstance: my_dag.accurate 2021-08-04T13:41:36.430986+00:00 [running]> on host 04479ea62028
[2021-08-04 13:51:15,096] {taskinstance.py:1302} INFO - Exporting the following env vars:
AIRFLOW_CTX_DAG_OWNER=***
AIRFLOW_CTX_DAG_ID=my_dag
AIRFLOW_CTX_TASK_ID=accurate
AIRFLOW_CTX_EXECUTION_DATE=2021-08-04T13:41:36.430986+00:00
AIRFLOW_CTX_DAG_RUN_ID=scheduled__2021-08-04T13:41:36.430986+00:00
[2021-08-04 13:51:15,097] {subprocess.py:52} INFO - Tmp dir root location: 
 /tmp
[2021-08-04 13:51:15,099] {subprocess.py:63} INFO - Running command: ['bash', '-c', "echo 'accurate'"]
[2021-08-04 13:51:15,122] {subprocess.py:74} INFO - Output:
[2021-08-04 13:51:15,125] {subprocess.py:78} INFO - accurate
[2021-08-04 13:51:15,126] {subprocess.py:82} INFO - Command exited with return code 0
[2021-08-04 13:51:15,280] {taskinstance.py:1211} INFO - Marking task as SUCCESS. dag_id=my_dag, task_id=accurate, execution_date=20210804T134136, start_date=20210804T135114, end_date=20210804T135115
[2021-08-04 13:51:15,398] {taskinstance.py:1265} INFO - 0 downstream tasks scheduled from follow-on schedule check
[2021-08-04 13:51:15,447] {local_task_job.py:149} INFO - Task exited with return code 0
