[2021-08-04 14:33:02,372] {taskinstance.py:896} INFO - Dependencies all met for <TaskInstance: my_dag.training_model_C 2021-08-04T14:08:54.460692+00:00 [queued]>
[2021-08-04 14:33:02,430] {taskinstance.py:896} INFO - Dependencies all met for <TaskInstance: my_dag.training_model_C 2021-08-04T14:08:54.460692+00:00 [queued]>
[2021-08-04 14:33:02,431] {taskinstance.py:1087} INFO - 
--------------------------------------------------------------------------------
[2021-08-04 14:33:02,431] {taskinstance.py:1088} INFO - Starting attempt 1 of 1
[2021-08-04 14:33:02,431] {taskinstance.py:1089} INFO - 
--------------------------------------------------------------------------------
[2021-08-04 14:33:02,620] {taskinstance.py:1107} INFO - Executing <Task(PythonOperator): training_model_C> on 2021-08-04T14:08:54.460692+00:00
[2021-08-04 14:33:02,864] {standard_task_runner.py:76} INFO - Running: ['***', 'tasks', 'run', 'my_dag', 'training_model_C', '2021-08-04T14:08:54.460692+00:00', '--job-id', '2614', '--pool', 'default_pool', '--raw', '--subdir', 'DAGS_FOLDER/my_dag.py', '--cfg-path', '/tmp/tmp36ji9hkk', '--error-file', '/tmp/tmp_elzdu16']
[2021-08-04 14:33:02,865] {standard_task_runner.py:77} INFO - Job 2614: Subtask training_model_C
[2021-08-04 14:33:02,779] {standard_task_runner.py:52} INFO - Started process 88 to run task
[2021-08-04 14:33:03,345] {logging_mixin.py:104} INFO - Running <TaskInstance: my_dag.training_model_C 2021-08-04T14:08:54.460692+00:00 [running]> on host 04479ea62028
[2021-08-04 14:33:03,692] {taskinstance.py:1302} INFO - Exporting the following env vars:
AIRFLOW_CTX_DAG_OWNER=***
AIRFLOW_CTX_DAG_ID=my_dag
AIRFLOW_CTX_TASK_ID=training_model_C
AIRFLOW_CTX_EXECUTION_DATE=2021-08-04T14:08:54.460692+00:00
AIRFLOW_CTX_DAG_RUN_ID=scheduled__2021-08-04T14:08:54.460692+00:00
[2021-08-04 14:33:03,693] {python.py:151} INFO - Done. Returned value was: 10
[2021-08-04 14:33:03,914] {taskinstance.py:1211} INFO - Marking task as SUCCESS. dag_id=my_dag, task_id=training_model_C, execution_date=20210804T140854, start_date=20210804T143302, end_date=20210804T143303
[2021-08-04 14:33:04,073] {taskinstance.py:1265} INFO - 1 downstream tasks scheduled from follow-on schedule check
[2021-08-04 14:33:04,109] {local_task_job.py:149} INFO - Task exited with return code 0
