[2021-08-04 13:28:36,027] {taskinstance.py:896} INFO - Dependencies all met for <TaskInstance: my_dag.training_model_C 2021-08-04T13:28:31.310359+00:00 [queued]>
[2021-08-04 13:28:36,133] {taskinstance.py:896} INFO - Dependencies all met for <TaskInstance: my_dag.training_model_C 2021-08-04T13:28:31.310359+00:00 [queued]>
[2021-08-04 13:28:36,134] {taskinstance.py:1087} INFO - 
--------------------------------------------------------------------------------
[2021-08-04 13:28:36,134] {taskinstance.py:1088} INFO - Starting attempt 1 of 1
[2021-08-04 13:28:36,134] {taskinstance.py:1089} INFO - 
--------------------------------------------------------------------------------
[2021-08-04 13:28:36,176] {taskinstance.py:1107} INFO - Executing <Task(PythonOperator): training_model_C> on 2021-08-04T13:28:31.310359+00:00
[2021-08-04 13:28:36,186] {standard_task_runner.py:52} INFO - Started process 9481 to run task
[2021-08-04 13:28:36,212] {standard_task_runner.py:76} INFO - Running: ['***', 'tasks', 'run', 'my_dag', 'training_model_C', '2021-08-04T13:28:31.310359+00:00', '--job-id', '1274', '--pool', 'default_pool', '--raw', '--subdir', 'DAGS_FOLDER/my_dag.py', '--cfg-path', '/tmp/tmpu91x2xkj', '--error-file', '/tmp/tmp_l8c9kpx']
[2021-08-04 13:28:36,213] {standard_task_runner.py:77} INFO - Job 1274: Subtask training_model_C
[2021-08-04 13:28:36,510] {logging_mixin.py:104} INFO - Running <TaskInstance: my_dag.training_model_C 2021-08-04T13:28:31.310359+00:00 [running]> on host 04479ea62028
[2021-08-04 13:28:36,778] {taskinstance.py:1302} INFO - Exporting the following env vars:
AIRFLOW_CTX_DAG_OWNER=***
AIRFLOW_CTX_DAG_ID=my_dag
AIRFLOW_CTX_TASK_ID=training_model_C
AIRFLOW_CTX_EXECUTION_DATE=2021-08-04T13:28:31.310359+00:00
AIRFLOW_CTX_DAG_RUN_ID=scheduled__2021-08-04T13:28:31.310359+00:00
[2021-08-04 13:28:36,779] {python.py:151} INFO - Done. Returned value was: 9
[2021-08-04 13:28:36,858] {taskinstance.py:1211} INFO - Marking task as SUCCESS. dag_id=my_dag, task_id=training_model_C, execution_date=20210804T132831, start_date=20210804T132836, end_date=20210804T132836
[2021-08-04 13:28:37,058] {taskinstance.py:1265} INFO - 1 downstream tasks scheduled from follow-on schedule check
[2021-08-04 13:28:37,122] {local_task_job.py:149} INFO - Task exited with return code 0
