[2021-08-04 12:58:34,778] {taskinstance.py:896} INFO - Dependencies all met for <TaskInstance: my_dag.choosing_best_model 2021-08-04T12:57:31.657682+00:00 [queued]>
[2021-08-04 12:58:34,796] {taskinstance.py:896} INFO - Dependencies all met for <TaskInstance: my_dag.choosing_best_model 2021-08-04T12:57:31.657682+00:00 [queued]>
[2021-08-04 12:58:34,796] {taskinstance.py:1087} INFO - 
--------------------------------------------------------------------------------
[2021-08-04 12:58:34,796] {taskinstance.py:1088} INFO - Starting attempt 1 of 1
[2021-08-04 12:58:34,796] {taskinstance.py:1089} INFO - 
--------------------------------------------------------------------------------
[2021-08-04 12:58:34,805] {taskinstance.py:1107} INFO - Executing <Task(BranchPythonOperator): choosing_best_model> on 2021-08-04T12:57:31.657682+00:00
[2021-08-04 12:58:34,812] {standard_task_runner.py:76} INFO - Running: ['***', 'tasks', 'run', 'my_dag', 'choosing_best_model', '2021-08-04T12:57:31.657682+00:00', '--job-id', '120', '--pool', 'default_pool', '--raw', '--subdir', 'DAGS_FOLDER/my_dag.py', '--cfg-path', '/tmp/tmppbki3cbv', '--error-file', '/tmp/tmpk_wobaho']
[2021-08-04 12:58:34,813] {standard_task_runner.py:77} INFO - Job 120: Subtask choosing_best_model
[2021-08-04 12:58:34,809] {standard_task_runner.py:52} INFO - Started process 4581 to run task
[2021-08-04 12:58:34,854] {logging_mixin.py:104} INFO - Running <TaskInstance: my_dag.choosing_best_model 2021-08-04T12:57:31.657682+00:00 [running]> on host 04479ea62028
[2021-08-04 12:58:34,915] {taskinstance.py:1302} INFO - Exporting the following env vars:
AIRFLOW_CTX_DAG_OWNER=***
AIRFLOW_CTX_DAG_ID=my_dag
AIRFLOW_CTX_TASK_ID=choosing_best_model
AIRFLOW_CTX_EXECUTION_DATE=2021-08-04T12:57:31.657682+00:00
AIRFLOW_CTX_DAG_RUN_ID=scheduled__2021-08-04T12:57:31.657682+00:00
[2021-08-04 12:58:34,925] {python.py:151} INFO - Done. Returned value was: inaccurate
[2021-08-04 12:58:34,925] {skipmixin.py:124} INFO - Following branch inaccurate
[2021-08-04 12:58:34,934] {skipmixin.py:155} INFO - Skipping tasks ['accurate']
[2021-08-04 12:58:34,983] {taskinstance.py:1211} INFO - Marking task as SUCCESS. dag_id=my_dag, task_id=choosing_best_model, execution_date=20210804T125731, start_date=20210804T125834, end_date=20210804T125834
[2021-08-04 12:58:35,019] {taskinstance.py:1265} INFO - 1 downstream tasks scheduled from follow-on schedule check
[2021-08-04 12:58:35,028] {local_task_job.py:149} INFO - Task exited with return code 0
