[2021-08-04 13:24:41,513] {taskinstance.py:896} INFO - Dependencies all met for <TaskInstance: my_dag.training_model_B 2021-08-04T13:24:36.332062+00:00 [queued]>
[2021-08-04 13:24:41,641] {taskinstance.py:896} INFO - Dependencies all met for <TaskInstance: my_dag.training_model_B 2021-08-04T13:24:36.332062+00:00 [queued]>
[2021-08-04 13:24:41,642] {taskinstance.py:1087} INFO - 
--------------------------------------------------------------------------------
[2021-08-04 13:24:41,642] {taskinstance.py:1088} INFO - Starting attempt 1 of 1
[2021-08-04 13:24:41,642] {taskinstance.py:1089} INFO - 
--------------------------------------------------------------------------------
[2021-08-04 13:24:41,670] {taskinstance.py:1107} INFO - Executing <Task(PythonOperator): training_model_B> on 2021-08-04T13:24:36.332062+00:00
[2021-08-04 13:24:41,685] {standard_task_runner.py:52} INFO - Started process 7354 to run task
[2021-08-04 13:24:41,717] {standard_task_runner.py:76} INFO - Running: ['***', 'tasks', 'run', 'my_dag', 'training_model_B', '2021-08-04T13:24:36.332062+00:00', '--job-id', '403', '--pool', 'default_pool', '--raw', '--subdir', 'DAGS_FOLDER/my_dag.py', '--cfg-path', '/tmp/tmpxhkgq4z4', '--error-file', '/tmp/tmpe4y38w1d']
[2021-08-04 13:24:41,748] {standard_task_runner.py:77} INFO - Job 403: Subtask training_model_B
[2021-08-04 13:24:41,929] {logging_mixin.py:104} INFO - Running <TaskInstance: my_dag.training_model_B 2021-08-04T13:24:36.332062+00:00 [running]> on host 04479ea62028
[2021-08-04 13:24:42,182] {taskinstance.py:1302} INFO - Exporting the following env vars:
AIRFLOW_CTX_DAG_OWNER=***
AIRFLOW_CTX_DAG_ID=my_dag
AIRFLOW_CTX_TASK_ID=training_model_B
AIRFLOW_CTX_EXECUTION_DATE=2021-08-04T13:24:36.332062+00:00
AIRFLOW_CTX_DAG_RUN_ID=scheduled__2021-08-04T13:24:36.332062+00:00
[2021-08-04 13:24:42,183] {python.py:151} INFO - Done. Returned value was: 7
[2021-08-04 13:24:42,272] {taskinstance.py:1211} INFO - Marking task as SUCCESS. dag_id=my_dag, task_id=training_model_B, execution_date=20210804T132436, start_date=20210804T132441, end_date=20210804T132442
[2021-08-04 13:24:42,445] {taskinstance.py:1265} INFO - 0 downstream tasks scheduled from follow-on schedule check
[2021-08-04 13:24:42,521] {local_task_job.py:149} INFO - Task exited with return code 0
