[2021-08-04 13:51:25,561] {taskinstance.py:896} INFO - Dependencies all met for <TaskInstance: my_dag.choose_best_model 2021-08-04T13:51:13.218890+00:00 [queued]>
[2021-08-04 13:51:25,576] {taskinstance.py:896} INFO - Dependencies all met for <TaskInstance: my_dag.choose_best_model 2021-08-04T13:51:13.218890+00:00 [queued]>
[2021-08-04 13:51:25,576] {taskinstance.py:1087} INFO - 
--------------------------------------------------------------------------------
[2021-08-04 13:51:25,576] {taskinstance.py:1088} INFO - Starting attempt 1 of 1
[2021-08-04 13:51:25,577] {taskinstance.py:1089} INFO - 
--------------------------------------------------------------------------------
[2021-08-04 13:51:25,584] {taskinstance.py:1107} INFO - Executing <Task(BranchPythonOperator): choose_best_model> on 2021-08-04T13:51:13.218890+00:00
[2021-08-04 13:51:25,588] {standard_task_runner.py:52} INFO - Started process 199 to run task
[2021-08-04 13:51:25,591] {standard_task_runner.py:76} INFO - Running: ['***', 'tasks', 'run', 'my_dag', 'choose_best_model', '2021-08-04T13:51:13.218890+00:00', '--job-id', '2109', '--pool', 'default_pool', '--raw', '--subdir', 'DAGS_FOLDER/my_dag.py', '--cfg-path', '/tmp/tmpixylo0a2', '--error-file', '/tmp/tmplu0wjd9y']
[2021-08-04 13:51:25,592] {standard_task_runner.py:77} INFO - Job 2109: Subtask choose_best_model
[2021-08-04 13:51:25,630] {logging_mixin.py:104} INFO - Running <TaskInstance: my_dag.choose_best_model 2021-08-04T13:51:13.218890+00:00 [running]> on host 04479ea62028
[2021-08-04 13:51:25,678] {taskinstance.py:1302} INFO - Exporting the following env vars:
AIRFLOW_CTX_DAG_OWNER=***
AIRFLOW_CTX_DAG_ID=my_dag
AIRFLOW_CTX_TASK_ID=choose_best_model
AIRFLOW_CTX_EXECUTION_DATE=2021-08-04T13:51:13.218890+00:00
AIRFLOW_CTX_DAG_RUN_ID=scheduled__2021-08-04T13:51:13.218890+00:00
[2021-08-04 13:51:25,687] {python.py:151} INFO - Done. Returned value was: inaccurate
[2021-08-04 13:51:25,687] {skipmixin.py:124} INFO - Following branch inaccurate
[2021-08-04 13:51:25,694] {skipmixin.py:155} INFO - Skipping tasks ['accurate']
[2021-08-04 13:51:25,746] {taskinstance.py:1211} INFO - Marking task as SUCCESS. dag_id=my_dag, task_id=choose_best_model, execution_date=20210804T135113, start_date=20210804T135125, end_date=20210804T135125
[2021-08-04 13:51:25,787] {taskinstance.py:1265} INFO - 1 downstream tasks scheduled from follow-on schedule check
[2021-08-04 13:51:25,805] {local_task_job.py:149} INFO - Task exited with return code 0
