[2021-08-04 14:06:45,300] {taskinstance.py:896} INFO - Dependencies all met for <TaskInstance: my_dag.training_model_A 2021-08-04T14:06:34.460692+00:00 [queued]>
[2021-08-04 14:06:45,328] {taskinstance.py:896} INFO - Dependencies all met for <TaskInstance: my_dag.training_model_A 2021-08-04T14:06:34.460692+00:00 [queued]>
[2021-08-04 14:06:45,329] {taskinstance.py:1087} INFO - 
--------------------------------------------------------------------------------
[2021-08-04 14:06:45,329] {taskinstance.py:1088} INFO - Starting attempt 1 of 1
[2021-08-04 14:06:45,329] {taskinstance.py:1089} INFO - 
--------------------------------------------------------------------------------
[2021-08-04 14:06:45,342] {taskinstance.py:1107} INFO - Executing <Task(PythonOperator): training_model_A> on 2021-08-04T14:06:34.460692+00:00
[2021-08-04 14:06:45,354] {standard_task_runner.py:76} INFO - Running: ['***', 'tasks', 'run', 'my_dag', 'training_model_A', '2021-08-04T14:06:34.460692+00:00', '--job-id', '2566', '--pool', 'default_pool', '--raw', '--subdir', 'DAGS_FOLDER/my_dag.py', '--cfg-path', '/tmp/tmp32r77j8o', '--error-file', '/tmp/tmpk_lgf1ul']
[2021-08-04 14:06:45,348] {standard_task_runner.py:52} INFO - Started process 2452 to run task
[2021-08-04 14:06:45,355] {standard_task_runner.py:77} INFO - Job 2566: Subtask training_model_A
[2021-08-04 14:06:45,406] {logging_mixin.py:104} INFO - Running <TaskInstance: my_dag.training_model_A 2021-08-04T14:06:34.460692+00:00 [running]> on host 04479ea62028
[2021-08-04 14:06:45,464] {taskinstance.py:1302} INFO - Exporting the following env vars:
AIRFLOW_CTX_DAG_OWNER=***
AIRFLOW_CTX_DAG_ID=my_dag
AIRFLOW_CTX_TASK_ID=training_model_A
AIRFLOW_CTX_EXECUTION_DATE=2021-08-04T14:06:34.460692+00:00
AIRFLOW_CTX_DAG_RUN_ID=scheduled__2021-08-04T14:06:34.460692+00:00
[2021-08-04 14:06:45,464] {python.py:151} INFO - Done. Returned value was: 1
[2021-08-04 14:06:45,498] {taskinstance.py:1211} INFO - Marking task as SUCCESS. dag_id=my_dag, task_id=training_model_A, execution_date=20210804T140634, start_date=20210804T140645, end_date=20210804T140645
[2021-08-04 14:06:45,538] {taskinstance.py:1265} INFO - 0 downstream tasks scheduled from follow-on schedule check
[2021-08-04 14:06:45,568] {local_task_job.py:149} INFO - Task exited with return code 0
