[2021-08-04 13:13:35,083] {taskinstance.py:896} INFO - Dependencies all met for <TaskInstance: my_dag.inaccurate 2021-08-04T13:12:31.657682+00:00 [queued]>
[2021-08-04 13:13:35,099] {taskinstance.py:896} INFO - Dependencies all met for <TaskInstance: my_dag.inaccurate 2021-08-04T13:12:31.657682+00:00 [queued]>
[2021-08-04 13:13:35,099] {taskinstance.py:1087} INFO - 
--------------------------------------------------------------------------------
[2021-08-04 13:13:35,099] {taskinstance.py:1088} INFO - Starting attempt 1 of 1
[2021-08-04 13:13:35,100] {taskinstance.py:1089} INFO - 
--------------------------------------------------------------------------------
[2021-08-04 13:13:35,107] {taskinstance.py:1107} INFO - Executing <Task(BashOperator): inaccurate> on 2021-08-04T13:12:31.657682+00:00
[2021-08-04 13:13:35,110] {standard_task_runner.py:52} INFO - Started process 5997 to run task
[2021-08-04 13:13:35,113] {standard_task_runner.py:76} INFO - Running: ['***', 'tasks', 'run', 'my_dag', 'inaccurate', '2021-08-04T13:12:31.657682+00:00', '--job-id', '196', '--pool', 'default_pool', '--raw', '--subdir', 'DAGS_FOLDER/my_dag.py', '--cfg-path', '/tmp/tmpmhc4rc1x', '--error-file', '/tmp/tmp6ge0l7v8']
[2021-08-04 13:13:35,113] {standard_task_runner.py:77} INFO - Job 196: Subtask inaccurate
[2021-08-04 13:13:35,148] {logging_mixin.py:104} INFO - Running <TaskInstance: my_dag.inaccurate 2021-08-04T13:12:31.657682+00:00 [running]> on host 04479ea62028
[2021-08-04 13:13:35,193] {taskinstance.py:1302} INFO - Exporting the following env vars:
AIRFLOW_CTX_DAG_OWNER=***
AIRFLOW_CTX_DAG_ID=my_dag
AIRFLOW_CTX_TASK_ID=inaccurate
AIRFLOW_CTX_EXECUTION_DATE=2021-08-04T13:12:31.657682+00:00
AIRFLOW_CTX_DAG_RUN_ID=scheduled__2021-08-04T13:12:31.657682+00:00
[2021-08-04 13:13:35,194] {subprocess.py:52} INFO - Tmp dir root location: 
 /tmp
[2021-08-04 13:13:35,195] {subprocess.py:63} INFO - Running command: ['bash', '-c', " echo 'inaccurate'"]
[2021-08-04 13:13:35,203] {subprocess.py:74} INFO - Output:
[2021-08-04 13:13:35,204] {subprocess.py:78} INFO - inaccurate
[2021-08-04 13:13:35,204] {subprocess.py:82} INFO - Command exited with return code 0
[2021-08-04 13:13:35,235] {taskinstance.py:1211} INFO - Marking task as SUCCESS. dag_id=my_dag, task_id=inaccurate, execution_date=20210804T131231, start_date=20210804T131335, end_date=20210804T131335
[2021-08-04 13:13:35,264] {taskinstance.py:1265} INFO - 0 downstream tasks scheduled from follow-on schedule check
[2021-08-04 13:13:35,286] {local_task_job.py:149} INFO - Task exited with return code 0
