[2021-08-04 14:00:06,922] {taskinstance.py:896} INFO - Dependencies all met for <TaskInstance: my_dag.choose_best_model 2021-08-04T13:59:54.460692+00:00 [queued]>
[2021-08-04 14:00:06,939] {taskinstance.py:896} INFO - Dependencies all met for <TaskInstance: my_dag.choose_best_model 2021-08-04T13:59:54.460692+00:00 [queued]>
[2021-08-04 14:00:06,939] {taskinstance.py:1087} INFO - 
--------------------------------------------------------------------------------
[2021-08-04 14:00:06,939] {taskinstance.py:1088} INFO - Starting attempt 1 of 1
[2021-08-04 14:00:06,939] {taskinstance.py:1089} INFO - 
--------------------------------------------------------------------------------
[2021-08-04 14:00:06,948] {taskinstance.py:1107} INFO - Executing <Task(BranchPythonOperator): choose_best_model> on 2021-08-04T13:59:54.460692+00:00
[2021-08-04 14:00:06,955] {standard_task_runner.py:76} INFO - Running: ['***', 'tasks', 'run', 'my_dag', 'choose_best_model', '2021-08-04T13:59:54.460692+00:00', '--job-id', '2367', '--pool', 'default_pool', '--raw', '--subdir', 'DAGS_FOLDER/my_dag.py', '--cfg-path', '/tmp/tmpr8_nzdup', '--error-file', '/tmp/tmpkqjtz7pr']
[2021-08-04 14:00:06,956] {standard_task_runner.py:77} INFO - Job 2367: Subtask choose_best_model
[2021-08-04 14:00:06,952] {standard_task_runner.py:52} INFO - Started process 1476 to run task
[2021-08-04 14:00:06,993] {logging_mixin.py:104} INFO - Running <TaskInstance: my_dag.choose_best_model 2021-08-04T13:59:54.460692+00:00 [running]> on host 04479ea62028
[2021-08-04 14:00:07,037] {taskinstance.py:1302} INFO - Exporting the following env vars:
AIRFLOW_CTX_DAG_OWNER=***
AIRFLOW_CTX_DAG_ID=my_dag
AIRFLOW_CTX_TASK_ID=choose_best_model
AIRFLOW_CTX_EXECUTION_DATE=2021-08-04T13:59:54.460692+00:00
AIRFLOW_CTX_DAG_RUN_ID=scheduled__2021-08-04T13:59:54.460692+00:00
[2021-08-04 14:00:07,045] {python.py:151} INFO - Done. Returned value was: inaccurate
[2021-08-04 14:00:07,045] {skipmixin.py:124} INFO - Following branch inaccurate
[2021-08-04 14:00:07,051] {skipmixin.py:155} INFO - Skipping tasks ['accurate']
[2021-08-04 14:00:07,091] {taskinstance.py:1211} INFO - Marking task as SUCCESS. dag_id=my_dag, task_id=choose_best_model, execution_date=20210804T135954, start_date=20210804T140006, end_date=20210804T140007
[2021-08-04 14:00:07,126] {taskinstance.py:1265} INFO - 1 downstream tasks scheduled from follow-on schedule check
[2021-08-04 14:00:07,169] {local_task_job.py:149} INFO - Task exited with return code 0
