[2021-08-04 13:25:18,085] {taskinstance.py:896} INFO - Dependencies all met for <TaskInstance: my_dag.training_model_C 2021-08-04T13:25:13.687762+00:00 [queued]>
[2021-08-04 13:25:18,170] {taskinstance.py:896} INFO - Dependencies all met for <TaskInstance: my_dag.training_model_C 2021-08-04T13:25:13.687762+00:00 [queued]>
[2021-08-04 13:25:18,170] {taskinstance.py:1087} INFO - 
--------------------------------------------------------------------------------
[2021-08-04 13:25:18,170] {taskinstance.py:1088} INFO - Starting attempt 1 of 1
[2021-08-04 13:25:18,171] {taskinstance.py:1089} INFO - 
--------------------------------------------------------------------------------
[2021-08-04 13:25:18,208] {taskinstance.py:1107} INFO - Executing <Task(PythonOperator): training_model_C> on 2021-08-04T13:25:13.687762+00:00
[2021-08-04 13:25:18,213] {standard_task_runner.py:52} INFO - Started process 7688 to run task
[2021-08-04 13:25:18,350] {standard_task_runner.py:76} INFO - Running: ['***', 'tasks', 'run', 'my_dag', 'training_model_C', '2021-08-04T13:25:13.687762+00:00', '--job-id', '538', '--pool', 'default_pool', '--raw', '--subdir', 'DAGS_FOLDER/my_dag.py', '--cfg-path', '/tmp/tmpq_gst37d', '--error-file', '/tmp/tmp2i62o4zx']
[2021-08-04 13:25:18,351] {standard_task_runner.py:77} INFO - Job 538: Subtask training_model_C
[2021-08-04 13:25:18,800] {logging_mixin.py:104} INFO - Running <TaskInstance: my_dag.training_model_C 2021-08-04T13:25:13.687762+00:00 [running]> on host 04479ea62028
[2021-08-04 13:25:19,070] {taskinstance.py:1302} INFO - Exporting the following env vars:
AIRFLOW_CTX_DAG_OWNER=***
AIRFLOW_CTX_DAG_ID=my_dag
AIRFLOW_CTX_TASK_ID=training_model_C
AIRFLOW_CTX_EXECUTION_DATE=2021-08-04T13:25:13.687762+00:00
AIRFLOW_CTX_DAG_RUN_ID=scheduled__2021-08-04T13:25:13.687762+00:00
[2021-08-04 13:25:19,071] {python.py:151} INFO - Done. Returned value was: 8
[2021-08-04 13:25:19,223] {taskinstance.py:1211} INFO - Marking task as SUCCESS. dag_id=my_dag, task_id=training_model_C, execution_date=20210804T132513, start_date=20210804T132518, end_date=20210804T132519
[2021-08-04 13:25:19,357] {taskinstance.py:1265} INFO - 0 downstream tasks scheduled from follow-on schedule check
[2021-08-04 13:25:19,391] {local_task_job.py:149} INFO - Task exited with return code 0
