[2021-08-04 13:28:44,143] {taskinstance.py:896} INFO - Dependencies all met for <TaskInstance: my_dag.choose_best_model 2021-08-04T13:28:35.208723+00:00 [queued]>
[2021-08-04 13:28:44,224] {taskinstance.py:896} INFO - Dependencies all met for <TaskInstance: my_dag.choose_best_model 2021-08-04T13:28:35.208723+00:00 [queued]>
[2021-08-04 13:28:44,225] {taskinstance.py:1087} INFO - 
--------------------------------------------------------------------------------
[2021-08-04 13:28:44,227] {taskinstance.py:1088} INFO - Starting attempt 1 of 1
[2021-08-04 13:28:44,228] {taskinstance.py:1089} INFO - 
--------------------------------------------------------------------------------
[2021-08-04 13:28:44,295] {taskinstance.py:1107} INFO - Executing <Task(BranchPythonOperator): choose_best_model> on 2021-08-04T13:28:35.208723+00:00
[2021-08-04 13:28:44,341] {standard_task_runner.py:76} INFO - Running: ['***', 'tasks', 'run', 'my_dag', 'choose_best_model', '2021-08-04T13:28:35.208723+00:00', '--job-id', '1306', '--pool', 'default_pool', '--raw', '--subdir', 'DAGS_FOLDER/my_dag.py', '--cfg-path', '/tmp/tmpor8r8kxz', '--error-file', '/tmp/tmpmsmr768c']
[2021-08-04 13:28:44,347] {standard_task_runner.py:77} INFO - Job 1306: Subtask choose_best_model
[2021-08-04 13:28:44,329] {standard_task_runner.py:52} INFO - Started process 9556 to run task
[2021-08-04 13:28:44,637] {logging_mixin.py:104} INFO - Running <TaskInstance: my_dag.choose_best_model 2021-08-04T13:28:35.208723+00:00 [running]> on host 04479ea62028
[2021-08-04 13:28:44,817] {taskinstance.py:1302} INFO - Exporting the following env vars:
AIRFLOW_CTX_DAG_OWNER=***
AIRFLOW_CTX_DAG_ID=my_dag
AIRFLOW_CTX_TASK_ID=choose_best_model
AIRFLOW_CTX_EXECUTION_DATE=2021-08-04T13:28:35.208723+00:00
AIRFLOW_CTX_DAG_RUN_ID=scheduled__2021-08-04T13:28:35.208723+00:00
[2021-08-04 13:28:44,856] {python.py:151} INFO - Done. Returned value was: accurate
[2021-08-04 13:28:44,856] {skipmixin.py:124} INFO - Following branch accurate
[2021-08-04 13:28:44,885] {skipmixin.py:155} INFO - Skipping tasks ['inaccurate']
[2021-08-04 13:28:45,142] {taskinstance.py:1211} INFO - Marking task as SUCCESS. dag_id=my_dag, task_id=choose_best_model, execution_date=20210804T132835, start_date=20210804T132844, end_date=20210804T132845
[2021-08-04 13:28:45,377] {taskinstance.py:1265} INFO - 1 downstream tasks scheduled from follow-on schedule check
[2021-08-04 13:28:45,449] {local_task_job.py:149} INFO - Task exited with return code 0
