[2021-08-04 13:37:37,426] {taskinstance.py:896} INFO - Dependencies all met for <TaskInstance: my_dag.training_model_A 2021-08-04T13:37:26.408765+00:00 [queued]>
[2021-08-04 13:37:37,463] {taskinstance.py:896} INFO - Dependencies all met for <TaskInstance: my_dag.training_model_A 2021-08-04T13:37:26.408765+00:00 [queued]>
[2021-08-04 13:37:37,463] {taskinstance.py:1087} INFO - 
--------------------------------------------------------------------------------
[2021-08-04 13:37:37,463] {taskinstance.py:1088} INFO - Starting attempt 1 of 1
[2021-08-04 13:37:37,463] {taskinstance.py:1089} INFO - 
--------------------------------------------------------------------------------
[2021-08-04 13:37:37,479] {taskinstance.py:1107} INFO - Executing <Task(PythonOperator): training_model_A> on 2021-08-04T13:37:26.408765+00:00
[2021-08-04 13:37:37,484] {standard_task_runner.py:52} INFO - Started process 11737 to run task
[2021-08-04 13:37:37,488] {standard_task_runner.py:76} INFO - Running: ['***', 'tasks', 'run', 'my_dag', 'training_model_A', '2021-08-04T13:37:26.408765+00:00', '--job-id', '1997', '--pool', 'default_pool', '--raw', '--subdir', 'DAGS_FOLDER/my_dag.py', '--cfg-path', '/tmp/tmp0aahyds6', '--error-file', '/tmp/tmpfjettntw']
[2021-08-04 13:37:37,489] {standard_task_runner.py:77} INFO - Job 1997: Subtask training_model_A
[2021-08-04 13:37:37,541] {logging_mixin.py:104} INFO - Running <TaskInstance: my_dag.training_model_A 2021-08-04T13:37:26.408765+00:00 [running]> on host 04479ea62028
[2021-08-04 13:37:37,608] {taskinstance.py:1302} INFO - Exporting the following env vars:
AIRFLOW_CTX_DAG_OWNER=***
AIRFLOW_CTX_DAG_ID=my_dag
AIRFLOW_CTX_TASK_ID=training_model_A
AIRFLOW_CTX_EXECUTION_DATE=2021-08-04T13:37:26.408765+00:00
AIRFLOW_CTX_DAG_RUN_ID=scheduled__2021-08-04T13:37:26.408765+00:00
[2021-08-04 13:37:37,609] {python.py:151} INFO - Done. Returned value was: 0
[2021-08-04 13:37:37,640] {taskinstance.py:1211} INFO - Marking task as SUCCESS. dag_id=my_dag, task_id=training_model_A, execution_date=20210804T133726, start_date=20210804T133737, end_date=20210804T133737
[2021-08-04 13:37:37,681] {taskinstance.py:1265} INFO - 0 downstream tasks scheduled from follow-on schedule check
[2021-08-04 13:37:37,702] {local_task_job.py:149} INFO - Task exited with return code 0
