[2021-08-04 13:27:46,673] {taskinstance.py:896} INFO - Dependencies all met for <TaskInstance: my_dag.training_model_B 2021-08-04T13:27:41.575511+00:00 [queued]>
[2021-08-04 13:27:46,842] {taskinstance.py:896} INFO - Dependencies all met for <TaskInstance: my_dag.training_model_B 2021-08-04T13:27:41.575511+00:00 [queued]>
[2021-08-04 13:27:46,843] {taskinstance.py:1087} INFO - 
--------------------------------------------------------------------------------
[2021-08-04 13:27:46,843] {taskinstance.py:1088} INFO - Starting attempt 1 of 1
[2021-08-04 13:27:46,843] {taskinstance.py:1089} INFO - 
--------------------------------------------------------------------------------
[2021-08-04 13:27:46,886] {taskinstance.py:1107} INFO - Executing <Task(PythonOperator): training_model_B> on 2021-08-04T13:27:41.575511+00:00
[2021-08-04 13:27:46,897] {standard_task_runner.py:52} INFO - Started process 9041 to run task
[2021-08-04 13:27:46,916] {standard_task_runner.py:76} INFO - Running: ['***', 'tasks', 'run', 'my_dag', 'training_model_B', '2021-08-04T13:27:41.575511+00:00', '--job-id', '1096', '--pool', 'default_pool', '--raw', '--subdir', 'DAGS_FOLDER/my_dag.py', '--cfg-path', '/tmp/tmp3hkeqcge', '--error-file', '/tmp/tmpr0xquvqu']
[2021-08-04 13:27:46,917] {standard_task_runner.py:77} INFO - Job 1096: Subtask training_model_B
[2021-08-04 13:27:47,150] {logging_mixin.py:104} INFO - Running <TaskInstance: my_dag.training_model_B 2021-08-04T13:27:41.575511+00:00 [running]> on host 04479ea62028
[2021-08-04 13:27:47,504] {taskinstance.py:1302} INFO - Exporting the following env vars:
AIRFLOW_CTX_DAG_OWNER=***
AIRFLOW_CTX_DAG_ID=my_dag
AIRFLOW_CTX_TASK_ID=training_model_B
AIRFLOW_CTX_EXECUTION_DATE=2021-08-04T13:27:41.575511+00:00
AIRFLOW_CTX_DAG_RUN_ID=scheduled__2021-08-04T13:27:41.575511+00:00
[2021-08-04 13:27:47,505] {python.py:151} INFO - Done. Returned value was: 7
[2021-08-04 13:27:47,699] {taskinstance.py:1211} INFO - Marking task as SUCCESS. dag_id=my_dag, task_id=training_model_B, execution_date=20210804T132741, start_date=20210804T132746, end_date=20210804T132747
[2021-08-04 13:27:47,886] {taskinstance.py:1265} INFO - 1 downstream tasks scheduled from follow-on schedule check
[2021-08-04 13:27:47,912] {local_task_job.py:149} INFO - Task exited with return code 0
