[2021-08-04 13:26:19,214] {taskinstance.py:896} INFO - Dependencies all met for <TaskInstance: my_dag.training_model_C 2021-08-04T13:26:14.288472+00:00 [queued]>
[2021-08-04 13:26:19,336] {taskinstance.py:896} INFO - Dependencies all met for <TaskInstance: my_dag.training_model_C 2021-08-04T13:26:14.288472+00:00 [queued]>
[2021-08-04 13:26:19,336] {taskinstance.py:1087} INFO - 
--------------------------------------------------------------------------------
[2021-08-04 13:26:19,336] {taskinstance.py:1088} INFO - Starting attempt 1 of 1
[2021-08-04 13:26:19,336] {taskinstance.py:1089} INFO - 
--------------------------------------------------------------------------------
[2021-08-04 13:26:19,357] {taskinstance.py:1107} INFO - Executing <Task(PythonOperator): training_model_C> on 2021-08-04T13:26:14.288472+00:00
[2021-08-04 13:26:19,363] {standard_task_runner.py:52} INFO - Started process 8246 to run task
[2021-08-04 13:26:19,392] {standard_task_runner.py:76} INFO - Running: ['***', 'tasks', 'run', 'my_dag', 'training_model_C', '2021-08-04T13:26:14.288472+00:00', '--job-id', '769', '--pool', 'default_pool', '--raw', '--subdir', 'DAGS_FOLDER/my_dag.py', '--cfg-path', '/tmp/tmp_nj7w5cz', '--error-file', '/tmp/tmpj48awe71']
[2021-08-04 13:26:19,392] {standard_task_runner.py:77} INFO - Job 769: Subtask training_model_C
[2021-08-04 13:26:19,660] {logging_mixin.py:104} INFO - Running <TaskInstance: my_dag.training_model_C 2021-08-04T13:26:14.288472+00:00 [running]> on host 04479ea62028
[2021-08-04 13:26:19,915] {taskinstance.py:1302} INFO - Exporting the following env vars:
AIRFLOW_CTX_DAG_OWNER=***
AIRFLOW_CTX_DAG_ID=my_dag
AIRFLOW_CTX_TASK_ID=training_model_C
AIRFLOW_CTX_EXECUTION_DATE=2021-08-04T13:26:14.288472+00:00
AIRFLOW_CTX_DAG_RUN_ID=scheduled__2021-08-04T13:26:14.288472+00:00
[2021-08-04 13:26:19,915] {python.py:151} INFO - Done. Returned value was: 1
[2021-08-04 13:26:20,086] {taskinstance.py:1211} INFO - Marking task as SUCCESS. dag_id=my_dag, task_id=training_model_C, execution_date=20210804T132614, start_date=20210804T132619, end_date=20210804T132620
[2021-08-04 13:26:20,250] {taskinstance.py:1265} INFO - 1 downstream tasks scheduled from follow-on schedule check
[2021-08-04 13:26:20,398] {local_task_job.py:149} INFO - Task exited with return code 0
