[2021-08-04 13:37:50,086] {taskinstance.py:896} INFO - Dependencies all met for <TaskInstance: my_dag.accurate 2021-08-04T13:37:36.408765+00:00 [queued]>
[2021-08-04 13:37:50,112] {taskinstance.py:896} INFO - Dependencies all met for <TaskInstance: my_dag.accurate 2021-08-04T13:37:36.408765+00:00 [queued]>
[2021-08-04 13:37:50,113] {taskinstance.py:1087} INFO - 
--------------------------------------------------------------------------------
[2021-08-04 13:37:50,113] {taskinstance.py:1088} INFO - Starting attempt 1 of 1
[2021-08-04 13:37:50,113] {taskinstance.py:1089} INFO - 
--------------------------------------------------------------------------------
[2021-08-04 13:37:50,125] {taskinstance.py:1107} INFO - Executing <Task(BashOperator): accurate> on 2021-08-04T13:37:36.408765+00:00
[2021-08-04 13:37:50,129] {standard_task_runner.py:52} INFO - Started process 11772 to run task
[2021-08-04 13:37:50,134] {standard_task_runner.py:76} INFO - Running: ['***', 'tasks', 'run', 'my_dag', 'accurate', '2021-08-04T13:37:36.408765+00:00', '--job-id', '2006', '--pool', 'default_pool', '--raw', '--subdir', 'DAGS_FOLDER/my_dag.py', '--cfg-path', '/tmp/tmpyqng0p3d', '--error-file', '/tmp/tmp9wj22xn4']
[2021-08-04 13:37:50,134] {standard_task_runner.py:77} INFO - Job 2006: Subtask accurate
[2021-08-04 13:37:50,181] {logging_mixin.py:104} INFO - Running <TaskInstance: my_dag.accurate 2021-08-04T13:37:36.408765+00:00 [running]> on host 04479ea62028
[2021-08-04 13:37:50,238] {taskinstance.py:1302} INFO - Exporting the following env vars:
AIRFLOW_CTX_DAG_OWNER=***
AIRFLOW_CTX_DAG_ID=my_dag
AIRFLOW_CTX_TASK_ID=accurate
AIRFLOW_CTX_EXECUTION_DATE=2021-08-04T13:37:36.408765+00:00
AIRFLOW_CTX_DAG_RUN_ID=scheduled__2021-08-04T13:37:36.408765+00:00
[2021-08-04 13:37:50,239] {subprocess.py:52} INFO - Tmp dir root location: 
 /tmp
[2021-08-04 13:37:50,240] {subprocess.py:63} INFO - Running command: ['bash', '-c', "echo 'accurate'"]
[2021-08-04 13:37:50,247] {subprocess.py:74} INFO - Output:
[2021-08-04 13:37:50,248] {subprocess.py:78} INFO - accurate
[2021-08-04 13:37:50,248] {subprocess.py:82} INFO - Command exited with return code 0
[2021-08-04 13:37:50,279] {taskinstance.py:1211} INFO - Marking task as SUCCESS. dag_id=my_dag, task_id=accurate, execution_date=20210804T133736, start_date=20210804T133750, end_date=20210804T133750
[2021-08-04 13:37:50,309] {taskinstance.py:1265} INFO - 0 downstream tasks scheduled from follow-on schedule check
[2021-08-04 13:37:50,348] {local_task_job.py:149} INFO - Task exited with return code 0
