[2021-08-04 13:33:29,409] {taskinstance.py:896} INFO - Dependencies all met for <TaskInstance: my_dag.accurate 2021-08-04T13:33:16.408765+00:00 [queued]>
[2021-08-04 13:33:29,428] {taskinstance.py:896} INFO - Dependencies all met for <TaskInstance: my_dag.accurate 2021-08-04T13:33:16.408765+00:00 [queued]>
[2021-08-04 13:33:29,428] {taskinstance.py:1087} INFO - 
--------------------------------------------------------------------------------
[2021-08-04 13:33:29,428] {taskinstance.py:1088} INFO - Starting attempt 1 of 1
[2021-08-04 13:33:29,428] {taskinstance.py:1089} INFO - 
--------------------------------------------------------------------------------
[2021-08-04 13:33:29,438] {taskinstance.py:1107} INFO - Executing <Task(BashOperator): accurate> on 2021-08-04T13:33:16.408765+00:00
[2021-08-04 13:33:29,441] {standard_task_runner.py:52} INFO - Started process 11137 to run task
[2021-08-04 13:33:29,445] {standard_task_runner.py:76} INFO - Running: ['***', 'tasks', 'run', 'my_dag', 'accurate', '2021-08-04T13:33:16.408765+00:00', '--job-id', '1876', '--pool', 'default_pool', '--raw', '--subdir', 'DAGS_FOLDER/my_dag.py', '--cfg-path', '/tmp/tmp04r2sag0', '--error-file', '/tmp/tmpa3g2ybwz']
[2021-08-04 13:33:29,445] {standard_task_runner.py:77} INFO - Job 1876: Subtask accurate
[2021-08-04 13:33:29,487] {logging_mixin.py:104} INFO - Running <TaskInstance: my_dag.accurate 2021-08-04T13:33:16.408765+00:00 [running]> on host 04479ea62028
[2021-08-04 13:33:29,541] {taskinstance.py:1302} INFO - Exporting the following env vars:
AIRFLOW_CTX_DAG_OWNER=***
AIRFLOW_CTX_DAG_ID=my_dag
AIRFLOW_CTX_TASK_ID=accurate
AIRFLOW_CTX_EXECUTION_DATE=2021-08-04T13:33:16.408765+00:00
AIRFLOW_CTX_DAG_RUN_ID=scheduled__2021-08-04T13:33:16.408765+00:00
[2021-08-04 13:33:29,542] {subprocess.py:52} INFO - Tmp dir root location: 
 /tmp
[2021-08-04 13:33:29,543] {subprocess.py:63} INFO - Running command: ['bash', '-c', "echo 'accurate'"]
[2021-08-04 13:33:29,552] {subprocess.py:74} INFO - Output:
[2021-08-04 13:33:29,553] {subprocess.py:78} INFO - accurate
[2021-08-04 13:33:29,554] {subprocess.py:82} INFO - Command exited with return code 0
[2021-08-04 13:33:29,591] {taskinstance.py:1211} INFO - Marking task as SUCCESS. dag_id=my_dag, task_id=accurate, execution_date=20210804T133316, start_date=20210804T133329, end_date=20210804T133329
[2021-08-04 13:33:29,621] {taskinstance.py:1265} INFO - 0 downstream tasks scheduled from follow-on schedule check
[2021-08-04 13:33:29,658] {local_task_job.py:149} INFO - Task exited with return code 0
