[2021-08-04 14:50:28,392] {taskinstance.py:896} INFO - Dependencies all met for <TaskInstance: my_dag.training_model_B 2021-08-04T14:50:17.958228+00:00 [queued]>
[2021-08-04 14:50:28,405] {taskinstance.py:896} INFO - Dependencies all met for <TaskInstance: my_dag.training_model_B 2021-08-04T14:50:17.958228+00:00 [queued]>
[2021-08-04 14:50:28,406] {taskinstance.py:1087} INFO - 
--------------------------------------------------------------------------------
[2021-08-04 14:50:28,406] {taskinstance.py:1088} INFO - Starting attempt 1 of 1
[2021-08-04 14:50:28,406] {taskinstance.py:1089} INFO - 
--------------------------------------------------------------------------------
[2021-08-04 14:50:28,421] {taskinstance.py:1107} INFO - Executing <Task(PythonOperator): training_model_B> on 2021-08-04T14:50:17.958228+00:00
[2021-08-04 14:50:28,426] {standard_task_runner.py:52} INFO - Started process 2706 to run task
[2021-08-04 14:50:28,430] {standard_task_runner.py:76} INFO - Running: ['***', 'tasks', 'run', 'my_dag', 'training_model_B', '2021-08-04T14:50:17.958228+00:00', '--job-id', '3163', '--pool', 'default_pool', '--raw', '--subdir', 'DAGS_FOLDER/my_dag.py', '--cfg-path', '/tmp/tmpxeeb85si', '--error-file', '/tmp/tmpvq69uhcz']
[2021-08-04 14:50:28,431] {standard_task_runner.py:77} INFO - Job 3163: Subtask training_model_B
[2021-08-04 14:50:28,473] {logging_mixin.py:104} INFO - Running <TaskInstance: my_dag.training_model_B 2021-08-04T14:50:17.958228+00:00 [running]> on host 04479ea62028
[2021-08-04 14:50:28,535] {taskinstance.py:1302} INFO - Exporting the following env vars:
AIRFLOW_CTX_DAG_OWNER=***
AIRFLOW_CTX_DAG_ID=my_dag
AIRFLOW_CTX_TASK_ID=training_model_B
AIRFLOW_CTX_EXECUTION_DATE=2021-08-04T14:50:17.958228+00:00
AIRFLOW_CTX_DAG_RUN_ID=scheduled__2021-08-04T14:50:17.958228+00:00
[2021-08-04 14:50:28,535] {python.py:151} INFO - Done. Returned value was: 7
[2021-08-04 14:50:28,563] {taskinstance.py:1211} INFO - Marking task as SUCCESS. dag_id=my_dag, task_id=training_model_B, execution_date=20210804T145017, start_date=20210804T145028, end_date=20210804T145028
[2021-08-04 14:50:28,599] {taskinstance.py:1265} INFO - 0 downstream tasks scheduled from follow-on schedule check
[2021-08-04 14:50:28,643] {local_task_job.py:149} INFO - Task exited with return code 0
