[2021-08-04 12:59:35,527] {taskinstance.py:896} INFO - Dependencies all met for <TaskInstance: my_dag.inaccurate 2021-08-04T12:58:31.657682+00:00 [queued]>
[2021-08-04 12:59:35,543] {taskinstance.py:896} INFO - Dependencies all met for <TaskInstance: my_dag.inaccurate 2021-08-04T12:58:31.657682+00:00 [queued]>
[2021-08-04 12:59:35,544] {taskinstance.py:1087} INFO - 
--------------------------------------------------------------------------------
[2021-08-04 12:59:35,544] {taskinstance.py:1088} INFO - Starting attempt 1 of 1
[2021-08-04 12:59:35,544] {taskinstance.py:1089} INFO - 
--------------------------------------------------------------------------------
[2021-08-04 12:59:35,551] {taskinstance.py:1107} INFO - Executing <Task(BashOperator): inaccurate> on 2021-08-04T12:58:31.657682+00:00
[2021-08-04 12:59:35,554] {standard_task_runner.py:52} INFO - Started process 4681 to run task
[2021-08-04 12:59:35,557] {standard_task_runner.py:76} INFO - Running: ['***', 'tasks', 'run', 'my_dag', 'inaccurate', '2021-08-04T12:58:31.657682+00:00', '--job-id', '126', '--pool', 'default_pool', '--raw', '--subdir', 'DAGS_FOLDER/my_dag.py', '--cfg-path', '/tmp/tmpfzilkzyx', '--error-file', '/tmp/tmp155dzuyv']
[2021-08-04 12:59:35,558] {standard_task_runner.py:77} INFO - Job 126: Subtask inaccurate
[2021-08-04 12:59:35,591] {logging_mixin.py:104} INFO - Running <TaskInstance: my_dag.inaccurate 2021-08-04T12:58:31.657682+00:00 [running]> on host 04479ea62028
[2021-08-04 12:59:35,632] {taskinstance.py:1302} INFO - Exporting the following env vars:
AIRFLOW_CTX_DAG_OWNER=***
AIRFLOW_CTX_DAG_ID=my_dag
AIRFLOW_CTX_TASK_ID=inaccurate
AIRFLOW_CTX_EXECUTION_DATE=2021-08-04T12:58:31.657682+00:00
AIRFLOW_CTX_DAG_RUN_ID=scheduled__2021-08-04T12:58:31.657682+00:00
[2021-08-04 12:59:35,633] {subprocess.py:52} INFO - Tmp dir root location: 
 /tmp
[2021-08-04 12:59:35,634] {subprocess.py:63} INFO - Running command: ['bash', '-c', " echo 'inaccurate'"]
[2021-08-04 12:59:35,641] {subprocess.py:74} INFO - Output:
[2021-08-04 12:59:35,642] {subprocess.py:78} INFO - inaccurate
[2021-08-04 12:59:35,643] {subprocess.py:82} INFO - Command exited with return code 0
[2021-08-04 12:59:35,670] {taskinstance.py:1211} INFO - Marking task as SUCCESS. dag_id=my_dag, task_id=inaccurate, execution_date=20210804T125831, start_date=20210804T125935, end_date=20210804T125935
[2021-08-04 12:59:35,694] {taskinstance.py:1265} INFO - 0 downstream tasks scheduled from follow-on schedule check
[2021-08-04 12:59:35,731] {local_task_job.py:149} INFO - Task exited with return code 0
