[2021-08-04 13:30:33,156] {taskinstance.py:896} INFO - Dependencies all met for <TaskInstance: my_dag.choose_best_model 2021-08-04T13:30:24.150638+00:00 [queued]>
[2021-08-04 13:30:33,259] {taskinstance.py:896} INFO - Dependencies all met for <TaskInstance: my_dag.choose_best_model 2021-08-04T13:30:24.150638+00:00 [queued]>
[2021-08-04 13:30:33,259] {taskinstance.py:1087} INFO - 
--------------------------------------------------------------------------------
[2021-08-04 13:30:33,259] {taskinstance.py:1088} INFO - Starting attempt 1 of 1
[2021-08-04 13:30:33,259] {taskinstance.py:1089} INFO - 
--------------------------------------------------------------------------------
[2021-08-04 13:30:33,302] {taskinstance.py:1107} INFO - Executing <Task(BranchPythonOperator): choose_best_model> on 2021-08-04T13:30:24.150638+00:00
[2021-08-04 13:30:33,321] {standard_task_runner.py:76} INFO - Running: ['***', 'tasks', 'run', 'my_dag', 'choose_best_model', '2021-08-04T13:30:24.150638+00:00', '--job-id', '1720', '--pool', 'default_pool', '--raw', '--subdir', 'DAGS_FOLDER/my_dag.py', '--cfg-path', '/tmp/tmpgihngvql', '--error-file', '/tmp/tmps6_xsco4']
[2021-08-04 13:30:33,322] {standard_task_runner.py:77} INFO - Job 1720: Subtask choose_best_model
[2021-08-04 13:30:33,314] {standard_task_runner.py:52} INFO - Started process 10568 to run task
[2021-08-04 13:30:33,512] {logging_mixin.py:104} INFO - Running <TaskInstance: my_dag.choose_best_model 2021-08-04T13:30:24.150638+00:00 [running]> on host 04479ea62028
[2021-08-04 13:30:33,882] {taskinstance.py:1302} INFO - Exporting the following env vars:
AIRFLOW_CTX_DAG_OWNER=***
AIRFLOW_CTX_DAG_ID=my_dag
AIRFLOW_CTX_TASK_ID=choose_best_model
AIRFLOW_CTX_EXECUTION_DATE=2021-08-04T13:30:24.150638+00:00
AIRFLOW_CTX_DAG_RUN_ID=scheduled__2021-08-04T13:30:24.150638+00:00
[2021-08-04 13:30:33,908] {python.py:151} INFO - Done. Returned value was: accurate
[2021-08-04 13:30:33,909] {skipmixin.py:124} INFO - Following branch accurate
[2021-08-04 13:30:33,935] {skipmixin.py:155} INFO - Skipping tasks ['inaccurate']
[2021-08-04 13:30:34,193] {taskinstance.py:1211} INFO - Marking task as SUCCESS. dag_id=my_dag, task_id=choose_best_model, execution_date=20210804T133024, start_date=20210804T133033, end_date=20210804T133034
[2021-08-04 13:30:34,486] {taskinstance.py:1265} INFO - 0 downstream tasks scheduled from follow-on schedule check
[2021-08-04 13:30:34,520] {local_task_job.py:149} INFO - Task exited with return code 0
