[2021-08-04 13:29:03,857] {taskinstance.py:896} INFO - Dependencies all met for <TaskInstance: my_dag.inaccurate 2021-08-04T13:28:50.367992+00:00 [queued]>
[2021-08-04 13:29:03,975] {taskinstance.py:896} INFO - Dependencies all met for <TaskInstance: my_dag.inaccurate 2021-08-04T13:28:50.367992+00:00 [queued]>
[2021-08-04 13:29:03,975] {taskinstance.py:1087} INFO - 
--------------------------------------------------------------------------------
[2021-08-04 13:29:03,975] {taskinstance.py:1088} INFO - Starting attempt 1 of 1
[2021-08-04 13:29:03,976] {taskinstance.py:1089} INFO - 
--------------------------------------------------------------------------------
[2021-08-04 13:29:04,001] {taskinstance.py:1107} INFO - Executing <Task(BashOperator): inaccurate> on 2021-08-04T13:28:50.367992+00:00
[2021-08-04 13:29:04,081] {standard_task_runner.py:76} INFO - Running: ['***', 'tasks', 'run', 'my_dag', 'inaccurate', '2021-08-04T13:28:50.367992+00:00', '--job-id', '1379', '--pool', 'default_pool', '--raw', '--subdir', 'DAGS_FOLDER/my_dag.py', '--cfg-path', '/tmp/tmplzalbl1x', '--error-file', '/tmp/tmpnd6kdylc']
[2021-08-04 13:29:04,081] {standard_task_runner.py:77} INFO - Job 1379: Subtask inaccurate
[2021-08-04 13:29:04,072] {standard_task_runner.py:52} INFO - Started process 9735 to run task
[2021-08-04 13:29:04,280] {logging_mixin.py:104} INFO - Running <TaskInstance: my_dag.inaccurate 2021-08-04T13:28:50.367992+00:00 [running]> on host 04479ea62028
[2021-08-04 13:29:04,636] {taskinstance.py:1302} INFO - Exporting the following env vars:
AIRFLOW_CTX_DAG_OWNER=***
AIRFLOW_CTX_DAG_ID=my_dag
AIRFLOW_CTX_TASK_ID=inaccurate
AIRFLOW_CTX_EXECUTION_DATE=2021-08-04T13:28:50.367992+00:00
AIRFLOW_CTX_DAG_RUN_ID=scheduled__2021-08-04T13:28:50.367992+00:00
[2021-08-04 13:29:04,637] {subprocess.py:52} INFO - Tmp dir root location: 
 /tmp
[2021-08-04 13:29:04,642] {subprocess.py:63} INFO - Running command: ['bash', '-c', "echo 'inaccurate'"]
[2021-08-04 13:29:04,716] {subprocess.py:74} INFO - Output:
[2021-08-04 13:29:04,729] {subprocess.py:78} INFO - inaccurate
[2021-08-04 13:29:04,739] {subprocess.py:82} INFO - Command exited with return code 0
[2021-08-04 13:29:05,006] {taskinstance.py:1211} INFO - Marking task as SUCCESS. dag_id=my_dag, task_id=inaccurate, execution_date=20210804T132850, start_date=20210804T132903, end_date=20210804T132905
[2021-08-04 13:29:05,127] {taskinstance.py:1265} INFO - 0 downstream tasks scheduled from follow-on schedule check
[2021-08-04 13:29:05,186] {local_task_job.py:149} INFO - Task exited with return code 0
