[2021-08-04 13:35:49,418] {taskinstance.py:896} INFO - Dependencies all met for <TaskInstance: my_dag.choose_best_model 2021-08-04T13:35:36.408765+00:00 [queued]>
[2021-08-04 13:35:49,436] {taskinstance.py:896} INFO - Dependencies all met for <TaskInstance: my_dag.choose_best_model 2021-08-04T13:35:36.408765+00:00 [queued]>
[2021-08-04 13:35:49,436] {taskinstance.py:1087} INFO - 
--------------------------------------------------------------------------------
[2021-08-04 13:35:49,436] {taskinstance.py:1088} INFO - Starting attempt 1 of 1
[2021-08-04 13:35:49,437] {taskinstance.py:1089} INFO - 
--------------------------------------------------------------------------------
[2021-08-04 13:35:49,446] {taskinstance.py:1107} INFO - Executing <Task(BranchPythonOperator): choose_best_model> on 2021-08-04T13:35:36.408765+00:00
[2021-08-04 13:35:49,449] {standard_task_runner.py:52} INFO - Started process 11476 to run task
[2021-08-04 13:35:49,452] {standard_task_runner.py:76} INFO - Running: ['***', 'tasks', 'run', 'my_dag', 'choose_best_model', '2021-08-04T13:35:36.408765+00:00', '--job-id', '1945', '--pool', 'default_pool', '--raw', '--subdir', 'DAGS_FOLDER/my_dag.py', '--cfg-path', '/tmp/tmplsrocu7_', '--error-file', '/tmp/tmptypodypr']
[2021-08-04 13:35:49,453] {standard_task_runner.py:77} INFO - Job 1945: Subtask choose_best_model
[2021-08-04 13:35:49,494] {logging_mixin.py:104} INFO - Running <TaskInstance: my_dag.choose_best_model 2021-08-04T13:35:36.408765+00:00 [running]> on host 04479ea62028
[2021-08-04 13:35:49,550] {taskinstance.py:1302} INFO - Exporting the following env vars:
AIRFLOW_CTX_DAG_OWNER=***
AIRFLOW_CTX_DAG_ID=my_dag
AIRFLOW_CTX_TASK_ID=choose_best_model
AIRFLOW_CTX_EXECUTION_DATE=2021-08-04T13:35:36.408765+00:00
AIRFLOW_CTX_DAG_RUN_ID=scheduled__2021-08-04T13:35:36.408765+00:00
[2021-08-04 13:35:49,559] {python.py:151} INFO - Done. Returned value was: accurate
[2021-08-04 13:35:49,559] {skipmixin.py:124} INFO - Following branch accurate
[2021-08-04 13:35:49,566] {skipmixin.py:155} INFO - Skipping tasks ['inaccurate']
[2021-08-04 13:35:49,616] {taskinstance.py:1211} INFO - Marking task as SUCCESS. dag_id=my_dag, task_id=choose_best_model, execution_date=20210804T133536, start_date=20210804T133549, end_date=20210804T133549
[2021-08-04 13:35:49,649] {taskinstance.py:1265} INFO - 1 downstream tasks scheduled from follow-on schedule check
[2021-08-04 13:35:49,666] {local_task_job.py:149} INFO - Task exited with return code 0
