[2021-08-04 14:34:18,499] {taskinstance.py:896} INFO - Dependencies all met for <TaskInstance: my_dag.training_model_A 2021-08-04T14:34:07.052207+00:00 [queued]>
[2021-08-04 14:34:18,520] {taskinstance.py:896} INFO - Dependencies all met for <TaskInstance: my_dag.training_model_A 2021-08-04T14:34:07.052207+00:00 [queued]>
[2021-08-04 14:34:18,520] {taskinstance.py:1087} INFO - 
--------------------------------------------------------------------------------
[2021-08-04 14:34:18,520] {taskinstance.py:1088} INFO - Starting attempt 1 of 1
[2021-08-04 14:34:18,521] {taskinstance.py:1089} INFO - 
--------------------------------------------------------------------------------
[2021-08-04 14:34:18,544] {taskinstance.py:1107} INFO - Executing <Task(PythonOperator): training_model_A> on 2021-08-04T14:34:07.052207+00:00
[2021-08-04 14:34:18,550] {standard_task_runner.py:52} INFO - Started process 325 to run task
[2021-08-04 14:34:18,555] {standard_task_runner.py:76} INFO - Running: ['***', 'tasks', 'run', 'my_dag', 'training_model_A', '2021-08-04T14:34:07.052207+00:00', '--job-id', '2679', '--pool', 'default_pool', '--raw', '--subdir', 'DAGS_FOLDER/my_dag.py', '--cfg-path', '/tmp/tmpv_yspk7m', '--error-file', '/tmp/tmp3cx1q0jo']
[2021-08-04 14:34:18,557] {standard_task_runner.py:77} INFO - Job 2679: Subtask training_model_A
[2021-08-04 14:34:18,618] {logging_mixin.py:104} INFO - Running <TaskInstance: my_dag.training_model_A 2021-08-04T14:34:07.052207+00:00 [running]> on host 04479ea62028
[2021-08-04 14:34:18,679] {taskinstance.py:1302} INFO - Exporting the following env vars:
AIRFLOW_CTX_DAG_OWNER=***
AIRFLOW_CTX_DAG_ID=my_dag
AIRFLOW_CTX_TASK_ID=training_model_A
AIRFLOW_CTX_EXECUTION_DATE=2021-08-04T14:34:07.052207+00:00
AIRFLOW_CTX_DAG_RUN_ID=scheduled__2021-08-04T14:34:07.052207+00:00
[2021-08-04 14:34:18,680] {python.py:151} INFO - Done. Returned value was: 5
[2021-08-04 14:34:18,709] {taskinstance.py:1211} INFO - Marking task as SUCCESS. dag_id=my_dag, task_id=training_model_A, execution_date=20210804T143407, start_date=20210804T143418, end_date=20210804T143418
[2021-08-04 14:34:18,766] {taskinstance.py:1265} INFO - 1 downstream tasks scheduled from follow-on schedule check
[2021-08-04 14:34:18,812] {local_task_job.py:149} INFO - Task exited with return code 0
