[2021-08-04 13:04:33,281] {taskinstance.py:896} INFO - Dependencies all met for <TaskInstance: my_dag.choosing_best_model 2021-08-04T13:03:31.657682+00:00 [queued]>
[2021-08-04 13:04:33,296] {taskinstance.py:896} INFO - Dependencies all met for <TaskInstance: my_dag.choosing_best_model 2021-08-04T13:03:31.657682+00:00 [queued]>
[2021-08-04 13:04:33,297] {taskinstance.py:1087} INFO - 
--------------------------------------------------------------------------------
[2021-08-04 13:04:33,297] {taskinstance.py:1088} INFO - Starting attempt 1 of 1
[2021-08-04 13:04:33,297] {taskinstance.py:1089} INFO - 
--------------------------------------------------------------------------------
[2021-08-04 13:04:33,305] {taskinstance.py:1107} INFO - Executing <Task(BranchPythonOperator): choosing_best_model> on 2021-08-04T13:03:31.657682+00:00
[2021-08-04 13:04:33,308] {standard_task_runner.py:52} INFO - Started process 5143 to run task
[2021-08-04 13:04:33,313] {standard_task_runner.py:76} INFO - Running: ['***', 'tasks', 'run', 'my_dag', 'choosing_best_model', '2021-08-04T13:03:31.657682+00:00', '--job-id', '150', '--pool', 'default_pool', '--raw', '--subdir', 'DAGS_FOLDER/my_dag.py', '--cfg-path', '/tmp/tmpxyys0pyz', '--error-file', '/tmp/tmpkxtgbopp']
[2021-08-04 13:04:33,313] {standard_task_runner.py:77} INFO - Job 150: Subtask choosing_best_model
[2021-08-04 13:04:33,349] {logging_mixin.py:104} INFO - Running <TaskInstance: my_dag.choosing_best_model 2021-08-04T13:03:31.657682+00:00 [running]> on host 04479ea62028
[2021-08-04 13:04:33,392] {taskinstance.py:1302} INFO - Exporting the following env vars:
AIRFLOW_CTX_DAG_OWNER=***
AIRFLOW_CTX_DAG_ID=my_dag
AIRFLOW_CTX_TASK_ID=choosing_best_model
AIRFLOW_CTX_EXECUTION_DATE=2021-08-04T13:03:31.657682+00:00
AIRFLOW_CTX_DAG_RUN_ID=scheduled__2021-08-04T13:03:31.657682+00:00
[2021-08-04 13:04:33,400] {python.py:151} INFO - Done. Returned value was: inaccurate
[2021-08-04 13:04:33,401] {skipmixin.py:124} INFO - Following branch inaccurate
[2021-08-04 13:04:33,407] {skipmixin.py:155} INFO - Skipping tasks ['accurate']
[2021-08-04 13:04:33,449] {taskinstance.py:1211} INFO - Marking task as SUCCESS. dag_id=my_dag, task_id=choosing_best_model, execution_date=20210804T130331, start_date=20210804T130433, end_date=20210804T130433
[2021-08-04 13:04:33,478] {taskinstance.py:1265} INFO - 1 downstream tasks scheduled from follow-on schedule check
[2021-08-04 13:04:33,486] {local_task_job.py:149} INFO - Task exited with return code 0
