[2021-08-04 13:26:59,786] {taskinstance.py:896} INFO - Dependencies all met for <TaskInstance: my_dag.training_model_C 2021-08-04T13:26:54.833257+00:00 [queued]>
[2021-08-04 13:26:59,923] {taskinstance.py:896} INFO - Dependencies all met for <TaskInstance: my_dag.training_model_C 2021-08-04T13:26:54.833257+00:00 [queued]>
[2021-08-04 13:26:59,923] {taskinstance.py:1087} INFO - 
--------------------------------------------------------------------------------
[2021-08-04 13:26:59,923] {taskinstance.py:1088} INFO - Starting attempt 1 of 1
[2021-08-04 13:26:59,924] {taskinstance.py:1089} INFO - 
--------------------------------------------------------------------------------
[2021-08-04 13:26:59,988] {taskinstance.py:1107} INFO - Executing <Task(PythonOperator): training_model_C> on 2021-08-04T13:26:54.833257+00:00
[2021-08-04 13:27:00,039] {standard_task_runner.py:52} INFO - Started process 8629 to run task
[2021-08-04 13:27:00,069] {standard_task_runner.py:76} INFO - Running: ['***', 'tasks', 'run', 'my_dag', 'training_model_C', '2021-08-04T13:26:54.833257+00:00', '--job-id', '927', '--pool', 'default_pool', '--raw', '--subdir', 'DAGS_FOLDER/my_dag.py', '--cfg-path', '/tmp/tmp10rjdkw5', '--error-file', '/tmp/tmp_7syf5vs']
[2021-08-04 13:27:00,079] {standard_task_runner.py:77} INFO - Job 927: Subtask training_model_C
[2021-08-04 13:27:00,408] {logging_mixin.py:104} INFO - Running <TaskInstance: my_dag.training_model_C 2021-08-04T13:26:54.833257+00:00 [running]> on host 04479ea62028
[2021-08-04 13:27:00,752] {taskinstance.py:1302} INFO - Exporting the following env vars:
AIRFLOW_CTX_DAG_OWNER=***
AIRFLOW_CTX_DAG_ID=my_dag
AIRFLOW_CTX_TASK_ID=training_model_C
AIRFLOW_CTX_EXECUTION_DATE=2021-08-04T13:26:54.833257+00:00
AIRFLOW_CTX_DAG_RUN_ID=scheduled__2021-08-04T13:26:54.833257+00:00
[2021-08-04 13:27:00,753] {python.py:151} INFO - Done. Returned value was: 7
[2021-08-04 13:27:00,942] {taskinstance.py:1211} INFO - Marking task as SUCCESS. dag_id=my_dag, task_id=training_model_C, execution_date=20210804T132654, start_date=20210804T132659, end_date=20210804T132700
[2021-08-04 13:27:01,115] {taskinstance.py:1265} INFO - 1 downstream tasks scheduled from follow-on schedule check
[2021-08-04 13:27:01,138] {local_task_job.py:149} INFO - Task exited with return code 0
