[2021-08-04 14:39:59,178] {taskinstance.py:896} INFO - Dependencies all met for <TaskInstance: my_dag.training_model_B 2021-08-04T14:39:47.634907+00:00 [queued]>
[2021-08-04 14:39:59,198] {taskinstance.py:896} INFO - Dependencies all met for <TaskInstance: my_dag.training_model_B 2021-08-04T14:39:47.634907+00:00 [queued]>
[2021-08-04 14:39:59,198] {taskinstance.py:1087} INFO - 
--------------------------------------------------------------------------------
[2021-08-04 14:39:59,199] {taskinstance.py:1088} INFO - Starting attempt 1 of 1
[2021-08-04 14:39:59,199] {taskinstance.py:1089} INFO - 
--------------------------------------------------------------------------------
[2021-08-04 14:39:59,233] {taskinstance.py:1107} INFO - Executing <Task(PythonOperator): training_model_B> on 2021-08-04T14:39:47.634907+00:00
[2021-08-04 14:39:59,238] {standard_task_runner.py:52} INFO - Started process 1157 to run task
[2021-08-04 14:39:59,244] {standard_task_runner.py:76} INFO - Running: ['***', 'tasks', 'run', 'my_dag', 'training_model_B', '2021-08-04T14:39:47.634907+00:00', '--job-id', '2849', '--pool', 'default_pool', '--raw', '--subdir', 'DAGS_FOLDER/my_dag.py', '--cfg-path', '/tmp/tmpf3gk4_9w', '--error-file', '/tmp/tmp2xr4ehp_']
[2021-08-04 14:39:59,245] {standard_task_runner.py:77} INFO - Job 2849: Subtask training_model_B
[2021-08-04 14:39:59,303] {logging_mixin.py:104} INFO - Running <TaskInstance: my_dag.training_model_B 2021-08-04T14:39:47.634907+00:00 [running]> on host 04479ea62028
[2021-08-04 14:39:59,357] {taskinstance.py:1302} INFO - Exporting the following env vars:
AIRFLOW_CTX_DAG_OWNER=***
AIRFLOW_CTX_DAG_ID=my_dag
AIRFLOW_CTX_TASK_ID=training_model_B
AIRFLOW_CTX_EXECUTION_DATE=2021-08-04T14:39:47.634907+00:00
AIRFLOW_CTX_DAG_RUN_ID=scheduled__2021-08-04T14:39:47.634907+00:00
[2021-08-04 14:39:59,358] {python.py:151} INFO - Done. Returned value was: 5
[2021-08-04 14:39:59,387] {taskinstance.py:1211} INFO - Marking task as SUCCESS. dag_id=my_dag, task_id=training_model_B, execution_date=20210804T143947, start_date=20210804T143959, end_date=20210804T143959
[2021-08-04 14:39:59,428] {taskinstance.py:1265} INFO - 0 downstream tasks scheduled from follow-on schedule check
[2021-08-04 14:39:59,460] {local_task_job.py:149} INFO - Task exited with return code 0
