[2021-08-04 14:33:10,191] {taskinstance.py:896} INFO - Dependencies all met for <TaskInstance: my_dag.training_model_B 2021-08-04T14:10:14.460692+00:00 [queued]>
[2021-08-04 14:33:10,346] {taskinstance.py:896} INFO - Dependencies all met for <TaskInstance: my_dag.training_model_B 2021-08-04T14:10:14.460692+00:00 [queued]>
[2021-08-04 14:33:10,346] {taskinstance.py:1087} INFO - 
--------------------------------------------------------------------------------
[2021-08-04 14:33:10,346] {taskinstance.py:1088} INFO - Starting attempt 1 of 1
[2021-08-04 14:33:10,347] {taskinstance.py:1089} INFO - 
--------------------------------------------------------------------------------
[2021-08-04 14:33:10,380] {taskinstance.py:1107} INFO - Executing <Task(PythonOperator): training_model_B> on 2021-08-04T14:10:14.460692+00:00
[2021-08-04 14:33:10,440] {standard_task_runner.py:76} INFO - Running: ['***', 'tasks', 'run', 'my_dag', 'training_model_B', '2021-08-04T14:10:14.460692+00:00', '--job-id', '2633', '--pool', 'default_pool', '--raw', '--subdir', 'DAGS_FOLDER/my_dag.py', '--cfg-path', '/tmp/tmptvbr1fbp', '--error-file', '/tmp/tmpzqobqiwq']
[2021-08-04 14:33:10,441] {standard_task_runner.py:77} INFO - Job 2633: Subtask training_model_B
[2021-08-04 14:33:10,427] {standard_task_runner.py:52} INFO - Started process 139 to run task
[2021-08-04 14:33:10,663] {logging_mixin.py:104} INFO - Running <TaskInstance: my_dag.training_model_B 2021-08-04T14:10:14.460692+00:00 [running]> on host 04479ea62028
[2021-08-04 14:33:11,058] {taskinstance.py:1302} INFO - Exporting the following env vars:
AIRFLOW_CTX_DAG_OWNER=***
AIRFLOW_CTX_DAG_ID=my_dag
AIRFLOW_CTX_TASK_ID=training_model_B
AIRFLOW_CTX_EXECUTION_DATE=2021-08-04T14:10:14.460692+00:00
AIRFLOW_CTX_DAG_RUN_ID=scheduled__2021-08-04T14:10:14.460692+00:00
[2021-08-04 14:33:11,059] {python.py:151} INFO - Done. Returned value was: 5
[2021-08-04 14:33:11,244] {taskinstance.py:1211} INFO - Marking task as SUCCESS. dag_id=my_dag, task_id=training_model_B, execution_date=20210804T141014, start_date=20210804T143310, end_date=20210804T143311
[2021-08-04 14:33:11,356] {taskinstance.py:1265} INFO - 1 downstream tasks scheduled from follow-on schedule check
[2021-08-04 14:33:11,423] {local_task_job.py:149} INFO - Task exited with return code 0
