[2021-08-04 13:25:08,724] {taskinstance.py:896} INFO - Dependencies all met for <TaskInstance: my_dag.choose_best_model 2021-08-04T13:25:00.394872+00:00 [queued]>
[2021-08-04 13:25:08,908] {taskinstance.py:896} INFO - Dependencies all met for <TaskInstance: my_dag.choose_best_model 2021-08-04T13:25:00.394872+00:00 [queued]>
[2021-08-04 13:25:08,909] {taskinstance.py:1087} INFO - 
--------------------------------------------------------------------------------
[2021-08-04 13:25:08,909] {taskinstance.py:1088} INFO - Starting attempt 1 of 1
[2021-08-04 13:25:08,909] {taskinstance.py:1089} INFO - 
--------------------------------------------------------------------------------
[2021-08-04 13:25:08,953] {taskinstance.py:1107} INFO - Executing <Task(BranchPythonOperator): choose_best_model> on 2021-08-04T13:25:00.394872+00:00
[2021-08-04 13:25:09,036] {standard_task_runner.py:76} INFO - Running: ['***', 'tasks', 'run', 'my_dag', 'choose_best_model', '2021-08-04T13:25:00.394872+00:00', '--job-id', '504', '--pool', 'default_pool', '--raw', '--subdir', 'DAGS_FOLDER/my_dag.py', '--cfg-path', '/tmp/tmpxsd4igfp', '--error-file', '/tmp/tmpzrvg4674']
[2021-08-04 13:25:09,037] {standard_task_runner.py:77} INFO - Job 504: Subtask choose_best_model
[2021-08-04 13:25:08,973] {standard_task_runner.py:52} INFO - Started process 7602 to run task
[2021-08-04 13:25:09,385] {logging_mixin.py:104} INFO - Running <TaskInstance: my_dag.choose_best_model 2021-08-04T13:25:00.394872+00:00 [running]> on host 04479ea62028
[2021-08-04 13:25:09,663] {taskinstance.py:1302} INFO - Exporting the following env vars:
AIRFLOW_CTX_DAG_OWNER=***
AIRFLOW_CTX_DAG_ID=my_dag
AIRFLOW_CTX_TASK_ID=choose_best_model
AIRFLOW_CTX_EXECUTION_DATE=2021-08-04T13:25:00.394872+00:00
AIRFLOW_CTX_DAG_RUN_ID=scheduled__2021-08-04T13:25:00.394872+00:00
[2021-08-04 13:25:09,767] {python.py:151} INFO - Done. Returned value was: accurate
[2021-08-04 13:25:09,767] {skipmixin.py:124} INFO - Following branch accurate
[2021-08-04 13:25:09,803] {skipmixin.py:155} INFO - Skipping tasks ['inaccurate']
[2021-08-04 13:25:10,150] {taskinstance.py:1211} INFO - Marking task as SUCCESS. dag_id=my_dag, task_id=choose_best_model, execution_date=20210804T132500, start_date=20210804T132508, end_date=20210804T132510
[2021-08-04 13:25:10,540] {taskinstance.py:1265} INFO - 0 downstream tasks scheduled from follow-on schedule check
[2021-08-04 13:25:10,658] {local_task_job.py:149} INFO - Task exited with return code 0
