[2021-08-04 13:25:02,097] {taskinstance.py:896} INFO - Dependencies all met for <TaskInstance: my_dag.training_model_B 2021-08-04T13:24:57.794054+00:00 [queued]>
[2021-08-04 13:25:02,158] {taskinstance.py:896} INFO - Dependencies all met for <TaskInstance: my_dag.training_model_B 2021-08-04T13:24:57.794054+00:00 [queued]>
[2021-08-04 13:25:02,159] {taskinstance.py:1087} INFO - 
--------------------------------------------------------------------------------
[2021-08-04 13:25:02,159] {taskinstance.py:1088} INFO - Starting attempt 1 of 1
[2021-08-04 13:25:02,159] {taskinstance.py:1089} INFO - 
--------------------------------------------------------------------------------
[2021-08-04 13:25:02,241] {taskinstance.py:1107} INFO - Executing <Task(PythonOperator): training_model_B> on 2021-08-04T13:24:57.794054+00:00
[2021-08-04 13:25:02,256] {standard_task_runner.py:52} INFO - Started process 7549 to run task
[2021-08-04 13:25:02,300] {standard_task_runner.py:76} INFO - Running: ['***', 'tasks', 'run', 'my_dag', 'training_model_B', '2021-08-04T13:24:57.794054+00:00', '--job-id', '480', '--pool', 'default_pool', '--raw', '--subdir', 'DAGS_FOLDER/my_dag.py', '--cfg-path', '/tmp/tmpljfxnvva', '--error-file', '/tmp/tmp_94rxc3m']
[2021-08-04 13:25:02,354] {standard_task_runner.py:77} INFO - Job 480: Subtask training_model_B
[2021-08-04 13:25:02,665] {logging_mixin.py:104} INFO - Running <TaskInstance: my_dag.training_model_B 2021-08-04T13:24:57.794054+00:00 [running]> on host 04479ea62028
[2021-08-04 13:25:02,878] {taskinstance.py:1302} INFO - Exporting the following env vars:
AIRFLOW_CTX_DAG_OWNER=***
AIRFLOW_CTX_DAG_ID=my_dag
AIRFLOW_CTX_TASK_ID=training_model_B
AIRFLOW_CTX_EXECUTION_DATE=2021-08-04T13:24:57.794054+00:00
AIRFLOW_CTX_DAG_RUN_ID=scheduled__2021-08-04T13:24:57.794054+00:00
[2021-08-04 13:25:02,879] {python.py:151} INFO - Done. Returned value was: 4
[2021-08-04 13:25:02,979] {taskinstance.py:1211} INFO - Marking task as SUCCESS. dag_id=my_dag, task_id=training_model_B, execution_date=20210804T132457, start_date=20210804T132502, end_date=20210804T132502
[2021-08-04 13:25:03,248] {taskinstance.py:1265} INFO - 0 downstream tasks scheduled from follow-on schedule check
[2021-08-04 13:25:03,326] {local_task_job.py:149} INFO - Task exited with return code 0
