[2021-08-04 13:26:03,023] {taskinstance.py:896} INFO - Dependencies all met for <TaskInstance: my_dag.choose_best_model 2021-08-04T13:25:54.131925+00:00 [queued]>
[2021-08-04 13:26:03,091] {taskinstance.py:896} INFO - Dependencies all met for <TaskInstance: my_dag.choose_best_model 2021-08-04T13:25:54.131925+00:00 [queued]>
[2021-08-04 13:26:03,091] {taskinstance.py:1087} INFO - 
--------------------------------------------------------------------------------
[2021-08-04 13:26:03,091] {taskinstance.py:1088} INFO - Starting attempt 1 of 1
[2021-08-04 13:26:03,092] {taskinstance.py:1089} INFO - 
--------------------------------------------------------------------------------
[2021-08-04 13:26:03,167] {taskinstance.py:1107} INFO - Executing <Task(BranchPythonOperator): choose_best_model> on 2021-08-04T13:25:54.131925+00:00
[2021-08-04 13:26:03,197] {standard_task_runner.py:52} INFO - Started process 8105 to run task
[2021-08-04 13:26:03,225] {standard_task_runner.py:76} INFO - Running: ['***', 'tasks', 'run', 'my_dag', 'choose_best_model', '2021-08-04T13:25:54.131925+00:00', '--job-id', '710', '--pool', 'default_pool', '--raw', '--subdir', 'DAGS_FOLDER/my_dag.py', '--cfg-path', '/tmp/tmptskh8yic', '--error-file', '/tmp/tmp9d86o_wy']
[2021-08-04 13:26:03,231] {standard_task_runner.py:77} INFO - Job 710: Subtask choose_best_model
[2021-08-04 13:26:03,460] {logging_mixin.py:104} INFO - Running <TaskInstance: my_dag.choose_best_model 2021-08-04T13:25:54.131925+00:00 [running]> on host 04479ea62028
[2021-08-04 13:26:03,814] {taskinstance.py:1302} INFO - Exporting the following env vars:
AIRFLOW_CTX_DAG_OWNER=***
AIRFLOW_CTX_DAG_ID=my_dag
AIRFLOW_CTX_TASK_ID=choose_best_model
AIRFLOW_CTX_EXECUTION_DATE=2021-08-04T13:25:54.131925+00:00
AIRFLOW_CTX_DAG_RUN_ID=scheduled__2021-08-04T13:25:54.131925+00:00
[2021-08-04 13:26:03,860] {python.py:151} INFO - Done. Returned value was: accurate
[2021-08-04 13:26:03,860] {skipmixin.py:124} INFO - Following branch accurate
[2021-08-04 13:26:03,956] {skipmixin.py:155} INFO - Skipping tasks ['inaccurate']
[2021-08-04 13:26:04,415] {taskinstance.py:1211} INFO - Marking task as SUCCESS. dag_id=my_dag, task_id=choose_best_model, execution_date=20210804T132554, start_date=20210804T132603, end_date=20210804T132604
[2021-08-04 13:26:04,742] {taskinstance.py:1265} INFO - 0 downstream tasks scheduled from follow-on schedule check
[2021-08-04 13:26:04,818] {local_task_job.py:149} INFO - Task exited with return code 0
