[2021-08-04 13:25:44,243] {taskinstance.py:896} INFO - Dependencies all met for <TaskInstance: my_dag.accurate 2021-08-04T13:25:28.828735+00:00 [queued]>
[2021-08-04 13:25:44,340] {taskinstance.py:896} INFO - Dependencies all met for <TaskInstance: my_dag.accurate 2021-08-04T13:25:28.828735+00:00 [queued]>
[2021-08-04 13:25:44,341] {taskinstance.py:1087} INFO - 
--------------------------------------------------------------------------------
[2021-08-04 13:25:44,341] {taskinstance.py:1088} INFO - Starting attempt 1 of 1
[2021-08-04 13:25:44,341] {taskinstance.py:1089} INFO - 
--------------------------------------------------------------------------------
[2021-08-04 13:25:44,358] {taskinstance.py:1107} INFO - Executing <Task(BashOperator): accurate> on 2021-08-04T13:25:28.828735+00:00
[2021-08-04 13:25:44,365] {standard_task_runner.py:52} INFO - Started process 7926 to run task
[2021-08-04 13:25:44,372] {standard_task_runner.py:76} INFO - Running: ['***', 'tasks', 'run', 'my_dag', 'accurate', '2021-08-04T13:25:28.828735+00:00', '--job-id', '637', '--pool', 'default_pool', '--raw', '--subdir', 'DAGS_FOLDER/my_dag.py', '--cfg-path', '/tmp/tmp98mvw3zc', '--error-file', '/tmp/tmp5x2ks_sz']
[2021-08-04 13:25:44,373] {standard_task_runner.py:77} INFO - Job 637: Subtask accurate
[2021-08-04 13:25:44,740] {logging_mixin.py:104} INFO - Running <TaskInstance: my_dag.accurate 2021-08-04T13:25:28.828735+00:00 [running]> on host 04479ea62028
[2021-08-04 13:25:45,056] {taskinstance.py:1302} INFO - Exporting the following env vars:
AIRFLOW_CTX_DAG_OWNER=***
AIRFLOW_CTX_DAG_ID=my_dag
AIRFLOW_CTX_TASK_ID=accurate
AIRFLOW_CTX_EXECUTION_DATE=2021-08-04T13:25:28.828735+00:00
AIRFLOW_CTX_DAG_RUN_ID=scheduled__2021-08-04T13:25:28.828735+00:00
[2021-08-04 13:25:45,057] {subprocess.py:52} INFO - Tmp dir root location: 
 /tmp
[2021-08-04 13:25:45,058] {subprocess.py:63} INFO - Running command: ['bash', '-c', "echo 'accurate'"]
[2021-08-04 13:25:45,121] {subprocess.py:74} INFO - Output:
[2021-08-04 13:25:45,123] {subprocess.py:78} INFO - accurate
[2021-08-04 13:25:45,124] {subprocess.py:82} INFO - Command exited with return code 0
[2021-08-04 13:25:45,309] {taskinstance.py:1211} INFO - Marking task as SUCCESS. dag_id=my_dag, task_id=accurate, execution_date=20210804T132528, start_date=20210804T132544, end_date=20210804T132545
[2021-08-04 13:25:45,600] {taskinstance.py:1265} INFO - 0 downstream tasks scheduled from follow-on schedule check
[2021-08-04 13:25:45,679] {local_task_job.py:149} INFO - Task exited with return code 0
