[2021-08-04 13:24:46,836] {taskinstance.py:896} INFO - Dependencies all met for <TaskInstance: my_dag.accurate 2021-08-04T13:24:33.782693+00:00 [queued]>
[2021-08-04 13:24:47,065] {taskinstance.py:896} INFO - Dependencies all met for <TaskInstance: my_dag.accurate 2021-08-04T13:24:33.782693+00:00 [queued]>
[2021-08-04 13:24:47,065] {taskinstance.py:1087} INFO - 
--------------------------------------------------------------------------------
[2021-08-04 13:24:47,065] {taskinstance.py:1088} INFO - Starting attempt 1 of 1
[2021-08-04 13:24:47,065] {taskinstance.py:1089} INFO - 
--------------------------------------------------------------------------------
[2021-08-04 13:24:47,138] {taskinstance.py:1107} INFO - Executing <Task(BashOperator): accurate> on 2021-08-04T13:24:33.782693+00:00
[2021-08-04 13:24:47,155] {standard_task_runner.py:52} INFO - Started process 7408 to run task
[2021-08-04 13:24:47,178] {standard_task_runner.py:76} INFO - Running: ['***', 'tasks', 'run', 'my_dag', 'accurate', '2021-08-04T13:24:33.782693+00:00', '--job-id', '424', '--pool', 'default_pool', '--raw', '--subdir', 'DAGS_FOLDER/my_dag.py', '--cfg-path', '/tmp/tmp9wb0j3k_', '--error-file', '/tmp/tmpu0r3t098']
[2021-08-04 13:24:47,189] {standard_task_runner.py:77} INFO - Job 424: Subtask accurate
[2021-08-04 13:24:47,409] {logging_mixin.py:104} INFO - Running <TaskInstance: my_dag.accurate 2021-08-04T13:24:33.782693+00:00 [running]> on host 04479ea62028
[2021-08-04 13:24:47,733] {taskinstance.py:1302} INFO - Exporting the following env vars:
AIRFLOW_CTX_DAG_OWNER=***
AIRFLOW_CTX_DAG_ID=my_dag
AIRFLOW_CTX_TASK_ID=accurate
AIRFLOW_CTX_EXECUTION_DATE=2021-08-04T13:24:33.782693+00:00
AIRFLOW_CTX_DAG_RUN_ID=scheduled__2021-08-04T13:24:33.782693+00:00
[2021-08-04 13:24:47,734] {subprocess.py:52} INFO - Tmp dir root location: 
 /tmp
[2021-08-04 13:24:47,735] {subprocess.py:63} INFO - Running command: ['bash', '-c', "echo 'accurate'"]
[2021-08-04 13:24:47,793] {subprocess.py:74} INFO - Output:
[2021-08-04 13:24:47,798] {subprocess.py:78} INFO - accurate
[2021-08-04 13:24:47,798] {subprocess.py:82} INFO - Command exited with return code 0
[2021-08-04 13:24:47,949] {taskinstance.py:1211} INFO - Marking task as SUCCESS. dag_id=my_dag, task_id=accurate, execution_date=20210804T132433, start_date=20210804T132446, end_date=20210804T132447
[2021-08-04 13:24:48,086] {taskinstance.py:1265} INFO - 0 downstream tasks scheduled from follow-on schedule check
[2021-08-04 13:24:48,127] {local_task_job.py:149} INFO - Task exited with return code 0
